2.7.10b_alpha_230301
Number samples = 245 R1 files, should be 245
Number samples = 245 R2 files, should be 245
Loading Genome into memory 
	/share/tools/Modules/STAR/2.7.10b/bin/STAR --genomeLoad LoadAndExit --genomeDir /vol01/genome/Macaca_mulatta/10.109/STAR_2.7.10b
	STAR version: 2.7.10b_alpha_230301   compiled: 2023-03-01T12:56:50-05:00 :/home/dobin/data/STAR/STARcode/STAR.master/source
Sep 07 22:51:44 ..... started STAR run
Sep 07 22:51:44 ..... loading genome
Sep 07 22:52:20 ..... started mapping
Sep 07 22:52:20 ..... finished mapping
Sep 07 22:52:20 ..... finished successfully
STATUS: Aligning Watkins on roundworm...
Counter variable 0
Sample being processed G209_Watkins07_AVR_r08014_B_D168_RNA1_Lib1_GL105_S60_nohmrRNA_noglobin
Read 1 file /vol08/ngs/Seattle_Genomics/Collaborations/SG_Watkins/Watkins_07_WB/SawatzkiAnalysis/nohmrRNA_noglobin/G209_Watkins07_AVR_r08014_B_D168_RNA1_Lib1_GL105_S60_nohmrRNA_noglobin.fastq.1.gz
Read 2 file /vol08/ngs/Seattle_Genomics/Collaborations/SG_Watkins/Watkins_07_WB/SawatzkiAnalysis/nohmrRNA_noglobin/G209_Watkins07_AVR_r08014_B_D168_RNA1_Lib1_GL105_S60_nohmrRNA_noglobin.fastq.2.gz
Sample being processed G210_Watkins07_AVR_r14065_B_D168_RNA2_Lib1_GL104_S2_nohmrRNA_noglobin
Read 1 file /vol08/ngs/Seattle_Genomics/Collaborations/SG_Watkins/Watkins_07_WB/SawatzkiAnalysis/nohmrRNA_noglobin/G210_Watkins07_AVR_r14065_B_D168_RNA2_Lib1_GL104_S2_nohmrRNA_noglobin.fastq.1.gz
Read 2 file /vol08/ngs/Seattle_Genomics/Collaborations/SG_Watkins/Watkins_07_WB/SawatzkiAnalysis/nohmrRNA_noglobin/G210_Watkins07_AVR_r14065_B_D168_RNA2_Lib1_GL104_S2_nohmrRNA_noglobin.fastq.2.gz
Sample being processed G211_Watkins07_AVR_r16007_B_D168_RNA1_Lib1_GL102_S105_nohmrRNA_noglobin
Read 1 file /vol08/ngs/Seattle_Genomics/Collaborations/SG_Watkins/Watkins_07_WB/SawatzkiAnalysis/nohmrRNA_noglobin/G211_Watkins07_AVR_r16007_B_D168_RNA1_Lib1_GL102_S105_nohmrRNA_noglobin.fastq.1.gz
Read 2 file /vol08/ngs/Seattle_Genomics/Collaborations/SG_Watkins/Watkins_07_WB/SawatzkiAnalysis/nohmrRNA_noglobin/G211_Watkins07_AVR_r16007_B_D168_RNA1_Lib1_GL102_S105_nohmrRNA_noglobin.fastq.2.gz
Counter variable 3
Sample being processed G212_Watkins07_AVR_r17017_B_D168_RNA1_Lib1_GL102_S86_nohmrRNA_noglobin
Read 1 file /vol08/ngs/Seattle_Genomics/Collaborations/SG_Watkins/Watkins_07_WB/SawatzkiAnalysis/nohmrRNA_noglobin/G212_Watkins07_AVR_r17017_B_D168_RNA1_Lib1_GL102_S86_nohmrRNA_noglobin.fastq.1.gz
Read 2 file /vol08/ngs/Seattle_Genomics/Collaborations/SG_Watkins/Watkins_07_WB/SawatzkiAnalysis/nohmrRNA_noglobin/G212_Watkins07_AVR_r17017_B_D168_RNA1_Lib1_GL102_S86_nohmrRNA_noglobin.fastq.2.gz
Sample being processed G213_Watkins07_AVR_r17115_B_D168_RNA1_Lib1_GL104_S25_nohmrRNA_noglobin
Read 1 file /vol08/ngs/Seattle_Genomics/Collaborations/SG_Watkins/Watkins_07_WB/SawatzkiAnalysis/nohmrRNA_noglobin/G213_Watkins07_AVR_r17115_B_D168_RNA1_Lib1_GL104_S25_nohmrRNA_noglobin.fastq.1.gz
Read 2 file /vol08/ngs/Seattle_Genomics/Collaborations/SG_Watkins/Watkins_07_WB/SawatzkiAnalysis/nohmrRNA_noglobin/G213_Watkins07_AVR_r17115_B_D168_RNA1_Lib1_GL104_S25_nohmrRNA_noglobin.fastq.2.gz
Sample being processed G214_Watkins07_AVR_rh2932_B_D168_RNA1_Lib1_GL102_S7_nohmrRNA_noglobin
Read 1 file /vol08/ngs/Seattle_Genomics/Collaborations/SG_Watkins/Watkins_07_WB/SawatzkiAnalysis/nohmrRNA_noglobin/G214_Watkins07_AVR_rh2932_B_D168_RNA1_Lib1_GL102_S7_nohmrRNA_noglobin.fastq.1.gz
Read 2 file /vol08/ngs/Seattle_Genomics/Collaborations/SG_Watkins/Watkins_07_WB/SawatzkiAnalysis/nohmrRNA_noglobin/G214_Watkins07_AVR_rh2932_B_D168_RNA1_Lib1_GL102_S7_nohmrRNA_noglobin.fastq.2.gz
Counter variable 6
Sample being processed G215_Watkins07_AVR_rh2943_B_D168_RNA1_Lib1_GL104_S42_nohmrRNA_noglobin
Read 1 file /vol08/ngs/Seattle_Genomics/Collaborations/SG_Watkins/Watkins_07_WB/SawatzkiAnalysis/nohmrRNA_noglobin/G215_Watkins07_AVR_rh2943_B_D168_RNA1_Lib1_GL104_S42_nohmrRNA_noglobin.fastq.1.gz
Read 2 file /vol08/ngs/Seattle_Genomics/Collaborations/SG_Watkins/Watkins_07_WB/SawatzkiAnalysis/nohmrRNA_noglobin/G215_Watkins07_AVR_rh2943_B_D168_RNA1_Lib1_GL104_S42_nohmrRNA_noglobin.fastq.2.gz
Sample being processed G216_Watkins07_AVR_rh3006_B_D168_RNA1_Lib1_GL102_S11_nohmrRNA_noglobin
Read 1 file /vol08/ngs/Seattle_Genomics/Collaborations/SG_Watkins/Watkins_07_WB/SawatzkiAnalysis/nohmrRNA_noglobin/G216_Watkins07_AVR_rh3006_B_D168_RNA1_Lib1_GL102_S11_nohmrRNA_noglobin.fastq.1.gz
Read 2 file /vol08/ngs/Seattle_Genomics/Collaborations/SG_Watkins/Watkins_07_WB/SawatzkiAnalysis/nohmrRNA_noglobin/G216_Watkins07_AVR_rh3006_B_D168_RNA1_Lib1_GL102_S11_nohmrRNA_noglobin.fastq.2.gz
Sample being processed G217_Watkins07_AVR_rh3011_B_D168_RNA1_Lib1_GL102_S31_nohmrRNA_noglobin
Read 1 file /vol08/ngs/Seattle_Genomics/Collaborations/SG_Watkins/Watkins_07_WB/SawatzkiAnalysis/nohmrRNA_noglobin/G217_Watkins07_AVR_rh3011_B_D168_RNA1_Lib1_GL102_S31_nohmrRNA_noglobin.fastq.1.gz
Read 2 file /vol08/ngs/Seattle_Genomics/Collaborations/SG_Watkins/Watkins_07_WB/SawatzkiAnalysis/nohmrRNA_noglobin/G217_Watkins07_AVR_rh3011_B_D168_RNA1_Lib1_GL102_S31_nohmrRNA_noglobin.fastq.2.gz
Counter variable 9
Sample being processed G218_Watkins07_AVR_rh3032_B_D168_RNA1_Lib1_GL102_S62_nohmrRNA_noglobin
Read 1 file /vol08/ngs/Seattle_Genomics/Collaborations/SG_Watkins/Watkins_07_WB/SawatzkiAnalysis/nohmrRNA_noglobin/G218_Watkins07_AVR_rh3032_B_D168_RNA1_Lib1_GL102_S62_nohmrRNA_noglobin.fastq.1.gz
Read 2 file /vol08/ngs/Seattle_Genomics/Collaborations/SG_Watkins/Watkins_07_WB/SawatzkiAnalysis/nohmrRNA_noglobin/G218_Watkins07_AVR_rh3032_B_D168_RNA1_Lib1_GL102_S62_nohmrRNA_noglobin.fastq.2.gz
Sample being processed G219_Watkins07_AVR_rh3033_B_D168_RNA1_Lib1_GL104_S51_nohmrRNA_noglobin
Read 1 file /vol08/ngs/Seattle_Genomics/Collaborations/SG_Watkins/Watkins_07_WB/SawatzkiAnalysis/nohmrRNA_noglobin/G219_Watkins07_AVR_rh3033_B_D168_RNA1_Lib1_GL104_S51_nohmrRNA_noglobin.fastq.1.gz
Read 2 file /vol08/ngs/Seattle_Genomics/Collaborations/SG_Watkins/Watkins_07_WB/SawatzkiAnalysis/nohmrRNA_noglobin/G219_Watkins07_AVR_rh3033_B_D168_RNA1_Lib1_GL104_S51_nohmrRNA_noglobin.fastq.2.gz
Sample being processed G220_Watkins07_AVR_rh3036_B_D168_RNA1_Lib1_GL104_S50_nohmrRNA_noglobin
Read 1 file /vol08/ngs/Seattle_Genomics/Collaborations/SG_Watkins/Watkins_07_WB/SawatzkiAnalysis/nohmrRNA_noglobin/G220_Watkins07_AVR_rh3036_B_D168_RNA1_Lib1_GL104_S50_nohmrRNA_noglobin.fastq.1.gz
Read 2 file /vol08/ngs/Seattle_Genomics/Collaborations/SG_Watkins/Watkins_07_WB/SawatzkiAnalysis/nohmrRNA_noglobin/G220_Watkins07_AVR_rh3036_B_D168_RNA1_Lib1_GL104_S50_nohmrRNA_noglobin.fastq.2.gz
Counter variable 12
Sample being processed G221_Watkins07_AVR_rh3037_B_D168_RNA1_Lib1_GL105_S57_nohmrRNA_noglobin
Read 1 file /vol08/ngs/Seattle_Genomics/Collaborations/SG_Watkins/Watkins_07_WB/SawatzkiAnalysis/nohmrRNA_noglobin/G221_Watkins07_AVR_rh3037_B_D168_RNA1_Lib1_GL105_S57_nohmrRNA_noglobin.fastq.1.gz
Read 2 file /vol08/ngs/Seattle_Genomics/Collaborations/SG_Watkins/Watkins_07_WB/SawatzkiAnalysis/nohmrRNA_noglobin/G221_Watkins07_AVR_rh3037_B_D168_RNA1_Lib1_GL105_S57_nohmrRNA_noglobin.fastq.2.gz
Sample being processed G222_Watkins07_AVR_rh3045_B_D168_RNA1_Lib1_GL102_S4_nohmrRNA_noglobin
Read 1 file /vol08/ngs/Seattle_Genomics/Collaborations/SG_Watkins/Watkins_07_WB/SawatzkiAnalysis/nohmrRNA_noglobin/G222_Watkins07_AVR_rh3045_B_D168_RNA1_Lib1_GL102_S4_nohmrRNA_noglobin.fastq.1.gz
Read 2 file /vol08/ngs/Seattle_Genomics/Collaborations/SG_Watkins/Watkins_07_WB/SawatzkiAnalysis/nohmrRNA_noglobin/G222_Watkins07_AVR_rh3045_B_D168_RNA1_Lib1_GL102_S4_nohmrRNA_noglobin.fastq.2.gz
Sample being processed G223_Watkins07_AVR_rh3048_B_D168_RNA1_Lib1_GL104_S53_nohmrRNA_noglobin
Read 1 file /vol08/ngs/Seattle_Genomics/Collaborations/SG_Watkins/Watkins_07_WB/SawatzkiAnalysis/nohmrRNA_noglobin/G223_Watkins07_AVR_rh3048_B_D168_RNA1_Lib1_GL104_S53_nohmrRNA_noglobin.fastq.1.gz
Read 2 file /vol08/ngs/Seattle_Genomics/Collaborations/SG_Watkins/Watkins_07_WB/SawatzkiAnalysis/nohmrRNA_noglobin/G223_Watkins07_AVR_rh3048_B_D168_RNA1_Lib1_GL104_S53_nohmrRNA_noglobin.fastq.2.gz
Counter variable 15
Sample being processed G224_Watkins07_AVR_rh3053_B_D168_RNA1_Lib1_GL104_S23_nohmrRNA_noglobin
Read 1 file /vol08/ngs/Seattle_Genomics/Collaborations/SG_Watkins/Watkins_07_WB/SawatzkiAnalysis/nohmrRNA_noglobin/G224_Watkins07_AVR_rh3053_B_D168_RNA1_Lib1_GL104_S23_nohmrRNA_noglobin.fastq.1.gz
Read 2 file /vol08/ngs/Seattle_Genomics/Collaborations/SG_Watkins/Watkins_07_WB/SawatzkiAnalysis/nohmrRNA_noglobin/G224_Watkins07_AVR_rh3053_B_D168_RNA1_Lib1_GL104_S23_nohmrRNA_noglobin.fastq.2.gz
Sample being processed G225_Watkins07_AVR_r08014_B_D196_RNA1_Lib1_GL104_S96_nohmrRNA_noglobin
Read 1 file /vol08/ngs/Seattle_Genomics/Collaborations/SG_Watkins/Watkins_07_WB/SawatzkiAnalysis/nohmrRNA_noglobin/G225_Watkins07_AVR_r08014_B_D196_RNA1_Lib1_GL104_S96_nohmrRNA_noglobin.fastq.1.gz
Read 2 file /vol08/ngs/Seattle_Genomics/Collaborations/SG_Watkins/Watkins_07_WB/SawatzkiAnalysis/nohmrRNA_noglobin/G225_Watkins07_AVR_r08014_B_D196_RNA1_Lib1_GL104_S96_nohmrRNA_noglobin.fastq.2.gz
Sample being processed G226_Watkins07_AVR_r14065_B_D196_RNA1_Lib1_GL104_S102_nohmrRNA_noglobin
Read 1 file /vol08/ngs/Seattle_Genomics/Collaborations/SG_Watkins/Watkins_07_WB/SawatzkiAnalysis/nohmrRNA_noglobin/G226_Watkins07_AVR_r14065_B_D196_RNA1_Lib1_GL104_S102_nohmrRNA_noglobin.fastq.1.gz
Read 2 file /vol08/ngs/Seattle_Genomics/Collaborations/SG_Watkins/Watkins_07_WB/SawatzkiAnalysis/nohmrRNA_noglobin/G226_Watkins07_AVR_r14065_B_D196_RNA1_Lib1_GL104_S102_nohmrRNA_noglobin.fastq.2.gz
Counter variable 18
Sample being processed G227_Watkins07_AVR_r16007_B_D196_RNA1_Lib1_GL102_S77_nohmrRNA_noglobin
Read 1 file /vol08/ngs/Seattle_Genomics/Collaborations/SG_Watkins/Watkins_07_WB/SawatzkiAnalysis/nohmrRNA_noglobin/G227_Watkins07_AVR_r16007_B_D196_RNA1_Lib1_GL102_S77_nohmrRNA_noglobin.fastq.1.gz
Read 2 file /vol08/ngs/Seattle_Genomics/Collaborations/SG_Watkins/Watkins_07_WB/SawatzkiAnalysis/nohmrRNA_noglobin/G227_Watkins07_AVR_r16007_B_D196_RNA1_Lib1_GL102_S77_nohmrRNA_noglobin.fastq.2.gz
Sample being processed G228_Watkins07_AVR_r17017_B_D196_RNA1_Lib1_GL105_S70_nohmrRNA_noglobin
Read 1 file /vol08/ngs/Seattle_Genomics/Collaborations/SG_Watkins/Watkins_07_WB/SawatzkiAnalysis/nohmrRNA_noglobin/G228_Watkins07_AVR_r17017_B_D196_RNA1_Lib1_GL105_S70_nohmrRNA_noglobin.fastq.1.gz
Read 2 file /vol08/ngs/Seattle_Genomics/Collaborations/SG_Watkins/Watkins_07_WB/SawatzkiAnalysis/nohmrRNA_noglobin/G228_Watkins07_AVR_r17017_B_D196_RNA1_Lib1_GL105_S70_nohmrRNA_noglobin.fastq.2.gz
Sample being processed G229_Watkins07_AVR_r17115_B_D196_RNA1_Lib1_GL104_S105_nohmrRNA_noglobin
Read 1 file /vol08/ngs/Seattle_Genomics/Collaborations/SG_Watkins/Watkins_07_WB/SawatzkiAnalysis/nohmrRNA_noglobin/G229_Watkins07_AVR_r17115_B_D196_RNA1_Lib1_GL104_S105_nohmrRNA_noglobin.fastq.1.gz
Read 2 file /vol08/ngs/Seattle_Genomics/Collaborations/SG_Watkins/Watkins_07_WB/SawatzkiAnalysis/nohmrRNA_noglobin/G229_Watkins07_AVR_r17115_B_D196_RNA1_Lib1_GL104_S105_nohmrRNA_noglobin.fastq.2.gz
Counter variable 21
Sample being processed G230_Watkins07_AVR_rh2932_B_D196_RNA1_Lib1_GL102_S32_nohmrRNA_noglobin
Read 1 file /vol08/ngs/Seattle_Genomics/Collaborations/SG_Watkins/Watkins_07_WB/SawatzkiAnalysis/nohmrRNA_noglobin/G230_Watkins07_AVR_rh2932_B_D196_RNA1_Lib1_GL102_S32_nohmrRNA_noglobin.fastq.1.gz
Read 2 file /vol08/ngs/Seattle_Genomics/Collaborations/SG_Watkins/Watkins_07_WB/SawatzkiAnalysis/nohmrRNA_noglobin/G230_Watkins07_AVR_rh2932_B_D196_RNA1_Lib1_GL102_S32_nohmrRNA_noglobin.fastq.2.gz
Sample being processed G231_Watkins07_AVR_rh2943_B_D196_RNA1_Lib1_GL105_S96_nohmrRNA_noglobin
Read 1 file /vol08/ngs/Seattle_Genomics/Collaborations/SG_Watkins/Watkins_07_WB/SawatzkiAnalysis/nohmrRNA_noglobin/G231_Watkins07_AVR_rh2943_B_D196_RNA1_Lib1_GL105_S96_nohmrRNA_noglobin.fastq.1.gz
Read 2 file /vol08/ngs/Seattle_Genomics/Collaborations/SG_Watkins/Watkins_07_WB/SawatzkiAnalysis/nohmrRNA_noglobin/G231_Watkins07_AVR_rh2943_B_D196_RNA1_Lib1_GL105_S96_nohmrRNA_noglobin.fastq.2.gz
Sample being processed G232_Watkins07_AVR_rh3006_B_D196_RNA1_Lib1_GL105_S79_nohmrRNA_noglobin
Read 1 file /vol08/ngs/Seattle_Genomics/Collaborations/SG_Watkins/Watkins_07_WB/SawatzkiAnalysis/nohmrRNA_noglobin/G232_Watkins07_AVR_rh3006_B_D196_RNA1_Lib1_GL105_S79_nohmrRNA_noglobin.fastq.1.gz
Read 2 file /vol08/ngs/Seattle_Genomics/Collaborations/SG_Watkins/Watkins_07_WB/SawatzkiAnalysis/nohmrRNA_noglobin/G232_Watkins07_AVR_rh3006_B_D196_RNA1_Lib1_GL105_S79_nohmrRNA_noglobin.fastq.2.gz
Counter variable 24
Sample being processed G233_Watkins07_AVR_rh3011_B_D196_RNA1_Lib1_GL105_S73_nohmrRNA_noglobin
Read 1 file /vol08/ngs/Seattle_Genomics/Collaborations/SG_Watkins/Watkins_07_WB/SawatzkiAnalysis/nohmrRNA_noglobin/G233_Watkins07_AVR_rh3011_B_D196_RNA1_Lib1_GL105_S73_nohmrRNA_noglobin.fastq.1.gz
Read 2 file /vol08/ngs/Seattle_Genomics/Collaborations/SG_Watkins/Watkins_07_WB/SawatzkiAnalysis/nohmrRNA_noglobin/G233_Watkins07_AVR_rh3011_B_D196_RNA1_Lib1_GL105_S73_nohmrRNA_noglobin.fastq.2.gz
Sample being processed G234_Watkins07_AVR_rh3032_B_D196_RNA1_Lib1_GL104_S22_nohmrRNA_noglobin
Read 1 file /vol08/ngs/Seattle_Genomics/Collaborations/SG_Watkins/Watkins_07_WB/SawatzkiAnalysis/nohmrRNA_noglobin/G234_Watkins07_AVR_rh3032_B_D196_RNA1_Lib1_GL104_S22_nohmrRNA_noglobin.fastq.1.gz
Read 2 file /vol08/ngs/Seattle_Genomics/Collaborations/SG_Watkins/Watkins_07_WB/SawatzkiAnalysis/nohmrRNA_noglobin/G234_Watkins07_AVR_rh3032_B_D196_RNA1_Lib1_GL104_S22_nohmrRNA_noglobin.fastq.2.gz
Sample being processed G235_Watkins07_AVR_rh3033_B_D196_RNA1_Lib1_GL104_S85_nohmrRNA_noglobin
Read 1 file /vol08/ngs/Seattle_Genomics/Collaborations/SG_Watkins/Watkins_07_WB/SawatzkiAnalysis/nohmrRNA_noglobin/G235_Watkins07_AVR_rh3033_B_D196_RNA1_Lib1_GL104_S85_nohmrRNA_noglobin.fastq.1.gz
Read 2 file /vol08/ngs/Seattle_Genomics/Collaborations/SG_Watkins/Watkins_07_WB/SawatzkiAnalysis/nohmrRNA_noglobin/G235_Watkins07_AVR_rh3033_B_D196_RNA1_Lib1_GL104_S85_nohmrRNA_noglobin.fastq.2.gz
Counter variable 27
Sample being processed G236_Watkins07_AVR_rh3036_B_D196_RNA1_Lib1_GL102_S37_nohmrRNA_noglobin
Read 1 file /vol08/ngs/Seattle_Genomics/Collaborations/SG_Watkins/Watkins_07_WB/SawatzkiAnalysis/nohmrRNA_noglobin/G236_Watkins07_AVR_rh3036_B_D196_RNA1_Lib1_GL102_S37_nohmrRNA_noglobin.fastq.1.gz
Read 2 file /vol08/ngs/Seattle_Genomics/Collaborations/SG_Watkins/Watkins_07_WB/SawatzkiAnalysis/nohmrRNA_noglobin/G236_Watkins07_AVR_rh3036_B_D196_RNA1_Lib1_GL102_S37_nohmrRNA_noglobin.fastq.2.gz
Sample being processed G237_Watkins07_AVR_rh3037_B_D196_RNA1_Lib1_GL102_S68_nohmrRNA_noglobin
Read 1 file /vol08/ngs/Seattle_Genomics/Collaborations/SG_Watkins/Watkins_07_WB/SawatzkiAnalysis/nohmrRNA_noglobin/G237_Watkins07_AVR_rh3037_B_D196_RNA1_Lib1_GL102_S68_nohmrRNA_noglobin.fastq.1.gz
Read 2 file /vol08/ngs/Seattle_Genomics/Collaborations/SG_Watkins/Watkins_07_WB/SawatzkiAnalysis/nohmrRNA_noglobin/G237_Watkins07_AVR_rh3037_B_D196_RNA1_Lib1_GL102_S68_nohmrRNA_noglobin.fastq.2.gz
Sample being processed G238_Watkins07_AVR_rh3045_B_D196_RNA1_Lib1_GL104_S91_nohmrRNA_noglobin
Read 1 file /vol08/ngs/Seattle_Genomics/Collaborations/SG_Watkins/Watkins_07_WB/SawatzkiAnalysis/nohmrRNA_noglobin/G238_Watkins07_AVR_rh3045_B_D196_RNA1_Lib1_GL104_S91_nohmrRNA_noglobin.fastq.1.gz
Read 2 file /vol08/ngs/Seattle_Genomics/Collaborations/SG_Watkins/Watkins_07_WB/SawatzkiAnalysis/nohmrRNA_noglobin/G238_Watkins07_AVR_rh3045_B_D196_RNA1_Lib1_GL104_S91_nohmrRNA_noglobin.fastq.2.gz
Counter variable 30
Sample being processed G239_Watkins07_AVR_rh3048_B_D196_RNA1_Lib1_GL102_S79_nohmrRNA_noglobin
Read 1 file /vol08/ngs/Seattle_Genomics/Collaborations/SG_Watkins/Watkins_07_WB/SawatzkiAnalysis/nohmrRNA_noglobin/G239_Watkins07_AVR_rh3048_B_D196_RNA1_Lib1_GL102_S79_nohmrRNA_noglobin.fastq.1.gz
Read 2 file /vol08/ngs/Seattle_Genomics/Collaborations/SG_Watkins/Watkins_07_WB/SawatzkiAnalysis/nohmrRNA_noglobin/G239_Watkins07_AVR_rh3048_B_D196_RNA1_Lib1_GL102_S79_nohmrRNA_noglobin.fastq.2.gz
Sample being processed G240_Watkins07_AVR_rh3053_B_D196_RNA1_Lib1_GL102_S18_nohmrRNA_noglobin
Read 1 file /vol08/ngs/Seattle_Genomics/Collaborations/SG_Watkins/Watkins_07_WB/SawatzkiAnalysis/nohmrRNA_noglobin/G240_Watkins07_AVR_rh3053_B_D196_RNA1_Lib1_GL102_S18_nohmrRNA_noglobin.fastq.1.gz
Read 2 file /vol08/ngs/Seattle_Genomics/Collaborations/SG_Watkins/Watkins_07_WB/SawatzkiAnalysis/nohmrRNA_noglobin/G240_Watkins07_AVR_rh3053_B_D196_RNA1_Lib1_GL102_S18_nohmrRNA_noglobin.fastq.2.gz
Sample being processed G241_Watkins07_AVR_r08014_B_D224_RNA1_Lib1_GL105_S98_nohmrRNA_noglobin
Read 1 file /vol08/ngs/Seattle_Genomics/Collaborations/SG_Watkins/Watkins_07_WB/SawatzkiAnalysis/nohmrRNA_noglobin/G241_Watkins07_AVR_r08014_B_D224_RNA1_Lib1_GL105_S98_nohmrRNA_noglobin.fastq.1.gz
Read 2 file /vol08/ngs/Seattle_Genomics/Collaborations/SG_Watkins/Watkins_07_WB/SawatzkiAnalysis/nohmrRNA_noglobin/G241_Watkins07_AVR_r08014_B_D224_RNA1_Lib1_GL105_S98_nohmrRNA_noglobin.fastq.2.gz
Counter variable 33
Sample being processed G242_Watkins07_AVR_r14065_B_D224_RNA1_Lib1_GL102_S54_nohmrRNA_noglobin
Read 1 file /vol08/ngs/Seattle_Genomics/Collaborations/SG_Watkins/Watkins_07_WB/SawatzkiAnalysis/nohmrRNA_noglobin/G242_Watkins07_AVR_r14065_B_D224_RNA1_Lib1_GL102_S54_nohmrRNA_noglobin.fastq.1.gz
Read 2 file /vol08/ngs/Seattle_Genomics/Collaborations/SG_Watkins/Watkins_07_WB/SawatzkiAnalysis/nohmrRNA_noglobin/G242_Watkins07_AVR_r14065_B_D224_RNA1_Lib1_GL102_S54_nohmrRNA_noglobin.fastq.2.gz
Sample being processed G243_Watkins07_AVR_r16007_B_D224_RNA1_Lib1_GL102_S33_nohmrRNA_noglobin
Read 1 file /vol08/ngs/Seattle_Genomics/Collaborations/SG_Watkins/Watkins_07_WB/SawatzkiAnalysis/nohmrRNA_noglobin/G243_Watkins07_AVR_r16007_B_D224_RNA1_Lib1_GL102_S33_nohmrRNA_noglobin.fastq.1.gz
Read 2 file /vol08/ngs/Seattle_Genomics/Collaborations/SG_Watkins/Watkins_07_WB/SawatzkiAnalysis/nohmrRNA_noglobin/G243_Watkins07_AVR_r16007_B_D224_RNA1_Lib1_GL102_S33_nohmrRNA_noglobin.fastq.2.gz
Sample being processed G244_Watkins07_AVR_r17017_B_D224_RNA2_Lib1_GL102_S100_nohmrRNA_noglobin
Read 1 file /vol08/ngs/Seattle_Genomics/Collaborations/SG_Watkins/Watkins_07_WB/SawatzkiAnalysis/nohmrRNA_noglobin/G244_Watkins07_AVR_r17017_B_D224_RNA2_Lib1_GL102_S100_nohmrRNA_noglobin.fastq.1.gz
Read 2 file /vol08/ngs/Seattle_Genomics/Collaborations/SG_Watkins/Watkins_07_WB/SawatzkiAnalysis/nohmrRNA_noglobin/G244_Watkins07_AVR_r17017_B_D224_RNA2_Lib1_GL102_S100_nohmrRNA_noglobin.fastq.2.gz
Counter variable 36
Sample being processed G245_Watkins07_AVR_r17115_B_D224_RNA1_Lib1_GL102_S59_nohmrRNA_noglobin
Read 1 file /vol08/ngs/Seattle_Genomics/Collaborations/SG_Watkins/Watkins_07_WB/SawatzkiAnalysis/nohmrRNA_noglobin/G245_Watkins07_AVR_r17115_B_D224_RNA1_Lib1_GL102_S59_nohmrRNA_noglobin.fastq.1.gz
Read 2 file /vol08/ngs/Seattle_Genomics/Collaborations/SG_Watkins/Watkins_07_WB/SawatzkiAnalysis/nohmrRNA_noglobin/G245_Watkins07_AVR_r17115_B_D224_RNA1_Lib1_GL102_S59_nohmrRNA_noglobin.fastq.2.gz
Sample being processed G246_Watkins07_AVR_rh2932_B_D224_RNA1_Lib1_GL102_S2_nohmrRNA_noglobin
Read 1 file /vol08/ngs/Seattle_Genomics/Collaborations/SG_Watkins/Watkins_07_WB/SawatzkiAnalysis/nohmrRNA_noglobin/G246_Watkins07_AVR_rh2932_B_D224_RNA1_Lib1_GL102_S2_nohmrRNA_noglobin.fastq.1.gz
Read 2 file /vol08/ngs/Seattle_Genomics/Collaborations/SG_Watkins/Watkins_07_WB/SawatzkiAnalysis/nohmrRNA_noglobin/G246_Watkins07_AVR_rh2932_B_D224_RNA1_Lib1_GL102_S2_nohmrRNA_noglobin.fastq.2.gz
Sample being processed G247_Watkins07_AVR_rh2943_B_D224_RNA1_Lib1_GL104_S82_nohmrRNA_noglobin
Read 1 file /vol08/ngs/Seattle_Genomics/Collaborations/SG_Watkins/Watkins_07_WB/SawatzkiAnalysis/nohmrRNA_noglobin/G247_Watkins07_AVR_rh2943_B_D224_RNA1_Lib1_GL104_S82_nohmrRNA_noglobin.fastq.1.gz
Read 2 file /vol08/ngs/Seattle_Genomics/Collaborations/SG_Watkins/Watkins_07_WB/SawatzkiAnalysis/nohmrRNA_noglobin/G247_Watkins07_AVR_rh2943_B_D224_RNA1_Lib1_GL104_S82_nohmrRNA_noglobin.fastq.2.gz
Counter variable 39
Sample being processed G248_Watkins07_AVR_rh3006_B_D224_RNA1_Lib1_GL102_S22_nohmrRNA_noglobin
Read 1 file /vol08/ngs/Seattle_Genomics/Collaborations/SG_Watkins/Watkins_07_WB/SawatzkiAnalysis/nohmrRNA_noglobin/G248_Watkins07_AVR_rh3006_B_D224_RNA1_Lib1_GL102_S22_nohmrRNA_noglobin.fastq.1.gz
Read 2 file /vol08/ngs/Seattle_Genomics/Collaborations/SG_Watkins/Watkins_07_WB/SawatzkiAnalysis/nohmrRNA_noglobin/G248_Watkins07_AVR_rh3006_B_D224_RNA1_Lib1_GL102_S22_nohmrRNA_noglobin.fastq.2.gz
Sample being processed G249_Watkins07_AVR_rh3011_B_D224_RNA1_Lib1_GL102_S53_nohmrRNA_noglobin
Read 1 file /vol08/ngs/Seattle_Genomics/Collaborations/SG_Watkins/Watkins_07_WB/SawatzkiAnalysis/nohmrRNA_noglobin/G249_Watkins07_AVR_rh3011_B_D224_RNA1_Lib1_GL102_S53_nohmrRNA_noglobin.fastq.1.gz
Read 2 file /vol08/ngs/Seattle_Genomics/Collaborations/SG_Watkins/Watkins_07_WB/SawatzkiAnalysis/nohmrRNA_noglobin/G249_Watkins07_AVR_rh3011_B_D224_RNA1_Lib1_GL102_S53_nohmrRNA_noglobin.fastq.2.gz
Sample being processed G250_Watkins07_AVR_rh3032_B_D224_RNA1_Lib1_GL102_S84_nohmrRNA_noglobin
Read 1 file /vol08/ngs/Seattle_Genomics/Collaborations/SG_Watkins/Watkins_07_WB/SawatzkiAnalysis/nohmrRNA_noglobin/G250_Watkins07_AVR_rh3032_B_D224_RNA1_Lib1_GL102_S84_nohmrRNA_noglobin.fastq.1.gz
Read 2 file /vol08/ngs/Seattle_Genomics/Collaborations/SG_Watkins/Watkins_07_WB/SawatzkiAnalysis/nohmrRNA_noglobin/G250_Watkins07_AVR_rh3032_B_D224_RNA1_Lib1_GL102_S84_nohmrRNA_noglobin.fastq.2.gz
Counter variable 42
Sample being processed G251_Watkins07_AVR_rh3033_B_D224_RNA1_Lib1_GL102_S72_nohmrRNA_noglobin
Read 1 file /vol08/ngs/Seattle_Genomics/Collaborations/SG_Watkins/Watkins_07_WB/SawatzkiAnalysis/nohmrRNA_noglobin/G251_Watkins07_AVR_rh3033_B_D224_RNA1_Lib1_GL102_S72_nohmrRNA_noglobin.fastq.1.gz
Read 2 file /vol08/ngs/Seattle_Genomics/Collaborations/SG_Watkins/Watkins_07_WB/SawatzkiAnalysis/nohmrRNA_noglobin/G251_Watkins07_AVR_rh3033_B_D224_RNA1_Lib1_GL102_S72_nohmrRNA_noglobin.fastq.2.gz
Sample being processed G252_Watkins07_AVR_rh3036_B_D224_RNA1_Lib1_GL104_S3_nohmrRNA_noglobin
Read 1 file /vol08/ngs/Seattle_Genomics/Collaborations/SG_Watkins/Watkins_07_WB/SawatzkiAnalysis/nohmrRNA_noglobin/G252_Watkins07_AVR_rh3036_B_D224_RNA1_Lib1_GL104_S3_nohmrRNA_noglobin.fastq.1.gz
Read 2 file /vol08/ngs/Seattle_Genomics/Collaborations/SG_Watkins/Watkins_07_WB/SawatzkiAnalysis/nohmrRNA_noglobin/G252_Watkins07_AVR_rh3036_B_D224_RNA1_Lib1_GL104_S3_nohmrRNA_noglobin.fastq.2.gz
Sample being processed G253_Watkins07_AVR_rh3037_B_D224_RNA1_Lib1_GL104_S5_nohmrRNA_noglobin
Read 1 file /vol08/ngs/Seattle_Genomics/Collaborations/SG_Watkins/Watkins_07_WB/SawatzkiAnalysis/nohmrRNA_noglobin/G253_Watkins07_AVR_rh3037_B_D224_RNA1_Lib1_GL104_S5_nohmrRNA_noglobin.fastq.1.gz
Read 2 file /vol08/ngs/Seattle_Genomics/Collaborations/SG_Watkins/Watkins_07_WB/SawatzkiAnalysis/nohmrRNA_noglobin/G253_Watkins07_AVR_rh3037_B_D224_RNA1_Lib1_GL104_S5_nohmrRNA_noglobin.fastq.2.gz
Counter variable 45
Sample being processed G254_Watkins07_AVR_rh3045_B_D224_RNA1_Lib1_GL102_S52_nohmrRNA_noglobin
Read 1 file /vol08/ngs/Seattle_Genomics/Collaborations/SG_Watkins/Watkins_07_WB/SawatzkiAnalysis/nohmrRNA_noglobin/G254_Watkins07_AVR_rh3045_B_D224_RNA1_Lib1_GL102_S52_nohmrRNA_noglobin.fastq.1.gz
Read 2 file /vol08/ngs/Seattle_Genomics/Collaborations/SG_Watkins/Watkins_07_WB/SawatzkiAnalysis/nohmrRNA_noglobin/G254_Watkins07_AVR_rh3045_B_D224_RNA1_Lib1_GL102_S52_nohmrRNA_noglobin.fastq.2.gz
Sample being processed G255_Watkins07_AVR_rh3048_B_D224_RNA1_Lib1_GL102_S23_nohmrRNA_noglobin
Read 1 file /vol08/ngs/Seattle_Genomics/Collaborations/SG_Watkins/Watkins_07_WB/SawatzkiAnalysis/nohmrRNA_noglobin/G255_Watkins07_AVR_rh3048_B_D224_RNA1_Lib1_GL102_S23_nohmrRNA_noglobin.fastq.1.gz
Read 2 file /vol08/ngs/Seattle_Genomics/Collaborations/SG_Watkins/Watkins_07_WB/SawatzkiAnalysis/nohmrRNA_noglobin/G255_Watkins07_AVR_rh3048_B_D224_RNA1_Lib1_GL102_S23_nohmrRNA_noglobin.fastq.2.gz
Sample being processed G256_Watkins07_AVR_rh3053_B_D224_RNA1_Lib1_GL102_S12_nohmrRNA_noglobin
Read 1 file /vol08/ngs/Seattle_Genomics/Collaborations/SG_Watkins/Watkins_07_WB/SawatzkiAnalysis/nohmrRNA_noglobin/G256_Watkins07_AVR_rh3053_B_D224_RNA1_Lib1_GL102_S12_nohmrRNA_noglobin.fastq.1.gz
Read 2 file /vol08/ngs/Seattle_Genomics/Collaborations/SG_Watkins/Watkins_07_WB/SawatzkiAnalysis/nohmrRNA_noglobin/G256_Watkins07_AVR_rh3053_B_D224_RNA1_Lib1_GL102_S12_nohmrRNA_noglobin.fastq.2.gz
Counter variable 48
Sample being processed G257_Watkins07_AVR_r08014_B_D0-SIV_RNA1_Lib1_GL105_S85_nohmrRNA_noglobin
Read 1 file /vol08/ngs/Seattle_Genomics/Collaborations/SG_Watkins/Watkins_07_WB/SawatzkiAnalysis/nohmrRNA_noglobin/G257_Watkins07_AVR_r08014_B_D0-SIV_RNA1_Lib1_GL105_S85_nohmrRNA_noglobin.fastq.1.gz
Read 2 file /vol08/ngs/Seattle_Genomics/Collaborations/SG_Watkins/Watkins_07_WB/SawatzkiAnalysis/nohmrRNA_noglobin/G257_Watkins07_AVR_r08014_B_D0-SIV_RNA1_Lib1_GL105_S85_nohmrRNA_noglobin.fastq.2.gz
Sample being processed G258_Watkins07_Unvax_r15058_B_D0-SIV_RNA1_Lib1_GL104_S74_nohmrRNA_noglobin
Read 1 file /vol08/ngs/Seattle_Genomics/Collaborations/SG_Watkins/Watkins_07_WB/SawatzkiAnalysis/nohmrRNA_noglobin/G258_Watkins07_Unvax_r15058_B_D0-SIV_RNA1_Lib1_GL104_S74_nohmrRNA_noglobin.fastq.1.gz
Read 2 file /vol08/ngs/Seattle_Genomics/Collaborations/SG_Watkins/Watkins_07_WB/SawatzkiAnalysis/nohmrRNA_noglobin/G258_Watkins07_Unvax_r15058_B_D0-SIV_RNA1_Lib1_GL104_S74_nohmrRNA_noglobin.fastq.2.gz
Sample being processed G259_Watkins07_Unvax_r16003_B_D0-SIV_RNA1_Lib1_GL104_S94_nohmrRNA_noglobin
Read 1 file /vol08/ngs/Seattle_Genomics/Collaborations/SG_Watkins/Watkins_07_WB/SawatzkiAnalysis/nohmrRNA_noglobin/G259_Watkins07_Unvax_r16003_B_D0-SIV_RNA1_Lib1_GL104_S94_nohmrRNA_noglobin.fastq.1.gz
Read 2 file /vol08/ngs/Seattle_Genomics/Collaborations/SG_Watkins/Watkins_07_WB/SawatzkiAnalysis/nohmrRNA_noglobin/G259_Watkins07_Unvax_r16003_B_D0-SIV_RNA1_Lib1_GL104_S94_nohmrRNA_noglobin.fastq.2.gz
Counter variable 51
Sample being processed G260_Watkins07_AVR_r08014_B_D3-SIV_RNA1_Lib1_GL104_S10_nohmrRNA_noglobin
Read 1 file /vol08/ngs/Seattle_Genomics/Collaborations/SG_Watkins/Watkins_07_WB/SawatzkiAnalysis/nohmrRNA_noglobin/G260_Watkins07_AVR_r08014_B_D3-SIV_RNA1_Lib1_GL104_S10_nohmrRNA_noglobin.fastq.1.gz
Read 2 file /vol08/ngs/Seattle_Genomics/Collaborations/SG_Watkins/Watkins_07_WB/SawatzkiAnalysis/nohmrRNA_noglobin/G260_Watkins07_AVR_r08014_B_D3-SIV_RNA1_Lib1_GL104_S10_nohmrRNA_noglobin.fastq.2.gz
Sample being processed G261_Watkins07_Unvax_r15058_B_D3-SIV_RNA1_Lib1_GL104_S45_nohmrRNA_noglobin
Read 1 file /vol08/ngs/Seattle_Genomics/Collaborations/SG_Watkins/Watkins_07_WB/SawatzkiAnalysis/nohmrRNA_noglobin/G261_Watkins07_Unvax_r15058_B_D3-SIV_RNA1_Lib1_GL104_S45_nohmrRNA_noglobin.fastq.1.gz
Read 2 file /vol08/ngs/Seattle_Genomics/Collaborations/SG_Watkins/Watkins_07_WB/SawatzkiAnalysis/nohmrRNA_noglobin/G261_Watkins07_Unvax_r15058_B_D3-SIV_RNA1_Lib1_GL104_S45_nohmrRNA_noglobin.fastq.2.gz
Sample being processed G262_Watkins07_Unvax_r16003_B_D3-SIV_RNA1_Lib1_GL105_S72_nohmrRNA_noglobin
Read 1 file /vol08/ngs/Seattle_Genomics/Collaborations/SG_Watkins/Watkins_07_WB/SawatzkiAnalysis/nohmrRNA_noglobin/G262_Watkins07_Unvax_r16003_B_D3-SIV_RNA1_Lib1_GL105_S72_nohmrRNA_noglobin.fastq.1.gz
Read 2 file /vol08/ngs/Seattle_Genomics/Collaborations/SG_Watkins/Watkins_07_WB/SawatzkiAnalysis/nohmrRNA_noglobin/G262_Watkins07_Unvax_r16003_B_D3-SIV_RNA1_Lib1_GL105_S72_nohmrRNA_noglobin.fastq.2.gz
Counter variable 54
Sample being processed G263_Watkins07_AVR_r08014_B_D7-SIV_RNA1_Lib1_GL105_S56_nohmrRNA_noglobin
Read 1 file /vol08/ngs/Seattle_Genomics/Collaborations/SG_Watkins/Watkins_07_WB/SawatzkiAnalysis/nohmrRNA_noglobin/G263_Watkins07_AVR_r08014_B_D7-SIV_RNA1_Lib1_GL105_S56_nohmrRNA_noglobin.fastq.1.gz
Read 2 file /vol08/ngs/Seattle_Genomics/Collaborations/SG_Watkins/Watkins_07_WB/SawatzkiAnalysis/nohmrRNA_noglobin/G263_Watkins07_AVR_r08014_B_D7-SIV_RNA1_Lib1_GL105_S56_nohmrRNA_noglobin.fastq.2.gz
Sample being processed G264_Watkins07_Unvax_r15058_B_D7-SIV_RNA1_Lib1_GL104_S71_nohmrRNA_noglobin
Read 1 file /vol08/ngs/Seattle_Genomics/Collaborations/SG_Watkins/Watkins_07_WB/SawatzkiAnalysis/nohmrRNA_noglobin/G264_Watkins07_Unvax_r15058_B_D7-SIV_RNA1_Lib1_GL104_S71_nohmrRNA_noglobin.fastq.1.gz
Read 2 file /vol08/ngs/Seattle_Genomics/Collaborations/SG_Watkins/Watkins_07_WB/SawatzkiAnalysis/nohmrRNA_noglobin/G264_Watkins07_Unvax_r15058_B_D7-SIV_RNA1_Lib1_GL104_S71_nohmrRNA_noglobin.fastq.2.gz
Sample being processed G265_Watkins07_Unvax_r16003_B_D7-SIV_RNA1_Lib1_GL104_S24_nohmrRNA_noglobin
Read 1 file /vol08/ngs/Seattle_Genomics/Collaborations/SG_Watkins/Watkins_07_WB/SawatzkiAnalysis/nohmrRNA_noglobin/G265_Watkins07_Unvax_r16003_B_D7-SIV_RNA1_Lib1_GL104_S24_nohmrRNA_noglobin.fastq.1.gz
Read 2 file /vol08/ngs/Seattle_Genomics/Collaborations/SG_Watkins/Watkins_07_WB/SawatzkiAnalysis/nohmrRNA_noglobin/G265_Watkins07_Unvax_r16003_B_D7-SIV_RNA1_Lib1_GL104_S24_nohmrRNA_noglobin.fastq.2.gz
Counter variable 57
Sample being processed G266_Watkins07_Unvax_r17103_B_D0-SIV_RNA1_Lib1_GL102_S97_nohmrRNA_noglobin
Read 1 file /vol08/ngs/Seattle_Genomics/Collaborations/SG_Watkins/Watkins_07_WB/SawatzkiAnalysis/nohmrRNA_noglobin/G266_Watkins07_Unvax_r17103_B_D0-SIV_RNA1_Lib1_GL102_S97_nohmrRNA_noglobin.fastq.1.gz
Read 2 file /vol08/ngs/Seattle_Genomics/Collaborations/SG_Watkins/Watkins_07_WB/SawatzkiAnalysis/nohmrRNA_noglobin/G266_Watkins07_Unvax_r17103_B_D0-SIV_RNA1_Lib1_GL102_S97_nohmrRNA_noglobin.fastq.2.gz
Sample being processed G267_Watkins07_Unvax_r18067_B_D0-SIV_RNA1_Lib1_GL102_S1_nohmrRNA_noglobin
Read 1 file /vol08/ngs/Seattle_Genomics/Collaborations/SG_Watkins/Watkins_07_WB/SawatzkiAnalysis/nohmrRNA_noglobin/G267_Watkins07_Unvax_r18067_B_D0-SIV_RNA1_Lib1_GL102_S1_nohmrRNA_noglobin.fastq.1.gz
Read 2 file /vol08/ngs/Seattle_Genomics/Collaborations/SG_Watkins/Watkins_07_WB/SawatzkiAnalysis/nohmrRNA_noglobin/G267_Watkins07_Unvax_r18067_B_D0-SIV_RNA1_Lib1_GL102_S1_nohmrRNA_noglobin.fastq.2.gz
Sample being processed G268_Watkins07_AVR_r08014_B_D10-SIV_RNA1_Lib1_GL105_S87_nohmrRNA_noglobin
Read 1 file /vol08/ngs/Seattle_Genomics/Collaborations/SG_Watkins/Watkins_07_WB/SawatzkiAnalysis/nohmrRNA_noglobin/G268_Watkins07_AVR_r08014_B_D10-SIV_RNA1_Lib1_GL105_S87_nohmrRNA_noglobin.fastq.1.gz
Read 2 file /vol08/ngs/Seattle_Genomics/Collaborations/SG_Watkins/Watkins_07_WB/SawatzkiAnalysis/nohmrRNA_noglobin/G268_Watkins07_AVR_r08014_B_D10-SIV_RNA1_Lib1_GL105_S87_nohmrRNA_noglobin.fastq.2.gz
Counter variable 60
Sample being processed G269_Watkins07_Unvax_r15058_B_D10-SIV_RNA1_Lib1_GL102_S14_nohmrRNA_noglobin
Read 1 file /vol08/ngs/Seattle_Genomics/Collaborations/SG_Watkins/Watkins_07_WB/SawatzkiAnalysis/nohmrRNA_noglobin/G269_Watkins07_Unvax_r15058_B_D10-SIV_RNA1_Lib1_GL102_S14_nohmrRNA_noglobin.fastq.1.gz
Read 2 file /vol08/ngs/Seattle_Genomics/Collaborations/SG_Watkins/Watkins_07_WB/SawatzkiAnalysis/nohmrRNA_noglobin/G269_Watkins07_Unvax_r15058_B_D10-SIV_RNA1_Lib1_GL102_S14_nohmrRNA_noglobin.fastq.2.gz
Sample being processed G270_Watkins07_Unvax_r16003_B_D10-SIV_RNA1_Lib1_GL104_S6_nohmrRNA_noglobin
Read 1 file /vol08/ngs/Seattle_Genomics/Collaborations/SG_Watkins/Watkins_07_WB/SawatzkiAnalysis/nohmrRNA_noglobin/G270_Watkins07_Unvax_r16003_B_D10-SIV_RNA1_Lib1_GL104_S6_nohmrRNA_noglobin.fastq.1.gz
Read 2 file /vol08/ngs/Seattle_Genomics/Collaborations/SG_Watkins/Watkins_07_WB/SawatzkiAnalysis/nohmrRNA_noglobin/G270_Watkins07_Unvax_r16003_B_D10-SIV_RNA1_Lib1_GL104_S6_nohmrRNA_noglobin.fastq.2.gz
Sample being processed G271_Watkins07_Unvax_r17103_B_D3-SIV_RNA1_Lib1_GL102_S25_nohmrRNA_noglobin
Read 1 file /vol08/ngs/Seattle_Genomics/Collaborations/SG_Watkins/Watkins_07_WB/SawatzkiAnalysis/nohmrRNA_noglobin/G271_Watkins07_Unvax_r17103_B_D3-SIV_RNA1_Lib1_GL102_S25_nohmrRNA_noglobin.fastq.1.gz
Read 2 file /vol08/ngs/Seattle_Genomics/Collaborations/SG_Watkins/Watkins_07_WB/SawatzkiAnalysis/nohmrRNA_noglobin/G271_Watkins07_Unvax_r17103_B_D3-SIV_RNA1_Lib1_GL102_S25_nohmrRNA_noglobin.fastq.2.gz
Counter variable 63
Sample being processed G272_Watkins07_Unvax_r18067_B_D3-SIV_RNA1_Lib1_GL102_S5_nohmrRNA_noglobin
Read 1 file /vol08/ngs/Seattle_Genomics/Collaborations/SG_Watkins/Watkins_07_WB/SawatzkiAnalysis/nohmrRNA_noglobin/G272_Watkins07_Unvax_r18067_B_D3-SIV_RNA1_Lib1_GL102_S5_nohmrRNA_noglobin.fastq.1.gz
Read 2 file /vol08/ngs/Seattle_Genomics/Collaborations/SG_Watkins/Watkins_07_WB/SawatzkiAnalysis/nohmrRNA_noglobin/G272_Watkins07_Unvax_r18067_B_D3-SIV_RNA1_Lib1_GL102_S5_nohmrRNA_noglobin.fastq.2.gz
Sample being processed G273_Watkins07_AVR_r08014_B_D14-SIV_RNA1_Lib1_GL104_S62_nohmrRNA_noglobin
Read 1 file /vol08/ngs/Seattle_Genomics/Collaborations/SG_Watkins/Watkins_07_WB/SawatzkiAnalysis/nohmrRNA_noglobin/G273_Watkins07_AVR_r08014_B_D14-SIV_RNA1_Lib1_GL104_S62_nohmrRNA_noglobin.fastq.1.gz
Read 2 file /vol08/ngs/Seattle_Genomics/Collaborations/SG_Watkins/Watkins_07_WB/SawatzkiAnalysis/nohmrRNA_noglobin/G273_Watkins07_AVR_r08014_B_D14-SIV_RNA1_Lib1_GL104_S62_nohmrRNA_noglobin.fastq.2.gz
Sample being processed G274_Watkins07_Unvax_r15058_B_D14-SIV_RNA1_Lib1_GL104_S21_nohmrRNA_noglobin
Read 1 file /vol08/ngs/Seattle_Genomics/Collaborations/SG_Watkins/Watkins_07_WB/SawatzkiAnalysis/nohmrRNA_noglobin/G274_Watkins07_Unvax_r15058_B_D14-SIV_RNA1_Lib1_GL104_S21_nohmrRNA_noglobin.fastq.1.gz
Read 2 file /vol08/ngs/Seattle_Genomics/Collaborations/SG_Watkins/Watkins_07_WB/SawatzkiAnalysis/nohmrRNA_noglobin/G274_Watkins07_Unvax_r15058_B_D14-SIV_RNA1_Lib1_GL104_S21_nohmrRNA_noglobin.fastq.2.gz
Counter variable 66
Sample being processed G275_Watkins07_Unvax_r16003_B_D14-SIV_RNA1_Lib1_GL102_S26_nohmrRNA_noglobin
Read 1 file /vol08/ngs/Seattle_Genomics/Collaborations/SG_Watkins/Watkins_07_WB/SawatzkiAnalysis/nohmrRNA_noglobin/G275_Watkins07_Unvax_r16003_B_D14-SIV_RNA1_Lib1_GL102_S26_nohmrRNA_noglobin.fastq.1.gz
Read 2 file /vol08/ngs/Seattle_Genomics/Collaborations/SG_Watkins/Watkins_07_WB/SawatzkiAnalysis/nohmrRNA_noglobin/G275_Watkins07_Unvax_r16003_B_D14-SIV_RNA1_Lib1_GL102_S26_nohmrRNA_noglobin.fastq.2.gz
Sample being processed G276_Watkins07_Unvax_r17103_B_D7-SIV_RNA1_Lib1_GL104_S87_nohmrRNA_noglobin
Read 1 file /vol08/ngs/Seattle_Genomics/Collaborations/SG_Watkins/Watkins_07_WB/SawatzkiAnalysis/nohmrRNA_noglobin/G276_Watkins07_Unvax_r17103_B_D7-SIV_RNA1_Lib1_GL104_S87_nohmrRNA_noglobin.fastq.1.gz
Read 2 file /vol08/ngs/Seattle_Genomics/Collaborations/SG_Watkins/Watkins_07_WB/SawatzkiAnalysis/nohmrRNA_noglobin/G276_Watkins07_Unvax_r17103_B_D7-SIV_RNA1_Lib1_GL104_S87_nohmrRNA_noglobin.fastq.2.gz
Sample being processed G277_Watkins07_Unvax_r18067_B_D7-SIV_RNA1_Lib1_GL102_S65_nohmrRNA_noglobin
Read 1 file /vol08/ngs/Seattle_Genomics/Collaborations/SG_Watkins/Watkins_07_WB/SawatzkiAnalysis/nohmrRNA_noglobin/G277_Watkins07_Unvax_r18067_B_D7-SIV_RNA1_Lib1_GL102_S65_nohmrRNA_noglobin.fastq.1.gz
Read 2 file /vol08/ngs/Seattle_Genomics/Collaborations/SG_Watkins/Watkins_07_WB/SawatzkiAnalysis/nohmrRNA_noglobin/G277_Watkins07_Unvax_r18067_B_D7-SIV_RNA1_Lib1_GL102_S65_nohmrRNA_noglobin.fastq.2.gz
slurmstepd: error: *** JOB 4865 ON roundworm CANCELLED AT 2023-09-08T11:42:22 ***
	STAR --genomeLoad Remove --genomeDir /vol01/genome/Macaca_mulatta/10.109/STAR_2.7.10b
	STAR version: 2.7.10b_alpha_230301   compiled: 2023-03-01T12:56:50-05:00 :/home/dobin/data/STAR/STARcode/STAR.master/source
Sep 08 11:42:22 ..... started STAR run
Sep 08 11:42:22 ..... loading genome
Sep 08 11:42:27 ..... started mapping
Sep 08 11:42:27 ..... finished mapping
Sep 08 11:42:27 ..... finished successfully
