2.7.10b_alpha_230301
Number samples = 179 R1 files, should be 245
Number samples = 179 R2 files, should be 245
Loading Genome into memory 
	/share/tools/Modules/STAR/2.7.10b/bin/STAR --genomeLoad LoadAndExit --genomeDir /vol01/genome/Macaca_mulatta/10.109/STAR_2.7.10b
	STAR version: 2.7.10b_alpha_230301   compiled: 2023-03-01T12:56:50-05:00 :/home/dobin/data/STAR/STARcode/STAR.master/source
Sep 11 13:08:50 ..... started STAR run
Sep 11 13:08:50 ..... loading genome
Sep 11 13:09:08 ..... started mapping
Sep 11 13:09:08 ..... finished mapping
Sep 11 13:09:08 ..... finished successfully
STATUS: Aligning Watkins on roundworm...
Counter variable 0
Sample being processed G275_Watkins07_Unvax_r16003_B_D14-SIV_RNA1_Lib1_GL102_S26_nohmrRNA_noglobin
Read 1 file /vol08/ngs/Seattle_Genomics/Collaborations/SG_Watkins/Watkins_07_WB/SawatzkiAnalysis/nohmrRNA_noglobin/G275_Watkins07_Unvax_r16003_B_D14-SIV_RNA1_Lib1_GL102_S26_nohmrRNA_noglobin.fastq.1.gz
Read 2 file /vol08/ngs/Seattle_Genomics/Collaborations/SG_Watkins/Watkins_07_WB/SawatzkiAnalysis/nohmrRNA_noglobin/G275_Watkins07_Unvax_r16003_B_D14-SIV_RNA1_Lib1_GL102_S26_nohmrRNA_noglobin.fastq.2.gz
Sample being processed G276_Watkins07_Unvax_r17103_B_D7-SIV_RNA1_Lib1_GL104_S87_nohmrRNA_noglobin
Read 1 file /vol08/ngs/Seattle_Genomics/Collaborations/SG_Watkins/Watkins_07_WB/SawatzkiAnalysis/nohmrRNA_noglobin/G276_Watkins07_Unvax_r17103_B_D7-SIV_RNA1_Lib1_GL104_S87_nohmrRNA_noglobin.fastq.1.gz
Read 2 file /vol08/ngs/Seattle_Genomics/Collaborations/SG_Watkins/Watkins_07_WB/SawatzkiAnalysis/nohmrRNA_noglobin/G276_Watkins07_Unvax_r17103_B_D7-SIV_RNA1_Lib1_GL104_S87_nohmrRNA_noglobin.fastq.2.gz
Sample being processed G277_Watkins07_Unvax_r18067_B_D7-SIV_RNA1_Lib1_GL102_S65_nohmrRNA_noglobin
Read 1 file /vol08/ngs/Seattle_Genomics/Collaborations/SG_Watkins/Watkins_07_WB/SawatzkiAnalysis/nohmrRNA_noglobin/G277_Watkins07_Unvax_r18067_B_D7-SIV_RNA1_Lib1_GL102_S65_nohmrRNA_noglobin.fastq.1.gz
Read 2 file /vol08/ngs/Seattle_Genomics/Collaborations/SG_Watkins/Watkins_07_WB/SawatzkiAnalysis/nohmrRNA_noglobin/G277_Watkins07_Unvax_r18067_B_D7-SIV_RNA1_Lib1_GL102_S65_nohmrRNA_noglobin.fastq.2.gz
Counter variable 3
Sample being processed G278_Watkins07_AVR_r17017_B_D0-SIV_RNA1_Lib1_GL104_S33_nohmrRNA_noglobin
Read 1 file /vol08/ngs/Seattle_Genomics/Collaborations/SG_Watkins/Watkins_07_WB/SawatzkiAnalysis/nohmrRNA_noglobin/G278_Watkins07_AVR_r17017_B_D0-SIV_RNA1_Lib1_GL104_S33_nohmrRNA_noglobin.fastq.1.gz
Read 2 file /vol08/ngs/Seattle_Genomics/Collaborations/SG_Watkins/Watkins_07_WB/SawatzkiAnalysis/nohmrRNA_noglobin/G278_Watkins07_AVR_r17017_B_D0-SIV_RNA1_Lib1_GL104_S33_nohmrRNA_noglobin.fastq.2.gz
Sample being processed G279_Watkins07_Unvax_r17039_B_D0-SIV_RNA1_Lib1_GL102_S70_nohmrRNA_noglobin
Read 1 file /vol08/ngs/Seattle_Genomics/Collaborations/SG_Watkins/Watkins_07_WB/SawatzkiAnalysis/nohmrRNA_noglobin/G279_Watkins07_Unvax_r17039_B_D0-SIV_RNA1_Lib1_GL102_S70_nohmrRNA_noglobin.fastq.1.gz
Read 2 file /vol08/ngs/Seattle_Genomics/Collaborations/SG_Watkins/Watkins_07_WB/SawatzkiAnalysis/nohmrRNA_noglobin/G279_Watkins07_Unvax_r17039_B_D0-SIV_RNA1_Lib1_GL102_S70_nohmrRNA_noglobin.fastq.2.gz
Sample being processed G280_Watkins07_Unvax_r17103_B_D10-SIV_RNA1_Lib1_GL102_S101_nohmrRNA_noglobin
Read 1 file /vol08/ngs/Seattle_Genomics/Collaborations/SG_Watkins/Watkins_07_WB/SawatzkiAnalysis/nohmrRNA_noglobin/G280_Watkins07_Unvax_r17103_B_D10-SIV_RNA1_Lib1_GL102_S101_nohmrRNA_noglobin.fastq.1.gz
Read 2 file /vol08/ngs/Seattle_Genomics/Collaborations/SG_Watkins/Watkins_07_WB/SawatzkiAnalysis/nohmrRNA_noglobin/G280_Watkins07_Unvax_r17103_B_D10-SIV_RNA1_Lib1_GL102_S101_nohmrRNA_noglobin.fastq.2.gz
Counter variable 6
Sample being processed G281_Watkins07_Unvax_r18067_B_D10-SIV_RNA1_Lib1_GL104_S59_nohmrRNA_noglobin
Read 1 file /vol08/ngs/Seattle_Genomics/Collaborations/SG_Watkins/Watkins_07_WB/SawatzkiAnalysis/nohmrRNA_noglobin/G281_Watkins07_Unvax_r18067_B_D10-SIV_RNA1_Lib1_GL104_S59_nohmrRNA_noglobin.fastq.1.gz
Read 2 file /vol08/ngs/Seattle_Genomics/Collaborations/SG_Watkins/Watkins_07_WB/SawatzkiAnalysis/nohmrRNA_noglobin/G281_Watkins07_Unvax_r18067_B_D10-SIV_RNA1_Lib1_GL104_S59_nohmrRNA_noglobin.fastq.2.gz
Sample being processed G282_Watkins07_AVR_r17017_B_D3-SIV_RNA1_Lib1_GL102_S50_nohmrRNA_noglobin
Read 1 file /vol08/ngs/Seattle_Genomics/Collaborations/SG_Watkins/Watkins_07_WB/SawatzkiAnalysis/nohmrRNA_noglobin/G282_Watkins07_AVR_r17017_B_D3-SIV_RNA1_Lib1_GL102_S50_nohmrRNA_noglobin.fastq.1.gz
Read 2 file /vol08/ngs/Seattle_Genomics/Collaborations/SG_Watkins/Watkins_07_WB/SawatzkiAnalysis/nohmrRNA_noglobin/G282_Watkins07_AVR_r17017_B_D3-SIV_RNA1_Lib1_GL102_S50_nohmrRNA_noglobin.fastq.2.gz
Sample being processed G283_Watkins07_Unvax_r17039_B_D3-SIV_RNA1_Lib1_GL102_S89_nohmrRNA_noglobin
Read 1 file /vol08/ngs/Seattle_Genomics/Collaborations/SG_Watkins/Watkins_07_WB/SawatzkiAnalysis/nohmrRNA_noglobin/G283_Watkins07_Unvax_r17039_B_D3-SIV_RNA1_Lib1_GL102_S89_nohmrRNA_noglobin.fastq.1.gz
Read 2 file /vol08/ngs/Seattle_Genomics/Collaborations/SG_Watkins/Watkins_07_WB/SawatzkiAnalysis/nohmrRNA_noglobin/G283_Watkins07_Unvax_r17039_B_D3-SIV_RNA1_Lib1_GL102_S89_nohmrRNA_noglobin.fastq.2.gz
Counter variable 9
Sample being processed G284_Watkins07_Unvax_r17103_B_D14-SIV_RNA1_Lib1_GL104_S38_nohmrRNA_noglobin
Read 1 file /vol08/ngs/Seattle_Genomics/Collaborations/SG_Watkins/Watkins_07_WB/SawatzkiAnalysis/nohmrRNA_noglobin/G284_Watkins07_Unvax_r17103_B_D14-SIV_RNA1_Lib1_GL104_S38_nohmrRNA_noglobin.fastq.1.gz
Read 2 file /vol08/ngs/Seattle_Genomics/Collaborations/SG_Watkins/Watkins_07_WB/SawatzkiAnalysis/nohmrRNA_noglobin/G284_Watkins07_Unvax_r17103_B_D14-SIV_RNA1_Lib1_GL104_S38_nohmrRNA_noglobin.fastq.2.gz
Sample being processed G285_Watkins07_Unvax_r18067_B_D14-SIV_RNA1_Lib1_GL104_S34_nohmrRNA_noglobin
Read 1 file /vol08/ngs/Seattle_Genomics/Collaborations/SG_Watkins/Watkins_07_WB/SawatzkiAnalysis/nohmrRNA_noglobin/G285_Watkins07_Unvax_r18067_B_D14-SIV_RNA1_Lib1_GL104_S34_nohmrRNA_noglobin.fastq.1.gz
Read 2 file /vol08/ngs/Seattle_Genomics/Collaborations/SG_Watkins/Watkins_07_WB/SawatzkiAnalysis/nohmrRNA_noglobin/G285_Watkins07_Unvax_r18067_B_D14-SIV_RNA1_Lib1_GL104_S34_nohmrRNA_noglobin.fastq.2.gz
Sample being processed G286_Watkins07_AVR_r17017_B_D7-SIV_RNA1_Lib1_GL104_S93_nohmrRNA_noglobin
Read 1 file /vol08/ngs/Seattle_Genomics/Collaborations/SG_Watkins/Watkins_07_WB/SawatzkiAnalysis/nohmrRNA_noglobin/G286_Watkins07_AVR_r17017_B_D7-SIV_RNA1_Lib1_GL104_S93_nohmrRNA_noglobin.fastq.1.gz
Read 2 file /vol08/ngs/Seattle_Genomics/Collaborations/SG_Watkins/Watkins_07_WB/SawatzkiAnalysis/nohmrRNA_noglobin/G286_Watkins07_AVR_r17017_B_D7-SIV_RNA1_Lib1_GL104_S93_nohmrRNA_noglobin.fastq.2.gz
Counter variable 12
Sample being processed G287_Watkins07_Unvax_r17039_B_D7-SIV_RNA1_Lib1_GL102_S73_nohmrRNA_noglobin
Read 1 file /vol08/ngs/Seattle_Genomics/Collaborations/SG_Watkins/Watkins_07_WB/SawatzkiAnalysis/nohmrRNA_noglobin/G287_Watkins07_Unvax_r17039_B_D7-SIV_RNA1_Lib1_GL102_S73_nohmrRNA_noglobin.fastq.1.gz
Read 2 file /vol08/ngs/Seattle_Genomics/Collaborations/SG_Watkins/Watkins_07_WB/SawatzkiAnalysis/nohmrRNA_noglobin/G287_Watkins07_Unvax_r17039_B_D7-SIV_RNA1_Lib1_GL102_S73_nohmrRNA_noglobin.fastq.2.gz
Sample being processed G288_Watkins07_AVR_r17017_B_D10-SIV_RNA1_Lib1_GL102_S64_nohmrRNA_noglobin
Read 1 file /vol08/ngs/Seattle_Genomics/Collaborations/SG_Watkins/Watkins_07_WB/SawatzkiAnalysis/nohmrRNA_noglobin/G288_Watkins07_AVR_r17017_B_D10-SIV_RNA1_Lib1_GL102_S64_nohmrRNA_noglobin.fastq.1.gz
Read 2 file /vol08/ngs/Seattle_Genomics/Collaborations/SG_Watkins/Watkins_07_WB/SawatzkiAnalysis/nohmrRNA_noglobin/G288_Watkins07_AVR_r17017_B_D10-SIV_RNA1_Lib1_GL102_S64_nohmrRNA_noglobin.fastq.2.gz
Sample being processed G289_Watkins07_Unvax_r17039_B_D10-SIV_RNA3_Lib1_GL102_S21_nohmrRNA_noglobin
Read 1 file /vol08/ngs/Seattle_Genomics/Collaborations/SG_Watkins/Watkins_07_WB/SawatzkiAnalysis/nohmrRNA_noglobin/G289_Watkins07_Unvax_r17039_B_D10-SIV_RNA3_Lib1_GL102_S21_nohmrRNA_noglobin.fastq.1.gz
Read 2 file /vol08/ngs/Seattle_Genomics/Collaborations/SG_Watkins/Watkins_07_WB/SawatzkiAnalysis/nohmrRNA_noglobin/G289_Watkins07_Unvax_r17039_B_D10-SIV_RNA3_Lib1_GL102_S21_nohmrRNA_noglobin.fastq.2.gz
Counter variable 15
Sample being processed G290_Watkins07_AVR_r17017_B_D14-SIV_RNA1_Lib1_GL105_S59_nohmrRNA_noglobin
Read 1 file /vol08/ngs/Seattle_Genomics/Collaborations/SG_Watkins/Watkins_07_WB/SawatzkiAnalysis/nohmrRNA_noglobin/G290_Watkins07_AVR_r17017_B_D14-SIV_RNA1_Lib1_GL105_S59_nohmrRNA_noglobin.fastq.1.gz
Read 2 file /vol08/ngs/Seattle_Genomics/Collaborations/SG_Watkins/Watkins_07_WB/SawatzkiAnalysis/nohmrRNA_noglobin/G290_Watkins07_AVR_r17017_B_D14-SIV_RNA1_Lib1_GL105_S59_nohmrRNA_noglobin.fastq.2.gz
Sample being processed G291_Watkins07_Unvax_r17039_B_D14-SIV_RNA1_Lib1_GL102_S15_nohmrRNA_noglobin
Read 1 file /vol08/ngs/Seattle_Genomics/Collaborations/SG_Watkins/Watkins_07_WB/SawatzkiAnalysis/nohmrRNA_noglobin/G291_Watkins07_Unvax_r17039_B_D14-SIV_RNA1_Lib1_GL102_S15_nohmrRNA_noglobin.fastq.1.gz
Read 2 file /vol08/ngs/Seattle_Genomics/Collaborations/SG_Watkins/Watkins_07_WB/SawatzkiAnalysis/nohmrRNA_noglobin/G291_Watkins07_Unvax_r17039_B_D14-SIV_RNA1_Lib1_GL102_S15_nohmrRNA_noglobin.fastq.2.gz
Sample being processed G292_Watkins07_Unvax_r12048_B_D0-SIV_RNA1_Lib1_GL104_S68_nohmrRNA_noglobin
Read 1 file /vol08/ngs/Seattle_Genomics/Collaborations/SG_Watkins/Watkins_07_WB/SawatzkiAnalysis/nohmrRNA_noglobin/G292_Watkins07_Unvax_r12048_B_D0-SIV_RNA1_Lib1_GL104_S68_nohmrRNA_noglobin.fastq.1.gz
Read 2 file /vol08/ngs/Seattle_Genomics/Collaborations/SG_Watkins/Watkins_07_WB/SawatzkiAnalysis/nohmrRNA_noglobin/G292_Watkins07_Unvax_r12048_B_D0-SIV_RNA1_Lib1_GL104_S68_nohmrRNA_noglobin.fastq.2.gz
Counter variable 18
Sample being processed G293_Watkins07_Unvax_r12048_B_D3-SIV_RNA1_Lib1_GL102_S27_nohmrRNA_noglobin
Read 1 file /vol08/ngs/Seattle_Genomics/Collaborations/SG_Watkins/Watkins_07_WB/SawatzkiAnalysis/nohmrRNA_noglobin/G293_Watkins07_Unvax_r12048_B_D3-SIV_RNA1_Lib1_GL102_S27_nohmrRNA_noglobin.fastq.1.gz
Read 2 file /vol08/ngs/Seattle_Genomics/Collaborations/SG_Watkins/Watkins_07_WB/SawatzkiAnalysis/nohmrRNA_noglobin/G293_Watkins07_Unvax_r12048_B_D3-SIV_RNA1_Lib1_GL102_S27_nohmrRNA_noglobin.fastq.2.gz
Sample being processed G294_Watkins07_Unvax_r12048_B_D7-SIV_RNA1_Lib1_GL105_S69_nohmrRNA_noglobin
Read 1 file /vol08/ngs/Seattle_Genomics/Collaborations/SG_Watkins/Watkins_07_WB/SawatzkiAnalysis/nohmrRNA_noglobin/G294_Watkins07_Unvax_r12048_B_D7-SIV_RNA1_Lib1_GL105_S69_nohmrRNA_noglobin.fastq.1.gz
Read 2 file /vol08/ngs/Seattle_Genomics/Collaborations/SG_Watkins/Watkins_07_WB/SawatzkiAnalysis/nohmrRNA_noglobin/G294_Watkins07_Unvax_r12048_B_D7-SIV_RNA1_Lib1_GL105_S69_nohmrRNA_noglobin.fastq.2.gz
Sample being processed G295_Watkins07_AVR_rh3032_B_D0-SIV_RNA1_Lib1_GL104_S47_nohmrRNA_noglobin
Read 1 file /vol08/ngs/Seattle_Genomics/Collaborations/SG_Watkins/Watkins_07_WB/SawatzkiAnalysis/nohmrRNA_noglobin/G295_Watkins07_AVR_rh3032_B_D0-SIV_RNA1_Lib1_GL104_S47_nohmrRNA_noglobin.fastq.1.gz
Read 2 file /vol08/ngs/Seattle_Genomics/Collaborations/SG_Watkins/Watkins_07_WB/SawatzkiAnalysis/nohmrRNA_noglobin/G295_Watkins07_AVR_rh3032_B_D0-SIV_RNA1_Lib1_GL104_S47_nohmrRNA_noglobin.fastq.2.gz
Counter variable 21
Sample being processed G296_Watkins07_AVR_rh3033_B_D0-SIV_RNA1_Lib1_GL102_S66_nohmrRNA_noglobin
Read 1 file /vol08/ngs/Seattle_Genomics/Collaborations/SG_Watkins/Watkins_07_WB/SawatzkiAnalysis/nohmrRNA_noglobin/G296_Watkins07_AVR_rh3033_B_D0-SIV_RNA1_Lib1_GL102_S66_nohmrRNA_noglobin.fastq.1.gz
Read 2 file /vol08/ngs/Seattle_Genomics/Collaborations/SG_Watkins/Watkins_07_WB/SawatzkiAnalysis/nohmrRNA_noglobin/G296_Watkins07_AVR_rh3033_B_D0-SIV_RNA1_Lib1_GL102_S66_nohmrRNA_noglobin.fastq.2.gz
Sample being processed G297_Watkins07_Unvax_r12048_B_D10-SIV_RNA1_Lib1_GL105_S71_nohmrRNA_noglobin
Read 1 file /vol08/ngs/Seattle_Genomics/Collaborations/SG_Watkins/Watkins_07_WB/SawatzkiAnalysis/nohmrRNA_noglobin/G297_Watkins07_Unvax_r12048_B_D10-SIV_RNA1_Lib1_GL105_S71_nohmrRNA_noglobin.fastq.1.gz
Read 2 file /vol08/ngs/Seattle_Genomics/Collaborations/SG_Watkins/Watkins_07_WB/SawatzkiAnalysis/nohmrRNA_noglobin/G297_Watkins07_Unvax_r12048_B_D10-SIV_RNA1_Lib1_GL105_S71_nohmrRNA_noglobin.fastq.2.gz
Sample being processed G298_Watkins07_AVR_rh3032_B_D3-SIV_RNA1_Lib1_GL104_S31_nohmrRNA_noglobin
Read 1 file /vol08/ngs/Seattle_Genomics/Collaborations/SG_Watkins/Watkins_07_WB/SawatzkiAnalysis/nohmrRNA_noglobin/G298_Watkins07_AVR_rh3032_B_D3-SIV_RNA1_Lib1_GL104_S31_nohmrRNA_noglobin.fastq.1.gz
Read 2 file /vol08/ngs/Seattle_Genomics/Collaborations/SG_Watkins/Watkins_07_WB/SawatzkiAnalysis/nohmrRNA_noglobin/G298_Watkins07_AVR_rh3032_B_D3-SIV_RNA1_Lib1_GL104_S31_nohmrRNA_noglobin.fastq.2.gz
Counter variable 24
Sample being processed G299_Watkins07_AVR_rh3033_B_D3-SIV_RNA1_Lib1_GL104_S54_nohmrRNA_noglobin
Read 1 file /vol08/ngs/Seattle_Genomics/Collaborations/SG_Watkins/Watkins_07_WB/SawatzkiAnalysis/nohmrRNA_noglobin/G299_Watkins07_AVR_rh3033_B_D3-SIV_RNA1_Lib1_GL104_S54_nohmrRNA_noglobin.fastq.1.gz
Read 2 file /vol08/ngs/Seattle_Genomics/Collaborations/SG_Watkins/Watkins_07_WB/SawatzkiAnalysis/nohmrRNA_noglobin/G299_Watkins07_AVR_rh3033_B_D3-SIV_RNA1_Lib1_GL104_S54_nohmrRNA_noglobin.fastq.2.gz
Sample being processed G300_Watkins07_Unvax_r05035_B_D0-SIV_RNA1_Lib1_GL105_S80_nohmrRNA_noglobin
Read 1 file /vol08/ngs/Seattle_Genomics/Collaborations/SG_Watkins/Watkins_07_WB/SawatzkiAnalysis/nohmrRNA_noglobin/G300_Watkins07_Unvax_r05035_B_D0-SIV_RNA1_Lib1_GL105_S80_nohmrRNA_noglobin.fastq.1.gz
Read 2 file /vol08/ngs/Seattle_Genomics/Collaborations/SG_Watkins/Watkins_07_WB/SawatzkiAnalysis/nohmrRNA_noglobin/G300_Watkins07_Unvax_r05035_B_D0-SIV_RNA1_Lib1_GL105_S80_nohmrRNA_noglobin.fastq.2.gz
Sample being processed G301_Watkins07_Unvax_r05035_B_D3-SIV_RNA1_Lib1_GL102_S61_nohmrRNA_noglobin
Read 1 file /vol08/ngs/Seattle_Genomics/Collaborations/SG_Watkins/Watkins_07_WB/SawatzkiAnalysis/nohmrRNA_noglobin/G301_Watkins07_Unvax_r05035_B_D3-SIV_RNA1_Lib1_GL102_S61_nohmrRNA_noglobin.fastq.1.gz
Read 2 file /vol08/ngs/Seattle_Genomics/Collaborations/SG_Watkins/Watkins_07_WB/SawatzkiAnalysis/nohmrRNA_noglobin/G301_Watkins07_Unvax_r05035_B_D3-SIV_RNA1_Lib1_GL102_S61_nohmrRNA_noglobin.fastq.2.gz
Counter variable 27
Sample being processed G302_Watkins07_Unvax_r05035_B_D7-SIV_RNA1_Lib1_GL104_S101_nohmrRNA_noglobin
Read 1 file /vol08/ngs/Seattle_Genomics/Collaborations/SG_Watkins/Watkins_07_WB/SawatzkiAnalysis/nohmrRNA_noglobin/G302_Watkins07_Unvax_r05035_B_D7-SIV_RNA1_Lib1_GL104_S101_nohmrRNA_noglobin.fastq.1.gz
Read 2 file /vol08/ngs/Seattle_Genomics/Collaborations/SG_Watkins/Watkins_07_WB/SawatzkiAnalysis/nohmrRNA_noglobin/G302_Watkins07_Unvax_r05035_B_D7-SIV_RNA1_Lib1_GL104_S101_nohmrRNA_noglobin.fastq.2.gz
Sample being processed G303_Watkins07_Unvax_r05035_B_D10-SIV_RNA1_Lib1_GL104_S77_nohmrRNA_noglobin
Read 1 file /vol08/ngs/Seattle_Genomics/Collaborations/SG_Watkins/Watkins_07_WB/SawatzkiAnalysis/nohmrRNA_noglobin/G303_Watkins07_Unvax_r05035_B_D10-SIV_RNA1_Lib1_GL104_S77_nohmrRNA_noglobin.fastq.1.gz
Read 2 file /vol08/ngs/Seattle_Genomics/Collaborations/SG_Watkins/Watkins_07_WB/SawatzkiAnalysis/nohmrRNA_noglobin/G303_Watkins07_Unvax_r05035_B_D10-SIV_RNA1_Lib1_GL104_S77_nohmrRNA_noglobin.fastq.2.gz
Sample being processed G304_Watkins07_Unvax_r05035_B_D14-SIV_RNA1_Lib1_GL104_S64_nohmrRNA_noglobin
Read 1 file /vol08/ngs/Seattle_Genomics/Collaborations/SG_Watkins/Watkins_07_WB/SawatzkiAnalysis/nohmrRNA_noglobin/G304_Watkins07_Unvax_r05035_B_D14-SIV_RNA1_Lib1_GL104_S64_nohmrRNA_noglobin.fastq.1.gz
Read 2 file /vol08/ngs/Seattle_Genomics/Collaborations/SG_Watkins/Watkins_07_WB/SawatzkiAnalysis/nohmrRNA_noglobin/G304_Watkins07_Unvax_r05035_B_D14-SIV_RNA1_Lib1_GL104_S64_nohmrRNA_noglobin.fastq.2.gz
Counter variable 30
Sample being processed G305_Watkins07_Unvax_r12048_B_D14-SIV_RNA1_Lib1_GL104_S11_nohmrRNA_noglobin
Read 1 file /vol08/ngs/Seattle_Genomics/Collaborations/SG_Watkins/Watkins_07_WB/SawatzkiAnalysis/nohmrRNA_noglobin/G305_Watkins07_Unvax_r12048_B_D14-SIV_RNA1_Lib1_GL104_S11_nohmrRNA_noglobin.fastq.1.gz
Read 2 file /vol08/ngs/Seattle_Genomics/Collaborations/SG_Watkins/Watkins_07_WB/SawatzkiAnalysis/nohmrRNA_noglobin/G305_Watkins07_Unvax_r12048_B_D14-SIV_RNA1_Lib1_GL104_S11_nohmrRNA_noglobin.fastq.2.gz
Sample being processed G306_Watkins07_Unvax_r14010_B_D0-SIV_RNA1_Lib1_GL102_S71_nohmrRNA_noglobin
Read 1 file /vol08/ngs/Seattle_Genomics/Collaborations/SG_Watkins/Watkins_07_WB/SawatzkiAnalysis/nohmrRNA_noglobin/G306_Watkins07_Unvax_r14010_B_D0-SIV_RNA1_Lib1_GL102_S71_nohmrRNA_noglobin.fastq.1.gz
Read 2 file /vol08/ngs/Seattle_Genomics/Collaborations/SG_Watkins/Watkins_07_WB/SawatzkiAnalysis/nohmrRNA_noglobin/G306_Watkins07_Unvax_r14010_B_D0-SIV_RNA1_Lib1_GL102_S71_nohmrRNA_noglobin.fastq.2.gz
Sample being processed G307_Watkins07_Unvax_r14010_B_D3-SIV_RNA1_Lib2_GL105_S92_nohmrRNA_noglobin
Read 1 file /vol08/ngs/Seattle_Genomics/Collaborations/SG_Watkins/Watkins_07_WB/SawatzkiAnalysis/nohmrRNA_noglobin/G307_Watkins07_Unvax_r14010_B_D3-SIV_RNA1_Lib2_GL105_S92_nohmrRNA_noglobin.fastq.1.gz
Read 2 file /vol08/ngs/Seattle_Genomics/Collaborations/SG_Watkins/Watkins_07_WB/SawatzkiAnalysis/nohmrRNA_noglobin/G307_Watkins07_Unvax_r14010_B_D3-SIV_RNA1_Lib2_GL105_S92_nohmrRNA_noglobin.fastq.2.gz
Counter variable 33
Sample being processed G308_Watkins07_Unvax_r14010_B_D7-SIV_RNA1_Lib1_GL104_S44_nohmrRNA_noglobin
Read 1 file /vol08/ngs/Seattle_Genomics/Collaborations/SG_Watkins/Watkins_07_WB/SawatzkiAnalysis/nohmrRNA_noglobin/G308_Watkins07_Unvax_r14010_B_D7-SIV_RNA1_Lib1_GL104_S44_nohmrRNA_noglobin.fastq.1.gz
Read 2 file /vol08/ngs/Seattle_Genomics/Collaborations/SG_Watkins/Watkins_07_WB/SawatzkiAnalysis/nohmrRNA_noglobin/G308_Watkins07_Unvax_r14010_B_D7-SIV_RNA1_Lib1_GL104_S44_nohmrRNA_noglobin.fastq.2.gz
Sample being processed G309_Watkins07_Unvax_r14010_B_D10-SIV_RNA1_Lib1_GL104_S57_nohmrRNA_noglobin
Read 1 file /vol08/ngs/Seattle_Genomics/Collaborations/SG_Watkins/Watkins_07_WB/SawatzkiAnalysis/nohmrRNA_noglobin/G309_Watkins07_Unvax_r14010_B_D10-SIV_RNA1_Lib1_GL104_S57_nohmrRNA_noglobin.fastq.1.gz
Read 2 file /vol08/ngs/Seattle_Genomics/Collaborations/SG_Watkins/Watkins_07_WB/SawatzkiAnalysis/nohmrRNA_noglobin/G309_Watkins07_Unvax_r14010_B_D10-SIV_RNA1_Lib1_GL104_S57_nohmrRNA_noglobin.fastq.2.gz
Sample being processed G310_Watkins07_Unvax_r14010_B_D14-SIV_RNA1_Lib1_GL102_S99_nohmrRNA_noglobin
Read 1 file /vol08/ngs/Seattle_Genomics/Collaborations/SG_Watkins/Watkins_07_WB/SawatzkiAnalysis/nohmrRNA_noglobin/G310_Watkins07_Unvax_r14010_B_D14-SIV_RNA1_Lib1_GL102_S99_nohmrRNA_noglobin.fastq.1.gz
Read 2 file /vol08/ngs/Seattle_Genomics/Collaborations/SG_Watkins/Watkins_07_WB/SawatzkiAnalysis/nohmrRNA_noglobin/G310_Watkins07_Unvax_r14010_B_D14-SIV_RNA1_Lib1_GL102_S99_nohmrRNA_noglobin.fastq.2.gz
Counter variable 36
Sample being processed G311_Watkins07_AVR_r14065_B_D0-SIV_RNA1_Lib1_GL105_S95_nohmrRNA_noglobin
Read 1 file /vol08/ngs/Seattle_Genomics/Collaborations/SG_Watkins/Watkins_07_WB/SawatzkiAnalysis/nohmrRNA_noglobin/G311_Watkins07_AVR_r14065_B_D0-SIV_RNA1_Lib1_GL105_S95_nohmrRNA_noglobin.fastq.1.gz
Read 2 file /vol08/ngs/Seattle_Genomics/Collaborations/SG_Watkins/Watkins_07_WB/SawatzkiAnalysis/nohmrRNA_noglobin/G311_Watkins07_AVR_r14065_B_D0-SIV_RNA1_Lib1_GL105_S95_nohmrRNA_noglobin.fastq.2.gz
Sample being processed G312_Watkins07_AVR_r14065_B_D4-SIV_RNA1_Lib1_GL102_S96_nohmrRNA_noglobin
Read 1 file /vol08/ngs/Seattle_Genomics/Collaborations/SG_Watkins/Watkins_07_WB/SawatzkiAnalysis/nohmrRNA_noglobin/G312_Watkins07_AVR_r14065_B_D4-SIV_RNA1_Lib1_GL102_S96_nohmrRNA_noglobin.fastq.1.gz
Read 2 file /vol08/ngs/Seattle_Genomics/Collaborations/SG_Watkins/Watkins_07_WB/SawatzkiAnalysis/nohmrRNA_noglobin/G312_Watkins07_AVR_r14065_B_D4-SIV_RNA1_Lib1_GL102_S96_nohmrRNA_noglobin.fastq.2.gz
Sample being processed G313_Watkins07_AVR_r14065_B_D7-SIV_RNA1_Lib1_GL102_S80_nohmrRNA_noglobin
Read 1 file /vol08/ngs/Seattle_Genomics/Collaborations/SG_Watkins/Watkins_07_WB/SawatzkiAnalysis/nohmrRNA_noglobin/G313_Watkins07_AVR_r14065_B_D7-SIV_RNA1_Lib1_GL102_S80_nohmrRNA_noglobin.fastq.1.gz
Read 2 file /vol08/ngs/Seattle_Genomics/Collaborations/SG_Watkins/Watkins_07_WB/SawatzkiAnalysis/nohmrRNA_noglobin/G313_Watkins07_AVR_r14065_B_D7-SIV_RNA1_Lib1_GL102_S80_nohmrRNA_noglobin.fastq.2.gz
Counter variable 39
Sample being processed G314_Watkins07_AVR_r14065_B_D10-SIV_RNA1_Lib1_GL102_S102_nohmrRNA_noglobin
Read 1 file /vol08/ngs/Seattle_Genomics/Collaborations/SG_Watkins/Watkins_07_WB/SawatzkiAnalysis/nohmrRNA_noglobin/G314_Watkins07_AVR_r14065_B_D10-SIV_RNA1_Lib1_GL102_S102_nohmrRNA_noglobin.fastq.1.gz
Read 2 file /vol08/ngs/Seattle_Genomics/Collaborations/SG_Watkins/Watkins_07_WB/SawatzkiAnalysis/nohmrRNA_noglobin/G314_Watkins07_AVR_r14065_B_D10-SIV_RNA1_Lib1_GL102_S102_nohmrRNA_noglobin.fastq.2.gz
Sample being processed G315_Watkins07_AVR_r14065_B_D14-SIV_RNA1_Lib1_GL105_S77_nohmrRNA_noglobin
Read 1 file /vol08/ngs/Seattle_Genomics/Collaborations/SG_Watkins/Watkins_07_WB/SawatzkiAnalysis/nohmrRNA_noglobin/G315_Watkins07_AVR_r14065_B_D14-SIV_RNA1_Lib1_GL105_S77_nohmrRNA_noglobin.fastq.1.gz
Read 2 file /vol08/ngs/Seattle_Genomics/Collaborations/SG_Watkins/Watkins_07_WB/SawatzkiAnalysis/nohmrRNA_noglobin/G315_Watkins07_AVR_r14065_B_D14-SIV_RNA1_Lib1_GL105_S77_nohmrRNA_noglobin.fastq.2.gz
Sample being processed G316_Watkins07_Unvax_r14095_B_D0-SIV_RNA1_Lib1_GL102_S75_nohmrRNA_noglobin
Read 1 file /vol08/ngs/Seattle_Genomics/Collaborations/SG_Watkins/Watkins_07_WB/SawatzkiAnalysis/nohmrRNA_noglobin/G316_Watkins07_Unvax_r14095_B_D0-SIV_RNA1_Lib1_GL102_S75_nohmrRNA_noglobin.fastq.1.gz
Read 2 file /vol08/ngs/Seattle_Genomics/Collaborations/SG_Watkins/Watkins_07_WB/SawatzkiAnalysis/nohmrRNA_noglobin/G316_Watkins07_Unvax_r14095_B_D0-SIV_RNA1_Lib1_GL102_S75_nohmrRNA_noglobin.fastq.2.gz
Counter variable 42
Sample being processed G317_Watkins07_Unvax_r14095_B_D3-SIV_RNA1_Lib1_GL104_S49_nohmrRNA_noglobin
Read 1 file /vol08/ngs/Seattle_Genomics/Collaborations/SG_Watkins/Watkins_07_WB/SawatzkiAnalysis/nohmrRNA_noglobin/G317_Watkins07_Unvax_r14095_B_D3-SIV_RNA1_Lib1_GL104_S49_nohmrRNA_noglobin.fastq.1.gz
Read 2 file /vol08/ngs/Seattle_Genomics/Collaborations/SG_Watkins/Watkins_07_WB/SawatzkiAnalysis/nohmrRNA_noglobin/G317_Watkins07_Unvax_r14095_B_D3-SIV_RNA1_Lib1_GL104_S49_nohmrRNA_noglobin.fastq.2.gz
Sample being processed G318_Watkins07_Unvax_r14095_B_D7-SIV_RNA1_Lib1_GL105_S62_nohmrRNA_noglobin
Read 1 file /vol08/ngs/Seattle_Genomics/Collaborations/SG_Watkins/Watkins_07_WB/SawatzkiAnalysis/nohmrRNA_noglobin/G318_Watkins07_Unvax_r14095_B_D7-SIV_RNA1_Lib1_GL105_S62_nohmrRNA_noglobin.fastq.1.gz
Read 2 file /vol08/ngs/Seattle_Genomics/Collaborations/SG_Watkins/Watkins_07_WB/SawatzkiAnalysis/nohmrRNA_noglobin/G318_Watkins07_Unvax_r14095_B_D7-SIV_RNA1_Lib1_GL105_S62_nohmrRNA_noglobin.fastq.2.gz
Sample being processed G319_Watkins07_Unvax_r14095_B_D10-SIV_RNA1_Lib1_GL102_S82_nohmrRNA_noglobin
Read 1 file /vol08/ngs/Seattle_Genomics/Collaborations/SG_Watkins/Watkins_07_WB/SawatzkiAnalysis/nohmrRNA_noglobin/G319_Watkins07_Unvax_r14095_B_D10-SIV_RNA1_Lib1_GL102_S82_nohmrRNA_noglobin.fastq.1.gz
Read 2 file /vol08/ngs/Seattle_Genomics/Collaborations/SG_Watkins/Watkins_07_WB/SawatzkiAnalysis/nohmrRNA_noglobin/G319_Watkins07_Unvax_r14095_B_D10-SIV_RNA1_Lib1_GL102_S82_nohmrRNA_noglobin.fastq.2.gz
Counter variable 45
Sample being processed G320_Watkins07_Unvax_r14095_B_D14-SIV_RNA1_Lib1_GL104_S103_nohmrRNA_noglobin
Read 1 file /vol08/ngs/Seattle_Genomics/Collaborations/SG_Watkins/Watkins_07_WB/SawatzkiAnalysis/nohmrRNA_noglobin/G320_Watkins07_Unvax_r14095_B_D14-SIV_RNA1_Lib1_GL104_S103_nohmrRNA_noglobin.fastq.1.gz
Read 2 file /vol08/ngs/Seattle_Genomics/Collaborations/SG_Watkins/Watkins_07_WB/SawatzkiAnalysis/nohmrRNA_noglobin/G320_Watkins07_Unvax_r14095_B_D14-SIV_RNA1_Lib1_GL104_S103_nohmrRNA_noglobin.fastq.2.gz
Sample being processed G321_Watkins07_Unvax_r15057_B_D0-SIV_RNA1_Lib1_GL104_S104_nohmrRNA_noglobin
Read 1 file /vol08/ngs/Seattle_Genomics/Collaborations/SG_Watkins/Watkins_07_WB/SawatzkiAnalysis/nohmrRNA_noglobin/G321_Watkins07_Unvax_r15057_B_D0-SIV_RNA1_Lib1_GL104_S104_nohmrRNA_noglobin.fastq.1.gz
Read 2 file /vol08/ngs/Seattle_Genomics/Collaborations/SG_Watkins/Watkins_07_WB/SawatzkiAnalysis/nohmrRNA_noglobin/G321_Watkins07_Unvax_r15057_B_D0-SIV_RNA1_Lib1_GL104_S104_nohmrRNA_noglobin.fastq.2.gz
Sample being processed G322_Watkins07_Unvax_r15057_B_D4-SIV_RNA1_Lib1_GL102_S8_nohmrRNA_noglobin
Read 1 file /vol08/ngs/Seattle_Genomics/Collaborations/SG_Watkins/Watkins_07_WB/SawatzkiAnalysis/nohmrRNA_noglobin/G322_Watkins07_Unvax_r15057_B_D4-SIV_RNA1_Lib1_GL102_S8_nohmrRNA_noglobin.fastq.1.gz
Read 2 file /vol08/ngs/Seattle_Genomics/Collaborations/SG_Watkins/Watkins_07_WB/SawatzkiAnalysis/nohmrRNA_noglobin/G322_Watkins07_Unvax_r15057_B_D4-SIV_RNA1_Lib1_GL102_S8_nohmrRNA_noglobin.fastq.2.gz
Counter variable 48
Sample being processed G323_Watkins07_Unvax_r15057_B_D7-SIV_RNA1_Lib1_GL102_S103_nohmrRNA_noglobin
Read 1 file /vol08/ngs/Seattle_Genomics/Collaborations/SG_Watkins/Watkins_07_WB/SawatzkiAnalysis/nohmrRNA_noglobin/G323_Watkins07_Unvax_r15057_B_D7-SIV_RNA1_Lib1_GL102_S103_nohmrRNA_noglobin.fastq.1.gz
Read 2 file /vol08/ngs/Seattle_Genomics/Collaborations/SG_Watkins/Watkins_07_WB/SawatzkiAnalysis/nohmrRNA_noglobin/G323_Watkins07_Unvax_r15057_B_D7-SIV_RNA1_Lib1_GL102_S103_nohmrRNA_noglobin.fastq.2.gz
Sample being processed G324_Watkins07_Unvax_r15057_B_D10-SIV_RNA1_Lib1_GL104_S17_nohmrRNA_noglobin
Read 1 file /vol08/ngs/Seattle_Genomics/Collaborations/SG_Watkins/Watkins_07_WB/SawatzkiAnalysis/nohmrRNA_noglobin/G324_Watkins07_Unvax_r15057_B_D10-SIV_RNA1_Lib1_GL104_S17_nohmrRNA_noglobin.fastq.1.gz
Read 2 file /vol08/ngs/Seattle_Genomics/Collaborations/SG_Watkins/Watkins_07_WB/SawatzkiAnalysis/nohmrRNA_noglobin/G324_Watkins07_Unvax_r15057_B_D10-SIV_RNA1_Lib1_GL104_S17_nohmrRNA_noglobin.fastq.2.gz
Sample being processed G325_Watkins07_Unvax_r15057_B_D14-SIV_RNA1_Lib1_GL102_S69_nohmrRNA_noglobin
Read 1 file /vol08/ngs/Seattle_Genomics/Collaborations/SG_Watkins/Watkins_07_WB/SawatzkiAnalysis/nohmrRNA_noglobin/G325_Watkins07_Unvax_r15057_B_D14-SIV_RNA1_Lib1_GL102_S69_nohmrRNA_noglobin.fastq.1.gz
Read 2 file /vol08/ngs/Seattle_Genomics/Collaborations/SG_Watkins/Watkins_07_WB/SawatzkiAnalysis/nohmrRNA_noglobin/G325_Watkins07_Unvax_r15057_B_D14-SIV_RNA1_Lib1_GL102_S69_nohmrRNA_noglobin.fastq.2.gz
Counter variable 51
Sample being processed G326_Watkins07_Unvax_r15093_B_D0-SIV_RNA1_Lib1_GL102_S87_nohmrRNA_noglobin
Read 1 file /vol08/ngs/Seattle_Genomics/Collaborations/SG_Watkins/Watkins_07_WB/SawatzkiAnalysis/nohmrRNA_noglobin/G326_Watkins07_Unvax_r15093_B_D0-SIV_RNA1_Lib1_GL102_S87_nohmrRNA_noglobin.fastq.1.gz
Read 2 file /vol08/ngs/Seattle_Genomics/Collaborations/SG_Watkins/Watkins_07_WB/SawatzkiAnalysis/nohmrRNA_noglobin/G326_Watkins07_Unvax_r15093_B_D0-SIV_RNA1_Lib1_GL102_S87_nohmrRNA_noglobin.fastq.2.gz
Sample being processed G327_Watkins07_Unvax_r15093_B_D3-SIV_RNA1_Lib1_GL102_S6_nohmrRNA_noglobin
Read 1 file /vol08/ngs/Seattle_Genomics/Collaborations/SG_Watkins/Watkins_07_WB/SawatzkiAnalysis/nohmrRNA_noglobin/G327_Watkins07_Unvax_r15093_B_D3-SIV_RNA1_Lib1_GL102_S6_nohmrRNA_noglobin.fastq.1.gz
Read 2 file /vol08/ngs/Seattle_Genomics/Collaborations/SG_Watkins/Watkins_07_WB/SawatzkiAnalysis/nohmrRNA_noglobin/G327_Watkins07_Unvax_r15093_B_D3-SIV_RNA1_Lib1_GL102_S6_nohmrRNA_noglobin.fastq.2.gz
Sample being processed G328_Watkins07_Unvax_r15093_B_D7-SIV_RNA1_Lib1_GL105_S75_nohmrRNA_noglobin
Read 1 file /vol08/ngs/Seattle_Genomics/Collaborations/SG_Watkins/Watkins_07_WB/SawatzkiAnalysis/nohmrRNA_noglobin/G328_Watkins07_Unvax_r15093_B_D7-SIV_RNA1_Lib1_GL105_S75_nohmrRNA_noglobin.fastq.1.gz
Read 2 file /vol08/ngs/Seattle_Genomics/Collaborations/SG_Watkins/Watkins_07_WB/SawatzkiAnalysis/nohmrRNA_noglobin/G328_Watkins07_Unvax_r15093_B_D7-SIV_RNA1_Lib1_GL105_S75_nohmrRNA_noglobin.fastq.2.gz
Counter variable 54
Sample being processed G329_Watkins07_Unvax_r15093_B_D10-SIV_RNA1_Lib1_GL102_S49_nohmrRNA_noglobin
Read 1 file /vol08/ngs/Seattle_Genomics/Collaborations/SG_Watkins/Watkins_07_WB/SawatzkiAnalysis/nohmrRNA_noglobin/G329_Watkins07_Unvax_r15093_B_D10-SIV_RNA1_Lib1_GL102_S49_nohmrRNA_noglobin.fastq.1.gz
Read 2 file /vol08/ngs/Seattle_Genomics/Collaborations/SG_Watkins/Watkins_07_WB/SawatzkiAnalysis/nohmrRNA_noglobin/G329_Watkins07_Unvax_r15093_B_D10-SIV_RNA1_Lib1_GL102_S49_nohmrRNA_noglobin.fastq.2.gz
Sample being processed G330_Watkins07_Unvax_r15093_B_D14-SIV_RNA1_Lib1_GL104_S89_nohmrRNA_noglobin
Read 1 file /vol08/ngs/Seattle_Genomics/Collaborations/SG_Watkins/Watkins_07_WB/SawatzkiAnalysis/nohmrRNA_noglobin/G330_Watkins07_Unvax_r15093_B_D14-SIV_RNA1_Lib1_GL104_S89_nohmrRNA_noglobin.fastq.1.gz
Read 2 file /vol08/ngs/Seattle_Genomics/Collaborations/SG_Watkins/Watkins_07_WB/SawatzkiAnalysis/nohmrRNA_noglobin/G330_Watkins07_Unvax_r15093_B_D14-SIV_RNA1_Lib1_GL104_S89_nohmrRNA_noglobin.fastq.2.gz
Sample being processed G331_Watkins07_AVR_r16007_B_D0-SIV_RNA1_Lib2_GL104_S98_nohmrRNA_noglobin
Read 1 file /vol08/ngs/Seattle_Genomics/Collaborations/SG_Watkins/Watkins_07_WB/SawatzkiAnalysis/nohmrRNA_noglobin/G331_Watkins07_AVR_r16007_B_D0-SIV_RNA1_Lib2_GL104_S98_nohmrRNA_noglobin.fastq.1.gz
Read 2 file /vol08/ngs/Seattle_Genomics/Collaborations/SG_Watkins/Watkins_07_WB/SawatzkiAnalysis/nohmrRNA_noglobin/G331_Watkins07_AVR_r16007_B_D0-SIV_RNA1_Lib2_GL104_S98_nohmrRNA_noglobin.fastq.2.gz
Counter variable 57
Sample being processed G332_Watkins07_AVR_r16007_B_D3-SIV_RNA1_Lib1_GL102_S95_nohmrRNA_noglobin
Read 1 file /vol08/ngs/Seattle_Genomics/Collaborations/SG_Watkins/Watkins_07_WB/SawatzkiAnalysis/nohmrRNA_noglobin/G332_Watkins07_AVR_r16007_B_D3-SIV_RNA1_Lib1_GL102_S95_nohmrRNA_noglobin.fastq.1.gz
Read 2 file /vol08/ngs/Seattle_Genomics/Collaborations/SG_Watkins/Watkins_07_WB/SawatzkiAnalysis/nohmrRNA_noglobin/G332_Watkins07_AVR_r16007_B_D3-SIV_RNA1_Lib1_GL102_S95_nohmrRNA_noglobin.fastq.2.gz
Sample being processed G333_Watkins07_AVR_r16007_B_D7-SIV_RNA1_Lib1_GL104_S52_nohmrRNA_noglobin
Read 1 file /vol08/ngs/Seattle_Genomics/Collaborations/SG_Watkins/Watkins_07_WB/SawatzkiAnalysis/nohmrRNA_noglobin/G333_Watkins07_AVR_r16007_B_D7-SIV_RNA1_Lib1_GL104_S52_nohmrRNA_noglobin.fastq.1.gz
Read 2 file /vol08/ngs/Seattle_Genomics/Collaborations/SG_Watkins/Watkins_07_WB/SawatzkiAnalysis/nohmrRNA_noglobin/G333_Watkins07_AVR_r16007_B_D7-SIV_RNA1_Lib1_GL104_S52_nohmrRNA_noglobin.fastq.2.gz
Sample being processed G334_Watkins07_AVR_r16007_B_D10-SIV_RNA1_Lib1_GL104_S86_nohmrRNA_noglobin
Read 1 file /vol08/ngs/Seattle_Genomics/Collaborations/SG_Watkins/Watkins_07_WB/SawatzkiAnalysis/nohmrRNA_noglobin/G334_Watkins07_AVR_r16007_B_D10-SIV_RNA1_Lib1_GL104_S86_nohmrRNA_noglobin.fastq.1.gz
Read 2 file /vol08/ngs/Seattle_Genomics/Collaborations/SG_Watkins/Watkins_07_WB/SawatzkiAnalysis/nohmrRNA_noglobin/G334_Watkins07_AVR_r16007_B_D10-SIV_RNA1_Lib1_GL104_S86_nohmrRNA_noglobin.fastq.2.gz
Counter variable 60
Sample being processed G335_Watkins07_AVR_r16007_B_D14-SIV_RNA1_Lib1_GL104_S81_nohmrRNA_noglobin
Read 1 file /vol08/ngs/Seattle_Genomics/Collaborations/SG_Watkins/Watkins_07_WB/SawatzkiAnalysis/nohmrRNA_noglobin/G335_Watkins07_AVR_r16007_B_D14-SIV_RNA1_Lib1_GL104_S81_nohmrRNA_noglobin.fastq.1.gz
Read 2 file /vol08/ngs/Seattle_Genomics/Collaborations/SG_Watkins/Watkins_07_WB/SawatzkiAnalysis/nohmrRNA_noglobin/G335_Watkins07_AVR_r16007_B_D14-SIV_RNA1_Lib1_GL104_S81_nohmrRNA_noglobin.fastq.2.gz
Sample being processed G336_Watkins07_Unvax_r17082_B_D-4-SIV_RNA1_Lib1_GL104_S28_nohmrRNA_noglobin
Read 1 file /vol08/ngs/Seattle_Genomics/Collaborations/SG_Watkins/Watkins_07_WB/SawatzkiAnalysis/nohmrRNA_noglobin/G336_Watkins07_Unvax_r17082_B_D-4-SIV_RNA1_Lib1_GL104_S28_nohmrRNA_noglobin.fastq.1.gz
Read 2 file /vol08/ngs/Seattle_Genomics/Collaborations/SG_Watkins/Watkins_07_WB/SawatzkiAnalysis/nohmrRNA_noglobin/G336_Watkins07_Unvax_r17082_B_D-4-SIV_RNA1_Lib1_GL104_S28_nohmrRNA_noglobin.fastq.2.gz
Sample being processed G337_Watkins07_Unvax_r17082_B_D10-SIV_RNA1_Lib1_GL104_S55_nohmrRNA_noglobin
Read 1 file /vol08/ngs/Seattle_Genomics/Collaborations/SG_Watkins/Watkins_07_WB/SawatzkiAnalysis/nohmrRNA_noglobin/G337_Watkins07_Unvax_r17082_B_D10-SIV_RNA1_Lib1_GL104_S55_nohmrRNA_noglobin.fastq.1.gz
Read 2 file /vol08/ngs/Seattle_Genomics/Collaborations/SG_Watkins/Watkins_07_WB/SawatzkiAnalysis/nohmrRNA_noglobin/G337_Watkins07_Unvax_r17082_B_D10-SIV_RNA1_Lib1_GL104_S55_nohmrRNA_noglobin.fastq.2.gz
Counter variable 63
Sample being processed G338_Watkins07_Unvax_r17100_B_D0-SIV_RNA1_Lib1_GL102_S47_nohmrRNA_noglobin
Read 1 file /vol08/ngs/Seattle_Genomics/Collaborations/SG_Watkins/Watkins_07_WB/SawatzkiAnalysis/nohmrRNA_noglobin/G338_Watkins07_Unvax_r17100_B_D0-SIV_RNA1_Lib1_GL102_S47_nohmrRNA_noglobin.fastq.1.gz
Read 2 file /vol08/ngs/Seattle_Genomics/Collaborations/SG_Watkins/Watkins_07_WB/SawatzkiAnalysis/nohmrRNA_noglobin/G338_Watkins07_Unvax_r17100_B_D0-SIV_RNA1_Lib1_GL102_S47_nohmrRNA_noglobin.fastq.2.gz
Sample being processed G339_Watkins07_Unvax_r17100_B_D4-SIV_RNA1_Lib1_GL104_S19_nohmrRNA_noglobin
Read 1 file /vol08/ngs/Seattle_Genomics/Collaborations/SG_Watkins/Watkins_07_WB/SawatzkiAnalysis/nohmrRNA_noglobin/G339_Watkins07_Unvax_r17100_B_D4-SIV_RNA1_Lib1_GL104_S19_nohmrRNA_noglobin.fastq.1.gz
Read 2 file /vol08/ngs/Seattle_Genomics/Collaborations/SG_Watkins/Watkins_07_WB/SawatzkiAnalysis/nohmrRNA_noglobin/G339_Watkins07_Unvax_r17100_B_D4-SIV_RNA1_Lib1_GL104_S19_nohmrRNA_noglobin.fastq.2.gz
Sample being processed G340_Watkins07_Unvax_r17100_B_D7-SIV_RNA1_Lib1_GL105_S74_nohmrRNA_noglobin
Read 1 file /vol08/ngs/Seattle_Genomics/Collaborations/SG_Watkins/Watkins_07_WB/SawatzkiAnalysis/nohmrRNA_noglobin/G340_Watkins07_Unvax_r17100_B_D7-SIV_RNA1_Lib1_GL105_S74_nohmrRNA_noglobin.fastq.1.gz
Read 2 file /vol08/ngs/Seattle_Genomics/Collaborations/SG_Watkins/Watkins_07_WB/SawatzkiAnalysis/nohmrRNA_noglobin/G340_Watkins07_Unvax_r17100_B_D7-SIV_RNA1_Lib1_GL105_S74_nohmrRNA_noglobin.fastq.2.gz
Counter variable 66
Sample being processed G341_Watkins07_Unvax_r17100_B_D10-SIV_RNA1_Lib1_GL102_S16_nohmrRNA_noglobin
Read 1 file /vol08/ngs/Seattle_Genomics/Collaborations/SG_Watkins/Watkins_07_WB/SawatzkiAnalysis/nohmrRNA_noglobin/G341_Watkins07_Unvax_r17100_B_D10-SIV_RNA1_Lib1_GL102_S16_nohmrRNA_noglobin.fastq.1.gz
Read 2 file /vol08/ngs/Seattle_Genomics/Collaborations/SG_Watkins/Watkins_07_WB/SawatzkiAnalysis/nohmrRNA_noglobin/G341_Watkins07_Unvax_r17100_B_D10-SIV_RNA1_Lib1_GL102_S16_nohmrRNA_noglobin.fastq.2.gz
Sample being processed G342_Watkins07_Unvax_r17100_B_D14-SIV_RNA1_Lib1_GL102_S43_nohmrRNA_noglobin
Read 1 file /vol08/ngs/Seattle_Genomics/Collaborations/SG_Watkins/Watkins_07_WB/SawatzkiAnalysis/nohmrRNA_noglobin/G342_Watkins07_Unvax_r17100_B_D14-SIV_RNA1_Lib1_GL102_S43_nohmrRNA_noglobin.fastq.1.gz
Read 2 file /vol08/ngs/Seattle_Genomics/Collaborations/SG_Watkins/Watkins_07_WB/SawatzkiAnalysis/nohmrRNA_noglobin/G342_Watkins07_Unvax_r17100_B_D14-SIV_RNA1_Lib1_GL102_S43_nohmrRNA_noglobin.fastq.2.gz
Sample being processed G343_Watkins07_AVR_r17115_B_D0-SIV_RNA1_Lib1_GL102_S41_nohmrRNA_noglobin
Read 1 file /vol08/ngs/Seattle_Genomics/Collaborations/SG_Watkins/Watkins_07_WB/SawatzkiAnalysis/nohmrRNA_noglobin/G343_Watkins07_AVR_r17115_B_D0-SIV_RNA1_Lib1_GL102_S41_nohmrRNA_noglobin.fastq.1.gz
Read 2 file /vol08/ngs/Seattle_Genomics/Collaborations/SG_Watkins/Watkins_07_WB/SawatzkiAnalysis/nohmrRNA_noglobin/G343_Watkins07_AVR_r17115_B_D0-SIV_RNA1_Lib1_GL102_S41_nohmrRNA_noglobin.fastq.2.gz
Counter variable 69
Sample being processed G344_Watkins07_AVR_r17115_B_D3-SIV_RNA1_Lib1_GL102_S76_nohmrRNA_noglobin
Read 1 file /vol08/ngs/Seattle_Genomics/Collaborations/SG_Watkins/Watkins_07_WB/SawatzkiAnalysis/nohmrRNA_noglobin/G344_Watkins07_AVR_r17115_B_D3-SIV_RNA1_Lib1_GL102_S76_nohmrRNA_noglobin.fastq.1.gz
Read 2 file /vol08/ngs/Seattle_Genomics/Collaborations/SG_Watkins/Watkins_07_WB/SawatzkiAnalysis/nohmrRNA_noglobin/G344_Watkins07_AVR_r17115_B_D3-SIV_RNA1_Lib1_GL102_S76_nohmrRNA_noglobin.fastq.2.gz
Sample being processed G345_Watkins07_AVR_r17115_B_D7-SIV_RNA1_Lib1_GL104_S66_nohmrRNA_noglobin
Read 1 file /vol08/ngs/Seattle_Genomics/Collaborations/SG_Watkins/Watkins_07_WB/SawatzkiAnalysis/nohmrRNA_noglobin/G345_Watkins07_AVR_r17115_B_D7-SIV_RNA1_Lib1_GL104_S66_nohmrRNA_noglobin.fastq.1.gz
Read 2 file /vol08/ngs/Seattle_Genomics/Collaborations/SG_Watkins/Watkins_07_WB/SawatzkiAnalysis/nohmrRNA_noglobin/G345_Watkins07_AVR_r17115_B_D7-SIV_RNA1_Lib1_GL104_S66_nohmrRNA_noglobin.fastq.2.gz
Sample being processed G346_Watkins07_AVR_r17115_B_D10-SIV_RNA1_Lib1_GL104_S95_nohmrRNA_noglobin
Read 1 file /vol08/ngs/Seattle_Genomics/Collaborations/SG_Watkins/Watkins_07_WB/SawatzkiAnalysis/nohmrRNA_noglobin/G346_Watkins07_AVR_r17115_B_D10-SIV_RNA1_Lib1_GL104_S95_nohmrRNA_noglobin.fastq.1.gz
Read 2 file /vol08/ngs/Seattle_Genomics/Collaborations/SG_Watkins/Watkins_07_WB/SawatzkiAnalysis/nohmrRNA_noglobin/G346_Watkins07_AVR_r17115_B_D10-SIV_RNA1_Lib1_GL104_S95_nohmrRNA_noglobin.fastq.2.gz
Counter variable 72
Sample being processed G347_Watkins07_AVR_r17115_B_D14-SIV_RNA1_Lib1_GL104_S83_nohmrRNA_noglobin
Read 1 file /vol08/ngs/Seattle_Genomics/Collaborations/SG_Watkins/Watkins_07_WB/SawatzkiAnalysis/nohmrRNA_noglobin/G347_Watkins07_AVR_r17115_B_D14-SIV_RNA1_Lib1_GL104_S83_nohmrRNA_noglobin.fastq.1.gz
Read 2 file /vol08/ngs/Seattle_Genomics/Collaborations/SG_Watkins/Watkins_07_WB/SawatzkiAnalysis/nohmrRNA_noglobin/G347_Watkins07_AVR_r17115_B_D14-SIV_RNA1_Lib1_GL104_S83_nohmrRNA_noglobin.fastq.2.gz
Sample being processed G348_Watkins07_Unvax_r18066_B_D0-SIV_RNA1_Lib1_GL105_S89_nohmrRNA_noglobin
Read 1 file /vol08/ngs/Seattle_Genomics/Collaborations/SG_Watkins/Watkins_07_WB/SawatzkiAnalysis/nohmrRNA_noglobin/G348_Watkins07_Unvax_r18066_B_D0-SIV_RNA1_Lib1_GL105_S89_nohmrRNA_noglobin.fastq.1.gz
Read 2 file /vol08/ngs/Seattle_Genomics/Collaborations/SG_Watkins/Watkins_07_WB/SawatzkiAnalysis/nohmrRNA_noglobin/G348_Watkins07_Unvax_r18066_B_D0-SIV_RNA1_Lib1_GL105_S89_nohmrRNA_noglobin.fastq.2.gz
Sample being processed G349_Watkins07_Unvax_r18066_B_D3-SIV_RNA1_Lib1_GL104_S39_nohmrRNA_noglobin
Read 1 file /vol08/ngs/Seattle_Genomics/Collaborations/SG_Watkins/Watkins_07_WB/SawatzkiAnalysis/nohmrRNA_noglobin/G349_Watkins07_Unvax_r18066_B_D3-SIV_RNA1_Lib1_GL104_S39_nohmrRNA_noglobin.fastq.1.gz
Read 2 file /vol08/ngs/Seattle_Genomics/Collaborations/SG_Watkins/Watkins_07_WB/SawatzkiAnalysis/nohmrRNA_noglobin/G349_Watkins07_Unvax_r18066_B_D3-SIV_RNA1_Lib1_GL104_S39_nohmrRNA_noglobin.fastq.2.gz
Counter variable 75
Sample being processed G350_Watkins07_Unvax_r18066_B_D7-SIV_RNA1_Lib1_GL102_S60_nohmrRNA_noglobin
Read 1 file /vol08/ngs/Seattle_Genomics/Collaborations/SG_Watkins/Watkins_07_WB/SawatzkiAnalysis/nohmrRNA_noglobin/G350_Watkins07_Unvax_r18066_B_D7-SIV_RNA1_Lib1_GL102_S60_nohmrRNA_noglobin.fastq.1.gz
Read 2 file /vol08/ngs/Seattle_Genomics/Collaborations/SG_Watkins/Watkins_07_WB/SawatzkiAnalysis/nohmrRNA_noglobin/G350_Watkins07_Unvax_r18066_B_D7-SIV_RNA1_Lib1_GL102_S60_nohmrRNA_noglobin.fastq.2.gz
Sample being processed G351_Watkins07_Unvax_r18066_B_D10-SIV_RNA1_Lib1_GL102_S104_nohmrRNA_noglobin
Read 1 file /vol08/ngs/Seattle_Genomics/Collaborations/SG_Watkins/Watkins_07_WB/SawatzkiAnalysis/nohmrRNA_noglobin/G351_Watkins07_Unvax_r18066_B_D10-SIV_RNA1_Lib1_GL102_S104_nohmrRNA_noglobin.fastq.1.gz
Read 2 file /vol08/ngs/Seattle_Genomics/Collaborations/SG_Watkins/Watkins_07_WB/SawatzkiAnalysis/nohmrRNA_noglobin/G351_Watkins07_Unvax_r18066_B_D10-SIV_RNA1_Lib1_GL102_S104_nohmrRNA_noglobin.fastq.2.gz
Sample being processed G352_Watkins07_Unvax_r18066_B_D13-SIV_RNA1_Lib1_GL104_S1_nohmrRNA_noglobin
Read 1 file /vol08/ngs/Seattle_Genomics/Collaborations/SG_Watkins/Watkins_07_WB/SawatzkiAnalysis/nohmrRNA_noglobin/G352_Watkins07_Unvax_r18066_B_D13-SIV_RNA1_Lib1_GL104_S1_nohmrRNA_noglobin.fastq.1.gz
Read 2 file /vol08/ngs/Seattle_Genomics/Collaborations/SG_Watkins/Watkins_07_WB/SawatzkiAnalysis/nohmrRNA_noglobin/G352_Watkins07_Unvax_r18066_B_D13-SIV_RNA1_Lib1_GL104_S1_nohmrRNA_noglobin.fastq.2.gz
Counter variable 78
Sample being processed G353_Watkins07_Unvax_rh2494_B_D0-SIV_RNA1_Lib1_GL102_S55_nohmrRNA_noglobin
Read 1 file /vol08/ngs/Seattle_Genomics/Collaborations/SG_Watkins/Watkins_07_WB/SawatzkiAnalysis/nohmrRNA_noglobin/G353_Watkins07_Unvax_rh2494_B_D0-SIV_RNA1_Lib1_GL102_S55_nohmrRNA_noglobin.fastq.1.gz
Read 2 file /vol08/ngs/Seattle_Genomics/Collaborations/SG_Watkins/Watkins_07_WB/SawatzkiAnalysis/nohmrRNA_noglobin/G353_Watkins07_Unvax_rh2494_B_D0-SIV_RNA1_Lib1_GL102_S55_nohmrRNA_noglobin.fastq.2.gz
Sample being processed G354_Watkins07_Unvax_rh2494_B_D3-SIV_RNA1_Lib1_GL104_S40_nohmrRNA_noglobin
Read 1 file /vol08/ngs/Seattle_Genomics/Collaborations/SG_Watkins/Watkins_07_WB/SawatzkiAnalysis/nohmrRNA_noglobin/G354_Watkins07_Unvax_rh2494_B_D3-SIV_RNA1_Lib1_GL104_S40_nohmrRNA_noglobin.fastq.1.gz
Read 2 file /vol08/ngs/Seattle_Genomics/Collaborations/SG_Watkins/Watkins_07_WB/SawatzkiAnalysis/nohmrRNA_noglobin/G354_Watkins07_Unvax_rh2494_B_D3-SIV_RNA1_Lib1_GL104_S40_nohmrRNA_noglobin.fastq.2.gz
Sample being processed G355_Watkins07_Unvax_rh2494_B_D7-SIV_RNA1_Lib1_GL102_S39_nohmrRNA_noglobin
Read 1 file /vol08/ngs/Seattle_Genomics/Collaborations/SG_Watkins/Watkins_07_WB/SawatzkiAnalysis/nohmrRNA_noglobin/G355_Watkins07_Unvax_rh2494_B_D7-SIV_RNA1_Lib1_GL102_S39_nohmrRNA_noglobin.fastq.1.gz
Read 2 file /vol08/ngs/Seattle_Genomics/Collaborations/SG_Watkins/Watkins_07_WB/SawatzkiAnalysis/nohmrRNA_noglobin/G355_Watkins07_Unvax_rh2494_B_D7-SIV_RNA1_Lib1_GL102_S39_nohmrRNA_noglobin.fastq.2.gz
Counter variable 81
Sample being processed G356_Watkins07_Unvax_rh2494_B_D11-SIV_RNA1_Lib1_GL105_S61_nohmrRNA_noglobin
Read 1 file /vol08/ngs/Seattle_Genomics/Collaborations/SG_Watkins/Watkins_07_WB/SawatzkiAnalysis/nohmrRNA_noglobin/G356_Watkins07_Unvax_rh2494_B_D11-SIV_RNA1_Lib1_GL105_S61_nohmrRNA_noglobin.fastq.1.gz
Read 2 file /vol08/ngs/Seattle_Genomics/Collaborations/SG_Watkins/Watkins_07_WB/SawatzkiAnalysis/nohmrRNA_noglobin/G356_Watkins07_Unvax_rh2494_B_D11-SIV_RNA1_Lib1_GL105_S61_nohmrRNA_noglobin.fastq.2.gz
Sample being processed G357_Watkins07_Unvax_rh2494_B_D14-SIV_RNA2_Lib1_GL102_S74_nohmrRNA_noglobin
Read 1 file /vol08/ngs/Seattle_Genomics/Collaborations/SG_Watkins/Watkins_07_WB/SawatzkiAnalysis/nohmrRNA_noglobin/G357_Watkins07_Unvax_rh2494_B_D14-SIV_RNA2_Lib1_GL102_S74_nohmrRNA_noglobin.fastq.1.gz
Read 2 file /vol08/ngs/Seattle_Genomics/Collaborations/SG_Watkins/Watkins_07_WB/SawatzkiAnalysis/nohmrRNA_noglobin/G357_Watkins07_Unvax_rh2494_B_D14-SIV_RNA2_Lib1_GL102_S74_nohmrRNA_noglobin.fastq.2.gz
Sample being processed G358_Watkins07_Unvax_rh2504_B_D0-SIV_RNA1_Lib1_GL105_S94_nohmrRNA_noglobin
Read 1 file /vol08/ngs/Seattle_Genomics/Collaborations/SG_Watkins/Watkins_07_WB/SawatzkiAnalysis/nohmrRNA_noglobin/G358_Watkins07_Unvax_rh2504_B_D0-SIV_RNA1_Lib1_GL105_S94_nohmrRNA_noglobin.fastq.1.gz
Read 2 file /vol08/ngs/Seattle_Genomics/Collaborations/SG_Watkins/Watkins_07_WB/SawatzkiAnalysis/nohmrRNA_noglobin/G358_Watkins07_Unvax_rh2504_B_D0-SIV_RNA1_Lib1_GL105_S94_nohmrRNA_noglobin.fastq.2.gz
Counter variable 84
Sample being processed G359_Watkins07_Unvax_rh2504_B_D3-SIV_RNA1_Lib1_GL102_S78_nohmrRNA_noglobin
Read 1 file /vol08/ngs/Seattle_Genomics/Collaborations/SG_Watkins/Watkins_07_WB/SawatzkiAnalysis/nohmrRNA_noglobin/G359_Watkins07_Unvax_rh2504_B_D3-SIV_RNA1_Lib1_GL102_S78_nohmrRNA_noglobin.fastq.1.gz
Read 2 file /vol08/ngs/Seattle_Genomics/Collaborations/SG_Watkins/Watkins_07_WB/SawatzkiAnalysis/nohmrRNA_noglobin/G359_Watkins07_Unvax_rh2504_B_D3-SIV_RNA1_Lib1_GL102_S78_nohmrRNA_noglobin.fastq.2.gz
Sample being processed G360_Watkins07_Unvax_rh2504_B_D7-SIV_RNA1_Lib1_GL105_S90_nohmrRNA_noglobin
Read 1 file /vol08/ngs/Seattle_Genomics/Collaborations/SG_Watkins/Watkins_07_WB/SawatzkiAnalysis/nohmrRNA_noglobin/G360_Watkins07_Unvax_rh2504_B_D7-SIV_RNA1_Lib1_GL105_S90_nohmrRNA_noglobin.fastq.1.gz
Read 2 file /vol08/ngs/Seattle_Genomics/Collaborations/SG_Watkins/Watkins_07_WB/SawatzkiAnalysis/nohmrRNA_noglobin/G360_Watkins07_Unvax_rh2504_B_D7-SIV_RNA1_Lib1_GL105_S90_nohmrRNA_noglobin.fastq.2.gz
Sample being processed G361_Watkins07_Unvax_rh2504_B_D10-SIV_RNA1_Lib1_GL104_S80_nohmrRNA_noglobin
Read 1 file /vol08/ngs/Seattle_Genomics/Collaborations/SG_Watkins/Watkins_07_WB/SawatzkiAnalysis/nohmrRNA_noglobin/G361_Watkins07_Unvax_rh2504_B_D10-SIV_RNA1_Lib1_GL104_S80_nohmrRNA_noglobin.fastq.1.gz
Read 2 file /vol08/ngs/Seattle_Genomics/Collaborations/SG_Watkins/Watkins_07_WB/SawatzkiAnalysis/nohmrRNA_noglobin/G361_Watkins07_Unvax_rh2504_B_D10-SIV_RNA1_Lib1_GL104_S80_nohmrRNA_noglobin.fastq.2.gz
Counter variable 87
Sample being processed G362_Watkins07_Unvax_rh2504_B_D14-SIV_RNA1_Lib1_GL104_S8_nohmrRNA_noglobin
Read 1 file /vol08/ngs/Seattle_Genomics/Collaborations/SG_Watkins/Watkins_07_WB/SawatzkiAnalysis/nohmrRNA_noglobin/G362_Watkins07_Unvax_rh2504_B_D14-SIV_RNA1_Lib1_GL104_S8_nohmrRNA_noglobin.fastq.1.gz
Read 2 file /vol08/ngs/Seattle_Genomics/Collaborations/SG_Watkins/Watkins_07_WB/SawatzkiAnalysis/nohmrRNA_noglobin/G362_Watkins07_Unvax_rh2504_B_D14-SIV_RNA1_Lib1_GL104_S8_nohmrRNA_noglobin.fastq.2.gz
Sample being processed G363_Watkins07_Unvax_rh2527_B_D0-SIV_RNA1_Lib1_GL104_S67_nohmrRNA_noglobin
Read 1 file /vol08/ngs/Seattle_Genomics/Collaborations/SG_Watkins/Watkins_07_WB/SawatzkiAnalysis/nohmrRNA_noglobin/G363_Watkins07_Unvax_rh2527_B_D0-SIV_RNA1_Lib1_GL104_S67_nohmrRNA_noglobin.fastq.1.gz
Read 2 file /vol08/ngs/Seattle_Genomics/Collaborations/SG_Watkins/Watkins_07_WB/SawatzkiAnalysis/nohmrRNA_noglobin/G363_Watkins07_Unvax_rh2527_B_D0-SIV_RNA1_Lib1_GL104_S67_nohmrRNA_noglobin.fastq.2.gz
Sample being processed G364_Watkins07_Unvax_rh2527_B_D3-SIV_RNA1_Lib1_GL104_S63_nohmrRNA_noglobin
Read 1 file /vol08/ngs/Seattle_Genomics/Collaborations/SG_Watkins/Watkins_07_WB/SawatzkiAnalysis/nohmrRNA_noglobin/G364_Watkins07_Unvax_rh2527_B_D3-SIV_RNA1_Lib1_GL104_S63_nohmrRNA_noglobin.fastq.1.gz
Read 2 file /vol08/ngs/Seattle_Genomics/Collaborations/SG_Watkins/Watkins_07_WB/SawatzkiAnalysis/nohmrRNA_noglobin/G364_Watkins07_Unvax_rh2527_B_D3-SIV_RNA1_Lib1_GL104_S63_nohmrRNA_noglobin.fastq.2.gz
Counter variable 90
Sample being processed G365_Watkins07_Unvax_rh2527_B_D7-SIV_RNA1_Lib1_GL105_S82_nohmrRNA_noglobin
Read 1 file /vol08/ngs/Seattle_Genomics/Collaborations/SG_Watkins/Watkins_07_WB/SawatzkiAnalysis/nohmrRNA_noglobin/G365_Watkins07_Unvax_rh2527_B_D7-SIV_RNA1_Lib1_GL105_S82_nohmrRNA_noglobin.fastq.1.gz
Read 2 file /vol08/ngs/Seattle_Genomics/Collaborations/SG_Watkins/Watkins_07_WB/SawatzkiAnalysis/nohmrRNA_noglobin/G365_Watkins07_Unvax_rh2527_B_D7-SIV_RNA1_Lib1_GL105_S82_nohmrRNA_noglobin.fastq.2.gz
Sample being processed G366_Watkins07_Unvax_rh2527_B_D10-SIV_RNA1_Lib1_GL104_S61_nohmrRNA_noglobin
Read 1 file /vol08/ngs/Seattle_Genomics/Collaborations/SG_Watkins/Watkins_07_WB/SawatzkiAnalysis/nohmrRNA_noglobin/G366_Watkins07_Unvax_rh2527_B_D10-SIV_RNA1_Lib1_GL104_S61_nohmrRNA_noglobin.fastq.1.gz
Read 2 file /vol08/ngs/Seattle_Genomics/Collaborations/SG_Watkins/Watkins_07_WB/SawatzkiAnalysis/nohmrRNA_noglobin/G366_Watkins07_Unvax_rh2527_B_D10-SIV_RNA1_Lib1_GL104_S61_nohmrRNA_noglobin.fastq.2.gz
Sample being processed G367_Watkins07_Unvax_rh2527_B_D14-SIV_RNA1_Lib1_GL105_S76_nohmrRNA_noglobin
Read 1 file /vol08/ngs/Seattle_Genomics/Collaborations/SG_Watkins/Watkins_07_WB/SawatzkiAnalysis/nohmrRNA_noglobin/G367_Watkins07_Unvax_rh2527_B_D14-SIV_RNA1_Lib1_GL105_S76_nohmrRNA_noglobin.fastq.1.gz
Read 2 file /vol08/ngs/Seattle_Genomics/Collaborations/SG_Watkins/Watkins_07_WB/SawatzkiAnalysis/nohmrRNA_noglobin/G367_Watkins07_Unvax_rh2527_B_D14-SIV_RNA1_Lib1_GL105_S76_nohmrRNA_noglobin.fastq.2.gz
Counter variable 93
Sample being processed G368_Watkins07_Unvax_rh2756_B_D0-SIV_RNA1_Lib1_GL102_S3_nohmrRNA_noglobin
Read 1 file /vol08/ngs/Seattle_Genomics/Collaborations/SG_Watkins/Watkins_07_WB/SawatzkiAnalysis/nohmrRNA_noglobin/G368_Watkins07_Unvax_rh2756_B_D0-SIV_RNA1_Lib1_GL102_S3_nohmrRNA_noglobin.fastq.1.gz
Read 2 file /vol08/ngs/Seattle_Genomics/Collaborations/SG_Watkins/Watkins_07_WB/SawatzkiAnalysis/nohmrRNA_noglobin/G368_Watkins07_Unvax_rh2756_B_D0-SIV_RNA1_Lib1_GL102_S3_nohmrRNA_noglobin.fastq.2.gz
Sample being processed G369_Watkins07_Unvax_rh2756_B_D3-SIV_RNA1_Lib1_GL102_S9_nohmrRNA_noglobin
Read 1 file /vol08/ngs/Seattle_Genomics/Collaborations/SG_Watkins/Watkins_07_WB/SawatzkiAnalysis/nohmrRNA_noglobin/G369_Watkins07_Unvax_rh2756_B_D3-SIV_RNA1_Lib1_GL102_S9_nohmrRNA_noglobin.fastq.1.gz
Read 2 file /vol08/ngs/Seattle_Genomics/Collaborations/SG_Watkins/Watkins_07_WB/SawatzkiAnalysis/nohmrRNA_noglobin/G369_Watkins07_Unvax_rh2756_B_D3-SIV_RNA1_Lib1_GL102_S9_nohmrRNA_noglobin.fastq.2.gz
Sample being processed G370_Watkins07_Unvax_rh2756_B_D7-SIV_RNA1_Lib1_GL104_S9_nohmrRNA_noglobin
Read 1 file /vol08/ngs/Seattle_Genomics/Collaborations/SG_Watkins/Watkins_07_WB/SawatzkiAnalysis/nohmrRNA_noglobin/G370_Watkins07_Unvax_rh2756_B_D7-SIV_RNA1_Lib1_GL104_S9_nohmrRNA_noglobin.fastq.1.gz
Read 2 file /vol08/ngs/Seattle_Genomics/Collaborations/SG_Watkins/Watkins_07_WB/SawatzkiAnalysis/nohmrRNA_noglobin/G370_Watkins07_Unvax_rh2756_B_D7-SIV_RNA1_Lib1_GL104_S9_nohmrRNA_noglobin.fastq.2.gz
Counter variable 96
Sample being processed G371_Watkins07_Unvax_rh2756_B_D10-SIV_RNA1_Lib1_GL105_S68_nohmrRNA_noglobin
Read 1 file /vol08/ngs/Seattle_Genomics/Collaborations/SG_Watkins/Watkins_07_WB/SawatzkiAnalysis/nohmrRNA_noglobin/G371_Watkins07_Unvax_rh2756_B_D10-SIV_RNA1_Lib1_GL105_S68_nohmrRNA_noglobin.fastq.1.gz
Read 2 file /vol08/ngs/Seattle_Genomics/Collaborations/SG_Watkins/Watkins_07_WB/SawatzkiAnalysis/nohmrRNA_noglobin/G371_Watkins07_Unvax_rh2756_B_D10-SIV_RNA1_Lib1_GL105_S68_nohmrRNA_noglobin.fastq.2.gz
Sample being processed G372_Watkins07_Unvax_rh2756_B_D14-SIV_RNA1_Lib1_GL104_S48_nohmrRNA_noglobin
Read 1 file /vol08/ngs/Seattle_Genomics/Collaborations/SG_Watkins/Watkins_07_WB/SawatzkiAnalysis/nohmrRNA_noglobin/G372_Watkins07_Unvax_rh2756_B_D14-SIV_RNA1_Lib1_GL104_S48_nohmrRNA_noglobin.fastq.1.gz
Read 2 file /vol08/ngs/Seattle_Genomics/Collaborations/SG_Watkins/Watkins_07_WB/SawatzkiAnalysis/nohmrRNA_noglobin/G372_Watkins07_Unvax_rh2756_B_D14-SIV_RNA1_Lib1_GL104_S48_nohmrRNA_noglobin.fastq.2.gz
Sample being processed G373_Watkins07_Unvax_rh2810_B_D0-SIV_RNA1_Lib1_GL105_S86_nohmrRNA_noglobin
Read 1 file /vol08/ngs/Seattle_Genomics/Collaborations/SG_Watkins/Watkins_07_WB/SawatzkiAnalysis/nohmrRNA_noglobin/G373_Watkins07_Unvax_rh2810_B_D0-SIV_RNA1_Lib1_GL105_S86_nohmrRNA_noglobin.fastq.1.gz
Read 2 file /vol08/ngs/Seattle_Genomics/Collaborations/SG_Watkins/Watkins_07_WB/SawatzkiAnalysis/nohmrRNA_noglobin/G373_Watkins07_Unvax_rh2810_B_D0-SIV_RNA1_Lib1_GL105_S86_nohmrRNA_noglobin.fastq.2.gz
Counter variable 99
Sample being processed G374_Watkins07_Unvax_rh2810_B_D3-SIV_RNA1_Lib1_GL104_S15_nohmrRNA_noglobin
Read 1 file /vol08/ngs/Seattle_Genomics/Collaborations/SG_Watkins/Watkins_07_WB/SawatzkiAnalysis/nohmrRNA_noglobin/G374_Watkins07_Unvax_rh2810_B_D3-SIV_RNA1_Lib1_GL104_S15_nohmrRNA_noglobin.fastq.1.gz
Read 2 file /vol08/ngs/Seattle_Genomics/Collaborations/SG_Watkins/Watkins_07_WB/SawatzkiAnalysis/nohmrRNA_noglobin/G374_Watkins07_Unvax_rh2810_B_D3-SIV_RNA1_Lib1_GL104_S15_nohmrRNA_noglobin.fastq.2.gz
Sample being processed G375_Watkins07_Unvax_rh2810_B_D7-SIV_RNA1_Lib1_GL104_S20_nohmrRNA_noglobin
Read 1 file /vol08/ngs/Seattle_Genomics/Collaborations/SG_Watkins/Watkins_07_WB/SawatzkiAnalysis/nohmrRNA_noglobin/G375_Watkins07_Unvax_rh2810_B_D7-SIV_RNA1_Lib1_GL104_S20_nohmrRNA_noglobin.fastq.1.gz
Read 2 file /vol08/ngs/Seattle_Genomics/Collaborations/SG_Watkins/Watkins_07_WB/SawatzkiAnalysis/nohmrRNA_noglobin/G375_Watkins07_Unvax_rh2810_B_D7-SIV_RNA1_Lib1_GL104_S20_nohmrRNA_noglobin.fastq.2.gz
Sample being processed G376_Watkins07_Unvax_rh2810_B_D10-SIV_RNA1_Lib1_GL102_S63_nohmrRNA_noglobin
Read 1 file /vol08/ngs/Seattle_Genomics/Collaborations/SG_Watkins/Watkins_07_WB/SawatzkiAnalysis/nohmrRNA_noglobin/G376_Watkins07_Unvax_rh2810_B_D10-SIV_RNA1_Lib1_GL102_S63_nohmrRNA_noglobin.fastq.1.gz
Read 2 file /vol08/ngs/Seattle_Genomics/Collaborations/SG_Watkins/Watkins_07_WB/SawatzkiAnalysis/nohmrRNA_noglobin/G376_Watkins07_Unvax_rh2810_B_D10-SIV_RNA1_Lib1_GL102_S63_nohmrRNA_noglobin.fastq.2.gz
Counter variable 102
Sample being processed G377_Watkins07_Unvax_rh2810_B_D14-SIV_RNA1_Lib1_GL102_S56_nohmrRNA_noglobin
Read 1 file /vol08/ngs/Seattle_Genomics/Collaborations/SG_Watkins/Watkins_07_WB/SawatzkiAnalysis/nohmrRNA_noglobin/G377_Watkins07_Unvax_rh2810_B_D14-SIV_RNA1_Lib1_GL102_S56_nohmrRNA_noglobin.fastq.1.gz
Read 2 file /vol08/ngs/Seattle_Genomics/Collaborations/SG_Watkins/Watkins_07_WB/SawatzkiAnalysis/nohmrRNA_noglobin/G377_Watkins07_Unvax_rh2810_B_D14-SIV_RNA1_Lib1_GL102_S56_nohmrRNA_noglobin.fastq.2.gz
Sample being processed G378_Watkins07_Unvax_rh2848_B_D0-SIV_RNA1_Lib1_GL104_S29_nohmrRNA_noglobin
Read 1 file /vol08/ngs/Seattle_Genomics/Collaborations/SG_Watkins/Watkins_07_WB/SawatzkiAnalysis/nohmrRNA_noglobin/G378_Watkins07_Unvax_rh2848_B_D0-SIV_RNA1_Lib1_GL104_S29_nohmrRNA_noglobin.fastq.1.gz
Read 2 file /vol08/ngs/Seattle_Genomics/Collaborations/SG_Watkins/Watkins_07_WB/SawatzkiAnalysis/nohmrRNA_noglobin/G378_Watkins07_Unvax_rh2848_B_D0-SIV_RNA1_Lib1_GL104_S29_nohmrRNA_noglobin.fastq.2.gz
Sample being processed G379_Watkins07_Unvax_rh2848_B_D3-SIV_RNA1_Lib1_GL102_S17_nohmrRNA_noglobin
Read 1 file /vol08/ngs/Seattle_Genomics/Collaborations/SG_Watkins/Watkins_07_WB/SawatzkiAnalysis/nohmrRNA_noglobin/G379_Watkins07_Unvax_rh2848_B_D3-SIV_RNA1_Lib1_GL102_S17_nohmrRNA_noglobin.fastq.1.gz
Read 2 file /vol08/ngs/Seattle_Genomics/Collaborations/SG_Watkins/Watkins_07_WB/SawatzkiAnalysis/nohmrRNA_noglobin/G379_Watkins07_Unvax_rh2848_B_D3-SIV_RNA1_Lib1_GL102_S17_nohmrRNA_noglobin.fastq.2.gz
Counter variable 105
Sample being processed G380_Watkins07_Unvax_rh2848_B_D7-SIV_RNA1_Lib1_GL104_S32_nohmrRNA_noglobin
Read 1 file /vol08/ngs/Seattle_Genomics/Collaborations/SG_Watkins/Watkins_07_WB/SawatzkiAnalysis/nohmrRNA_noglobin/G380_Watkins07_Unvax_rh2848_B_D7-SIV_RNA1_Lib1_GL104_S32_nohmrRNA_noglobin.fastq.1.gz
Read 2 file /vol08/ngs/Seattle_Genomics/Collaborations/SG_Watkins/Watkins_07_WB/SawatzkiAnalysis/nohmrRNA_noglobin/G380_Watkins07_Unvax_rh2848_B_D7-SIV_RNA1_Lib1_GL104_S32_nohmrRNA_noglobin.fastq.2.gz
Sample being processed G381_Watkins07_Unvax_rh2848_B_D10-SIV_RNA1_Lib1_GL104_S99_nohmrRNA_noglobin
Read 1 file /vol08/ngs/Seattle_Genomics/Collaborations/SG_Watkins/Watkins_07_WB/SawatzkiAnalysis/nohmrRNA_noglobin/G381_Watkins07_Unvax_rh2848_B_D10-SIV_RNA1_Lib1_GL104_S99_nohmrRNA_noglobin.fastq.1.gz
Read 2 file /vol08/ngs/Seattle_Genomics/Collaborations/SG_Watkins/Watkins_07_WB/SawatzkiAnalysis/nohmrRNA_noglobin/G381_Watkins07_Unvax_rh2848_B_D10-SIV_RNA1_Lib1_GL104_S99_nohmrRNA_noglobin.fastq.2.gz
Sample being processed G382_Watkins07_Unvax_rh2848_B_D14-SIV_RNA1_Lib1_GL102_S83_nohmrRNA_noglobin
Read 1 file /vol08/ngs/Seattle_Genomics/Collaborations/SG_Watkins/Watkins_07_WB/SawatzkiAnalysis/nohmrRNA_noglobin/G382_Watkins07_Unvax_rh2848_B_D14-SIV_RNA1_Lib1_GL102_S83_nohmrRNA_noglobin.fastq.1.gz
Read 2 file /vol08/ngs/Seattle_Genomics/Collaborations/SG_Watkins/Watkins_07_WB/SawatzkiAnalysis/nohmrRNA_noglobin/G382_Watkins07_Unvax_rh2848_B_D14-SIV_RNA1_Lib1_GL102_S83_nohmrRNA_noglobin.fastq.2.gz
Counter variable 108
Sample being processed G383_Watkins07_Unvax_rh2861_B_D0-SIV_RNA1_Lib1_GL102_S29_nohmrRNA_noglobin
Read 1 file /vol08/ngs/Seattle_Genomics/Collaborations/SG_Watkins/Watkins_07_WB/SawatzkiAnalysis/nohmrRNA_noglobin/G383_Watkins07_Unvax_rh2861_B_D0-SIV_RNA1_Lib1_GL102_S29_nohmrRNA_noglobin.fastq.1.gz
Read 2 file /vol08/ngs/Seattle_Genomics/Collaborations/SG_Watkins/Watkins_07_WB/SawatzkiAnalysis/nohmrRNA_noglobin/G383_Watkins07_Unvax_rh2861_B_D0-SIV_RNA1_Lib1_GL102_S29_nohmrRNA_noglobin.fastq.2.gz
Sample being processed G384_Watkins07_Unvax_rh2861_B_D3-SIV_RNA1_Lib1_GL102_S40_nohmrRNA_noglobin
Read 1 file /vol08/ngs/Seattle_Genomics/Collaborations/SG_Watkins/Watkins_07_WB/SawatzkiAnalysis/nohmrRNA_noglobin/G384_Watkins07_Unvax_rh2861_B_D3-SIV_RNA1_Lib1_GL102_S40_nohmrRNA_noglobin.fastq.1.gz
Read 2 file /vol08/ngs/Seattle_Genomics/Collaborations/SG_Watkins/Watkins_07_WB/SawatzkiAnalysis/nohmrRNA_noglobin/G384_Watkins07_Unvax_rh2861_B_D3-SIV_RNA1_Lib1_GL102_S40_nohmrRNA_noglobin.fastq.2.gz
Sample being processed G385_Watkins07_Unvax_rh2861_B_D7-SIV_RNA1_Lib1_GL105_S83_nohmrRNA_noglobin
Read 1 file /vol08/ngs/Seattle_Genomics/Collaborations/SG_Watkins/Watkins_07_WB/SawatzkiAnalysis/nohmrRNA_noglobin/G385_Watkins07_Unvax_rh2861_B_D7-SIV_RNA1_Lib1_GL105_S83_nohmrRNA_noglobin.fastq.1.gz
Read 2 file /vol08/ngs/Seattle_Genomics/Collaborations/SG_Watkins/Watkins_07_WB/SawatzkiAnalysis/nohmrRNA_noglobin/G385_Watkins07_Unvax_rh2861_B_D7-SIV_RNA1_Lib1_GL105_S83_nohmrRNA_noglobin.fastq.2.gz
Counter variable 111
Sample being processed G386_Watkins07_Unvax_rh2861_B_D10-SIV_RNA1_Lib1_GL104_S30_nohmrRNA_noglobin
Read 1 file /vol08/ngs/Seattle_Genomics/Collaborations/SG_Watkins/Watkins_07_WB/SawatzkiAnalysis/nohmrRNA_noglobin/G386_Watkins07_Unvax_rh2861_B_D10-SIV_RNA1_Lib1_GL104_S30_nohmrRNA_noglobin.fastq.1.gz
Read 2 file /vol08/ngs/Seattle_Genomics/Collaborations/SG_Watkins/Watkins_07_WB/SawatzkiAnalysis/nohmrRNA_noglobin/G386_Watkins07_Unvax_rh2861_B_D10-SIV_RNA1_Lib1_GL104_S30_nohmrRNA_noglobin.fastq.2.gz
Sample being processed G387_Watkins07_Unvax_rh2861_B_D14-SIV_RNA1_Lib1_GL104_S76_nohmrRNA_noglobin
Read 1 file /vol08/ngs/Seattle_Genomics/Collaborations/SG_Watkins/Watkins_07_WB/SawatzkiAnalysis/nohmrRNA_noglobin/G387_Watkins07_Unvax_rh2861_B_D14-SIV_RNA1_Lib1_GL104_S76_nohmrRNA_noglobin.fastq.1.gz
Read 2 file /vol08/ngs/Seattle_Genomics/Collaborations/SG_Watkins/Watkins_07_WB/SawatzkiAnalysis/nohmrRNA_noglobin/G387_Watkins07_Unvax_rh2861_B_D14-SIV_RNA1_Lib1_GL104_S76_nohmrRNA_noglobin.fastq.2.gz
Sample being processed G388_Watkins07_AVR_rh2932_B_D0-SIV_RNA1_Lib1_GL102_S57_nohmrRNA_noglobin
Read 1 file /vol08/ngs/Seattle_Genomics/Collaborations/SG_Watkins/Watkins_07_WB/SawatzkiAnalysis/nohmrRNA_noglobin/G388_Watkins07_AVR_rh2932_B_D0-SIV_RNA1_Lib1_GL102_S57_nohmrRNA_noglobin.fastq.1.gz
Read 2 file /vol08/ngs/Seattle_Genomics/Collaborations/SG_Watkins/Watkins_07_WB/SawatzkiAnalysis/nohmrRNA_noglobin/G388_Watkins07_AVR_rh2932_B_D0-SIV_RNA1_Lib1_GL102_S57_nohmrRNA_noglobin.fastq.2.gz
Counter variable 114
Sample being processed G389_Watkins07_AVR_rh2932_B_D3-SIV_RNA1_Lib1_GL104_S78_nohmrRNA_noglobin
Read 1 file /vol08/ngs/Seattle_Genomics/Collaborations/SG_Watkins/Watkins_07_WB/SawatzkiAnalysis/nohmrRNA_noglobin/G389_Watkins07_AVR_rh2932_B_D3-SIV_RNA1_Lib1_GL104_S78_nohmrRNA_noglobin.fastq.1.gz
Read 2 file /vol08/ngs/Seattle_Genomics/Collaborations/SG_Watkins/Watkins_07_WB/SawatzkiAnalysis/nohmrRNA_noglobin/G389_Watkins07_AVR_rh2932_B_D3-SIV_RNA1_Lib1_GL104_S78_nohmrRNA_noglobin.fastq.2.gz
Sample being processed G390_Watkins07_AVR_rh2932_B_D7-SIV_RNA1_Lib1_GL102_S46_nohmrRNA_noglobin
Read 1 file /vol08/ngs/Seattle_Genomics/Collaborations/SG_Watkins/Watkins_07_WB/SawatzkiAnalysis/nohmrRNA_noglobin/G390_Watkins07_AVR_rh2932_B_D7-SIV_RNA1_Lib1_GL102_S46_nohmrRNA_noglobin.fastq.1.gz
Read 2 file /vol08/ngs/Seattle_Genomics/Collaborations/SG_Watkins/Watkins_07_WB/SawatzkiAnalysis/nohmrRNA_noglobin/G390_Watkins07_AVR_rh2932_B_D7-SIV_RNA1_Lib1_GL102_S46_nohmrRNA_noglobin.fastq.2.gz
Sample being processed G391_Watkins07_AVR_rh2932_B_D10-SIV_RNA1_Lib1_GL105_S81_nohmrRNA_noglobin
Read 1 file /vol08/ngs/Seattle_Genomics/Collaborations/SG_Watkins/Watkins_07_WB/SawatzkiAnalysis/nohmrRNA_noglobin/G391_Watkins07_AVR_rh2932_B_D10-SIV_RNA1_Lib1_GL105_S81_nohmrRNA_noglobin.fastq.1.gz
Read 2 file /vol08/ngs/Seattle_Genomics/Collaborations/SG_Watkins/Watkins_07_WB/SawatzkiAnalysis/nohmrRNA_noglobin/G391_Watkins07_AVR_rh2932_B_D10-SIV_RNA1_Lib1_GL105_S81_nohmrRNA_noglobin.fastq.2.gz
Counter variable 117
Sample being processed G392_Watkins07_AVR_rh2932_B_D14-SIV_RNA1_Lib1_GL102_S90_nohmrRNA_noglobin
Read 1 file /vol08/ngs/Seattle_Genomics/Collaborations/SG_Watkins/Watkins_07_WB/SawatzkiAnalysis/nohmrRNA_noglobin/G392_Watkins07_AVR_rh2932_B_D14-SIV_RNA1_Lib1_GL102_S90_nohmrRNA_noglobin.fastq.1.gz
Read 2 file /vol08/ngs/Seattle_Genomics/Collaborations/SG_Watkins/Watkins_07_WB/SawatzkiAnalysis/nohmrRNA_noglobin/G392_Watkins07_AVR_rh2932_B_D14-SIV_RNA1_Lib1_GL102_S90_nohmrRNA_noglobin.fastq.2.gz
Sample being processed G393_Watkins07_AVR_rh2943_B_D0-SIV_RNA1_Lib1_GL104_S60_nohmrRNA_noglobin
Read 1 file /vol08/ngs/Seattle_Genomics/Collaborations/SG_Watkins/Watkins_07_WB/SawatzkiAnalysis/nohmrRNA_noglobin/G393_Watkins07_AVR_rh2943_B_D0-SIV_RNA1_Lib1_GL104_S60_nohmrRNA_noglobin.fastq.1.gz
Read 2 file /vol08/ngs/Seattle_Genomics/Collaborations/SG_Watkins/Watkins_07_WB/SawatzkiAnalysis/nohmrRNA_noglobin/G393_Watkins07_AVR_rh2943_B_D0-SIV_RNA1_Lib1_GL104_S60_nohmrRNA_noglobin.fastq.2.gz
Sample being processed G394_Watkins07_AVR_rh2943_B_D3-SIV_RNA1_Lib1_GL104_S36_nohmrRNA_noglobin
Read 1 file /vol08/ngs/Seattle_Genomics/Collaborations/SG_Watkins/Watkins_07_WB/SawatzkiAnalysis/nohmrRNA_noglobin/G394_Watkins07_AVR_rh2943_B_D3-SIV_RNA1_Lib1_GL104_S36_nohmrRNA_noglobin.fastq.1.gz
Read 2 file /vol08/ngs/Seattle_Genomics/Collaborations/SG_Watkins/Watkins_07_WB/SawatzkiAnalysis/nohmrRNA_noglobin/G394_Watkins07_AVR_rh2943_B_D3-SIV_RNA1_Lib1_GL104_S36_nohmrRNA_noglobin.fastq.2.gz
Counter variable 120
Sample being processed G395_Watkins07_AVR_rh2943_B_D7-SIV_RNA1_Lib1_GL104_S72_nohmrRNA_noglobin
Read 1 file /vol08/ngs/Seattle_Genomics/Collaborations/SG_Watkins/Watkins_07_WB/SawatzkiAnalysis/nohmrRNA_noglobin/G395_Watkins07_AVR_rh2943_B_D7-SIV_RNA1_Lib1_GL104_S72_nohmrRNA_noglobin.fastq.1.gz
Read 2 file /vol08/ngs/Seattle_Genomics/Collaborations/SG_Watkins/Watkins_07_WB/SawatzkiAnalysis/nohmrRNA_noglobin/G395_Watkins07_AVR_rh2943_B_D7-SIV_RNA1_Lib1_GL104_S72_nohmrRNA_noglobin.fastq.2.gz
Sample being processed G396_Watkins07_AVR_rh2943_B_D10-SIV_RNA1_Lib1_GL104_S79_nohmrRNA_noglobin
Read 1 file /vol08/ngs/Seattle_Genomics/Collaborations/SG_Watkins/Watkins_07_WB/SawatzkiAnalysis/nohmrRNA_noglobin/G396_Watkins07_AVR_rh2943_B_D10-SIV_RNA1_Lib1_GL104_S79_nohmrRNA_noglobin.fastq.1.gz
Read 2 file /vol08/ngs/Seattle_Genomics/Collaborations/SG_Watkins/Watkins_07_WB/SawatzkiAnalysis/nohmrRNA_noglobin/G396_Watkins07_AVR_rh2943_B_D10-SIV_RNA1_Lib1_GL104_S79_nohmrRNA_noglobin.fastq.2.gz
Sample being processed G397_Watkins07_AVR_rh2943_B_D14-SIV_RNA1_Lib1_GL102_S28_nohmrRNA_noglobin
Read 1 file /vol08/ngs/Seattle_Genomics/Collaborations/SG_Watkins/Watkins_07_WB/SawatzkiAnalysis/nohmrRNA_noglobin/G397_Watkins07_AVR_rh2943_B_D14-SIV_RNA1_Lib1_GL102_S28_nohmrRNA_noglobin.fastq.1.gz
Read 2 file /vol08/ngs/Seattle_Genomics/Collaborations/SG_Watkins/Watkins_07_WB/SawatzkiAnalysis/nohmrRNA_noglobin/G397_Watkins07_AVR_rh2943_B_D14-SIV_RNA1_Lib1_GL102_S28_nohmrRNA_noglobin.fastq.2.gz
Counter variable 123
Sample being processed G398_Watkins07_Unvax_rh2995_B_D0-SIV_RNA1_Lib1_GL102_S58_nohmrRNA_noglobin
Read 1 file /vol08/ngs/Seattle_Genomics/Collaborations/SG_Watkins/Watkins_07_WB/SawatzkiAnalysis/nohmrRNA_noglobin/G398_Watkins07_Unvax_rh2995_B_D0-SIV_RNA1_Lib1_GL102_S58_nohmrRNA_noglobin.fastq.1.gz
Read 2 file /vol08/ngs/Seattle_Genomics/Collaborations/SG_Watkins/Watkins_07_WB/SawatzkiAnalysis/nohmrRNA_noglobin/G398_Watkins07_Unvax_rh2995_B_D0-SIV_RNA1_Lib1_GL102_S58_nohmrRNA_noglobin.fastq.2.gz
Sample being processed G399_Watkins07_Unvax_rh2995_B_D3-SIV_RNA1_Lib1_GL104_S65_nohmrRNA_noglobin
Read 1 file /vol08/ngs/Seattle_Genomics/Collaborations/SG_Watkins/Watkins_07_WB/SawatzkiAnalysis/nohmrRNA_noglobin/G399_Watkins07_Unvax_rh2995_B_D3-SIV_RNA1_Lib1_GL104_S65_nohmrRNA_noglobin.fastq.1.gz
Read 2 file /vol08/ngs/Seattle_Genomics/Collaborations/SG_Watkins/Watkins_07_WB/SawatzkiAnalysis/nohmrRNA_noglobin/G399_Watkins07_Unvax_rh2995_B_D3-SIV_RNA1_Lib1_GL104_S65_nohmrRNA_noglobin.fastq.2.gz
Sample being processed G400_Watkins07_Unvax_rh2995_B_D10-SIV_RNA1_Lib1_GL102_S81_nohmrRNA_noglobin
Read 1 file /vol08/ngs/Seattle_Genomics/Collaborations/SG_Watkins/Watkins_07_WB/SawatzkiAnalysis/nohmrRNA_noglobin/G400_Watkins07_Unvax_rh2995_B_D10-SIV_RNA1_Lib1_GL102_S81_nohmrRNA_noglobin.fastq.1.gz
Read 2 file /vol08/ngs/Seattle_Genomics/Collaborations/SG_Watkins/Watkins_07_WB/SawatzkiAnalysis/nohmrRNA_noglobin/G400_Watkins07_Unvax_rh2995_B_D10-SIV_RNA1_Lib1_GL102_S81_nohmrRNA_noglobin.fastq.2.gz
Counter variable 126
Sample being processed G401_Watkins07_Unvax_rh2995_B_D14-SIV_RNA1_Lib1_GL105_S67_nohmrRNA_noglobin
Read 1 file /vol08/ngs/Seattle_Genomics/Collaborations/SG_Watkins/Watkins_07_WB/SawatzkiAnalysis/nohmrRNA_noglobin/G401_Watkins07_Unvax_rh2995_B_D14-SIV_RNA1_Lib1_GL105_S67_nohmrRNA_noglobin.fastq.1.gz
Read 2 file /vol08/ngs/Seattle_Genomics/Collaborations/SG_Watkins/Watkins_07_WB/SawatzkiAnalysis/nohmrRNA_noglobin/G401_Watkins07_Unvax_rh2995_B_D14-SIV_RNA1_Lib1_GL105_S67_nohmrRNA_noglobin.fastq.2.gz
Sample being processed G403_Watkins07_Unvax_rh3000_B_D0-SIV_RNA1_Lib1_GL102_S42_nohmrRNA_noglobin
Read 1 file /vol08/ngs/Seattle_Genomics/Collaborations/SG_Watkins/Watkins_07_WB/SawatzkiAnalysis/nohmrRNA_noglobin/G403_Watkins07_Unvax_rh3000_B_D0-SIV_RNA1_Lib1_GL102_S42_nohmrRNA_noglobin.fastq.1.gz
Read 2 file /vol08/ngs/Seattle_Genomics/Collaborations/SG_Watkins/Watkins_07_WB/SawatzkiAnalysis/nohmrRNA_noglobin/G403_Watkins07_Unvax_rh3000_B_D0-SIV_RNA1_Lib1_GL102_S42_nohmrRNA_noglobin.fastq.2.gz
Sample being processed G404_Watkins07_Unvax_rh3000_B_D3-SIV_RNA1_Lib1_GL102_S48_nohmrRNA_noglobin
Read 1 file /vol08/ngs/Seattle_Genomics/Collaborations/SG_Watkins/Watkins_07_WB/SawatzkiAnalysis/nohmrRNA_noglobin/G404_Watkins07_Unvax_rh3000_B_D3-SIV_RNA1_Lib1_GL102_S48_nohmrRNA_noglobin.fastq.1.gz
Read 2 file /vol08/ngs/Seattle_Genomics/Collaborations/SG_Watkins/Watkins_07_WB/SawatzkiAnalysis/nohmrRNA_noglobin/G404_Watkins07_Unvax_rh3000_B_D3-SIV_RNA1_Lib1_GL102_S48_nohmrRNA_noglobin.fastq.2.gz
Counter variable 129
Sample being processed G405_Watkins07_Unvax_rh3000_B_D7-SIV_RNA1_Lib1_GL105_S64_nohmrRNA_noglobin
Read 1 file /vol08/ngs/Seattle_Genomics/Collaborations/SG_Watkins/Watkins_07_WB/SawatzkiAnalysis/nohmrRNA_noglobin/G405_Watkins07_Unvax_rh3000_B_D7-SIV_RNA1_Lib1_GL105_S64_nohmrRNA_noglobin.fastq.1.gz
Read 2 file /vol08/ngs/Seattle_Genomics/Collaborations/SG_Watkins/Watkins_07_WB/SawatzkiAnalysis/nohmrRNA_noglobin/G405_Watkins07_Unvax_rh3000_B_D7-SIV_RNA1_Lib1_GL105_S64_nohmrRNA_noglobin.fastq.2.gz
Sample being processed G406_Watkins07_Unvax_rh3000_B_D10-SIV_RNA1_Lib1_GL102_S34_nohmrRNA_noglobin
Read 1 file /vol08/ngs/Seattle_Genomics/Collaborations/SG_Watkins/Watkins_07_WB/SawatzkiAnalysis/nohmrRNA_noglobin/G406_Watkins07_Unvax_rh3000_B_D10-SIV_RNA1_Lib1_GL102_S34_nohmrRNA_noglobin.fastq.1.gz
Read 2 file /vol08/ngs/Seattle_Genomics/Collaborations/SG_Watkins/Watkins_07_WB/SawatzkiAnalysis/nohmrRNA_noglobin/G406_Watkins07_Unvax_rh3000_B_D10-SIV_RNA1_Lib1_GL102_S34_nohmrRNA_noglobin.fastq.2.gz
Sample being processed G407_Watkins07_AVR_rh3006_B_D0-SIV_RNA2_Lib1_GL102_S38_nohmrRNA_noglobin
Read 1 file /vol08/ngs/Seattle_Genomics/Collaborations/SG_Watkins/Watkins_07_WB/SawatzkiAnalysis/nohmrRNA_noglobin/G407_Watkins07_AVR_rh3006_B_D0-SIV_RNA2_Lib1_GL102_S38_nohmrRNA_noglobin.fastq.1.gz
Read 2 file /vol08/ngs/Seattle_Genomics/Collaborations/SG_Watkins/Watkins_07_WB/SawatzkiAnalysis/nohmrRNA_noglobin/G407_Watkins07_AVR_rh3006_B_D0-SIV_RNA2_Lib1_GL102_S38_nohmrRNA_noglobin.fastq.2.gz
Counter variable 132
Sample being processed G408_Watkins07_AVR_rh3006_B_D3-SIV_RNA1_Lib1_GL105_S65_nohmrRNA_noglobin
Read 1 file /vol08/ngs/Seattle_Genomics/Collaborations/SG_Watkins/Watkins_07_WB/SawatzkiAnalysis/nohmrRNA_noglobin/G408_Watkins07_AVR_rh3006_B_D3-SIV_RNA1_Lib1_GL105_S65_nohmrRNA_noglobin.fastq.1.gz
Read 2 file /vol08/ngs/Seattle_Genomics/Collaborations/SG_Watkins/Watkins_07_WB/SawatzkiAnalysis/nohmrRNA_noglobin/G408_Watkins07_AVR_rh3006_B_D3-SIV_RNA1_Lib1_GL105_S65_nohmrRNA_noglobin.fastq.2.gz
Sample being processed G409_Watkins07_AVR_rh3006_B_D7-SIV_RNA1_Lib1_GL104_S69_nohmrRNA_noglobin
Read 1 file /vol08/ngs/Seattle_Genomics/Collaborations/SG_Watkins/Watkins_07_WB/SawatzkiAnalysis/nohmrRNA_noglobin/G409_Watkins07_AVR_rh3006_B_D7-SIV_RNA1_Lib1_GL104_S69_nohmrRNA_noglobin.fastq.1.gz
Read 2 file /vol08/ngs/Seattle_Genomics/Collaborations/SG_Watkins/Watkins_07_WB/SawatzkiAnalysis/nohmrRNA_noglobin/G409_Watkins07_AVR_rh3006_B_D7-SIV_RNA1_Lib1_GL104_S69_nohmrRNA_noglobin.fastq.2.gz
Sample being processed G410_Watkins07_AVR_rh3006_B_D10-SIV_RNA1_Lib1_GL102_S20_nohmrRNA_noglobin
Read 1 file /vol08/ngs/Seattle_Genomics/Collaborations/SG_Watkins/Watkins_07_WB/SawatzkiAnalysis/nohmrRNA_noglobin/G410_Watkins07_AVR_rh3006_B_D10-SIV_RNA1_Lib1_GL102_S20_nohmrRNA_noglobin.fastq.1.gz
Read 2 file /vol08/ngs/Seattle_Genomics/Collaborations/SG_Watkins/Watkins_07_WB/SawatzkiAnalysis/nohmrRNA_noglobin/G410_Watkins07_AVR_rh3006_B_D10-SIV_RNA1_Lib1_GL102_S20_nohmrRNA_noglobin.fastq.2.gz
Counter variable 135
Sample being processed G411_Watkins07_AVR_rh3006_B_D14-SIV_RNA2_Lib1_GL104_S84_nohmrRNA_noglobin
Read 1 file /vol08/ngs/Seattle_Genomics/Collaborations/SG_Watkins/Watkins_07_WB/SawatzkiAnalysis/nohmrRNA_noglobin/G411_Watkins07_AVR_rh3006_B_D14-SIV_RNA2_Lib1_GL104_S84_nohmrRNA_noglobin.fastq.1.gz
Read 2 file /vol08/ngs/Seattle_Genomics/Collaborations/SG_Watkins/Watkins_07_WB/SawatzkiAnalysis/nohmrRNA_noglobin/G411_Watkins07_AVR_rh3006_B_D14-SIV_RNA2_Lib1_GL104_S84_nohmrRNA_noglobin.fastq.2.gz
Sample being processed G412_Watkins07_AVR_rh3011_B_D0-SIV_RNA2_Lib2_GL105_S78_nohmrRNA_noglobin
Read 1 file /vol08/ngs/Seattle_Genomics/Collaborations/SG_Watkins/Watkins_07_WB/SawatzkiAnalysis/nohmrRNA_noglobin/G412_Watkins07_AVR_rh3011_B_D0-SIV_RNA2_Lib2_GL105_S78_nohmrRNA_noglobin.fastq.1.gz
Read 2 file /vol08/ngs/Seattle_Genomics/Collaborations/SG_Watkins/Watkins_07_WB/SawatzkiAnalysis/nohmrRNA_noglobin/G412_Watkins07_AVR_rh3011_B_D0-SIV_RNA2_Lib2_GL105_S78_nohmrRNA_noglobin.fastq.2.gz
Sample being processed G413_Watkins07_AVR_rh3011_B_D3-SIV_RNA1_Lib1_GL102_S93_nohmrRNA_noglobin
Read 1 file /vol08/ngs/Seattle_Genomics/Collaborations/SG_Watkins/Watkins_07_WB/SawatzkiAnalysis/nohmrRNA_noglobin/G413_Watkins07_AVR_rh3011_B_D3-SIV_RNA1_Lib1_GL102_S93_nohmrRNA_noglobin.fastq.1.gz
Read 2 file /vol08/ngs/Seattle_Genomics/Collaborations/SG_Watkins/Watkins_07_WB/SawatzkiAnalysis/nohmrRNA_noglobin/G413_Watkins07_AVR_rh3011_B_D3-SIV_RNA1_Lib1_GL102_S93_nohmrRNA_noglobin.fastq.2.gz
Counter variable 138
Sample being processed G414_Watkins07_AVR_rh3011_B_D7-SIV_RNA1_Lib1_GL102_S44_nohmrRNA_noglobin
Read 1 file /vol08/ngs/Seattle_Genomics/Collaborations/SG_Watkins/Watkins_07_WB/SawatzkiAnalysis/nohmrRNA_noglobin/G414_Watkins07_AVR_rh3011_B_D7-SIV_RNA1_Lib1_GL102_S44_nohmrRNA_noglobin.fastq.1.gz
Read 2 file /vol08/ngs/Seattle_Genomics/Collaborations/SG_Watkins/Watkins_07_WB/SawatzkiAnalysis/nohmrRNA_noglobin/G414_Watkins07_AVR_rh3011_B_D7-SIV_RNA1_Lib1_GL102_S44_nohmrRNA_noglobin.fastq.2.gz
Sample being processed G415_Watkins07_AVR_rh3011_B_D10-SIV_RNA1_Lib1_GL104_S26_nohmrRNA_noglobin
Read 1 file /vol08/ngs/Seattle_Genomics/Collaborations/SG_Watkins/Watkins_07_WB/SawatzkiAnalysis/nohmrRNA_noglobin/G415_Watkins07_AVR_rh3011_B_D10-SIV_RNA1_Lib1_GL104_S26_nohmrRNA_noglobin.fastq.1.gz
Read 2 file /vol08/ngs/Seattle_Genomics/Collaborations/SG_Watkins/Watkins_07_WB/SawatzkiAnalysis/nohmrRNA_noglobin/G415_Watkins07_AVR_rh3011_B_D10-SIV_RNA1_Lib1_GL104_S26_nohmrRNA_noglobin.fastq.2.gz
Sample being processed G416_Watkins07_AVR_rh3011_B_D14-SIV_RNA1_Lib1_GL104_S90_nohmrRNA_noglobin
Read 1 file /vol08/ngs/Seattle_Genomics/Collaborations/SG_Watkins/Watkins_07_WB/SawatzkiAnalysis/nohmrRNA_noglobin/G416_Watkins07_AVR_rh3011_B_D14-SIV_RNA1_Lib1_GL104_S90_nohmrRNA_noglobin.fastq.1.gz
Read 2 file /vol08/ngs/Seattle_Genomics/Collaborations/SG_Watkins/Watkins_07_WB/SawatzkiAnalysis/nohmrRNA_noglobin/G416_Watkins07_AVR_rh3011_B_D14-SIV_RNA1_Lib1_GL104_S90_nohmrRNA_noglobin.fastq.2.gz
Counter variable 141
Sample being processed G417_Watkins07_Unvax_rh3013_B_D0-SIV_RNA1_Lib1_GL105_S66_nohmrRNA_noglobin
Read 1 file /vol08/ngs/Seattle_Genomics/Collaborations/SG_Watkins/Watkins_07_WB/SawatzkiAnalysis/nohmrRNA_noglobin/G417_Watkins07_Unvax_rh3013_B_D0-SIV_RNA1_Lib1_GL105_S66_nohmrRNA_noglobin.fastq.1.gz
Read 2 file /vol08/ngs/Seattle_Genomics/Collaborations/SG_Watkins/Watkins_07_WB/SawatzkiAnalysis/nohmrRNA_noglobin/G417_Watkins07_Unvax_rh3013_B_D0-SIV_RNA1_Lib1_GL105_S66_nohmrRNA_noglobin.fastq.2.gz
Sample being processed G419_Watkins07_Unvax_rh3013_B_D7-SIV_RNA1_Lib1_GL104_S37_nohmrRNA_noglobin
Read 1 file /vol08/ngs/Seattle_Genomics/Collaborations/SG_Watkins/Watkins_07_WB/SawatzkiAnalysis/nohmrRNA_noglobin/G419_Watkins07_Unvax_rh3013_B_D7-SIV_RNA1_Lib1_GL104_S37_nohmrRNA_noglobin.fastq.1.gz
Read 2 file /vol08/ngs/Seattle_Genomics/Collaborations/SG_Watkins/Watkins_07_WB/SawatzkiAnalysis/nohmrRNA_noglobin/G419_Watkins07_Unvax_rh3013_B_D7-SIV_RNA1_Lib1_GL104_S37_nohmrRNA_noglobin.fastq.2.gz
Sample being processed G420_Watkins07_Unvax_rh3013_B_D10-SIV_RNA1_Lib1_GL104_S14_nohmrRNA_noglobin
Read 1 file /vol08/ngs/Seattle_Genomics/Collaborations/SG_Watkins/Watkins_07_WB/SawatzkiAnalysis/nohmrRNA_noglobin/G420_Watkins07_Unvax_rh3013_B_D10-SIV_RNA1_Lib1_GL104_S14_nohmrRNA_noglobin.fastq.1.gz
Read 2 file /vol08/ngs/Seattle_Genomics/Collaborations/SG_Watkins/Watkins_07_WB/SawatzkiAnalysis/nohmrRNA_noglobin/G420_Watkins07_Unvax_rh3013_B_D10-SIV_RNA1_Lib1_GL104_S14_nohmrRNA_noglobin.fastq.2.gz
Counter variable 144
Sample being processed G421_Watkins07_Unvax_rh3013_B_D14-SIV_RNA1_Lib1_GL104_S7_nohmrRNA_noglobin
Read 1 file /vol08/ngs/Seattle_Genomics/Collaborations/SG_Watkins/Watkins_07_WB/SawatzkiAnalysis/nohmrRNA_noglobin/G421_Watkins07_Unvax_rh3013_B_D14-SIV_RNA1_Lib1_GL104_S7_nohmrRNA_noglobin.fastq.1.gz
Read 2 file /vol08/ngs/Seattle_Genomics/Collaborations/SG_Watkins/Watkins_07_WB/SawatzkiAnalysis/nohmrRNA_noglobin/G421_Watkins07_Unvax_rh3013_B_D14-SIV_RNA1_Lib1_GL104_S7_nohmrRNA_noglobin.fastq.2.gz
Sample being processed G422_Watkins07_AVR_rh3032_B_D7-SIV_RNA1_Lib1_GL104_S16_nohmrRNA_noglobin
Read 1 file /vol08/ngs/Seattle_Genomics/Collaborations/SG_Watkins/Watkins_07_WB/SawatzkiAnalysis/nohmrRNA_noglobin/G422_Watkins07_AVR_rh3032_B_D7-SIV_RNA1_Lib1_GL104_S16_nohmrRNA_noglobin.fastq.1.gz
Read 2 file /vol08/ngs/Seattle_Genomics/Collaborations/SG_Watkins/Watkins_07_WB/SawatzkiAnalysis/nohmrRNA_noglobin/G422_Watkins07_AVR_rh3032_B_D7-SIV_RNA1_Lib1_GL104_S16_nohmrRNA_noglobin.fastq.2.gz
Sample being processed G423_Watkins07_AVR_rh3032_B_D10-SIV_RNA1_Lib1_GL102_S19_nohmrRNA_noglobin
Read 1 file /vol08/ngs/Seattle_Genomics/Collaborations/SG_Watkins/Watkins_07_WB/SawatzkiAnalysis/nohmrRNA_noglobin/G423_Watkins07_AVR_rh3032_B_D10-SIV_RNA1_Lib1_GL102_S19_nohmrRNA_noglobin.fastq.1.gz
Read 2 file /vol08/ngs/Seattle_Genomics/Collaborations/SG_Watkins/Watkins_07_WB/SawatzkiAnalysis/nohmrRNA_noglobin/G423_Watkins07_AVR_rh3032_B_D10-SIV_RNA1_Lib1_GL102_S19_nohmrRNA_noglobin.fastq.2.gz
Counter variable 147
Sample being processed G424_Watkins07_AVR_rh3032_B_D14-SIV_RNA1_Lib1_GL102_S85_nohmrRNA_noglobin
Read 1 file /vol08/ngs/Seattle_Genomics/Collaborations/SG_Watkins/Watkins_07_WB/SawatzkiAnalysis/nohmrRNA_noglobin/G424_Watkins07_AVR_rh3032_B_D14-SIV_RNA1_Lib1_GL102_S85_nohmrRNA_noglobin.fastq.1.gz
Read 2 file /vol08/ngs/Seattle_Genomics/Collaborations/SG_Watkins/Watkins_07_WB/SawatzkiAnalysis/nohmrRNA_noglobin/G424_Watkins07_AVR_rh3032_B_D14-SIV_RNA1_Lib1_GL102_S85_nohmrRNA_noglobin.fastq.2.gz
Sample being processed G425_Watkins07_AVR_rh3032_B_D7-SIV_RNA1_Lib2_GL105_S93_nohmrRNA_noglobin
Read 1 file /vol08/ngs/Seattle_Genomics/Collaborations/SG_Watkins/Watkins_07_WB/SawatzkiAnalysis/nohmrRNA_noglobin/G425_Watkins07_AVR_rh3032_B_D7-SIV_RNA1_Lib2_GL105_S93_nohmrRNA_noglobin.fastq.1.gz
Read 2 file /vol08/ngs/Seattle_Genomics/Collaborations/SG_Watkins/Watkins_07_WB/SawatzkiAnalysis/nohmrRNA_noglobin/G425_Watkins07_AVR_rh3032_B_D7-SIV_RNA1_Lib2_GL105_S93_nohmrRNA_noglobin.fastq.2.gz
Sample being processed G426_Watkins07_AVR_rh3033_B_D10-SIV_RNA1_Lib1_GL102_S88_nohmrRNA_noglobin
Read 1 file /vol08/ngs/Seattle_Genomics/Collaborations/SG_Watkins/Watkins_07_WB/SawatzkiAnalysis/nohmrRNA_noglobin/G426_Watkins07_AVR_rh3033_B_D10-SIV_RNA1_Lib1_GL102_S88_nohmrRNA_noglobin.fastq.1.gz
Read 2 file /vol08/ngs/Seattle_Genomics/Collaborations/SG_Watkins/Watkins_07_WB/SawatzkiAnalysis/nohmrRNA_noglobin/G426_Watkins07_AVR_rh3033_B_D10-SIV_RNA1_Lib1_GL102_S88_nohmrRNA_noglobin.fastq.2.gz
Counter variable 150
Sample being processed G427_Watkins07_AVR_rh3033_B_D14-SIV_RNA1_Lib1_GL104_S4_nohmrRNA_noglobin
Read 1 file /vol08/ngs/Seattle_Genomics/Collaborations/SG_Watkins/Watkins_07_WB/SawatzkiAnalysis/nohmrRNA_noglobin/G427_Watkins07_AVR_rh3033_B_D14-SIV_RNA1_Lib1_GL104_S4_nohmrRNA_noglobin.fastq.1.gz
Read 2 file /vol08/ngs/Seattle_Genomics/Collaborations/SG_Watkins/Watkins_07_WB/SawatzkiAnalysis/nohmrRNA_noglobin/G427_Watkins07_AVR_rh3033_B_D14-SIV_RNA1_Lib1_GL104_S4_nohmrRNA_noglobin.fastq.2.gz
Sample being processed G428_Watkins07_AVR_rh3036_B_D0-SIV_RNA1_Lib1_GL102_S36_nohmrRNA_noglobin
Read 1 file /vol08/ngs/Seattle_Genomics/Collaborations/SG_Watkins/Watkins_07_WB/SawatzkiAnalysis/nohmrRNA_noglobin/G428_Watkins07_AVR_rh3036_B_D0-SIV_RNA1_Lib1_GL102_S36_nohmrRNA_noglobin.fastq.1.gz
Read 2 file /vol08/ngs/Seattle_Genomics/Collaborations/SG_Watkins/Watkins_07_WB/SawatzkiAnalysis/nohmrRNA_noglobin/G428_Watkins07_AVR_rh3036_B_D0-SIV_RNA1_Lib1_GL102_S36_nohmrRNA_noglobin.fastq.2.gz
Sample being processed G429_Watkins07_AVR_rh3036_B_D3-SIV_RNA1_Lib1_GL102_S98_nohmrRNA_noglobin
Read 1 file /vol08/ngs/Seattle_Genomics/Collaborations/SG_Watkins/Watkins_07_WB/SawatzkiAnalysis/nohmrRNA_noglobin/G429_Watkins07_AVR_rh3036_B_D3-SIV_RNA1_Lib1_GL102_S98_nohmrRNA_noglobin.fastq.1.gz
Read 2 file /vol08/ngs/Seattle_Genomics/Collaborations/SG_Watkins/Watkins_07_WB/SawatzkiAnalysis/nohmrRNA_noglobin/G429_Watkins07_AVR_rh3036_B_D3-SIV_RNA1_Lib1_GL102_S98_nohmrRNA_noglobin.fastq.2.gz
Counter variable 153
Sample being processed G430_Watkins07_AVR_rh3036_B_D7-SIV_RNA1_Lib1_GL102_S67_nohmrRNA_noglobin
Read 1 file /vol08/ngs/Seattle_Genomics/Collaborations/SG_Watkins/Watkins_07_WB/SawatzkiAnalysis/nohmrRNA_noglobin/G430_Watkins07_AVR_rh3036_B_D7-SIV_RNA1_Lib1_GL102_S67_nohmrRNA_noglobin.fastq.1.gz
Read 2 file /vol08/ngs/Seattle_Genomics/Collaborations/SG_Watkins/Watkins_07_WB/SawatzkiAnalysis/nohmrRNA_noglobin/G430_Watkins07_AVR_rh3036_B_D7-SIV_RNA1_Lib1_GL102_S67_nohmrRNA_noglobin.fastq.2.gz
Sample being processed G431_Watkins07_AVR_rh3036_B_D10-SIV_RNA1_Lib1_GL102_S35_nohmrRNA_noglobin
Read 1 file /vol08/ngs/Seattle_Genomics/Collaborations/SG_Watkins/Watkins_07_WB/SawatzkiAnalysis/nohmrRNA_noglobin/G431_Watkins07_AVR_rh3036_B_D10-SIV_RNA1_Lib1_GL102_S35_nohmrRNA_noglobin.fastq.1.gz
Read 2 file /vol08/ngs/Seattle_Genomics/Collaborations/SG_Watkins/Watkins_07_WB/SawatzkiAnalysis/nohmrRNA_noglobin/G431_Watkins07_AVR_rh3036_B_D10-SIV_RNA1_Lib1_GL102_S35_nohmrRNA_noglobin.fastq.2.gz
Sample being processed G432_Watkins07_AVR_rh3036_B_D14-SIV_RNA1_Lib1_GL104_S41_nohmrRNA_noglobin
Read 1 file /vol08/ngs/Seattle_Genomics/Collaborations/SG_Watkins/Watkins_07_WB/SawatzkiAnalysis/nohmrRNA_noglobin/G432_Watkins07_AVR_rh3036_B_D14-SIV_RNA1_Lib1_GL104_S41_nohmrRNA_noglobin.fastq.1.gz
Read 2 file /vol08/ngs/Seattle_Genomics/Collaborations/SG_Watkins/Watkins_07_WB/SawatzkiAnalysis/nohmrRNA_noglobin/G432_Watkins07_AVR_rh3036_B_D14-SIV_RNA1_Lib1_GL104_S41_nohmrRNA_noglobin.fastq.2.gz
Counter variable 156
Sample being processed G433_Watkins07_AVR_rh3037_B_D0-SIV_RNA1_Lib1_GL102_S92_nohmrRNA_noglobin
Read 1 file /vol08/ngs/Seattle_Genomics/Collaborations/SG_Watkins/Watkins_07_WB/SawatzkiAnalysis/nohmrRNA_noglobin/G433_Watkins07_AVR_rh3037_B_D0-SIV_RNA1_Lib1_GL102_S92_nohmrRNA_noglobin.fastq.1.gz
Read 2 file /vol08/ngs/Seattle_Genomics/Collaborations/SG_Watkins/Watkins_07_WB/SawatzkiAnalysis/nohmrRNA_noglobin/G433_Watkins07_AVR_rh3037_B_D0-SIV_RNA1_Lib1_GL102_S92_nohmrRNA_noglobin.fastq.2.gz
Sample being processed G434_Watkins07_AVR_rh3037_B_D3-SIV_RNA1_Lib1_GL105_S58_nohmrRNA_noglobin
Read 1 file /vol08/ngs/Seattle_Genomics/Collaborations/SG_Watkins/Watkins_07_WB/SawatzkiAnalysis/nohmrRNA_noglobin/G434_Watkins07_AVR_rh3037_B_D3-SIV_RNA1_Lib1_GL105_S58_nohmrRNA_noglobin.fastq.1.gz
Read 2 file /vol08/ngs/Seattle_Genomics/Collaborations/SG_Watkins/Watkins_07_WB/SawatzkiAnalysis/nohmrRNA_noglobin/G434_Watkins07_AVR_rh3037_B_D3-SIV_RNA1_Lib1_GL105_S58_nohmrRNA_noglobin.fastq.2.gz
Sample being processed G435_Watkins07_AVR_rh3037_B_D7-SIV_RNA1_Lib1_GL104_S58_nohmrRNA_noglobin
Read 1 file /vol08/ngs/Seattle_Genomics/Collaborations/SG_Watkins/Watkins_07_WB/SawatzkiAnalysis/nohmrRNA_noglobin/G435_Watkins07_AVR_rh3037_B_D7-SIV_RNA1_Lib1_GL104_S58_nohmrRNA_noglobin.fastq.1.gz
Read 2 file /vol08/ngs/Seattle_Genomics/Collaborations/SG_Watkins/Watkins_07_WB/SawatzkiAnalysis/nohmrRNA_noglobin/G435_Watkins07_AVR_rh3037_B_D7-SIV_RNA1_Lib1_GL104_S58_nohmrRNA_noglobin.fastq.2.gz
Counter variable 159
Sample being processed G436_Watkins07_AVR_rh3037_B_D10-SIV_RNA1_Lib1_GL104_S88_nohmrRNA_noglobin
Read 1 file /vol08/ngs/Seattle_Genomics/Collaborations/SG_Watkins/Watkins_07_WB/SawatzkiAnalysis/nohmrRNA_noglobin/G436_Watkins07_AVR_rh3037_B_D10-SIV_RNA1_Lib1_GL104_S88_nohmrRNA_noglobin.fastq.1.gz
Read 2 file /vol08/ngs/Seattle_Genomics/Collaborations/SG_Watkins/Watkins_07_WB/SawatzkiAnalysis/nohmrRNA_noglobin/G436_Watkins07_AVR_rh3037_B_D10-SIV_RNA1_Lib1_GL104_S88_nohmrRNA_noglobin.fastq.2.gz
Sample being processed G437_Watkins07_AVR_rh3037_B_D14-SIV_RNA1_Lib1_GL102_S30_nohmrRNA_noglobin
Read 1 file /vol08/ngs/Seattle_Genomics/Collaborations/SG_Watkins/Watkins_07_WB/SawatzkiAnalysis/nohmrRNA_noglobin/G437_Watkins07_AVR_rh3037_B_D14-SIV_RNA1_Lib1_GL102_S30_nohmrRNA_noglobin.fastq.1.gz
Read 2 file /vol08/ngs/Seattle_Genomics/Collaborations/SG_Watkins/Watkins_07_WB/SawatzkiAnalysis/nohmrRNA_noglobin/G437_Watkins07_AVR_rh3037_B_D14-SIV_RNA1_Lib1_GL102_S30_nohmrRNA_noglobin.fastq.2.gz
Sample being processed G438_Watkins07_AVR_rh3045_B_D0-SIV_RNA1_Lib1_GL105_S84_nohmrRNA_noglobin
Read 1 file /vol08/ngs/Seattle_Genomics/Collaborations/SG_Watkins/Watkins_07_WB/SawatzkiAnalysis/nohmrRNA_noglobin/G438_Watkins07_AVR_rh3045_B_D0-SIV_RNA1_Lib1_GL105_S84_nohmrRNA_noglobin.fastq.1.gz
Read 2 file /vol08/ngs/Seattle_Genomics/Collaborations/SG_Watkins/Watkins_07_WB/SawatzkiAnalysis/nohmrRNA_noglobin/G438_Watkins07_AVR_rh3045_B_D0-SIV_RNA1_Lib1_GL105_S84_nohmrRNA_noglobin.fastq.2.gz
Counter variable 162
Sample being processed G439_Watkins07_AVR_rh3045_B_D3-SIV_RNA1_Lib1_GL102_S45_nohmrRNA_noglobin
Read 1 file /vol08/ngs/Seattle_Genomics/Collaborations/SG_Watkins/Watkins_07_WB/SawatzkiAnalysis/nohmrRNA_noglobin/G439_Watkins07_AVR_rh3045_B_D3-SIV_RNA1_Lib1_GL102_S45_nohmrRNA_noglobin.fastq.1.gz
Read 2 file /vol08/ngs/Seattle_Genomics/Collaborations/SG_Watkins/Watkins_07_WB/SawatzkiAnalysis/nohmrRNA_noglobin/G439_Watkins07_AVR_rh3045_B_D3-SIV_RNA1_Lib1_GL102_S45_nohmrRNA_noglobin.fastq.2.gz
Sample being processed G440_Watkins07_AVR_rh3045_B_D7-SIV_RNA1_Lib1_GL104_S12_nohmrRNA_noglobin
Read 1 file /vol08/ngs/Seattle_Genomics/Collaborations/SG_Watkins/Watkins_07_WB/SawatzkiAnalysis/nohmrRNA_noglobin/G440_Watkins07_AVR_rh3045_B_D7-SIV_RNA1_Lib1_GL104_S12_nohmrRNA_noglobin.fastq.1.gz
Read 2 file /vol08/ngs/Seattle_Genomics/Collaborations/SG_Watkins/Watkins_07_WB/SawatzkiAnalysis/nohmrRNA_noglobin/G440_Watkins07_AVR_rh3045_B_D7-SIV_RNA1_Lib1_GL104_S12_nohmrRNA_noglobin.fastq.2.gz
Sample being processed G441_Watkins07_AVR_rh3045_B_D10-SIV_RNA1_Lib1_GL102_S24_nohmrRNA_noglobin
Read 1 file /vol08/ngs/Seattle_Genomics/Collaborations/SG_Watkins/Watkins_07_WB/SawatzkiAnalysis/nohmrRNA_noglobin/G441_Watkins07_AVR_rh3045_B_D10-SIV_RNA1_Lib1_GL102_S24_nohmrRNA_noglobin.fastq.1.gz
Read 2 file /vol08/ngs/Seattle_Genomics/Collaborations/SG_Watkins/Watkins_07_WB/SawatzkiAnalysis/nohmrRNA_noglobin/G441_Watkins07_AVR_rh3045_B_D10-SIV_RNA1_Lib1_GL102_S24_nohmrRNA_noglobin.fastq.2.gz
Counter variable 165
Sample being processed G442_Watkins07_AVR_rh3045_B_D14-SIV_RNA1_Lib1_GL102_S10_nohmrRNA_noglobin
Read 1 file /vol08/ngs/Seattle_Genomics/Collaborations/SG_Watkins/Watkins_07_WB/SawatzkiAnalysis/nohmrRNA_noglobin/G442_Watkins07_AVR_rh3045_B_D14-SIV_RNA1_Lib1_GL102_S10_nohmrRNA_noglobin.fastq.1.gz
Read 2 file /vol08/ngs/Seattle_Genomics/Collaborations/SG_Watkins/Watkins_07_WB/SawatzkiAnalysis/nohmrRNA_noglobin/G442_Watkins07_AVR_rh3045_B_D14-SIV_RNA1_Lib1_GL102_S10_nohmrRNA_noglobin.fastq.2.gz
Sample being processed G443_Watkins07_AVR_rh3048_B_D0-SIV_RNA1_Lib1_GL102_S91_nohmrRNA_noglobin
Read 1 file /vol08/ngs/Seattle_Genomics/Collaborations/SG_Watkins/Watkins_07_WB/SawatzkiAnalysis/nohmrRNA_noglobin/G443_Watkins07_AVR_rh3048_B_D0-SIV_RNA1_Lib1_GL102_S91_nohmrRNA_noglobin.fastq.1.gz
Read 2 file /vol08/ngs/Seattle_Genomics/Collaborations/SG_Watkins/Watkins_07_WB/SawatzkiAnalysis/nohmrRNA_noglobin/G443_Watkins07_AVR_rh3048_B_D0-SIV_RNA1_Lib1_GL102_S91_nohmrRNA_noglobin.fastq.2.gz
Sample being processed G444_Watkins07_AVR_rh3048_B_D3-SIV_RNA1_Lib1_GL104_S56_nohmrRNA_noglobin
Read 1 file /vol08/ngs/Seattle_Genomics/Collaborations/SG_Watkins/Watkins_07_WB/SawatzkiAnalysis/nohmrRNA_noglobin/G444_Watkins07_AVR_rh3048_B_D3-SIV_RNA1_Lib1_GL104_S56_nohmrRNA_noglobin.fastq.1.gz
Read 2 file /vol08/ngs/Seattle_Genomics/Collaborations/SG_Watkins/Watkins_07_WB/SawatzkiAnalysis/nohmrRNA_noglobin/G444_Watkins07_AVR_rh3048_B_D3-SIV_RNA1_Lib1_GL104_S56_nohmrRNA_noglobin.fastq.2.gz
Counter variable 168
Sample being processed G445_Watkins07_AVR_rh3048_B_D7-SIV_RNA1_Lib1_GL105_S88_nohmrRNA_noglobin
Read 1 file /vol08/ngs/Seattle_Genomics/Collaborations/SG_Watkins/Watkins_07_WB/SawatzkiAnalysis/nohmrRNA_noglobin/G445_Watkins07_AVR_rh3048_B_D7-SIV_RNA1_Lib1_GL105_S88_nohmrRNA_noglobin.fastq.1.gz
Read 2 file /vol08/ngs/Seattle_Genomics/Collaborations/SG_Watkins/Watkins_07_WB/SawatzkiAnalysis/nohmrRNA_noglobin/G445_Watkins07_AVR_rh3048_B_D7-SIV_RNA1_Lib1_GL105_S88_nohmrRNA_noglobin.fastq.2.gz
Sample being processed G446_Watkins07_AVR_rh3048_B_D10-SIV_RNA1_Lib1_GL104_S97_nohmrRNA_noglobin
Read 1 file /vol08/ngs/Seattle_Genomics/Collaborations/SG_Watkins/Watkins_07_WB/SawatzkiAnalysis/nohmrRNA_noglobin/G446_Watkins07_AVR_rh3048_B_D10-SIV_RNA1_Lib1_GL104_S97_nohmrRNA_noglobin.fastq.1.gz
Read 2 file /vol08/ngs/Seattle_Genomics/Collaborations/SG_Watkins/Watkins_07_WB/SawatzkiAnalysis/nohmrRNA_noglobin/G446_Watkins07_AVR_rh3048_B_D10-SIV_RNA1_Lib1_GL104_S97_nohmrRNA_noglobin.fastq.2.gz
Sample being processed G447_Watkins07_AVR_rh3048_B_D14-SIV_RNA1_Lib1_GL104_S18_nohmrRNA_noglobin
Read 1 file /vol08/ngs/Seattle_Genomics/Collaborations/SG_Watkins/Watkins_07_WB/SawatzkiAnalysis/nohmrRNA_noglobin/G447_Watkins07_AVR_rh3048_B_D14-SIV_RNA1_Lib1_GL104_S18_nohmrRNA_noglobin.fastq.1.gz
Read 2 file /vol08/ngs/Seattle_Genomics/Collaborations/SG_Watkins/Watkins_07_WB/SawatzkiAnalysis/nohmrRNA_noglobin/G447_Watkins07_AVR_rh3048_B_D14-SIV_RNA1_Lib1_GL104_S18_nohmrRNA_noglobin.fastq.2.gz
Counter variable 171
Sample being processed G448_Watkins07_AVR_rh3053_B_D-7-SIV_RNA1_Lib1_GL104_S35_nohmrRNA_noglobin
Read 1 file /vol08/ngs/Seattle_Genomics/Collaborations/SG_Watkins/Watkins_07_WB/SawatzkiAnalysis/nohmrRNA_noglobin/G448_Watkins07_AVR_rh3053_B_D-7-SIV_RNA1_Lib1_GL104_S35_nohmrRNA_noglobin.fastq.1.gz
Read 2 file /vol08/ngs/Seattle_Genomics/Collaborations/SG_Watkins/Watkins_07_WB/SawatzkiAnalysis/nohmrRNA_noglobin/G448_Watkins07_AVR_rh3053_B_D-7-SIV_RNA1_Lib1_GL104_S35_nohmrRNA_noglobin.fastq.2.gz
Sample being processed G449_Watkins07_AVR_rh3053_B_D3-SIV_RNA1_Lib1_GL104_S75_nohmrRNA_noglobin
Read 1 file /vol08/ngs/Seattle_Genomics/Collaborations/SG_Watkins/Watkins_07_WB/SawatzkiAnalysis/nohmrRNA_noglobin/G449_Watkins07_AVR_rh3053_B_D3-SIV_RNA1_Lib1_GL104_S75_nohmrRNA_noglobin.fastq.1.gz
Read 2 file /vol08/ngs/Seattle_Genomics/Collaborations/SG_Watkins/Watkins_07_WB/SawatzkiAnalysis/nohmrRNA_noglobin/G449_Watkins07_AVR_rh3053_B_D3-SIV_RNA1_Lib1_GL104_S75_nohmrRNA_noglobin.fastq.2.gz
Sample being processed G450_Watkins07_AVR_rh3053_B_D7-SIV_RNA1_Lib1_GL104_S46_nohmrRNA_noglobin
Read 1 file /vol08/ngs/Seattle_Genomics/Collaborations/SG_Watkins/Watkins_07_WB/SawatzkiAnalysis/nohmrRNA_noglobin/G450_Watkins07_AVR_rh3053_B_D7-SIV_RNA1_Lib1_GL104_S46_nohmrRNA_noglobin.fastq.1.gz
Read 2 file /vol08/ngs/Seattle_Genomics/Collaborations/SG_Watkins/Watkins_07_WB/SawatzkiAnalysis/nohmrRNA_noglobin/G450_Watkins07_AVR_rh3053_B_D7-SIV_RNA1_Lib1_GL104_S46_nohmrRNA_noglobin.fastq.2.gz
Counter variable 174
Sample being processed G451_Watkins07_AVR_rh3053_B_D10-SIV_RNA1_Lib1_GL104_S70_nohmrRNA_noglobin
Read 1 file /vol08/ngs/Seattle_Genomics/Collaborations/SG_Watkins/Watkins_07_WB/SawatzkiAnalysis/nohmrRNA_noglobin/G451_Watkins07_AVR_rh3053_B_D10-SIV_RNA1_Lib1_GL104_S70_nohmrRNA_noglobin.fastq.1.gz
Read 2 file /vol08/ngs/Seattle_Genomics/Collaborations/SG_Watkins/Watkins_07_WB/SawatzkiAnalysis/nohmrRNA_noglobin/G451_Watkins07_AVR_rh3053_B_D10-SIV_RNA1_Lib1_GL104_S70_nohmrRNA_noglobin.fastq.2.gz
Sample being processed G452_Watkins07_AVR_rh3053_B_D14-SIV_RNA1_Lib1_GL105_S91_nohmrRNA_noglobin
Read 1 file /vol08/ngs/Seattle_Genomics/Collaborations/SG_Watkins/Watkins_07_WB/SawatzkiAnalysis/nohmrRNA_noglobin/G452_Watkins07_AVR_rh3053_B_D14-SIV_RNA1_Lib1_GL105_S91_nohmrRNA_noglobin.fastq.1.gz
Read 2 file /vol08/ngs/Seattle_Genomics/Collaborations/SG_Watkins/Watkins_07_WB/SawatzkiAnalysis/nohmrRNA_noglobin/G452_Watkins07_AVR_rh3053_B_D14-SIV_RNA1_Lib1_GL105_S91_nohmrRNA_noglobin.fastq.2.gz
Sample being processed G453_Watkins07_AVR_rh3053_B_D0_RNA1_Lib1_GL104_S27_nohmrRNA_noglobin
Read 1 file /vol08/ngs/Seattle_Genomics/Collaborations/SG_Watkins/Watkins_07_WB/SawatzkiAnalysis/nohmrRNA_noglobin/G453_Watkins07_AVR_rh3053_B_D0_RNA1_Lib1_GL104_S27_nohmrRNA_noglobin.fastq.1.gz
Read 2 file /vol08/ngs/Seattle_Genomics/Collaborations/SG_Watkins/Watkins_07_WB/SawatzkiAnalysis/nohmrRNA_noglobin/G453_Watkins07_AVR_rh3053_B_D0_RNA1_Lib1_GL104_S27_nohmrRNA_noglobin.fastq.2.gz
Counter variable 177
Sample being processed G454_Watkins07_Unvax_rh2995_B_D7_RNA1_Lib1_GL104_S92_nohmrRNA_noglobin
Read 1 file /vol08/ngs/Seattle_Genomics/Collaborations/SG_Watkins/Watkins_07_WB/SawatzkiAnalysis/nohmrRNA_noglobin/G454_Watkins07_Unvax_rh2995_B_D7_RNA1_Lib1_GL104_S92_nohmrRNA_noglobin.fastq.1.gz
Read 2 file /vol08/ngs/Seattle_Genomics/Collaborations/SG_Watkins/Watkins_07_WB/SawatzkiAnalysis/nohmrRNA_noglobin/G454_Watkins07_Unvax_rh2995_B_D7_RNA1_Lib1_GL104_S92_nohmrRNA_noglobin.fastq.2.gz
Sample being processed G455_Watkins07_AVR_rh3033_B_D7-SIV_RNA1_Lib1_GL105_S99_nohmrRNA_noglobin
Read 1 file /vol08/ngs/Seattle_Genomics/Collaborations/SG_Watkins/Watkins_07_WB/SawatzkiAnalysis/nohmrRNA_noglobin/G455_Watkins07_AVR_rh3033_B_D7-SIV_RNA1_Lib1_GL105_S99_nohmrRNA_noglobin.fastq.1.gz
Read 2 file /vol08/ngs/Seattle_Genomics/Collaborations/SG_Watkins/Watkins_07_WB/SawatzkiAnalysis/nohmrRNA_noglobin/G455_Watkins07_AVR_rh3033_B_D7-SIV_RNA1_Lib1_GL105_S99_nohmrRNA_noglobin.fastq.2.gz
	STAR --genomeLoad Remove --genomeDir /vol01/genome/Macaca_mulatta/10.109/STAR_2.7.10b
	STAR version: 2.7.10b_alpha_230301   compiled: 2023-03-01T12:56:50-05:00 :/home/dobin/data/STAR/STARcode/STAR.master/source
Sep 12 03:16:39 ..... started STAR run
Sep 12 03:16:39 ..... loading genome
Sep 12 03:16:42 ..... started mapping
Sep 12 03:16:42 ..... finished mapping
Sep 12 03:16:42 ..... finished successfully
