Number of files: 245
   ../logs/rRNA_globinfilter/G209_Watkins07_AVR_r08014_B_D168_RNA1_Lib1_GL105_S60_rRNA_globinfilter.log
   ../logs/rRNA_globinfilter/G210_Watkins07_AVR_r14065_B_D168_RNA2_Lib1_GL104_S2_rRNA_globinfilter.log
   ../logs/rRNA_globinfilter/G211_Watkins07_AVR_r16007_B_D168_RNA1_Lib1_GL102_S105_rRNA_globinfilter.log
   ../logs/rRNA_globinfilter/G212_Watkins07_AVR_r17017_B_D168_RNA1_Lib1_GL102_S86_rRNA_globinfilter.log
   ../logs/rRNA_globinfilter/G213_Watkins07_AVR_r17115_B_D168_RNA1_Lib1_GL104_S25_rRNA_globinfilter.log
   ../logs/rRNA_globinfilter/G214_Watkins07_AVR_rh2932_B_D168_RNA1_Lib1_GL102_S7_rRNA_globinfilter.log
   ../logs/rRNA_globinfilter/G215_Watkins07_AVR_rh2943_B_D168_RNA1_Lib1_GL104_S42_rRNA_globinfilter.log
   ../logs/rRNA_globinfilter/G216_Watkins07_AVR_rh3006_B_D168_RNA1_Lib1_GL102_S11_rRNA_globinfilter.log
   ../logs/rRNA_globinfilter/G217_Watkins07_AVR_rh3011_B_D168_RNA1_Lib1_GL102_S31_rRNA_globinfilter.log
   ../logs/rRNA_globinfilter/G218_Watkins07_AVR_rh3032_B_D168_RNA1_Lib1_GL102_S62_rRNA_globinfilter.log
   ../logs/rRNA_globinfilter/G219_Watkins07_AVR_rh3033_B_D168_RNA1_Lib1_GL104_S51_rRNA_globinfilter.log
   ../logs/rRNA_globinfilter/G220_Watkins07_AVR_rh3036_B_D168_RNA1_Lib1_GL104_S50_rRNA_globinfilter.log
   ../logs/rRNA_globinfilter/G221_Watkins07_AVR_rh3037_B_D168_RNA1_Lib1_GL105_S57_rRNA_globinfilter.log
   ../logs/rRNA_globinfilter/G222_Watkins07_AVR_rh3045_B_D168_RNA1_Lib1_GL102_S4_rRNA_globinfilter.log
   ../logs/rRNA_globinfilter/G223_Watkins07_AVR_rh3048_B_D168_RNA1_Lib1_GL104_S53_rRNA_globinfilter.log
   ../logs/rRNA_globinfilter/G224_Watkins07_AVR_rh3053_B_D168_RNA1_Lib1_GL104_S23_rRNA_globinfilter.log
   ../logs/rRNA_globinfilter/G225_Watkins07_AVR_r08014_B_D196_RNA1_Lib1_GL104_S96_rRNA_globinfilter.log
   ../logs/rRNA_globinfilter/G226_Watkins07_AVR_r14065_B_D196_RNA1_Lib1_GL104_S102_rRNA_globinfilter.log
   ../logs/rRNA_globinfilter/G227_Watkins07_AVR_r16007_B_D196_RNA1_Lib1_GL102_S77_rRNA_globinfilter.log
   ../logs/rRNA_globinfilter/G228_Watkins07_AVR_r17017_B_D196_RNA1_Lib1_GL105_S70_rRNA_globinfilter.log
   ../logs/rRNA_globinfilter/G229_Watkins07_AVR_r17115_B_D196_RNA1_Lib1_GL104_S105_rRNA_globinfilter.log
   ../logs/rRNA_globinfilter/G230_Watkins07_AVR_rh2932_B_D196_RNA1_Lib1_GL102_S32_rRNA_globinfilter.log
   ../logs/rRNA_globinfilter/G231_Watkins07_AVR_rh2943_B_D196_RNA1_Lib1_GL105_S96_rRNA_globinfilter.log
   ../logs/rRNA_globinfilter/G232_Watkins07_AVR_rh3006_B_D196_RNA1_Lib1_GL105_S79_rRNA_globinfilter.log
   ../logs/rRNA_globinfilter/G233_Watkins07_AVR_rh3011_B_D196_RNA1_Lib1_GL105_S73_rRNA_globinfilter.log
   ../logs/rRNA_globinfilter/G234_Watkins07_AVR_rh3032_B_D196_RNA1_Lib1_GL104_S22_rRNA_globinfilter.log
   ../logs/rRNA_globinfilter/G235_Watkins07_AVR_rh3033_B_D196_RNA1_Lib1_GL104_S85_rRNA_globinfilter.log
   ../logs/rRNA_globinfilter/G236_Watkins07_AVR_rh3036_B_D196_RNA1_Lib1_GL102_S37_rRNA_globinfilter.log
   ../logs/rRNA_globinfilter/G237_Watkins07_AVR_rh3037_B_D196_RNA1_Lib1_GL102_S68_rRNA_globinfilter.log
   ../logs/rRNA_globinfilter/G238_Watkins07_AVR_rh3045_B_D196_RNA1_Lib1_GL104_S91_rRNA_globinfilter.log
   ../logs/rRNA_globinfilter/G239_Watkins07_AVR_rh3048_B_D196_RNA1_Lib1_GL102_S79_rRNA_globinfilter.log
   ../logs/rRNA_globinfilter/G240_Watkins07_AVR_rh3053_B_D196_RNA1_Lib1_GL102_S18_rRNA_globinfilter.log
   ../logs/rRNA_globinfilter/G241_Watkins07_AVR_r08014_B_D224_RNA1_Lib1_GL105_S98_rRNA_globinfilter.log
   ../logs/rRNA_globinfilter/G242_Watkins07_AVR_r14065_B_D224_RNA1_Lib1_GL102_S54_rRNA_globinfilter.log
   ../logs/rRNA_globinfilter/G243_Watkins07_AVR_r16007_B_D224_RNA1_Lib1_GL102_S33_rRNA_globinfilter.log
   ../logs/rRNA_globinfilter/G244_Watkins07_AVR_r17017_B_D224_RNA2_Lib1_GL102_S100_rRNA_globinfilter.log
   ../logs/rRNA_globinfilter/G245_Watkins07_AVR_r17115_B_D224_RNA1_Lib1_GL102_S59_rRNA_globinfilter.log
   ../logs/rRNA_globinfilter/G246_Watkins07_AVR_rh2932_B_D224_RNA1_Lib1_GL102_S2_rRNA_globinfilter.log
   ../logs/rRNA_globinfilter/G247_Watkins07_AVR_rh2943_B_D224_RNA1_Lib1_GL104_S82_rRNA_globinfilter.log
   ../logs/rRNA_globinfilter/G248_Watkins07_AVR_rh3006_B_D224_RNA1_Lib1_GL102_S22_rRNA_globinfilter.log
   ../logs/rRNA_globinfilter/G249_Watkins07_AVR_rh3011_B_D224_RNA1_Lib1_GL102_S53_rRNA_globinfilter.log
   ../logs/rRNA_globinfilter/G250_Watkins07_AVR_rh3032_B_D224_RNA1_Lib1_GL102_S84_rRNA_globinfilter.log
   ../logs/rRNA_globinfilter/G251_Watkins07_AVR_rh3033_B_D224_RNA1_Lib1_GL102_S72_rRNA_globinfilter.log
   ../logs/rRNA_globinfilter/G252_Watkins07_AVR_rh3036_B_D224_RNA1_Lib1_GL104_S3_rRNA_globinfilter.log
   ../logs/rRNA_globinfilter/G253_Watkins07_AVR_rh3037_B_D224_RNA1_Lib1_GL104_S5_rRNA_globinfilter.log
   ../logs/rRNA_globinfilter/G254_Watkins07_AVR_rh3045_B_D224_RNA1_Lib1_GL102_S52_rRNA_globinfilter.log
   ../logs/rRNA_globinfilter/G255_Watkins07_AVR_rh3048_B_D224_RNA1_Lib1_GL102_S23_rRNA_globinfilter.log
   ../logs/rRNA_globinfilter/G256_Watkins07_AVR_rh3053_B_D224_RNA1_Lib1_GL102_S12_rRNA_globinfilter.log
   ../logs/rRNA_globinfilter/G257_Watkins07_AVR_r08014_B_D0-SIV_RNA1_Lib1_GL105_S85_rRNA_globinfilter.log
   ../logs/rRNA_globinfilter/G258_Watkins07_Unvax_r15058_B_D0-SIV_RNA1_Lib1_GL104_S74_rRNA_globinfilter.log
   ../logs/rRNA_globinfilter/G259_Watkins07_Unvax_r16003_B_D0-SIV_RNA1_Lib1_GL104_S94_rRNA_globinfilter.log
   ../logs/rRNA_globinfilter/G260_Watkins07_AVR_r08014_B_D3-SIV_RNA1_Lib1_GL104_S10_rRNA_globinfilter.log
   ../logs/rRNA_globinfilter/G261_Watkins07_Unvax_r15058_B_D3-SIV_RNA1_Lib1_GL104_S45_rRNA_globinfilter.log
   ../logs/rRNA_globinfilter/G262_Watkins07_Unvax_r16003_B_D3-SIV_RNA1_Lib1_GL105_S72_rRNA_globinfilter.log
   ../logs/rRNA_globinfilter/G263_Watkins07_AVR_r08014_B_D7-SIV_RNA1_Lib1_GL105_S56_rRNA_globinfilter.log
   ../logs/rRNA_globinfilter/G264_Watkins07_Unvax_r15058_B_D7-SIV_RNA1_Lib1_GL104_S71_rRNA_globinfilter.log
   ../logs/rRNA_globinfilter/G265_Watkins07_Unvax_r16003_B_D7-SIV_RNA1_Lib1_GL104_S24_rRNA_globinfilter.log
   ../logs/rRNA_globinfilter/G266_Watkins07_Unvax_r17103_B_D0-SIV_RNA1_Lib1_GL102_S97_rRNA_globinfilter.log
   ../logs/rRNA_globinfilter/G267_Watkins07_Unvax_r18067_B_D0-SIV_RNA1_Lib1_GL102_S1_rRNA_globinfilter.log
   ../logs/rRNA_globinfilter/G268_Watkins07_AVR_r08014_B_D10-SIV_RNA1_Lib1_GL105_S87_rRNA_globinfilter.log
   ../logs/rRNA_globinfilter/G269_Watkins07_Unvax_r15058_B_D10-SIV_RNA1_Lib1_GL102_S14_rRNA_globinfilter.log
   ../logs/rRNA_globinfilter/G270_Watkins07_Unvax_r16003_B_D10-SIV_RNA1_Lib1_GL104_S6_rRNA_globinfilter.log
   ../logs/rRNA_globinfilter/G271_Watkins07_Unvax_r17103_B_D3-SIV_RNA1_Lib1_GL102_S25_rRNA_globinfilter.log
   ../logs/rRNA_globinfilter/G272_Watkins07_Unvax_r18067_B_D3-SIV_RNA1_Lib1_GL102_S5_rRNA_globinfilter.log
   ../logs/rRNA_globinfilter/G273_Watkins07_AVR_r08014_B_D14-SIV_RNA1_Lib1_GL104_S62_rRNA_globinfilter.log
   ../logs/rRNA_globinfilter/G274_Watkins07_Unvax_r15058_B_D14-SIV_RNA1_Lib1_GL104_S21_rRNA_globinfilter.log
   ../logs/rRNA_globinfilter/G275_Watkins07_Unvax_r16003_B_D14-SIV_RNA1_Lib1_GL102_S26_rRNA_globinfilter.log
   ../logs/rRNA_globinfilter/G276_Watkins07_Unvax_r17103_B_D7-SIV_RNA1_Lib1_GL104_S87_rRNA_globinfilter.log
   ../logs/rRNA_globinfilter/G277_Watkins07_Unvax_r18067_B_D7-SIV_RNA1_Lib1_GL102_S65_rRNA_globinfilter.log
   ../logs/rRNA_globinfilter/G278_Watkins07_AVR_r17017_B_D0-SIV_RNA1_Lib1_GL104_S33_rRNA_globinfilter.log
   ../logs/rRNA_globinfilter/G279_Watkins07_Unvax_r17039_B_D0-SIV_RNA1_Lib1_GL102_S70_rRNA_globinfilter.log
   ../logs/rRNA_globinfilter/G280_Watkins07_Unvax_r17103_B_D10-SIV_RNA1_Lib1_GL102_S101_rRNA_globinfilter.log
   ../logs/rRNA_globinfilter/G281_Watkins07_Unvax_r18067_B_D10-SIV_RNA1_Lib1_GL104_S59_rRNA_globinfilter.log
   ../logs/rRNA_globinfilter/G282_Watkins07_AVR_r17017_B_D3-SIV_RNA1_Lib1_GL102_S50_rRNA_globinfilter.log
   ../logs/rRNA_globinfilter/G283_Watkins07_Unvax_r17039_B_D3-SIV_RNA1_Lib1_GL102_S89_rRNA_globinfilter.log
   ../logs/rRNA_globinfilter/G284_Watkins07_Unvax_r17103_B_D14-SIV_RNA1_Lib1_GL104_S38_rRNA_globinfilter.log
   ../logs/rRNA_globinfilter/G285_Watkins07_Unvax_r18067_B_D14-SIV_RNA1_Lib1_GL104_S34_rRNA_globinfilter.log
   ../logs/rRNA_globinfilter/G286_Watkins07_AVR_r17017_B_D7-SIV_RNA1_Lib1_GL104_S93_rRNA_globinfilter.log
   ../logs/rRNA_globinfilter/G287_Watkins07_Unvax_r17039_B_D7-SIV_RNA1_Lib1_GL102_S73_rRNA_globinfilter.log
   ../logs/rRNA_globinfilter/G288_Watkins07_AVR_r17017_B_D10-SIV_RNA1_Lib1_GL102_S64_rRNA_globinfilter.log
   ../logs/rRNA_globinfilter/G289_Watkins07_Unvax_r17039_B_D10-SIV_RNA3_Lib1_GL102_S21_rRNA_globinfilter.log
   ../logs/rRNA_globinfilter/G290_Watkins07_AVR_r17017_B_D14-SIV_RNA1_Lib1_GL105_S59_rRNA_globinfilter.log
   ../logs/rRNA_globinfilter/G291_Watkins07_Unvax_r17039_B_D14-SIV_RNA1_Lib1_GL102_S15_rRNA_globinfilter.log
   ../logs/rRNA_globinfilter/G292_Watkins07_Unvax_r12048_B_D0-SIV_RNA1_Lib1_GL104_S68_rRNA_globinfilter.log
   ../logs/rRNA_globinfilter/G293_Watkins07_Unvax_r12048_B_D3-SIV_RNA1_Lib1_GL102_S27_rRNA_globinfilter.log
   ../logs/rRNA_globinfilter/G294_Watkins07_Unvax_r12048_B_D7-SIV_RNA1_Lib1_GL105_S69_rRNA_globinfilter.log
   ../logs/rRNA_globinfilter/G295_Watkins07_AVR_rh3032_B_D0-SIV_RNA1_Lib1_GL104_S47_rRNA_globinfilter.log
   ../logs/rRNA_globinfilter/G296_Watkins07_AVR_rh3033_B_D0-SIV_RNA1_Lib1_GL102_S66_rRNA_globinfilter.log
   ../logs/rRNA_globinfilter/G297_Watkins07_Unvax_r12048_B_D10-SIV_RNA1_Lib1_GL105_S71_rRNA_globinfilter.log
   ../logs/rRNA_globinfilter/G298_Watkins07_AVR_rh3032_B_D3-SIV_RNA1_Lib1_GL104_S31_rRNA_globinfilter.log
   ../logs/rRNA_globinfilter/G299_Watkins07_AVR_rh3033_B_D3-SIV_RNA1_Lib1_GL104_S54_rRNA_globinfilter.log
   ../logs/rRNA_globinfilter/G300_Watkins07_Unvax_r05035_B_D0-SIV_RNA1_Lib1_GL105_S80_rRNA_globinfilter.log
   ../logs/rRNA_globinfilter/G301_Watkins07_Unvax_r05035_B_D3-SIV_RNA1_Lib1_GL102_S61_rRNA_globinfilter.log
   ../logs/rRNA_globinfilter/G302_Watkins07_Unvax_r05035_B_D7-SIV_RNA1_Lib1_GL104_S101_rRNA_globinfilter.log
   ../logs/rRNA_globinfilter/G303_Watkins07_Unvax_r05035_B_D10-SIV_RNA1_Lib1_GL104_S77_rRNA_globinfilter.log
   ../logs/rRNA_globinfilter/G304_Watkins07_Unvax_r05035_B_D14-SIV_RNA1_Lib1_GL104_S64_rRNA_globinfilter.log
   ../logs/rRNA_globinfilter/G305_Watkins07_Unvax_r12048_B_D14-SIV_RNA1_Lib1_GL104_S11_rRNA_globinfilter.log
   ../logs/rRNA_globinfilter/G306_Watkins07_Unvax_r14010_B_D0-SIV_RNA1_Lib1_GL102_S71_rRNA_globinfilter.log
   ../logs/rRNA_globinfilter/G307_Watkins07_Unvax_r14010_B_D3-SIV_RNA1_Lib2_GL105_S92_rRNA_globinfilter.log
   ../logs/rRNA_globinfilter/G308_Watkins07_Unvax_r14010_B_D7-SIV_RNA1_Lib1_GL104_S44_rRNA_globinfilter.log
   ../logs/rRNA_globinfilter/G309_Watkins07_Unvax_r14010_B_D10-SIV_RNA1_Lib1_GL104_S57_rRNA_globinfilter.log
   ../logs/rRNA_globinfilter/G310_Watkins07_Unvax_r14010_B_D14-SIV_RNA1_Lib1_GL102_S99_rRNA_globinfilter.log
   ../logs/rRNA_globinfilter/G311_Watkins07_AVR_r14065_B_D0-SIV_RNA1_Lib1_GL105_S95_rRNA_globinfilter.log
   ../logs/rRNA_globinfilter/G312_Watkins07_AVR_r14065_B_D4-SIV_RNA1_Lib1_GL102_S96_rRNA_globinfilter.log
   ../logs/rRNA_globinfilter/G313_Watkins07_AVR_r14065_B_D7-SIV_RNA1_Lib1_GL102_S80_rRNA_globinfilter.log
   ../logs/rRNA_globinfilter/G314_Watkins07_AVR_r14065_B_D10-SIV_RNA1_Lib1_GL102_S102_rRNA_globinfilter.log
   ../logs/rRNA_globinfilter/G315_Watkins07_AVR_r14065_B_D14-SIV_RNA1_Lib1_GL105_S77_rRNA_globinfilter.log
   ../logs/rRNA_globinfilter/G316_Watkins07_Unvax_r14095_B_D0-SIV_RNA1_Lib1_GL102_S75_rRNA_globinfilter.log
   ../logs/rRNA_globinfilter/G317_Watkins07_Unvax_r14095_B_D3-SIV_RNA1_Lib1_GL104_S49_rRNA_globinfilter.log
   ../logs/rRNA_globinfilter/G318_Watkins07_Unvax_r14095_B_D7-SIV_RNA1_Lib1_GL105_S62_rRNA_globinfilter.log
   ../logs/rRNA_globinfilter/G319_Watkins07_Unvax_r14095_B_D10-SIV_RNA1_Lib1_GL102_S82_rRNA_globinfilter.log
   ../logs/rRNA_globinfilter/G320_Watkins07_Unvax_r14095_B_D14-SIV_RNA1_Lib1_GL104_S103_rRNA_globinfilter.log
   ../logs/rRNA_globinfilter/G321_Watkins07_Unvax_r15057_B_D0-SIV_RNA1_Lib1_GL104_S104_rRNA_globinfilter.log
   ../logs/rRNA_globinfilter/G322_Watkins07_Unvax_r15057_B_D4-SIV_RNA1_Lib1_GL102_S8_rRNA_globinfilter.log
   ../logs/rRNA_globinfilter/G323_Watkins07_Unvax_r15057_B_D7-SIV_RNA1_Lib1_GL102_S103_rRNA_globinfilter.log
   ../logs/rRNA_globinfilter/G324_Watkins07_Unvax_r15057_B_D10-SIV_RNA1_Lib1_GL104_S17_rRNA_globinfilter.log
   ../logs/rRNA_globinfilter/G325_Watkins07_Unvax_r15057_B_D14-SIV_RNA1_Lib1_GL102_S69_rRNA_globinfilter.log
   ../logs/rRNA_globinfilter/G326_Watkins07_Unvax_r15093_B_D0-SIV_RNA1_Lib1_GL102_S87_rRNA_globinfilter.log
   ../logs/rRNA_globinfilter/G327_Watkins07_Unvax_r15093_B_D3-SIV_RNA1_Lib1_GL102_S6_rRNA_globinfilter.log
   ../logs/rRNA_globinfilter/G328_Watkins07_Unvax_r15093_B_D7-SIV_RNA1_Lib1_GL105_S75_rRNA_globinfilter.log
   ../logs/rRNA_globinfilter/G329_Watkins07_Unvax_r15093_B_D10-SIV_RNA1_Lib1_GL102_S49_rRNA_globinfilter.log
   ../logs/rRNA_globinfilter/G330_Watkins07_Unvax_r15093_B_D14-SIV_RNA1_Lib1_GL104_S89_rRNA_globinfilter.log
   ../logs/rRNA_globinfilter/G331_Watkins07_AVR_r16007_B_D0-SIV_RNA1_Lib2_GL104_S98_rRNA_globinfilter.log
   ../logs/rRNA_globinfilter/G332_Watkins07_AVR_r16007_B_D3-SIV_RNA1_Lib1_GL102_S95_rRNA_globinfilter.log
   ../logs/rRNA_globinfilter/G333_Watkins07_AVR_r16007_B_D7-SIV_RNA1_Lib1_GL104_S52_rRNA_globinfilter.log
   ../logs/rRNA_globinfilter/G334_Watkins07_AVR_r16007_B_D10-SIV_RNA1_Lib1_GL104_S86_rRNA_globinfilter.log
   ../logs/rRNA_globinfilter/G335_Watkins07_AVR_r16007_B_D14-SIV_RNA1_Lib1_GL104_S81_rRNA_globinfilter.log
   ../logs/rRNA_globinfilter/G336_Watkins07_Unvax_r17082_B_D-4-SIV_RNA1_Lib1_GL104_S28_rRNA_globinfilter.log
   ../logs/rRNA_globinfilter/G337_Watkins07_Unvax_r17082_B_D10-SIV_RNA1_Lib1_GL104_S55_rRNA_globinfilter.log
   ../logs/rRNA_globinfilter/G338_Watkins07_Unvax_r17100_B_D0-SIV_RNA1_Lib1_GL102_S47_rRNA_globinfilter.log
   ../logs/rRNA_globinfilter/G339_Watkins07_Unvax_r17100_B_D4-SIV_RNA1_Lib1_GL104_S19_rRNA_globinfilter.log
   ../logs/rRNA_globinfilter/G340_Watkins07_Unvax_r17100_B_D7-SIV_RNA1_Lib1_GL105_S74_rRNA_globinfilter.log
   ../logs/rRNA_globinfilter/G341_Watkins07_Unvax_r17100_B_D10-SIV_RNA1_Lib1_GL102_S16_rRNA_globinfilter.log
   ../logs/rRNA_globinfilter/G342_Watkins07_Unvax_r17100_B_D14-SIV_RNA1_Lib1_GL102_S43_rRNA_globinfilter.log
   ../logs/rRNA_globinfilter/G343_Watkins07_AVR_r17115_B_D0-SIV_RNA1_Lib1_GL102_S41_rRNA_globinfilter.log
   ../logs/rRNA_globinfilter/G344_Watkins07_AVR_r17115_B_D3-SIV_RNA1_Lib1_GL102_S76_rRNA_globinfilter.log
   ../logs/rRNA_globinfilter/G345_Watkins07_AVR_r17115_B_D7-SIV_RNA1_Lib1_GL104_S66_rRNA_globinfilter.log
   ../logs/rRNA_globinfilter/G346_Watkins07_AVR_r17115_B_D10-SIV_RNA1_Lib1_GL104_S95_rRNA_globinfilter.log
   ../logs/rRNA_globinfilter/G347_Watkins07_AVR_r17115_B_D14-SIV_RNA1_Lib1_GL104_S83_rRNA_globinfilter.log
   ../logs/rRNA_globinfilter/G348_Watkins07_Unvax_r18066_B_D0-SIV_RNA1_Lib1_GL105_S89_rRNA_globinfilter.log
   ../logs/rRNA_globinfilter/G349_Watkins07_Unvax_r18066_B_D3-SIV_RNA1_Lib1_GL104_S39_rRNA_globinfilter.log
   ../logs/rRNA_globinfilter/G350_Watkins07_Unvax_r18066_B_D7-SIV_RNA1_Lib1_GL102_S60_rRNA_globinfilter.log
   ../logs/rRNA_globinfilter/G351_Watkins07_Unvax_r18066_B_D10-SIV_RNA1_Lib1_GL102_S104_rRNA_globinfilter.log
   ../logs/rRNA_globinfilter/G352_Watkins07_Unvax_r18066_B_D13-SIV_RNA1_Lib1_GL104_S1_rRNA_globinfilter.log
   ../logs/rRNA_globinfilter/G353_Watkins07_Unvax_rh2494_B_D0-SIV_RNA1_Lib1_GL102_S55_rRNA_globinfilter.log
   ../logs/rRNA_globinfilter/G354_Watkins07_Unvax_rh2494_B_D3-SIV_RNA1_Lib1_GL104_S40_rRNA_globinfilter.log
   ../logs/rRNA_globinfilter/G355_Watkins07_Unvax_rh2494_B_D7-SIV_RNA1_Lib1_GL102_S39_rRNA_globinfilter.log
   ../logs/rRNA_globinfilter/G356_Watkins07_Unvax_rh2494_B_D11-SIV_RNA1_Lib1_GL105_S61_rRNA_globinfilter.log
   ../logs/rRNA_globinfilter/G357_Watkins07_Unvax_rh2494_B_D14-SIV_RNA2_Lib1_GL102_S74_rRNA_globinfilter.log
   ../logs/rRNA_globinfilter/G358_Watkins07_Unvax_rh2504_B_D0-SIV_RNA1_Lib1_GL105_S94_rRNA_globinfilter.log
   ../logs/rRNA_globinfilter/G359_Watkins07_Unvax_rh2504_B_D3-SIV_RNA1_Lib1_GL102_S78_rRNA_globinfilter.log
   ../logs/rRNA_globinfilter/G360_Watkins07_Unvax_rh2504_B_D7-SIV_RNA1_Lib1_GL105_S90_rRNA_globinfilter.log
   ../logs/rRNA_globinfilter/G361_Watkins07_Unvax_rh2504_B_D10-SIV_RNA1_Lib1_GL104_S80_rRNA_globinfilter.log
   ../logs/rRNA_globinfilter/G362_Watkins07_Unvax_rh2504_B_D14-SIV_RNA1_Lib1_GL104_S8_rRNA_globinfilter.log
   ../logs/rRNA_globinfilter/G363_Watkins07_Unvax_rh2527_B_D0-SIV_RNA1_Lib1_GL104_S67_rRNA_globinfilter.log
   ../logs/rRNA_globinfilter/G364_Watkins07_Unvax_rh2527_B_D3-SIV_RNA1_Lib1_GL104_S63_rRNA_globinfilter.log
   ../logs/rRNA_globinfilter/G365_Watkins07_Unvax_rh2527_B_D7-SIV_RNA1_Lib1_GL105_S82_rRNA_globinfilter.log
   ../logs/rRNA_globinfilter/G366_Watkins07_Unvax_rh2527_B_D10-SIV_RNA1_Lib1_GL104_S61_rRNA_globinfilter.log
   ../logs/rRNA_globinfilter/G367_Watkins07_Unvax_rh2527_B_D14-SIV_RNA1_Lib1_GL105_S76_rRNA_globinfilter.log
   ../logs/rRNA_globinfilter/G368_Watkins07_Unvax_rh2756_B_D0-SIV_RNA1_Lib1_GL102_S3_rRNA_globinfilter.log
   ../logs/rRNA_globinfilter/G369_Watkins07_Unvax_rh2756_B_D3-SIV_RNA1_Lib1_GL102_S9_rRNA_globinfilter.log
   ../logs/rRNA_globinfilter/G370_Watkins07_Unvax_rh2756_B_D7-SIV_RNA1_Lib1_GL104_S9_rRNA_globinfilter.log
   ../logs/rRNA_globinfilter/G371_Watkins07_Unvax_rh2756_B_D10-SIV_RNA1_Lib1_GL105_S68_rRNA_globinfilter.log
   ../logs/rRNA_globinfilter/G372_Watkins07_Unvax_rh2756_B_D14-SIV_RNA1_Lib1_GL104_S48_rRNA_globinfilter.log
   ../logs/rRNA_globinfilter/G373_Watkins07_Unvax_rh2810_B_D0-SIV_RNA1_Lib1_GL105_S86_rRNA_globinfilter.log
   ../logs/rRNA_globinfilter/G374_Watkins07_Unvax_rh2810_B_D3-SIV_RNA1_Lib1_GL104_S15_rRNA_globinfilter.log
   ../logs/rRNA_globinfilter/G375_Watkins07_Unvax_rh2810_B_D7-SIV_RNA1_Lib1_GL104_S20_rRNA_globinfilter.log
   ../logs/rRNA_globinfilter/G376_Watkins07_Unvax_rh2810_B_D10-SIV_RNA1_Lib1_GL102_S63_rRNA_globinfilter.log
   ../logs/rRNA_globinfilter/G377_Watkins07_Unvax_rh2810_B_D14-SIV_RNA1_Lib1_GL102_S56_rRNA_globinfilter.log
   ../logs/rRNA_globinfilter/G378_Watkins07_Unvax_rh2848_B_D0-SIV_RNA1_Lib1_GL104_S29_rRNA_globinfilter.log
   ../logs/rRNA_globinfilter/G379_Watkins07_Unvax_rh2848_B_D3-SIV_RNA1_Lib1_GL102_S17_rRNA_globinfilter.log
   ../logs/rRNA_globinfilter/G380_Watkins07_Unvax_rh2848_B_D7-SIV_RNA1_Lib1_GL104_S32_rRNA_globinfilter.log
   ../logs/rRNA_globinfilter/G381_Watkins07_Unvax_rh2848_B_D10-SIV_RNA1_Lib1_GL104_S99_rRNA_globinfilter.log
   ../logs/rRNA_globinfilter/G382_Watkins07_Unvax_rh2848_B_D14-SIV_RNA1_Lib1_GL102_S83_rRNA_globinfilter.log
   ../logs/rRNA_globinfilter/G383_Watkins07_Unvax_rh2861_B_D0-SIV_RNA1_Lib1_GL102_S29_rRNA_globinfilter.log
   ../logs/rRNA_globinfilter/G384_Watkins07_Unvax_rh2861_B_D3-SIV_RNA1_Lib1_GL102_S40_rRNA_globinfilter.log
   ../logs/rRNA_globinfilter/G385_Watkins07_Unvax_rh2861_B_D7-SIV_RNA1_Lib1_GL105_S83_rRNA_globinfilter.log
   ../logs/rRNA_globinfilter/G386_Watkins07_Unvax_rh2861_B_D10-SIV_RNA1_Lib1_GL104_S30_rRNA_globinfilter.log
   ../logs/rRNA_globinfilter/G387_Watkins07_Unvax_rh2861_B_D14-SIV_RNA1_Lib1_GL104_S76_rRNA_globinfilter.log
   ../logs/rRNA_globinfilter/G388_Watkins07_AVR_rh2932_B_D0-SIV_RNA1_Lib1_GL102_S57_rRNA_globinfilter.log
   ../logs/rRNA_globinfilter/G389_Watkins07_AVR_rh2932_B_D3-SIV_RNA1_Lib1_GL104_S78_rRNA_globinfilter.log
   ../logs/rRNA_globinfilter/G390_Watkins07_AVR_rh2932_B_D7-SIV_RNA1_Lib1_GL102_S46_rRNA_globinfilter.log
   ../logs/rRNA_globinfilter/G391_Watkins07_AVR_rh2932_B_D10-SIV_RNA1_Lib1_GL105_S81_rRNA_globinfilter.log
   ../logs/rRNA_globinfilter/G392_Watkins07_AVR_rh2932_B_D14-SIV_RNA1_Lib1_GL102_S90_rRNA_globinfilter.log
   ../logs/rRNA_globinfilter/G393_Watkins07_AVR_rh2943_B_D0-SIV_RNA1_Lib1_GL104_S60_rRNA_globinfilter.log
   ../logs/rRNA_globinfilter/G394_Watkins07_AVR_rh2943_B_D3-SIV_RNA1_Lib1_GL104_S36_rRNA_globinfilter.log
   ../logs/rRNA_globinfilter/G395_Watkins07_AVR_rh2943_B_D7-SIV_RNA1_Lib1_GL104_S72_rRNA_globinfilter.log
   ../logs/rRNA_globinfilter/G396_Watkins07_AVR_rh2943_B_D10-SIV_RNA1_Lib1_GL104_S79_rRNA_globinfilter.log
   ../logs/rRNA_globinfilter/G397_Watkins07_AVR_rh2943_B_D14-SIV_RNA1_Lib1_GL102_S28_rRNA_globinfilter.log
   ../logs/rRNA_globinfilter/G398_Watkins07_Unvax_rh2995_B_D0-SIV_RNA1_Lib1_GL102_S58_rRNA_globinfilter.log
   ../logs/rRNA_globinfilter/G399_Watkins07_Unvax_rh2995_B_D3-SIV_RNA1_Lib1_GL104_S65_rRNA_globinfilter.log
   ../logs/rRNA_globinfilter/G400_Watkins07_Unvax_rh2995_B_D10-SIV_RNA1_Lib1_GL102_S81_rRNA_globinfilter.log
   ../logs/rRNA_globinfilter/G401_Watkins07_Unvax_rh2995_B_D14-SIV_RNA1_Lib1_GL105_S67_rRNA_globinfilter.log
   ../logs/rRNA_globinfilter/G403_Watkins07_Unvax_rh3000_B_D0-SIV_RNA1_Lib1_GL102_S42_rRNA_globinfilter.log
   ../logs/rRNA_globinfilter/G404_Watkins07_Unvax_rh3000_B_D3-SIV_RNA1_Lib1_GL102_S48_rRNA_globinfilter.log
   ../logs/rRNA_globinfilter/G405_Watkins07_Unvax_rh3000_B_D7-SIV_RNA1_Lib1_GL105_S64_rRNA_globinfilter.log
   ../logs/rRNA_globinfilter/G406_Watkins07_Unvax_rh3000_B_D10-SIV_RNA1_Lib1_GL102_S34_rRNA_globinfilter.log
   ../logs/rRNA_globinfilter/G407_Watkins07_AVR_rh3006_B_D0-SIV_RNA2_Lib1_GL102_S38_rRNA_globinfilter.log
   ../logs/rRNA_globinfilter/G408_Watkins07_AVR_rh3006_B_D3-SIV_RNA1_Lib1_GL105_S65_rRNA_globinfilter.log
   ../logs/rRNA_globinfilter/G409_Watkins07_AVR_rh3006_B_D7-SIV_RNA1_Lib1_GL104_S69_rRNA_globinfilter.log
   ../logs/rRNA_globinfilter/G410_Watkins07_AVR_rh3006_B_D10-SIV_RNA1_Lib1_GL102_S20_rRNA_globinfilter.log
   ../logs/rRNA_globinfilter/G411_Watkins07_AVR_rh3006_B_D14-SIV_RNA2_Lib1_GL104_S84_rRNA_globinfilter.log
   ../logs/rRNA_globinfilter/G412_Watkins07_AVR_rh3011_B_D0-SIV_RNA2_Lib2_GL105_S78_rRNA_globinfilter.log
   ../logs/rRNA_globinfilter/G413_Watkins07_AVR_rh3011_B_D3-SIV_RNA1_Lib1_GL102_S93_rRNA_globinfilter.log
   ../logs/rRNA_globinfilter/G414_Watkins07_AVR_rh3011_B_D7-SIV_RNA1_Lib1_GL102_S44_rRNA_globinfilter.log
   ../logs/rRNA_globinfilter/G415_Watkins07_AVR_rh3011_B_D10-SIV_RNA1_Lib1_GL104_S26_rRNA_globinfilter.log
   ../logs/rRNA_globinfilter/G416_Watkins07_AVR_rh3011_B_D14-SIV_RNA1_Lib1_GL104_S90_rRNA_globinfilter.log
   ../logs/rRNA_globinfilter/G417_Watkins07_Unvax_rh3013_B_D0-SIV_RNA1_Lib1_GL105_S66_rRNA_globinfilter.log
   ../logs/rRNA_globinfilter/G419_Watkins07_Unvax_rh3013_B_D7-SIV_RNA1_Lib1_GL104_S37_rRNA_globinfilter.log
   ../logs/rRNA_globinfilter/G420_Watkins07_Unvax_rh3013_B_D10-SIV_RNA1_Lib1_GL104_S14_rRNA_globinfilter.log
   ../logs/rRNA_globinfilter/G421_Watkins07_Unvax_rh3013_B_D14-SIV_RNA1_Lib1_GL104_S7_rRNA_globinfilter.log
   ../logs/rRNA_globinfilter/G422_Watkins07_AVR_rh3032_B_D7-SIV_RNA1_Lib1_GL104_S16_rRNA_globinfilter.log
   ../logs/rRNA_globinfilter/G423_Watkins07_AVR_rh3032_B_D10-SIV_RNA1_Lib1_GL102_S19_rRNA_globinfilter.log
   ../logs/rRNA_globinfilter/G424_Watkins07_AVR_rh3032_B_D14-SIV_RNA1_Lib1_GL102_S85_rRNA_globinfilter.log
   ../logs/rRNA_globinfilter/G425_Watkins07_AVR_rh3032_B_D7-SIV_RNA1_Lib2_GL105_S93_rRNA_globinfilter.log
   ../logs/rRNA_globinfilter/G426_Watkins07_AVR_rh3033_B_D10-SIV_RNA1_Lib1_GL102_S88_rRNA_globinfilter.log
   ../logs/rRNA_globinfilter/G427_Watkins07_AVR_rh3033_B_D14-SIV_RNA1_Lib1_GL104_S4_rRNA_globinfilter.log
   ../logs/rRNA_globinfilter/G428_Watkins07_AVR_rh3036_B_D0-SIV_RNA1_Lib1_GL102_S36_rRNA_globinfilter.log
   ../logs/rRNA_globinfilter/G429_Watkins07_AVR_rh3036_B_D3-SIV_RNA1_Lib1_GL102_S98_rRNA_globinfilter.log
   ../logs/rRNA_globinfilter/G430_Watkins07_AVR_rh3036_B_D7-SIV_RNA1_Lib1_GL102_S67_rRNA_globinfilter.log
   ../logs/rRNA_globinfilter/G431_Watkins07_AVR_rh3036_B_D10-SIV_RNA1_Lib1_GL102_S35_rRNA_globinfilter.log
   ../logs/rRNA_globinfilter/G432_Watkins07_AVR_rh3036_B_D14-SIV_RNA1_Lib1_GL104_S41_rRNA_globinfilter.log
   ../logs/rRNA_globinfilter/G433_Watkins07_AVR_rh3037_B_D0-SIV_RNA1_Lib1_GL102_S92_rRNA_globinfilter.log
   ../logs/rRNA_globinfilter/G434_Watkins07_AVR_rh3037_B_D3-SIV_RNA1_Lib1_GL105_S58_rRNA_globinfilter.log
   ../logs/rRNA_globinfilter/G435_Watkins07_AVR_rh3037_B_D7-SIV_RNA1_Lib1_GL104_S58_rRNA_globinfilter.log
   ../logs/rRNA_globinfilter/G436_Watkins07_AVR_rh3037_B_D10-SIV_RNA1_Lib1_GL104_S88_rRNA_globinfilter.log
   ../logs/rRNA_globinfilter/G437_Watkins07_AVR_rh3037_B_D14-SIV_RNA1_Lib1_GL102_S30_rRNA_globinfilter.log
   ../logs/rRNA_globinfilter/G438_Watkins07_AVR_rh3045_B_D0-SIV_RNA1_Lib1_GL105_S84_rRNA_globinfilter.log
   ../logs/rRNA_globinfilter/G439_Watkins07_AVR_rh3045_B_D3-SIV_RNA1_Lib1_GL102_S45_rRNA_globinfilter.log
   ../logs/rRNA_globinfilter/G440_Watkins07_AVR_rh3045_B_D7-SIV_RNA1_Lib1_GL104_S12_rRNA_globinfilter.log
   ../logs/rRNA_globinfilter/G441_Watkins07_AVR_rh3045_B_D10-SIV_RNA1_Lib1_GL102_S24_rRNA_globinfilter.log
   ../logs/rRNA_globinfilter/G442_Watkins07_AVR_rh3045_B_D14-SIV_RNA1_Lib1_GL102_S10_rRNA_globinfilter.log
   ../logs/rRNA_globinfilter/G443_Watkins07_AVR_rh3048_B_D0-SIV_RNA1_Lib1_GL102_S91_rRNA_globinfilter.log
   ../logs/rRNA_globinfilter/G444_Watkins07_AVR_rh3048_B_D3-SIV_RNA1_Lib1_GL104_S56_rRNA_globinfilter.log
   ../logs/rRNA_globinfilter/G445_Watkins07_AVR_rh3048_B_D7-SIV_RNA1_Lib1_GL105_S88_rRNA_globinfilter.log
   ../logs/rRNA_globinfilter/G446_Watkins07_AVR_rh3048_B_D10-SIV_RNA1_Lib1_GL104_S97_rRNA_globinfilter.log
   ../logs/rRNA_globinfilter/G447_Watkins07_AVR_rh3048_B_D14-SIV_RNA1_Lib1_GL104_S18_rRNA_globinfilter.log
   ../logs/rRNA_globinfilter/G448_Watkins07_AVR_rh3053_B_D-7-SIV_RNA1_Lib1_GL104_S35_rRNA_globinfilter.log
   ../logs/rRNA_globinfilter/G449_Watkins07_AVR_rh3053_B_D3-SIV_RNA1_Lib1_GL104_S75_rRNA_globinfilter.log
   ../logs/rRNA_globinfilter/G450_Watkins07_AVR_rh3053_B_D7-SIV_RNA1_Lib1_GL104_S46_rRNA_globinfilter.log
   ../logs/rRNA_globinfilter/G451_Watkins07_AVR_rh3053_B_D10-SIV_RNA1_Lib1_GL104_S70_rRNA_globinfilter.log
   ../logs/rRNA_globinfilter/G452_Watkins07_AVR_rh3053_B_D14-SIV_RNA1_Lib1_GL105_S91_rRNA_globinfilter.log
   ../logs/rRNA_globinfilter/G453_Watkins07_AVR_rh3053_B_D0_RNA1_Lib1_GL104_S27_rRNA_globinfilter.log
   ../logs/rRNA_globinfilter/G454_Watkins07_Unvax_rh2995_B_D7_RNA1_Lib1_GL104_S92_rRNA_globinfilter.log
   ../logs/rRNA_globinfilter/G455_Watkins07_AVR_rh3033_B_D7-SIV_RNA1_Lib1_GL105_S99_rRNA_globinfilter.log
