perl: warning: Setting locale failed.
perl: warning: Please check that your locale settings:
	LANGUAGE = (unset),
	LC_ALL = (unset),
	LANG = "C.UTF-8"
    are supported and installed on your system.
perl: warning: Falling back to the standard locale ("C").
/share/tools/Modules/bowtie2/2.5.1/bin/bowtie2-align-s version 2.5.1
64-bit
Built on fv-az456-736
Tue Jan 31 02:50:17 UTC 2023
Compiler: gcc version 10.4.0 (conda-forge gcc 10.4.0-19) 
Options: -O3 -msse2 -funroll-loops -g3 -fvisibility-inlines-hidden -std=c++17 -fmessage-length=0 -march=nocona -mtune=haswell -ftree-vectorize -fPIC -fstack-protector-strong -fno-plt -O2 -ffunction-sections -pipe -isystem /share/tools/Modules/bowtie2/2.5.1/include -fdebug-prefix-map=/opt/conda/conda-bld/bowtie2_1675132819676/work=/usr/local/src/conda/bowtie2-2.5.1 -fdebug-prefix-map=/share/tools/Modules/bowtie2/2.5.1=/usr/local/src/conda-prefix -std=c++11 -DPOPCNT_CAPABILITY -DNO_SPINLOCK -DWITH_QUEUELOCK=1 -DWITH_ZSTD
Sizeof {int, long, long long, void*, size_t, off_t}: {4, 8, 8, 8, 8, 8}
Number samples = 245 R1 files, should be 245
Number samples = 245 R2 files, should be 245
Counter variable 0
Sample being processed G209_Watkins07_AVR_r08014_B_D168_RNA1_Lib1_GL105_S60
Read 1 file /vol08/ngs/Seattle_Genomics/Collaborations/SG_Watkins/Watkins_07_WB/SawatzkiAnalysis/trimgalore_results/G209_Watkins07_AVR_r08014_B_D168_RNA1_Lib1_GL105_S60_R1_001_val_1.fq.gz
Read 2 file /vol08/ngs/Seattle_Genomics/Collaborations/SG_Watkins/Watkins_07_WB/SawatzkiAnalysis/trimgalore_results/G209_Watkins07_AVR_r08014_B_D168_RNA1_Lib1_GL105_S60_R2_001_val_2.fq.gz
Sample being processed G210_Watkins07_AVR_r14065_B_D168_RNA2_Lib1_GL104_S2
Read 1 file /vol08/ngs/Seattle_Genomics/Collaborations/SG_Watkins/Watkins_07_WB/SawatzkiAnalysis/trimgalore_results/G210_Watkins07_AVR_r14065_B_D168_RNA2_Lib1_GL104_S2_R1_001_val_1.fq.gz
Read 2 file /vol08/ngs/Seattle_Genomics/Collaborations/SG_Watkins/Watkins_07_WB/SawatzkiAnalysis/trimgalore_results/G210_Watkins07_AVR_r14065_B_D168_RNA2_Lib1_GL104_S2_R2_001_val_2.fq.gz
Sample being processed G211_Watkins07_AVR_r16007_B_D168_RNA1_Lib1_GL102_S105
Read 1 file /vol08/ngs/Seattle_Genomics/Collaborations/SG_Watkins/Watkins_07_WB/SawatzkiAnalysis/trimgalore_results/G211_Watkins07_AVR_r16007_B_D168_RNA1_Lib1_GL102_S105_R1_001_val_1.fq.gz
Read 2 file /vol08/ngs/Seattle_Genomics/Collaborations/SG_Watkins/Watkins_07_WB/SawatzkiAnalysis/trimgalore_results/G211_Watkins07_AVR_r16007_B_D168_RNA1_Lib1_GL102_S105_R2_001_val_2.fq.gz
Sample being processed G212_Watkins07_AVR_r17017_B_D168_RNA1_Lib1_GL102_S86
Read 1 file /vol08/ngs/Seattle_Genomics/Collaborations/SG_Watkins/Watkins_07_WB/SawatzkiAnalysis/trimgalore_results/G212_Watkins07_AVR_r17017_B_D168_RNA1_Lib1_GL102_S86_R1_001_val_1.fq.gz
Read 2 file /vol08/ngs/Seattle_Genomics/Collaborations/SG_Watkins/Watkins_07_WB/SawatzkiAnalysis/trimgalore_results/G212_Watkins07_AVR_r17017_B_D168_RNA1_Lib1_GL102_S86_R2_001_val_2.fq.gz
Counter variable 4
Sample being processed G213_Watkins07_AVR_r17115_B_D168_RNA1_Lib1_GL104_S25
Read 1 file /vol08/ngs/Seattle_Genomics/Collaborations/SG_Watkins/Watkins_07_WB/SawatzkiAnalysis/trimgalore_results/G213_Watkins07_AVR_r17115_B_D168_RNA1_Lib1_GL104_S25_R1_001_val_1.fq.gz
Read 2 file /vol08/ngs/Seattle_Genomics/Collaborations/SG_Watkins/Watkins_07_WB/SawatzkiAnalysis/trimgalore_results/G213_Watkins07_AVR_r17115_B_D168_RNA1_Lib1_GL104_S25_R2_001_val_2.fq.gz
Sample being processed G214_Watkins07_AVR_rh2932_B_D168_RNA1_Lib1_GL102_S7
Read 1 file /vol08/ngs/Seattle_Genomics/Collaborations/SG_Watkins/Watkins_07_WB/SawatzkiAnalysis/trimgalore_results/G214_Watkins07_AVR_rh2932_B_D168_RNA1_Lib1_GL102_S7_R1_001_val_1.fq.gz
Read 2 file /vol08/ngs/Seattle_Genomics/Collaborations/SG_Watkins/Watkins_07_WB/SawatzkiAnalysis/trimgalore_results/G214_Watkins07_AVR_rh2932_B_D168_RNA1_Lib1_GL102_S7_R2_001_val_2.fq.gz
Sample being processed G215_Watkins07_AVR_rh2943_B_D168_RNA1_Lib1_GL104_S42
Read 1 file /vol08/ngs/Seattle_Genomics/Collaborations/SG_Watkins/Watkins_07_WB/SawatzkiAnalysis/trimgalore_results/G215_Watkins07_AVR_rh2943_B_D168_RNA1_Lib1_GL104_S42_R1_001_val_1.fq.gz
Read 2 file /vol08/ngs/Seattle_Genomics/Collaborations/SG_Watkins/Watkins_07_WB/SawatzkiAnalysis/trimgalore_results/G215_Watkins07_AVR_rh2943_B_D168_RNA1_Lib1_GL104_S42_R2_001_val_2.fq.gz
Sample being processed G216_Watkins07_AVR_rh3006_B_D168_RNA1_Lib1_GL102_S11
Read 1 file /vol08/ngs/Seattle_Genomics/Collaborations/SG_Watkins/Watkins_07_WB/SawatzkiAnalysis/trimgalore_results/G216_Watkins07_AVR_rh3006_B_D168_RNA1_Lib1_GL102_S11_R1_001_val_1.fq.gz
Read 2 file /vol08/ngs/Seattle_Genomics/Collaborations/SG_Watkins/Watkins_07_WB/SawatzkiAnalysis/trimgalore_results/G216_Watkins07_AVR_rh3006_B_D168_RNA1_Lib1_GL102_S11_R2_001_val_2.fq.gz
Counter variable 8
Sample being processed G217_Watkins07_AVR_rh3011_B_D168_RNA1_Lib1_GL102_S31
Read 1 file /vol08/ngs/Seattle_Genomics/Collaborations/SG_Watkins/Watkins_07_WB/SawatzkiAnalysis/trimgalore_results/G217_Watkins07_AVR_rh3011_B_D168_RNA1_Lib1_GL102_S31_R1_001_val_1.fq.gz
Read 2 file /vol08/ngs/Seattle_Genomics/Collaborations/SG_Watkins/Watkins_07_WB/SawatzkiAnalysis/trimgalore_results/G217_Watkins07_AVR_rh3011_B_D168_RNA1_Lib1_GL102_S31_R2_001_val_2.fq.gz
Sample being processed G218_Watkins07_AVR_rh3032_B_D168_RNA1_Lib1_GL102_S62
Read 1 file /vol08/ngs/Seattle_Genomics/Collaborations/SG_Watkins/Watkins_07_WB/SawatzkiAnalysis/trimgalore_results/G218_Watkins07_AVR_rh3032_B_D168_RNA1_Lib1_GL102_S62_R1_001_val_1.fq.gz
Read 2 file /vol08/ngs/Seattle_Genomics/Collaborations/SG_Watkins/Watkins_07_WB/SawatzkiAnalysis/trimgalore_results/G218_Watkins07_AVR_rh3032_B_D168_RNA1_Lib1_GL102_S62_R2_001_val_2.fq.gz
Sample being processed G219_Watkins07_AVR_rh3033_B_D168_RNA1_Lib1_GL104_S51
Read 1 file /vol08/ngs/Seattle_Genomics/Collaborations/SG_Watkins/Watkins_07_WB/SawatzkiAnalysis/trimgalore_results/G219_Watkins07_AVR_rh3033_B_D168_RNA1_Lib1_GL104_S51_R1_001_val_1.fq.gz
Read 2 file /vol08/ngs/Seattle_Genomics/Collaborations/SG_Watkins/Watkins_07_WB/SawatzkiAnalysis/trimgalore_results/G219_Watkins07_AVR_rh3033_B_D168_RNA1_Lib1_GL104_S51_R2_001_val_2.fq.gz
Sample being processed G220_Watkins07_AVR_rh3036_B_D168_RNA1_Lib1_GL104_S50
Read 1 file /vol08/ngs/Seattle_Genomics/Collaborations/SG_Watkins/Watkins_07_WB/SawatzkiAnalysis/trimgalore_results/G220_Watkins07_AVR_rh3036_B_D168_RNA1_Lib1_GL104_S50_R1_001_val_1.fq.gz
Read 2 file /vol08/ngs/Seattle_Genomics/Collaborations/SG_Watkins/Watkins_07_WB/SawatzkiAnalysis/trimgalore_results/G220_Watkins07_AVR_rh3036_B_D168_RNA1_Lib1_GL104_S50_R2_001_val_2.fq.gz
Counter variable 12
Sample being processed G221_Watkins07_AVR_rh3037_B_D168_RNA1_Lib1_GL105_S57
Read 1 file /vol08/ngs/Seattle_Genomics/Collaborations/SG_Watkins/Watkins_07_WB/SawatzkiAnalysis/trimgalore_results/G221_Watkins07_AVR_rh3037_B_D168_RNA1_Lib1_GL105_S57_R1_001_val_1.fq.gz
Read 2 file /vol08/ngs/Seattle_Genomics/Collaborations/SG_Watkins/Watkins_07_WB/SawatzkiAnalysis/trimgalore_results/G221_Watkins07_AVR_rh3037_B_D168_RNA1_Lib1_GL105_S57_R2_001_val_2.fq.gz
Sample being processed G222_Watkins07_AVR_rh3045_B_D168_RNA1_Lib1_GL102_S4
Read 1 file /vol08/ngs/Seattle_Genomics/Collaborations/SG_Watkins/Watkins_07_WB/SawatzkiAnalysis/trimgalore_results/G222_Watkins07_AVR_rh3045_B_D168_RNA1_Lib1_GL102_S4_R1_001_val_1.fq.gz
Read 2 file /vol08/ngs/Seattle_Genomics/Collaborations/SG_Watkins/Watkins_07_WB/SawatzkiAnalysis/trimgalore_results/G222_Watkins07_AVR_rh3045_B_D168_RNA1_Lib1_GL102_S4_R2_001_val_2.fq.gz
Sample being processed G223_Watkins07_AVR_rh3048_B_D168_RNA1_Lib1_GL104_S53
Read 1 file /vol08/ngs/Seattle_Genomics/Collaborations/SG_Watkins/Watkins_07_WB/SawatzkiAnalysis/trimgalore_results/G223_Watkins07_AVR_rh3048_B_D168_RNA1_Lib1_GL104_S53_R1_001_val_1.fq.gz
Read 2 file /vol08/ngs/Seattle_Genomics/Collaborations/SG_Watkins/Watkins_07_WB/SawatzkiAnalysis/trimgalore_results/G223_Watkins07_AVR_rh3048_B_D168_RNA1_Lib1_GL104_S53_R2_001_val_2.fq.gz
Sample being processed G224_Watkins07_AVR_rh3053_B_D168_RNA1_Lib1_GL104_S23
Read 1 file /vol08/ngs/Seattle_Genomics/Collaborations/SG_Watkins/Watkins_07_WB/SawatzkiAnalysis/trimgalore_results/G224_Watkins07_AVR_rh3053_B_D168_RNA1_Lib1_GL104_S23_R1_001_val_1.fq.gz
Read 2 file /vol08/ngs/Seattle_Genomics/Collaborations/SG_Watkins/Watkins_07_WB/SawatzkiAnalysis/trimgalore_results/G224_Watkins07_AVR_rh3053_B_D168_RNA1_Lib1_GL104_S23_R2_001_val_2.fq.gz
Counter variable 16
Sample being processed G225_Watkins07_AVR_r08014_B_D196_RNA1_Lib1_GL104_S96
Read 1 file /vol08/ngs/Seattle_Genomics/Collaborations/SG_Watkins/Watkins_07_WB/SawatzkiAnalysis/trimgalore_results/G225_Watkins07_AVR_r08014_B_D196_RNA1_Lib1_GL104_S96_R1_001_val_1.fq.gz
Read 2 file /vol08/ngs/Seattle_Genomics/Collaborations/SG_Watkins/Watkins_07_WB/SawatzkiAnalysis/trimgalore_results/G225_Watkins07_AVR_r08014_B_D196_RNA1_Lib1_GL104_S96_R2_001_val_2.fq.gz
Sample being processed G226_Watkins07_AVR_r14065_B_D196_RNA1_Lib1_GL104_S102
Read 1 file /vol08/ngs/Seattle_Genomics/Collaborations/SG_Watkins/Watkins_07_WB/SawatzkiAnalysis/trimgalore_results/G226_Watkins07_AVR_r14065_B_D196_RNA1_Lib1_GL104_S102_R1_001_val_1.fq.gz
Read 2 file /vol08/ngs/Seattle_Genomics/Collaborations/SG_Watkins/Watkins_07_WB/SawatzkiAnalysis/trimgalore_results/G226_Watkins07_AVR_r14065_B_D196_RNA1_Lib1_GL104_S102_R2_001_val_2.fq.gz
Sample being processed G227_Watkins07_AVR_r16007_B_D196_RNA1_Lib1_GL102_S77
Read 1 file /vol08/ngs/Seattle_Genomics/Collaborations/SG_Watkins/Watkins_07_WB/SawatzkiAnalysis/trimgalore_results/G227_Watkins07_AVR_r16007_B_D196_RNA1_Lib1_GL102_S77_R1_001_val_1.fq.gz
Read 2 file /vol08/ngs/Seattle_Genomics/Collaborations/SG_Watkins/Watkins_07_WB/SawatzkiAnalysis/trimgalore_results/G227_Watkins07_AVR_r16007_B_D196_RNA1_Lib1_GL102_S77_R2_001_val_2.fq.gz
Sample being processed G228_Watkins07_AVR_r17017_B_D196_RNA1_Lib1_GL105_S70
Read 1 file /vol08/ngs/Seattle_Genomics/Collaborations/SG_Watkins/Watkins_07_WB/SawatzkiAnalysis/trimgalore_results/G228_Watkins07_AVR_r17017_B_D196_RNA1_Lib1_GL105_S70_R1_001_val_1.fq.gz
Read 2 file /vol08/ngs/Seattle_Genomics/Collaborations/SG_Watkins/Watkins_07_WB/SawatzkiAnalysis/trimgalore_results/G228_Watkins07_AVR_r17017_B_D196_RNA1_Lib1_GL105_S70_R2_001_val_2.fq.gz
Counter variable 20
Sample being processed G229_Watkins07_AVR_r17115_B_D196_RNA1_Lib1_GL104_S105
Read 1 file /vol08/ngs/Seattle_Genomics/Collaborations/SG_Watkins/Watkins_07_WB/SawatzkiAnalysis/trimgalore_results/G229_Watkins07_AVR_r17115_B_D196_RNA1_Lib1_GL104_S105_R1_001_val_1.fq.gz
Read 2 file /vol08/ngs/Seattle_Genomics/Collaborations/SG_Watkins/Watkins_07_WB/SawatzkiAnalysis/trimgalore_results/G229_Watkins07_AVR_r17115_B_D196_RNA1_Lib1_GL104_S105_R2_001_val_2.fq.gz
Sample being processed G230_Watkins07_AVR_rh2932_B_D196_RNA1_Lib1_GL102_S32
Read 1 file /vol08/ngs/Seattle_Genomics/Collaborations/SG_Watkins/Watkins_07_WB/SawatzkiAnalysis/trimgalore_results/G230_Watkins07_AVR_rh2932_B_D196_RNA1_Lib1_GL102_S32_R1_001_val_1.fq.gz
Read 2 file /vol08/ngs/Seattle_Genomics/Collaborations/SG_Watkins/Watkins_07_WB/SawatzkiAnalysis/trimgalore_results/G230_Watkins07_AVR_rh2932_B_D196_RNA1_Lib1_GL102_S32_R2_001_val_2.fq.gz
Sample being processed G231_Watkins07_AVR_rh2943_B_D196_RNA1_Lib1_GL105_S96
Read 1 file /vol08/ngs/Seattle_Genomics/Collaborations/SG_Watkins/Watkins_07_WB/SawatzkiAnalysis/trimgalore_results/G231_Watkins07_AVR_rh2943_B_D196_RNA1_Lib1_GL105_S96_R1_001_val_1.fq.gz
Read 2 file /vol08/ngs/Seattle_Genomics/Collaborations/SG_Watkins/Watkins_07_WB/SawatzkiAnalysis/trimgalore_results/G231_Watkins07_AVR_rh2943_B_D196_RNA1_Lib1_GL105_S96_R2_001_val_2.fq.gz
Sample being processed G232_Watkins07_AVR_rh3006_B_D196_RNA1_Lib1_GL105_S79
Read 1 file /vol08/ngs/Seattle_Genomics/Collaborations/SG_Watkins/Watkins_07_WB/SawatzkiAnalysis/trimgalore_results/G232_Watkins07_AVR_rh3006_B_D196_RNA1_Lib1_GL105_S79_R1_001_val_1.fq.gz
Read 2 file /vol08/ngs/Seattle_Genomics/Collaborations/SG_Watkins/Watkins_07_WB/SawatzkiAnalysis/trimgalore_results/G232_Watkins07_AVR_rh3006_B_D196_RNA1_Lib1_GL105_S79_R2_001_val_2.fq.gz
Counter variable 24
Sample being processed G233_Watkins07_AVR_rh3011_B_D196_RNA1_Lib1_GL105_S73
Read 1 file /vol08/ngs/Seattle_Genomics/Collaborations/SG_Watkins/Watkins_07_WB/SawatzkiAnalysis/trimgalore_results/G233_Watkins07_AVR_rh3011_B_D196_RNA1_Lib1_GL105_S73_R1_001_val_1.fq.gz
Read 2 file /vol08/ngs/Seattle_Genomics/Collaborations/SG_Watkins/Watkins_07_WB/SawatzkiAnalysis/trimgalore_results/G233_Watkins07_AVR_rh3011_B_D196_RNA1_Lib1_GL105_S73_R2_001_val_2.fq.gz
Sample being processed G234_Watkins07_AVR_rh3032_B_D196_RNA1_Lib1_GL104_S22
Read 1 file /vol08/ngs/Seattle_Genomics/Collaborations/SG_Watkins/Watkins_07_WB/SawatzkiAnalysis/trimgalore_results/G234_Watkins07_AVR_rh3032_B_D196_RNA1_Lib1_GL104_S22_R1_001_val_1.fq.gz
Read 2 file /vol08/ngs/Seattle_Genomics/Collaborations/SG_Watkins/Watkins_07_WB/SawatzkiAnalysis/trimgalore_results/G234_Watkins07_AVR_rh3032_B_D196_RNA1_Lib1_GL104_S22_R2_001_val_2.fq.gz
Sample being processed G235_Watkins07_AVR_rh3033_B_D196_RNA1_Lib1_GL104_S85
Read 1 file /vol08/ngs/Seattle_Genomics/Collaborations/SG_Watkins/Watkins_07_WB/SawatzkiAnalysis/trimgalore_results/G235_Watkins07_AVR_rh3033_B_D196_RNA1_Lib1_GL104_S85_R1_001_val_1.fq.gz
Read 2 file /vol08/ngs/Seattle_Genomics/Collaborations/SG_Watkins/Watkins_07_WB/SawatzkiAnalysis/trimgalore_results/G235_Watkins07_AVR_rh3033_B_D196_RNA1_Lib1_GL104_S85_R2_001_val_2.fq.gz
Sample being processed G236_Watkins07_AVR_rh3036_B_D196_RNA1_Lib1_GL102_S37
Read 1 file /vol08/ngs/Seattle_Genomics/Collaborations/SG_Watkins/Watkins_07_WB/SawatzkiAnalysis/trimgalore_results/G236_Watkins07_AVR_rh3036_B_D196_RNA1_Lib1_GL102_S37_R1_001_val_1.fq.gz
Read 2 file /vol08/ngs/Seattle_Genomics/Collaborations/SG_Watkins/Watkins_07_WB/SawatzkiAnalysis/trimgalore_results/G236_Watkins07_AVR_rh3036_B_D196_RNA1_Lib1_GL102_S37_R2_001_val_2.fq.gz
Counter variable 28
Sample being processed G237_Watkins07_AVR_rh3037_B_D196_RNA1_Lib1_GL102_S68
Read 1 file /vol08/ngs/Seattle_Genomics/Collaborations/SG_Watkins/Watkins_07_WB/SawatzkiAnalysis/trimgalore_results/G237_Watkins07_AVR_rh3037_B_D196_RNA1_Lib1_GL102_S68_R1_001_val_1.fq.gz
Read 2 file /vol08/ngs/Seattle_Genomics/Collaborations/SG_Watkins/Watkins_07_WB/SawatzkiAnalysis/trimgalore_results/G237_Watkins07_AVR_rh3037_B_D196_RNA1_Lib1_GL102_S68_R2_001_val_2.fq.gz
Sample being processed G238_Watkins07_AVR_rh3045_B_D196_RNA1_Lib1_GL104_S91
Read 1 file /vol08/ngs/Seattle_Genomics/Collaborations/SG_Watkins/Watkins_07_WB/SawatzkiAnalysis/trimgalore_results/G238_Watkins07_AVR_rh3045_B_D196_RNA1_Lib1_GL104_S91_R1_001_val_1.fq.gz
Read 2 file /vol08/ngs/Seattle_Genomics/Collaborations/SG_Watkins/Watkins_07_WB/SawatzkiAnalysis/trimgalore_results/G238_Watkins07_AVR_rh3045_B_D196_RNA1_Lib1_GL104_S91_R2_001_val_2.fq.gz
Sample being processed G239_Watkins07_AVR_rh3048_B_D196_RNA1_Lib1_GL102_S79
Read 1 file /vol08/ngs/Seattle_Genomics/Collaborations/SG_Watkins/Watkins_07_WB/SawatzkiAnalysis/trimgalore_results/G239_Watkins07_AVR_rh3048_B_D196_RNA1_Lib1_GL102_S79_R1_001_val_1.fq.gz
Read 2 file /vol08/ngs/Seattle_Genomics/Collaborations/SG_Watkins/Watkins_07_WB/SawatzkiAnalysis/trimgalore_results/G239_Watkins07_AVR_rh3048_B_D196_RNA1_Lib1_GL102_S79_R2_001_val_2.fq.gz
Sample being processed G240_Watkins07_AVR_rh3053_B_D196_RNA1_Lib1_GL102_S18
Read 1 file /vol08/ngs/Seattle_Genomics/Collaborations/SG_Watkins/Watkins_07_WB/SawatzkiAnalysis/trimgalore_results/G240_Watkins07_AVR_rh3053_B_D196_RNA1_Lib1_GL102_S18_R1_001_val_1.fq.gz
Read 2 file /vol08/ngs/Seattle_Genomics/Collaborations/SG_Watkins/Watkins_07_WB/SawatzkiAnalysis/trimgalore_results/G240_Watkins07_AVR_rh3053_B_D196_RNA1_Lib1_GL102_S18_R2_001_val_2.fq.gz
Counter variable 32
Sample being processed G241_Watkins07_AVR_r08014_B_D224_RNA1_Lib1_GL105_S98
Read 1 file /vol08/ngs/Seattle_Genomics/Collaborations/SG_Watkins/Watkins_07_WB/SawatzkiAnalysis/trimgalore_results/G241_Watkins07_AVR_r08014_B_D224_RNA1_Lib1_GL105_S98_R1_001_val_1.fq.gz
Read 2 file /vol08/ngs/Seattle_Genomics/Collaborations/SG_Watkins/Watkins_07_WB/SawatzkiAnalysis/trimgalore_results/G241_Watkins07_AVR_r08014_B_D224_RNA1_Lib1_GL105_S98_R2_001_val_2.fq.gz
Sample being processed G242_Watkins07_AVR_r14065_B_D224_RNA1_Lib1_GL102_S54
Read 1 file /vol08/ngs/Seattle_Genomics/Collaborations/SG_Watkins/Watkins_07_WB/SawatzkiAnalysis/trimgalore_results/G242_Watkins07_AVR_r14065_B_D224_RNA1_Lib1_GL102_S54_R1_001_val_1.fq.gz
Read 2 file /vol08/ngs/Seattle_Genomics/Collaborations/SG_Watkins/Watkins_07_WB/SawatzkiAnalysis/trimgalore_results/G242_Watkins07_AVR_r14065_B_D224_RNA1_Lib1_GL102_S54_R2_001_val_2.fq.gz
Sample being processed G243_Watkins07_AVR_r16007_B_D224_RNA1_Lib1_GL102_S33
Read 1 file /vol08/ngs/Seattle_Genomics/Collaborations/SG_Watkins/Watkins_07_WB/SawatzkiAnalysis/trimgalore_results/G243_Watkins07_AVR_r16007_B_D224_RNA1_Lib1_GL102_S33_R1_001_val_1.fq.gz
Read 2 file /vol08/ngs/Seattle_Genomics/Collaborations/SG_Watkins/Watkins_07_WB/SawatzkiAnalysis/trimgalore_results/G243_Watkins07_AVR_r16007_B_D224_RNA1_Lib1_GL102_S33_R2_001_val_2.fq.gz
Sample being processed G244_Watkins07_AVR_r17017_B_D224_RNA2_Lib1_GL102_S100
Read 1 file /vol08/ngs/Seattle_Genomics/Collaborations/SG_Watkins/Watkins_07_WB/SawatzkiAnalysis/trimgalore_results/G244_Watkins07_AVR_r17017_B_D224_RNA2_Lib1_GL102_S100_R1_001_val_1.fq.gz
Read 2 file /vol08/ngs/Seattle_Genomics/Collaborations/SG_Watkins/Watkins_07_WB/SawatzkiAnalysis/trimgalore_results/G244_Watkins07_AVR_r17017_B_D224_RNA2_Lib1_GL102_S100_R2_001_val_2.fq.gz
Counter variable 36
Sample being processed G245_Watkins07_AVR_r17115_B_D224_RNA1_Lib1_GL102_S59
Read 1 file /vol08/ngs/Seattle_Genomics/Collaborations/SG_Watkins/Watkins_07_WB/SawatzkiAnalysis/trimgalore_results/G245_Watkins07_AVR_r17115_B_D224_RNA1_Lib1_GL102_S59_R1_001_val_1.fq.gz
Read 2 file /vol08/ngs/Seattle_Genomics/Collaborations/SG_Watkins/Watkins_07_WB/SawatzkiAnalysis/trimgalore_results/G245_Watkins07_AVR_r17115_B_D224_RNA1_Lib1_GL102_S59_R2_001_val_2.fq.gz
Sample being processed G246_Watkins07_AVR_rh2932_B_D224_RNA1_Lib1_GL102_S2
Read 1 file /vol08/ngs/Seattle_Genomics/Collaborations/SG_Watkins/Watkins_07_WB/SawatzkiAnalysis/trimgalore_results/G246_Watkins07_AVR_rh2932_B_D224_RNA1_Lib1_GL102_S2_R1_001_val_1.fq.gz
Read 2 file /vol08/ngs/Seattle_Genomics/Collaborations/SG_Watkins/Watkins_07_WB/SawatzkiAnalysis/trimgalore_results/G246_Watkins07_AVR_rh2932_B_D224_RNA1_Lib1_GL102_S2_R2_001_val_2.fq.gz
Sample being processed G247_Watkins07_AVR_rh2943_B_D224_RNA1_Lib1_GL104_S82
Read 1 file /vol08/ngs/Seattle_Genomics/Collaborations/SG_Watkins/Watkins_07_WB/SawatzkiAnalysis/trimgalore_results/G247_Watkins07_AVR_rh2943_B_D224_RNA1_Lib1_GL104_S82_R1_001_val_1.fq.gz
Read 2 file /vol08/ngs/Seattle_Genomics/Collaborations/SG_Watkins/Watkins_07_WB/SawatzkiAnalysis/trimgalore_results/G247_Watkins07_AVR_rh2943_B_D224_RNA1_Lib1_GL104_S82_R2_001_val_2.fq.gz
Sample being processed G248_Watkins07_AVR_rh3006_B_D224_RNA1_Lib1_GL102_S22
Read 1 file /vol08/ngs/Seattle_Genomics/Collaborations/SG_Watkins/Watkins_07_WB/SawatzkiAnalysis/trimgalore_results/G248_Watkins07_AVR_rh3006_B_D224_RNA1_Lib1_GL102_S22_R1_001_val_1.fq.gz
Read 2 file /vol08/ngs/Seattle_Genomics/Collaborations/SG_Watkins/Watkins_07_WB/SawatzkiAnalysis/trimgalore_results/G248_Watkins07_AVR_rh3006_B_D224_RNA1_Lib1_GL102_S22_R2_001_val_2.fq.gz
Counter variable 40
Sample being processed G249_Watkins07_AVR_rh3011_B_D224_RNA1_Lib1_GL102_S53
Read 1 file /vol08/ngs/Seattle_Genomics/Collaborations/SG_Watkins/Watkins_07_WB/SawatzkiAnalysis/trimgalore_results/G249_Watkins07_AVR_rh3011_B_D224_RNA1_Lib1_GL102_S53_R1_001_val_1.fq.gz
Read 2 file /vol08/ngs/Seattle_Genomics/Collaborations/SG_Watkins/Watkins_07_WB/SawatzkiAnalysis/trimgalore_results/G249_Watkins07_AVR_rh3011_B_D224_RNA1_Lib1_GL102_S53_R2_001_val_2.fq.gz
Sample being processed G250_Watkins07_AVR_rh3032_B_D224_RNA1_Lib1_GL102_S84
Read 1 file /vol08/ngs/Seattle_Genomics/Collaborations/SG_Watkins/Watkins_07_WB/SawatzkiAnalysis/trimgalore_results/G250_Watkins07_AVR_rh3032_B_D224_RNA1_Lib1_GL102_S84_R1_001_val_1.fq.gz
Read 2 file /vol08/ngs/Seattle_Genomics/Collaborations/SG_Watkins/Watkins_07_WB/SawatzkiAnalysis/trimgalore_results/G250_Watkins07_AVR_rh3032_B_D224_RNA1_Lib1_GL102_S84_R2_001_val_2.fq.gz
Sample being processed G251_Watkins07_AVR_rh3033_B_D224_RNA1_Lib1_GL102_S72
Read 1 file /vol08/ngs/Seattle_Genomics/Collaborations/SG_Watkins/Watkins_07_WB/SawatzkiAnalysis/trimgalore_results/G251_Watkins07_AVR_rh3033_B_D224_RNA1_Lib1_GL102_S72_R1_001_val_1.fq.gz
Read 2 file /vol08/ngs/Seattle_Genomics/Collaborations/SG_Watkins/Watkins_07_WB/SawatzkiAnalysis/trimgalore_results/G251_Watkins07_AVR_rh3033_B_D224_RNA1_Lib1_GL102_S72_R2_001_val_2.fq.gz
Sample being processed G252_Watkins07_AVR_rh3036_B_D224_RNA1_Lib1_GL104_S3
Read 1 file /vol08/ngs/Seattle_Genomics/Collaborations/SG_Watkins/Watkins_07_WB/SawatzkiAnalysis/trimgalore_results/G252_Watkins07_AVR_rh3036_B_D224_RNA1_Lib1_GL104_S3_R1_001_val_1.fq.gz
Read 2 file /vol08/ngs/Seattle_Genomics/Collaborations/SG_Watkins/Watkins_07_WB/SawatzkiAnalysis/trimgalore_results/G252_Watkins07_AVR_rh3036_B_D224_RNA1_Lib1_GL104_S3_R2_001_val_2.fq.gz
Counter variable 44
Sample being processed G253_Watkins07_AVR_rh3037_B_D224_RNA1_Lib1_GL104_S5
Read 1 file /vol08/ngs/Seattle_Genomics/Collaborations/SG_Watkins/Watkins_07_WB/SawatzkiAnalysis/trimgalore_results/G253_Watkins07_AVR_rh3037_B_D224_RNA1_Lib1_GL104_S5_R1_001_val_1.fq.gz
Read 2 file /vol08/ngs/Seattle_Genomics/Collaborations/SG_Watkins/Watkins_07_WB/SawatzkiAnalysis/trimgalore_results/G253_Watkins07_AVR_rh3037_B_D224_RNA1_Lib1_GL104_S5_R2_001_val_2.fq.gz
Sample being processed G254_Watkins07_AVR_rh3045_B_D224_RNA1_Lib1_GL102_S52
Read 1 file /vol08/ngs/Seattle_Genomics/Collaborations/SG_Watkins/Watkins_07_WB/SawatzkiAnalysis/trimgalore_results/G254_Watkins07_AVR_rh3045_B_D224_RNA1_Lib1_GL102_S52_R1_001_val_1.fq.gz
Read 2 file /vol08/ngs/Seattle_Genomics/Collaborations/SG_Watkins/Watkins_07_WB/SawatzkiAnalysis/trimgalore_results/G254_Watkins07_AVR_rh3045_B_D224_RNA1_Lib1_GL102_S52_R2_001_val_2.fq.gz
Sample being processed G255_Watkins07_AVR_rh3048_B_D224_RNA1_Lib1_GL102_S23
Read 1 file /vol08/ngs/Seattle_Genomics/Collaborations/SG_Watkins/Watkins_07_WB/SawatzkiAnalysis/trimgalore_results/G255_Watkins07_AVR_rh3048_B_D224_RNA1_Lib1_GL102_S23_R1_001_val_1.fq.gz
Read 2 file /vol08/ngs/Seattle_Genomics/Collaborations/SG_Watkins/Watkins_07_WB/SawatzkiAnalysis/trimgalore_results/G255_Watkins07_AVR_rh3048_B_D224_RNA1_Lib1_GL102_S23_R2_001_val_2.fq.gz
Sample being processed G256_Watkins07_AVR_rh3053_B_D224_RNA1_Lib1_GL102_S12
Read 1 file /vol08/ngs/Seattle_Genomics/Collaborations/SG_Watkins/Watkins_07_WB/SawatzkiAnalysis/trimgalore_results/G256_Watkins07_AVR_rh3053_B_D224_RNA1_Lib1_GL102_S12_R1_001_val_1.fq.gz
Read 2 file /vol08/ngs/Seattle_Genomics/Collaborations/SG_Watkins/Watkins_07_WB/SawatzkiAnalysis/trimgalore_results/G256_Watkins07_AVR_rh3053_B_D224_RNA1_Lib1_GL102_S12_R2_001_val_2.fq.gz
Counter variable 48
Sample being processed G257_Watkins07_AVR_r08014_B_D0-SIV_RNA1_Lib1_GL105_S85
Read 1 file /vol08/ngs/Seattle_Genomics/Collaborations/SG_Watkins/Watkins_07_WB/SawatzkiAnalysis/trimgalore_results/G257_Watkins07_AVR_r08014_B_D0-SIV_RNA1_Lib1_GL105_S85_R1_001_val_1.fq.gz
Read 2 file /vol08/ngs/Seattle_Genomics/Collaborations/SG_Watkins/Watkins_07_WB/SawatzkiAnalysis/trimgalore_results/G257_Watkins07_AVR_r08014_B_D0-SIV_RNA1_Lib1_GL105_S85_R2_001_val_2.fq.gz
Sample being processed G258_Watkins07_Unvax_r15058_B_D0-SIV_RNA1_Lib1_GL104_S74
Read 1 file /vol08/ngs/Seattle_Genomics/Collaborations/SG_Watkins/Watkins_07_WB/SawatzkiAnalysis/trimgalore_results/G258_Watkins07_Unvax_r15058_B_D0-SIV_RNA1_Lib1_GL104_S74_R1_001_val_1.fq.gz
Read 2 file /vol08/ngs/Seattle_Genomics/Collaborations/SG_Watkins/Watkins_07_WB/SawatzkiAnalysis/trimgalore_results/G258_Watkins07_Unvax_r15058_B_D0-SIV_RNA1_Lib1_GL104_S74_R2_001_val_2.fq.gz
Sample being processed G259_Watkins07_Unvax_r16003_B_D0-SIV_RNA1_Lib1_GL104_S94
Read 1 file /vol08/ngs/Seattle_Genomics/Collaborations/SG_Watkins/Watkins_07_WB/SawatzkiAnalysis/trimgalore_results/G259_Watkins07_Unvax_r16003_B_D0-SIV_RNA1_Lib1_GL104_S94_R1_001_val_1.fq.gz
Read 2 file /vol08/ngs/Seattle_Genomics/Collaborations/SG_Watkins/Watkins_07_WB/SawatzkiAnalysis/trimgalore_results/G259_Watkins07_Unvax_r16003_B_D0-SIV_RNA1_Lib1_GL104_S94_R2_001_val_2.fq.gz
Sample being processed G260_Watkins07_AVR_r08014_B_D3-SIV_RNA1_Lib1_GL104_S10
Read 1 file /vol08/ngs/Seattle_Genomics/Collaborations/SG_Watkins/Watkins_07_WB/SawatzkiAnalysis/trimgalore_results/G260_Watkins07_AVR_r08014_B_D3-SIV_RNA1_Lib1_GL104_S10_R1_001_val_1.fq.gz
Read 2 file /vol08/ngs/Seattle_Genomics/Collaborations/SG_Watkins/Watkins_07_WB/SawatzkiAnalysis/trimgalore_results/G260_Watkins07_AVR_r08014_B_D3-SIV_RNA1_Lib1_GL104_S10_R2_001_val_2.fq.gz
Counter variable 52
Sample being processed G261_Watkins07_Unvax_r15058_B_D3-SIV_RNA1_Lib1_GL104_S45
Read 1 file /vol08/ngs/Seattle_Genomics/Collaborations/SG_Watkins/Watkins_07_WB/SawatzkiAnalysis/trimgalore_results/G261_Watkins07_Unvax_r15058_B_D3-SIV_RNA1_Lib1_GL104_S45_R1_001_val_1.fq.gz
Read 2 file /vol08/ngs/Seattle_Genomics/Collaborations/SG_Watkins/Watkins_07_WB/SawatzkiAnalysis/trimgalore_results/G261_Watkins07_Unvax_r15058_B_D3-SIV_RNA1_Lib1_GL104_S45_R2_001_val_2.fq.gz
Sample being processed G262_Watkins07_Unvax_r16003_B_D3-SIV_RNA1_Lib1_GL105_S72
Read 1 file /vol08/ngs/Seattle_Genomics/Collaborations/SG_Watkins/Watkins_07_WB/SawatzkiAnalysis/trimgalore_results/G262_Watkins07_Unvax_r16003_B_D3-SIV_RNA1_Lib1_GL105_S72_R1_001_val_1.fq.gz
Read 2 file /vol08/ngs/Seattle_Genomics/Collaborations/SG_Watkins/Watkins_07_WB/SawatzkiAnalysis/trimgalore_results/G262_Watkins07_Unvax_r16003_B_D3-SIV_RNA1_Lib1_GL105_S72_R2_001_val_2.fq.gz
Sample being processed G263_Watkins07_AVR_r08014_B_D7-SIV_RNA1_Lib1_GL105_S56
Read 1 file /vol08/ngs/Seattle_Genomics/Collaborations/SG_Watkins/Watkins_07_WB/SawatzkiAnalysis/trimgalore_results/G263_Watkins07_AVR_r08014_B_D7-SIV_RNA1_Lib1_GL105_S56_R1_001_val_1.fq.gz
Read 2 file /vol08/ngs/Seattle_Genomics/Collaborations/SG_Watkins/Watkins_07_WB/SawatzkiAnalysis/trimgalore_results/G263_Watkins07_AVR_r08014_B_D7-SIV_RNA1_Lib1_GL105_S56_R2_001_val_2.fq.gz
Sample being processed G264_Watkins07_Unvax_r15058_B_D7-SIV_RNA1_Lib1_GL104_S71
Read 1 file /vol08/ngs/Seattle_Genomics/Collaborations/SG_Watkins/Watkins_07_WB/SawatzkiAnalysis/trimgalore_results/G264_Watkins07_Unvax_r15058_B_D7-SIV_RNA1_Lib1_GL104_S71_R1_001_val_1.fq.gz
Read 2 file /vol08/ngs/Seattle_Genomics/Collaborations/SG_Watkins/Watkins_07_WB/SawatzkiAnalysis/trimgalore_results/G264_Watkins07_Unvax_r15058_B_D7-SIV_RNA1_Lib1_GL104_S71_R2_001_val_2.fq.gz
Counter variable 56
Sample being processed G265_Watkins07_Unvax_r16003_B_D7-SIV_RNA1_Lib1_GL104_S24
Read 1 file /vol08/ngs/Seattle_Genomics/Collaborations/SG_Watkins/Watkins_07_WB/SawatzkiAnalysis/trimgalore_results/G265_Watkins07_Unvax_r16003_B_D7-SIV_RNA1_Lib1_GL104_S24_R1_001_val_1.fq.gz
Read 2 file /vol08/ngs/Seattle_Genomics/Collaborations/SG_Watkins/Watkins_07_WB/SawatzkiAnalysis/trimgalore_results/G265_Watkins07_Unvax_r16003_B_D7-SIV_RNA1_Lib1_GL104_S24_R2_001_val_2.fq.gz
Sample being processed G266_Watkins07_Unvax_r17103_B_D0-SIV_RNA1_Lib1_GL102_S97
Read 1 file /vol08/ngs/Seattle_Genomics/Collaborations/SG_Watkins/Watkins_07_WB/SawatzkiAnalysis/trimgalore_results/G266_Watkins07_Unvax_r17103_B_D0-SIV_RNA1_Lib1_GL102_S97_R1_001_val_1.fq.gz
Read 2 file /vol08/ngs/Seattle_Genomics/Collaborations/SG_Watkins/Watkins_07_WB/SawatzkiAnalysis/trimgalore_results/G266_Watkins07_Unvax_r17103_B_D0-SIV_RNA1_Lib1_GL102_S97_R2_001_val_2.fq.gz
Sample being processed G267_Watkins07_Unvax_r18067_B_D0-SIV_RNA1_Lib1_GL102_S1
Read 1 file /vol08/ngs/Seattle_Genomics/Collaborations/SG_Watkins/Watkins_07_WB/SawatzkiAnalysis/trimgalore_results/G267_Watkins07_Unvax_r18067_B_D0-SIV_RNA1_Lib1_GL102_S1_R1_001_val_1.fq.gz
Read 2 file /vol08/ngs/Seattle_Genomics/Collaborations/SG_Watkins/Watkins_07_WB/SawatzkiAnalysis/trimgalore_results/G267_Watkins07_Unvax_r18067_B_D0-SIV_RNA1_Lib1_GL102_S1_R2_001_val_2.fq.gz
Sample being processed G268_Watkins07_AVR_r08014_B_D10-SIV_RNA1_Lib1_GL105_S87
Read 1 file /vol08/ngs/Seattle_Genomics/Collaborations/SG_Watkins/Watkins_07_WB/SawatzkiAnalysis/trimgalore_results/G268_Watkins07_AVR_r08014_B_D10-SIV_RNA1_Lib1_GL105_S87_R1_001_val_1.fq.gz
Read 2 file /vol08/ngs/Seattle_Genomics/Collaborations/SG_Watkins/Watkins_07_WB/SawatzkiAnalysis/trimgalore_results/G268_Watkins07_AVR_r08014_B_D10-SIV_RNA1_Lib1_GL105_S87_R2_001_val_2.fq.gz
Counter variable 60
Sample being processed G269_Watkins07_Unvax_r15058_B_D10-SIV_RNA1_Lib1_GL102_S14
Read 1 file /vol08/ngs/Seattle_Genomics/Collaborations/SG_Watkins/Watkins_07_WB/SawatzkiAnalysis/trimgalore_results/G269_Watkins07_Unvax_r15058_B_D10-SIV_RNA1_Lib1_GL102_S14_R1_001_val_1.fq.gz
Read 2 file /vol08/ngs/Seattle_Genomics/Collaborations/SG_Watkins/Watkins_07_WB/SawatzkiAnalysis/trimgalore_results/G269_Watkins07_Unvax_r15058_B_D10-SIV_RNA1_Lib1_GL102_S14_R2_001_val_2.fq.gz
Sample being processed G270_Watkins07_Unvax_r16003_B_D10-SIV_RNA1_Lib1_GL104_S6
Read 1 file /vol08/ngs/Seattle_Genomics/Collaborations/SG_Watkins/Watkins_07_WB/SawatzkiAnalysis/trimgalore_results/G270_Watkins07_Unvax_r16003_B_D10-SIV_RNA1_Lib1_GL104_S6_R1_001_val_1.fq.gz
Read 2 file /vol08/ngs/Seattle_Genomics/Collaborations/SG_Watkins/Watkins_07_WB/SawatzkiAnalysis/trimgalore_results/G270_Watkins07_Unvax_r16003_B_D10-SIV_RNA1_Lib1_GL104_S6_R2_001_val_2.fq.gz
Sample being processed G271_Watkins07_Unvax_r17103_B_D3-SIV_RNA1_Lib1_GL102_S25
Read 1 file /vol08/ngs/Seattle_Genomics/Collaborations/SG_Watkins/Watkins_07_WB/SawatzkiAnalysis/trimgalore_results/G271_Watkins07_Unvax_r17103_B_D3-SIV_RNA1_Lib1_GL102_S25_R1_001_val_1.fq.gz
Read 2 file /vol08/ngs/Seattle_Genomics/Collaborations/SG_Watkins/Watkins_07_WB/SawatzkiAnalysis/trimgalore_results/G271_Watkins07_Unvax_r17103_B_D3-SIV_RNA1_Lib1_GL102_S25_R2_001_val_2.fq.gz
Sample being processed G272_Watkins07_Unvax_r18067_B_D3-SIV_RNA1_Lib1_GL102_S5
Read 1 file /vol08/ngs/Seattle_Genomics/Collaborations/SG_Watkins/Watkins_07_WB/SawatzkiAnalysis/trimgalore_results/G272_Watkins07_Unvax_r18067_B_D3-SIV_RNA1_Lib1_GL102_S5_R1_001_val_1.fq.gz
Read 2 file /vol08/ngs/Seattle_Genomics/Collaborations/SG_Watkins/Watkins_07_WB/SawatzkiAnalysis/trimgalore_results/G272_Watkins07_Unvax_r18067_B_D3-SIV_RNA1_Lib1_GL102_S5_R2_001_val_2.fq.gz
Counter variable 64
Sample being processed G273_Watkins07_AVR_r08014_B_D14-SIV_RNA1_Lib1_GL104_S62
Read 1 file /vol08/ngs/Seattle_Genomics/Collaborations/SG_Watkins/Watkins_07_WB/SawatzkiAnalysis/trimgalore_results/G273_Watkins07_AVR_r08014_B_D14-SIV_RNA1_Lib1_GL104_S62_R1_001_val_1.fq.gz
Read 2 file /vol08/ngs/Seattle_Genomics/Collaborations/SG_Watkins/Watkins_07_WB/SawatzkiAnalysis/trimgalore_results/G273_Watkins07_AVR_r08014_B_D14-SIV_RNA1_Lib1_GL104_S62_R2_001_val_2.fq.gz
Sample being processed G274_Watkins07_Unvax_r15058_B_D14-SIV_RNA1_Lib1_GL104_S21
Read 1 file /vol08/ngs/Seattle_Genomics/Collaborations/SG_Watkins/Watkins_07_WB/SawatzkiAnalysis/trimgalore_results/G274_Watkins07_Unvax_r15058_B_D14-SIV_RNA1_Lib1_GL104_S21_R1_001_val_1.fq.gz
Read 2 file /vol08/ngs/Seattle_Genomics/Collaborations/SG_Watkins/Watkins_07_WB/SawatzkiAnalysis/trimgalore_results/G274_Watkins07_Unvax_r15058_B_D14-SIV_RNA1_Lib1_GL104_S21_R2_001_val_2.fq.gz
Sample being processed G275_Watkins07_Unvax_r16003_B_D14-SIV_RNA1_Lib1_GL102_S26
Read 1 file /vol08/ngs/Seattle_Genomics/Collaborations/SG_Watkins/Watkins_07_WB/SawatzkiAnalysis/trimgalore_results/G275_Watkins07_Unvax_r16003_B_D14-SIV_RNA1_Lib1_GL102_S26_R1_001_val_1.fq.gz
Read 2 file /vol08/ngs/Seattle_Genomics/Collaborations/SG_Watkins/Watkins_07_WB/SawatzkiAnalysis/trimgalore_results/G275_Watkins07_Unvax_r16003_B_D14-SIV_RNA1_Lib1_GL102_S26_R2_001_val_2.fq.gz
Sample being processed G276_Watkins07_Unvax_r17103_B_D7-SIV_RNA1_Lib1_GL104_S87
Read 1 file /vol08/ngs/Seattle_Genomics/Collaborations/SG_Watkins/Watkins_07_WB/SawatzkiAnalysis/trimgalore_results/G276_Watkins07_Unvax_r17103_B_D7-SIV_RNA1_Lib1_GL104_S87_R1_001_val_1.fq.gz
Read 2 file /vol08/ngs/Seattle_Genomics/Collaborations/SG_Watkins/Watkins_07_WB/SawatzkiAnalysis/trimgalore_results/G276_Watkins07_Unvax_r17103_B_D7-SIV_RNA1_Lib1_GL104_S87_R2_001_val_2.fq.gz
Counter variable 68
Sample being processed G277_Watkins07_Unvax_r18067_B_D7-SIV_RNA1_Lib1_GL102_S65
Read 1 file /vol08/ngs/Seattle_Genomics/Collaborations/SG_Watkins/Watkins_07_WB/SawatzkiAnalysis/trimgalore_results/G277_Watkins07_Unvax_r18067_B_D7-SIV_RNA1_Lib1_GL102_S65_R1_001_val_1.fq.gz
Read 2 file /vol08/ngs/Seattle_Genomics/Collaborations/SG_Watkins/Watkins_07_WB/SawatzkiAnalysis/trimgalore_results/G277_Watkins07_Unvax_r18067_B_D7-SIV_RNA1_Lib1_GL102_S65_R2_001_val_2.fq.gz
Sample being processed G278_Watkins07_AVR_r17017_B_D0-SIV_RNA1_Lib1_GL104_S33
Read 1 file /vol08/ngs/Seattle_Genomics/Collaborations/SG_Watkins/Watkins_07_WB/SawatzkiAnalysis/trimgalore_results/G278_Watkins07_AVR_r17017_B_D0-SIV_RNA1_Lib1_GL104_S33_R1_001_val_1.fq.gz
Read 2 file /vol08/ngs/Seattle_Genomics/Collaborations/SG_Watkins/Watkins_07_WB/SawatzkiAnalysis/trimgalore_results/G278_Watkins07_AVR_r17017_B_D0-SIV_RNA1_Lib1_GL104_S33_R2_001_val_2.fq.gz
Sample being processed G279_Watkins07_Unvax_r17039_B_D0-SIV_RNA1_Lib1_GL102_S70
Read 1 file /vol08/ngs/Seattle_Genomics/Collaborations/SG_Watkins/Watkins_07_WB/SawatzkiAnalysis/trimgalore_results/G279_Watkins07_Unvax_r17039_B_D0-SIV_RNA1_Lib1_GL102_S70_R1_001_val_1.fq.gz
Read 2 file /vol08/ngs/Seattle_Genomics/Collaborations/SG_Watkins/Watkins_07_WB/SawatzkiAnalysis/trimgalore_results/G279_Watkins07_Unvax_r17039_B_D0-SIV_RNA1_Lib1_GL102_S70_R2_001_val_2.fq.gz
Sample being processed G280_Watkins07_Unvax_r17103_B_D10-SIV_RNA1_Lib1_GL102_S101
Read 1 file /vol08/ngs/Seattle_Genomics/Collaborations/SG_Watkins/Watkins_07_WB/SawatzkiAnalysis/trimgalore_results/G280_Watkins07_Unvax_r17103_B_D10-SIV_RNA1_Lib1_GL102_S101_R1_001_val_1.fq.gz
Read 2 file /vol08/ngs/Seattle_Genomics/Collaborations/SG_Watkins/Watkins_07_WB/SawatzkiAnalysis/trimgalore_results/G280_Watkins07_Unvax_r17103_B_D10-SIV_RNA1_Lib1_GL102_S101_R2_001_val_2.fq.gz
Counter variable 72
Sample being processed G281_Watkins07_Unvax_r18067_B_D10-SIV_RNA1_Lib1_GL104_S59
Read 1 file /vol08/ngs/Seattle_Genomics/Collaborations/SG_Watkins/Watkins_07_WB/SawatzkiAnalysis/trimgalore_results/G281_Watkins07_Unvax_r18067_B_D10-SIV_RNA1_Lib1_GL104_S59_R1_001_val_1.fq.gz
Read 2 file /vol08/ngs/Seattle_Genomics/Collaborations/SG_Watkins/Watkins_07_WB/SawatzkiAnalysis/trimgalore_results/G281_Watkins07_Unvax_r18067_B_D10-SIV_RNA1_Lib1_GL104_S59_R2_001_val_2.fq.gz
Sample being processed G282_Watkins07_AVR_r17017_B_D3-SIV_RNA1_Lib1_GL102_S50
Read 1 file /vol08/ngs/Seattle_Genomics/Collaborations/SG_Watkins/Watkins_07_WB/SawatzkiAnalysis/trimgalore_results/G282_Watkins07_AVR_r17017_B_D3-SIV_RNA1_Lib1_GL102_S50_R1_001_val_1.fq.gz
Read 2 file /vol08/ngs/Seattle_Genomics/Collaborations/SG_Watkins/Watkins_07_WB/SawatzkiAnalysis/trimgalore_results/G282_Watkins07_AVR_r17017_B_D3-SIV_RNA1_Lib1_GL102_S50_R2_001_val_2.fq.gz
Sample being processed G283_Watkins07_Unvax_r17039_B_D3-SIV_RNA1_Lib1_GL102_S89
Read 1 file /vol08/ngs/Seattle_Genomics/Collaborations/SG_Watkins/Watkins_07_WB/SawatzkiAnalysis/trimgalore_results/G283_Watkins07_Unvax_r17039_B_D3-SIV_RNA1_Lib1_GL102_S89_R1_001_val_1.fq.gz
Read 2 file /vol08/ngs/Seattle_Genomics/Collaborations/SG_Watkins/Watkins_07_WB/SawatzkiAnalysis/trimgalore_results/G283_Watkins07_Unvax_r17039_B_D3-SIV_RNA1_Lib1_GL102_S89_R2_001_val_2.fq.gz
Sample being processed G284_Watkins07_Unvax_r17103_B_D14-SIV_RNA1_Lib1_GL104_S38
Read 1 file /vol08/ngs/Seattle_Genomics/Collaborations/SG_Watkins/Watkins_07_WB/SawatzkiAnalysis/trimgalore_results/G284_Watkins07_Unvax_r17103_B_D14-SIV_RNA1_Lib1_GL104_S38_R1_001_val_1.fq.gz
Read 2 file /vol08/ngs/Seattle_Genomics/Collaborations/SG_Watkins/Watkins_07_WB/SawatzkiAnalysis/trimgalore_results/G284_Watkins07_Unvax_r17103_B_D14-SIV_RNA1_Lib1_GL104_S38_R2_001_val_2.fq.gz
Counter variable 76
Sample being processed G285_Watkins07_Unvax_r18067_B_D14-SIV_RNA1_Lib1_GL104_S34
Read 1 file /vol08/ngs/Seattle_Genomics/Collaborations/SG_Watkins/Watkins_07_WB/SawatzkiAnalysis/trimgalore_results/G285_Watkins07_Unvax_r18067_B_D14-SIV_RNA1_Lib1_GL104_S34_R1_001_val_1.fq.gz
Read 2 file /vol08/ngs/Seattle_Genomics/Collaborations/SG_Watkins/Watkins_07_WB/SawatzkiAnalysis/trimgalore_results/G285_Watkins07_Unvax_r18067_B_D14-SIV_RNA1_Lib1_GL104_S34_R2_001_val_2.fq.gz
Sample being processed G286_Watkins07_AVR_r17017_B_D7-SIV_RNA1_Lib1_GL104_S93
Read 1 file /vol08/ngs/Seattle_Genomics/Collaborations/SG_Watkins/Watkins_07_WB/SawatzkiAnalysis/trimgalore_results/G286_Watkins07_AVR_r17017_B_D7-SIV_RNA1_Lib1_GL104_S93_R1_001_val_1.fq.gz
Read 2 file /vol08/ngs/Seattle_Genomics/Collaborations/SG_Watkins/Watkins_07_WB/SawatzkiAnalysis/trimgalore_results/G286_Watkins07_AVR_r17017_B_D7-SIV_RNA1_Lib1_GL104_S93_R2_001_val_2.fq.gz
Sample being processed G287_Watkins07_Unvax_r17039_B_D7-SIV_RNA1_Lib1_GL102_S73
Read 1 file /vol08/ngs/Seattle_Genomics/Collaborations/SG_Watkins/Watkins_07_WB/SawatzkiAnalysis/trimgalore_results/G287_Watkins07_Unvax_r17039_B_D7-SIV_RNA1_Lib1_GL102_S73_R1_001_val_1.fq.gz
Read 2 file /vol08/ngs/Seattle_Genomics/Collaborations/SG_Watkins/Watkins_07_WB/SawatzkiAnalysis/trimgalore_results/G287_Watkins07_Unvax_r17039_B_D7-SIV_RNA1_Lib1_GL102_S73_R2_001_val_2.fq.gz
Sample being processed G288_Watkins07_AVR_r17017_B_D10-SIV_RNA1_Lib1_GL102_S64
Read 1 file /vol08/ngs/Seattle_Genomics/Collaborations/SG_Watkins/Watkins_07_WB/SawatzkiAnalysis/trimgalore_results/G288_Watkins07_AVR_r17017_B_D10-SIV_RNA1_Lib1_GL102_S64_R1_001_val_1.fq.gz
Read 2 file /vol08/ngs/Seattle_Genomics/Collaborations/SG_Watkins/Watkins_07_WB/SawatzkiAnalysis/trimgalore_results/G288_Watkins07_AVR_r17017_B_D10-SIV_RNA1_Lib1_GL102_S64_R2_001_val_2.fq.gz
Counter variable 80
Sample being processed G289_Watkins07_Unvax_r17039_B_D10-SIV_RNA3_Lib1_GL102_S21
Read 1 file /vol08/ngs/Seattle_Genomics/Collaborations/SG_Watkins/Watkins_07_WB/SawatzkiAnalysis/trimgalore_results/G289_Watkins07_Unvax_r17039_B_D10-SIV_RNA3_Lib1_GL102_S21_R1_001_val_1.fq.gz
Read 2 file /vol08/ngs/Seattle_Genomics/Collaborations/SG_Watkins/Watkins_07_WB/SawatzkiAnalysis/trimgalore_results/G289_Watkins07_Unvax_r17039_B_D10-SIV_RNA3_Lib1_GL102_S21_R2_001_val_2.fq.gz
Sample being processed G290_Watkins07_AVR_r17017_B_D14-SIV_RNA1_Lib1_GL105_S59
Read 1 file /vol08/ngs/Seattle_Genomics/Collaborations/SG_Watkins/Watkins_07_WB/SawatzkiAnalysis/trimgalore_results/G290_Watkins07_AVR_r17017_B_D14-SIV_RNA1_Lib1_GL105_S59_R1_001_val_1.fq.gz
Read 2 file /vol08/ngs/Seattle_Genomics/Collaborations/SG_Watkins/Watkins_07_WB/SawatzkiAnalysis/trimgalore_results/G290_Watkins07_AVR_r17017_B_D14-SIV_RNA1_Lib1_GL105_S59_R2_001_val_2.fq.gz
Sample being processed G291_Watkins07_Unvax_r17039_B_D14-SIV_RNA1_Lib1_GL102_S15
Read 1 file /vol08/ngs/Seattle_Genomics/Collaborations/SG_Watkins/Watkins_07_WB/SawatzkiAnalysis/trimgalore_results/G291_Watkins07_Unvax_r17039_B_D14-SIV_RNA1_Lib1_GL102_S15_R1_001_val_1.fq.gz
Read 2 file /vol08/ngs/Seattle_Genomics/Collaborations/SG_Watkins/Watkins_07_WB/SawatzkiAnalysis/trimgalore_results/G291_Watkins07_Unvax_r17039_B_D14-SIV_RNA1_Lib1_GL102_S15_R2_001_val_2.fq.gz
Sample being processed G292_Watkins07_Unvax_r12048_B_D0-SIV_RNA1_Lib1_GL104_S68
Read 1 file /vol08/ngs/Seattle_Genomics/Collaborations/SG_Watkins/Watkins_07_WB/SawatzkiAnalysis/trimgalore_results/G292_Watkins07_Unvax_r12048_B_D0-SIV_RNA1_Lib1_GL104_S68_R1_001_val_1.fq.gz
Read 2 file /vol08/ngs/Seattle_Genomics/Collaborations/SG_Watkins/Watkins_07_WB/SawatzkiAnalysis/trimgalore_results/G292_Watkins07_Unvax_r12048_B_D0-SIV_RNA1_Lib1_GL104_S68_R2_001_val_2.fq.gz
Counter variable 84
Sample being processed G293_Watkins07_Unvax_r12048_B_D3-SIV_RNA1_Lib1_GL102_S27
Read 1 file /vol08/ngs/Seattle_Genomics/Collaborations/SG_Watkins/Watkins_07_WB/SawatzkiAnalysis/trimgalore_results/G293_Watkins07_Unvax_r12048_B_D3-SIV_RNA1_Lib1_GL102_S27_R1_001_val_1.fq.gz
Read 2 file /vol08/ngs/Seattle_Genomics/Collaborations/SG_Watkins/Watkins_07_WB/SawatzkiAnalysis/trimgalore_results/G293_Watkins07_Unvax_r12048_B_D3-SIV_RNA1_Lib1_GL102_S27_R2_001_val_2.fq.gz
Sample being processed G294_Watkins07_Unvax_r12048_B_D7-SIV_RNA1_Lib1_GL105_S69
Read 1 file /vol08/ngs/Seattle_Genomics/Collaborations/SG_Watkins/Watkins_07_WB/SawatzkiAnalysis/trimgalore_results/G294_Watkins07_Unvax_r12048_B_D7-SIV_RNA1_Lib1_GL105_S69_R1_001_val_1.fq.gz
Read 2 file /vol08/ngs/Seattle_Genomics/Collaborations/SG_Watkins/Watkins_07_WB/SawatzkiAnalysis/trimgalore_results/G294_Watkins07_Unvax_r12048_B_D7-SIV_RNA1_Lib1_GL105_S69_R2_001_val_2.fq.gz
Sample being processed G295_Watkins07_AVR_rh3032_B_D0-SIV_RNA1_Lib1_GL104_S47
Read 1 file /vol08/ngs/Seattle_Genomics/Collaborations/SG_Watkins/Watkins_07_WB/SawatzkiAnalysis/trimgalore_results/G295_Watkins07_AVR_rh3032_B_D0-SIV_RNA1_Lib1_GL104_S47_R1_001_val_1.fq.gz
Read 2 file /vol08/ngs/Seattle_Genomics/Collaborations/SG_Watkins/Watkins_07_WB/SawatzkiAnalysis/trimgalore_results/G295_Watkins07_AVR_rh3032_B_D0-SIV_RNA1_Lib1_GL104_S47_R2_001_val_2.fq.gz
Sample being processed G296_Watkins07_AVR_rh3033_B_D0-SIV_RNA1_Lib1_GL102_S66
Read 1 file /vol08/ngs/Seattle_Genomics/Collaborations/SG_Watkins/Watkins_07_WB/SawatzkiAnalysis/trimgalore_results/G296_Watkins07_AVR_rh3033_B_D0-SIV_RNA1_Lib1_GL102_S66_R1_001_val_1.fq.gz
Read 2 file /vol08/ngs/Seattle_Genomics/Collaborations/SG_Watkins/Watkins_07_WB/SawatzkiAnalysis/trimgalore_results/G296_Watkins07_AVR_rh3033_B_D0-SIV_RNA1_Lib1_GL102_S66_R2_001_val_2.fq.gz
Counter variable 88
Sample being processed G297_Watkins07_Unvax_r12048_B_D10-SIV_RNA1_Lib1_GL105_S71
Read 1 file /vol08/ngs/Seattle_Genomics/Collaborations/SG_Watkins/Watkins_07_WB/SawatzkiAnalysis/trimgalore_results/G297_Watkins07_Unvax_r12048_B_D10-SIV_RNA1_Lib1_GL105_S71_R1_001_val_1.fq.gz
Read 2 file /vol08/ngs/Seattle_Genomics/Collaborations/SG_Watkins/Watkins_07_WB/SawatzkiAnalysis/trimgalore_results/G297_Watkins07_Unvax_r12048_B_D10-SIV_RNA1_Lib1_GL105_S71_R2_001_val_2.fq.gz
Sample being processed G298_Watkins07_AVR_rh3032_B_D3-SIV_RNA1_Lib1_GL104_S31
Read 1 file /vol08/ngs/Seattle_Genomics/Collaborations/SG_Watkins/Watkins_07_WB/SawatzkiAnalysis/trimgalore_results/G298_Watkins07_AVR_rh3032_B_D3-SIV_RNA1_Lib1_GL104_S31_R1_001_val_1.fq.gz
Read 2 file /vol08/ngs/Seattle_Genomics/Collaborations/SG_Watkins/Watkins_07_WB/SawatzkiAnalysis/trimgalore_results/G298_Watkins07_AVR_rh3032_B_D3-SIV_RNA1_Lib1_GL104_S31_R2_001_val_2.fq.gz
Sample being processed G299_Watkins07_AVR_rh3033_B_D3-SIV_RNA1_Lib1_GL104_S54
Read 1 file /vol08/ngs/Seattle_Genomics/Collaborations/SG_Watkins/Watkins_07_WB/SawatzkiAnalysis/trimgalore_results/G299_Watkins07_AVR_rh3033_B_D3-SIV_RNA1_Lib1_GL104_S54_R1_001_val_1.fq.gz
Read 2 file /vol08/ngs/Seattle_Genomics/Collaborations/SG_Watkins/Watkins_07_WB/SawatzkiAnalysis/trimgalore_results/G299_Watkins07_AVR_rh3033_B_D3-SIV_RNA1_Lib1_GL104_S54_R2_001_val_2.fq.gz
Sample being processed G300_Watkins07_Unvax_r05035_B_D0-SIV_RNA1_Lib1_GL105_S80
Read 1 file /vol08/ngs/Seattle_Genomics/Collaborations/SG_Watkins/Watkins_07_WB/SawatzkiAnalysis/trimgalore_results/G300_Watkins07_Unvax_r05035_B_D0-SIV_RNA1_Lib1_GL105_S80_R1_001_val_1.fq.gz
Read 2 file /vol08/ngs/Seattle_Genomics/Collaborations/SG_Watkins/Watkins_07_WB/SawatzkiAnalysis/trimgalore_results/G300_Watkins07_Unvax_r05035_B_D0-SIV_RNA1_Lib1_GL105_S80_R2_001_val_2.fq.gz
Counter variable 92
Sample being processed G301_Watkins07_Unvax_r05035_B_D3-SIV_RNA1_Lib1_GL102_S61
Read 1 file /vol08/ngs/Seattle_Genomics/Collaborations/SG_Watkins/Watkins_07_WB/SawatzkiAnalysis/trimgalore_results/G301_Watkins07_Unvax_r05035_B_D3-SIV_RNA1_Lib1_GL102_S61_R1_001_val_1.fq.gz
Read 2 file /vol08/ngs/Seattle_Genomics/Collaborations/SG_Watkins/Watkins_07_WB/SawatzkiAnalysis/trimgalore_results/G301_Watkins07_Unvax_r05035_B_D3-SIV_RNA1_Lib1_GL102_S61_R2_001_val_2.fq.gz
Sample being processed G302_Watkins07_Unvax_r05035_B_D7-SIV_RNA1_Lib1_GL104_S101
Read 1 file /vol08/ngs/Seattle_Genomics/Collaborations/SG_Watkins/Watkins_07_WB/SawatzkiAnalysis/trimgalore_results/G302_Watkins07_Unvax_r05035_B_D7-SIV_RNA1_Lib1_GL104_S101_R1_001_val_1.fq.gz
Read 2 file /vol08/ngs/Seattle_Genomics/Collaborations/SG_Watkins/Watkins_07_WB/SawatzkiAnalysis/trimgalore_results/G302_Watkins07_Unvax_r05035_B_D7-SIV_RNA1_Lib1_GL104_S101_R2_001_val_2.fq.gz
Sample being processed G303_Watkins07_Unvax_r05035_B_D10-SIV_RNA1_Lib1_GL104_S77
Read 1 file /vol08/ngs/Seattle_Genomics/Collaborations/SG_Watkins/Watkins_07_WB/SawatzkiAnalysis/trimgalore_results/G303_Watkins07_Unvax_r05035_B_D10-SIV_RNA1_Lib1_GL104_S77_R1_001_val_1.fq.gz
Read 2 file /vol08/ngs/Seattle_Genomics/Collaborations/SG_Watkins/Watkins_07_WB/SawatzkiAnalysis/trimgalore_results/G303_Watkins07_Unvax_r05035_B_D10-SIV_RNA1_Lib1_GL104_S77_R2_001_val_2.fq.gz
Sample being processed G304_Watkins07_Unvax_r05035_B_D14-SIV_RNA1_Lib1_GL104_S64
Read 1 file /vol08/ngs/Seattle_Genomics/Collaborations/SG_Watkins/Watkins_07_WB/SawatzkiAnalysis/trimgalore_results/G304_Watkins07_Unvax_r05035_B_D14-SIV_RNA1_Lib1_GL104_S64_R1_001_val_1.fq.gz
Read 2 file /vol08/ngs/Seattle_Genomics/Collaborations/SG_Watkins/Watkins_07_WB/SawatzkiAnalysis/trimgalore_results/G304_Watkins07_Unvax_r05035_B_D14-SIV_RNA1_Lib1_GL104_S64_R2_001_val_2.fq.gz
Counter variable 96
Sample being processed G305_Watkins07_Unvax_r12048_B_D14-SIV_RNA1_Lib1_GL104_S11
Read 1 file /vol08/ngs/Seattle_Genomics/Collaborations/SG_Watkins/Watkins_07_WB/SawatzkiAnalysis/trimgalore_results/G305_Watkins07_Unvax_r12048_B_D14-SIV_RNA1_Lib1_GL104_S11_R1_001_val_1.fq.gz
Read 2 file /vol08/ngs/Seattle_Genomics/Collaborations/SG_Watkins/Watkins_07_WB/SawatzkiAnalysis/trimgalore_results/G305_Watkins07_Unvax_r12048_B_D14-SIV_RNA1_Lib1_GL104_S11_R2_001_val_2.fq.gz
Sample being processed G306_Watkins07_Unvax_r14010_B_D0-SIV_RNA1_Lib1_GL102_S71
Read 1 file /vol08/ngs/Seattle_Genomics/Collaborations/SG_Watkins/Watkins_07_WB/SawatzkiAnalysis/trimgalore_results/G306_Watkins07_Unvax_r14010_B_D0-SIV_RNA1_Lib1_GL102_S71_R1_001_val_1.fq.gz
Read 2 file /vol08/ngs/Seattle_Genomics/Collaborations/SG_Watkins/Watkins_07_WB/SawatzkiAnalysis/trimgalore_results/G306_Watkins07_Unvax_r14010_B_D0-SIV_RNA1_Lib1_GL102_S71_R2_001_val_2.fq.gz
Sample being processed G307_Watkins07_Unvax_r14010_B_D3-SIV_RNA1_Lib2_GL105_S92
Read 1 file /vol08/ngs/Seattle_Genomics/Collaborations/SG_Watkins/Watkins_07_WB/SawatzkiAnalysis/trimgalore_results/G307_Watkins07_Unvax_r14010_B_D3-SIV_RNA1_Lib2_GL105_S92_R1_001_val_1.fq.gz
Read 2 file /vol08/ngs/Seattle_Genomics/Collaborations/SG_Watkins/Watkins_07_WB/SawatzkiAnalysis/trimgalore_results/G307_Watkins07_Unvax_r14010_B_D3-SIV_RNA1_Lib2_GL105_S92_R2_001_val_2.fq.gz
Sample being processed G308_Watkins07_Unvax_r14010_B_D7-SIV_RNA1_Lib1_GL104_S44
Read 1 file /vol08/ngs/Seattle_Genomics/Collaborations/SG_Watkins/Watkins_07_WB/SawatzkiAnalysis/trimgalore_results/G308_Watkins07_Unvax_r14010_B_D7-SIV_RNA1_Lib1_GL104_S44_R1_001_val_1.fq.gz
Read 2 file /vol08/ngs/Seattle_Genomics/Collaborations/SG_Watkins/Watkins_07_WB/SawatzkiAnalysis/trimgalore_results/G308_Watkins07_Unvax_r14010_B_D7-SIV_RNA1_Lib1_GL104_S44_R2_001_val_2.fq.gz
Counter variable 100
Sample being processed G309_Watkins07_Unvax_r14010_B_D10-SIV_RNA1_Lib1_GL104_S57
Read 1 file /vol08/ngs/Seattle_Genomics/Collaborations/SG_Watkins/Watkins_07_WB/SawatzkiAnalysis/trimgalore_results/G309_Watkins07_Unvax_r14010_B_D10-SIV_RNA1_Lib1_GL104_S57_R1_001_val_1.fq.gz
Read 2 file /vol08/ngs/Seattle_Genomics/Collaborations/SG_Watkins/Watkins_07_WB/SawatzkiAnalysis/trimgalore_results/G309_Watkins07_Unvax_r14010_B_D10-SIV_RNA1_Lib1_GL104_S57_R2_001_val_2.fq.gz
Sample being processed G310_Watkins07_Unvax_r14010_B_D14-SIV_RNA1_Lib1_GL102_S99
Read 1 file /vol08/ngs/Seattle_Genomics/Collaborations/SG_Watkins/Watkins_07_WB/SawatzkiAnalysis/trimgalore_results/G310_Watkins07_Unvax_r14010_B_D14-SIV_RNA1_Lib1_GL102_S99_R1_001_val_1.fq.gz
Read 2 file /vol08/ngs/Seattle_Genomics/Collaborations/SG_Watkins/Watkins_07_WB/SawatzkiAnalysis/trimgalore_results/G310_Watkins07_Unvax_r14010_B_D14-SIV_RNA1_Lib1_GL102_S99_R2_001_val_2.fq.gz
Sample being processed G311_Watkins07_AVR_r14065_B_D0-SIV_RNA1_Lib1_GL105_S95
Read 1 file /vol08/ngs/Seattle_Genomics/Collaborations/SG_Watkins/Watkins_07_WB/SawatzkiAnalysis/trimgalore_results/G311_Watkins07_AVR_r14065_B_D0-SIV_RNA1_Lib1_GL105_S95_R1_001_val_1.fq.gz
Read 2 file /vol08/ngs/Seattle_Genomics/Collaborations/SG_Watkins/Watkins_07_WB/SawatzkiAnalysis/trimgalore_results/G311_Watkins07_AVR_r14065_B_D0-SIV_RNA1_Lib1_GL105_S95_R2_001_val_2.fq.gz
Sample being processed G312_Watkins07_AVR_r14065_B_D4-SIV_RNA1_Lib1_GL102_S96
Read 1 file /vol08/ngs/Seattle_Genomics/Collaborations/SG_Watkins/Watkins_07_WB/SawatzkiAnalysis/trimgalore_results/G312_Watkins07_AVR_r14065_B_D4-SIV_RNA1_Lib1_GL102_S96_R1_001_val_1.fq.gz
Read 2 file /vol08/ngs/Seattle_Genomics/Collaborations/SG_Watkins/Watkins_07_WB/SawatzkiAnalysis/trimgalore_results/G312_Watkins07_AVR_r14065_B_D4-SIV_RNA1_Lib1_GL102_S96_R2_001_val_2.fq.gz
Counter variable 104
Sample being processed G313_Watkins07_AVR_r14065_B_D7-SIV_RNA1_Lib1_GL102_S80
Read 1 file /vol08/ngs/Seattle_Genomics/Collaborations/SG_Watkins/Watkins_07_WB/SawatzkiAnalysis/trimgalore_results/G313_Watkins07_AVR_r14065_B_D7-SIV_RNA1_Lib1_GL102_S80_R1_001_val_1.fq.gz
Read 2 file /vol08/ngs/Seattle_Genomics/Collaborations/SG_Watkins/Watkins_07_WB/SawatzkiAnalysis/trimgalore_results/G313_Watkins07_AVR_r14065_B_D7-SIV_RNA1_Lib1_GL102_S80_R2_001_val_2.fq.gz
Sample being processed G314_Watkins07_AVR_r14065_B_D10-SIV_RNA1_Lib1_GL102_S102
Read 1 file /vol08/ngs/Seattle_Genomics/Collaborations/SG_Watkins/Watkins_07_WB/SawatzkiAnalysis/trimgalore_results/G314_Watkins07_AVR_r14065_B_D10-SIV_RNA1_Lib1_GL102_S102_R1_001_val_1.fq.gz
Read 2 file /vol08/ngs/Seattle_Genomics/Collaborations/SG_Watkins/Watkins_07_WB/SawatzkiAnalysis/trimgalore_results/G314_Watkins07_AVR_r14065_B_D10-SIV_RNA1_Lib1_GL102_S102_R2_001_val_2.fq.gz
Sample being processed G315_Watkins07_AVR_r14065_B_D14-SIV_RNA1_Lib1_GL105_S77
Read 1 file /vol08/ngs/Seattle_Genomics/Collaborations/SG_Watkins/Watkins_07_WB/SawatzkiAnalysis/trimgalore_results/G315_Watkins07_AVR_r14065_B_D14-SIV_RNA1_Lib1_GL105_S77_R1_001_val_1.fq.gz
Read 2 file /vol08/ngs/Seattle_Genomics/Collaborations/SG_Watkins/Watkins_07_WB/SawatzkiAnalysis/trimgalore_results/G315_Watkins07_AVR_r14065_B_D14-SIV_RNA1_Lib1_GL105_S77_R2_001_val_2.fq.gz
Sample being processed G316_Watkins07_Unvax_r14095_B_D0-SIV_RNA1_Lib1_GL102_S75
Read 1 file /vol08/ngs/Seattle_Genomics/Collaborations/SG_Watkins/Watkins_07_WB/SawatzkiAnalysis/trimgalore_results/G316_Watkins07_Unvax_r14095_B_D0-SIV_RNA1_Lib1_GL102_S75_R1_001_val_1.fq.gz
Read 2 file /vol08/ngs/Seattle_Genomics/Collaborations/SG_Watkins/Watkins_07_WB/SawatzkiAnalysis/trimgalore_results/G316_Watkins07_Unvax_r14095_B_D0-SIV_RNA1_Lib1_GL102_S75_R2_001_val_2.fq.gz
Counter variable 108
Sample being processed G317_Watkins07_Unvax_r14095_B_D3-SIV_RNA1_Lib1_GL104_S49
Read 1 file /vol08/ngs/Seattle_Genomics/Collaborations/SG_Watkins/Watkins_07_WB/SawatzkiAnalysis/trimgalore_results/G317_Watkins07_Unvax_r14095_B_D3-SIV_RNA1_Lib1_GL104_S49_R1_001_val_1.fq.gz
Read 2 file /vol08/ngs/Seattle_Genomics/Collaborations/SG_Watkins/Watkins_07_WB/SawatzkiAnalysis/trimgalore_results/G317_Watkins07_Unvax_r14095_B_D3-SIV_RNA1_Lib1_GL104_S49_R2_001_val_2.fq.gz
Sample being processed G318_Watkins07_Unvax_r14095_B_D7-SIV_RNA1_Lib1_GL105_S62
Read 1 file /vol08/ngs/Seattle_Genomics/Collaborations/SG_Watkins/Watkins_07_WB/SawatzkiAnalysis/trimgalore_results/G318_Watkins07_Unvax_r14095_B_D7-SIV_RNA1_Lib1_GL105_S62_R1_001_val_1.fq.gz
Read 2 file /vol08/ngs/Seattle_Genomics/Collaborations/SG_Watkins/Watkins_07_WB/SawatzkiAnalysis/trimgalore_results/G318_Watkins07_Unvax_r14095_B_D7-SIV_RNA1_Lib1_GL105_S62_R2_001_val_2.fq.gz
Sample being processed G319_Watkins07_Unvax_r14095_B_D10-SIV_RNA1_Lib1_GL102_S82
Read 1 file /vol08/ngs/Seattle_Genomics/Collaborations/SG_Watkins/Watkins_07_WB/SawatzkiAnalysis/trimgalore_results/G319_Watkins07_Unvax_r14095_B_D10-SIV_RNA1_Lib1_GL102_S82_R1_001_val_1.fq.gz
Read 2 file /vol08/ngs/Seattle_Genomics/Collaborations/SG_Watkins/Watkins_07_WB/SawatzkiAnalysis/trimgalore_results/G319_Watkins07_Unvax_r14095_B_D10-SIV_RNA1_Lib1_GL102_S82_R2_001_val_2.fq.gz
Sample being processed G320_Watkins07_Unvax_r14095_B_D14-SIV_RNA1_Lib1_GL104_S103
Read 1 file /vol08/ngs/Seattle_Genomics/Collaborations/SG_Watkins/Watkins_07_WB/SawatzkiAnalysis/trimgalore_results/G320_Watkins07_Unvax_r14095_B_D14-SIV_RNA1_Lib1_GL104_S103_R1_001_val_1.fq.gz
Read 2 file /vol08/ngs/Seattle_Genomics/Collaborations/SG_Watkins/Watkins_07_WB/SawatzkiAnalysis/trimgalore_results/G320_Watkins07_Unvax_r14095_B_D14-SIV_RNA1_Lib1_GL104_S103_R2_001_val_2.fq.gz
Counter variable 112
Sample being processed G321_Watkins07_Unvax_r15057_B_D0-SIV_RNA1_Lib1_GL104_S104
Read 1 file /vol08/ngs/Seattle_Genomics/Collaborations/SG_Watkins/Watkins_07_WB/SawatzkiAnalysis/trimgalore_results/G321_Watkins07_Unvax_r15057_B_D0-SIV_RNA1_Lib1_GL104_S104_R1_001_val_1.fq.gz
Read 2 file /vol08/ngs/Seattle_Genomics/Collaborations/SG_Watkins/Watkins_07_WB/SawatzkiAnalysis/trimgalore_results/G321_Watkins07_Unvax_r15057_B_D0-SIV_RNA1_Lib1_GL104_S104_R2_001_val_2.fq.gz
Sample being processed G322_Watkins07_Unvax_r15057_B_D4-SIV_RNA1_Lib1_GL102_S8
Read 1 file /vol08/ngs/Seattle_Genomics/Collaborations/SG_Watkins/Watkins_07_WB/SawatzkiAnalysis/trimgalore_results/G322_Watkins07_Unvax_r15057_B_D4-SIV_RNA1_Lib1_GL102_S8_R1_001_val_1.fq.gz
Read 2 file /vol08/ngs/Seattle_Genomics/Collaborations/SG_Watkins/Watkins_07_WB/SawatzkiAnalysis/trimgalore_results/G322_Watkins07_Unvax_r15057_B_D4-SIV_RNA1_Lib1_GL102_S8_R2_001_val_2.fq.gz
Sample being processed G323_Watkins07_Unvax_r15057_B_D7-SIV_RNA1_Lib1_GL102_S103
Read 1 file /vol08/ngs/Seattle_Genomics/Collaborations/SG_Watkins/Watkins_07_WB/SawatzkiAnalysis/trimgalore_results/G323_Watkins07_Unvax_r15057_B_D7-SIV_RNA1_Lib1_GL102_S103_R1_001_val_1.fq.gz
Read 2 file /vol08/ngs/Seattle_Genomics/Collaborations/SG_Watkins/Watkins_07_WB/SawatzkiAnalysis/trimgalore_results/G323_Watkins07_Unvax_r15057_B_D7-SIV_RNA1_Lib1_GL102_S103_R2_001_val_2.fq.gz
Sample being processed G324_Watkins07_Unvax_r15057_B_D10-SIV_RNA1_Lib1_GL104_S17
Read 1 file /vol08/ngs/Seattle_Genomics/Collaborations/SG_Watkins/Watkins_07_WB/SawatzkiAnalysis/trimgalore_results/G324_Watkins07_Unvax_r15057_B_D10-SIV_RNA1_Lib1_GL104_S17_R1_001_val_1.fq.gz
Read 2 file /vol08/ngs/Seattle_Genomics/Collaborations/SG_Watkins/Watkins_07_WB/SawatzkiAnalysis/trimgalore_results/G324_Watkins07_Unvax_r15057_B_D10-SIV_RNA1_Lib1_GL104_S17_R2_001_val_2.fq.gz
Counter variable 116
Sample being processed G325_Watkins07_Unvax_r15057_B_D14-SIV_RNA1_Lib1_GL102_S69
Read 1 file /vol08/ngs/Seattle_Genomics/Collaborations/SG_Watkins/Watkins_07_WB/SawatzkiAnalysis/trimgalore_results/G325_Watkins07_Unvax_r15057_B_D14-SIV_RNA1_Lib1_GL102_S69_R1_001_val_1.fq.gz
Read 2 file /vol08/ngs/Seattle_Genomics/Collaborations/SG_Watkins/Watkins_07_WB/SawatzkiAnalysis/trimgalore_results/G325_Watkins07_Unvax_r15057_B_D14-SIV_RNA1_Lib1_GL102_S69_R2_001_val_2.fq.gz
Sample being processed G326_Watkins07_Unvax_r15093_B_D0-SIV_RNA1_Lib1_GL102_S87
Read 1 file /vol08/ngs/Seattle_Genomics/Collaborations/SG_Watkins/Watkins_07_WB/SawatzkiAnalysis/trimgalore_results/G326_Watkins07_Unvax_r15093_B_D0-SIV_RNA1_Lib1_GL102_S87_R1_001_val_1.fq.gz
Read 2 file /vol08/ngs/Seattle_Genomics/Collaborations/SG_Watkins/Watkins_07_WB/SawatzkiAnalysis/trimgalore_results/G326_Watkins07_Unvax_r15093_B_D0-SIV_RNA1_Lib1_GL102_S87_R2_001_val_2.fq.gz
Sample being processed G327_Watkins07_Unvax_r15093_B_D3-SIV_RNA1_Lib1_GL102_S6
Read 1 file /vol08/ngs/Seattle_Genomics/Collaborations/SG_Watkins/Watkins_07_WB/SawatzkiAnalysis/trimgalore_results/G327_Watkins07_Unvax_r15093_B_D3-SIV_RNA1_Lib1_GL102_S6_R1_001_val_1.fq.gz
Read 2 file /vol08/ngs/Seattle_Genomics/Collaborations/SG_Watkins/Watkins_07_WB/SawatzkiAnalysis/trimgalore_results/G327_Watkins07_Unvax_r15093_B_D3-SIV_RNA1_Lib1_GL102_S6_R2_001_val_2.fq.gz
Sample being processed G328_Watkins07_Unvax_r15093_B_D7-SIV_RNA1_Lib1_GL105_S75
Read 1 file /vol08/ngs/Seattle_Genomics/Collaborations/SG_Watkins/Watkins_07_WB/SawatzkiAnalysis/trimgalore_results/G328_Watkins07_Unvax_r15093_B_D7-SIV_RNA1_Lib1_GL105_S75_R1_001_val_1.fq.gz
Read 2 file /vol08/ngs/Seattle_Genomics/Collaborations/SG_Watkins/Watkins_07_WB/SawatzkiAnalysis/trimgalore_results/G328_Watkins07_Unvax_r15093_B_D7-SIV_RNA1_Lib1_GL105_S75_R2_001_val_2.fq.gz
Counter variable 120
Sample being processed G329_Watkins07_Unvax_r15093_B_D10-SIV_RNA1_Lib1_GL102_S49
Read 1 file /vol08/ngs/Seattle_Genomics/Collaborations/SG_Watkins/Watkins_07_WB/SawatzkiAnalysis/trimgalore_results/G329_Watkins07_Unvax_r15093_B_D10-SIV_RNA1_Lib1_GL102_S49_R1_001_val_1.fq.gz
Read 2 file /vol08/ngs/Seattle_Genomics/Collaborations/SG_Watkins/Watkins_07_WB/SawatzkiAnalysis/trimgalore_results/G329_Watkins07_Unvax_r15093_B_D10-SIV_RNA1_Lib1_GL102_S49_R2_001_val_2.fq.gz
Sample being processed G330_Watkins07_Unvax_r15093_B_D14-SIV_RNA1_Lib1_GL104_S89
Read 1 file /vol08/ngs/Seattle_Genomics/Collaborations/SG_Watkins/Watkins_07_WB/SawatzkiAnalysis/trimgalore_results/G330_Watkins07_Unvax_r15093_B_D14-SIV_RNA1_Lib1_GL104_S89_R1_001_val_1.fq.gz
Read 2 file /vol08/ngs/Seattle_Genomics/Collaborations/SG_Watkins/Watkins_07_WB/SawatzkiAnalysis/trimgalore_results/G330_Watkins07_Unvax_r15093_B_D14-SIV_RNA1_Lib1_GL104_S89_R2_001_val_2.fq.gz
Sample being processed G331_Watkins07_AVR_r16007_B_D0-SIV_RNA1_Lib2_GL104_S98
Read 1 file /vol08/ngs/Seattle_Genomics/Collaborations/SG_Watkins/Watkins_07_WB/SawatzkiAnalysis/trimgalore_results/G331_Watkins07_AVR_r16007_B_D0-SIV_RNA1_Lib2_GL104_S98_R1_001_val_1.fq.gz
Read 2 file /vol08/ngs/Seattle_Genomics/Collaborations/SG_Watkins/Watkins_07_WB/SawatzkiAnalysis/trimgalore_results/G331_Watkins07_AVR_r16007_B_D0-SIV_RNA1_Lib2_GL104_S98_R2_001_val_2.fq.gz
Sample being processed G332_Watkins07_AVR_r16007_B_D3-SIV_RNA1_Lib1_GL102_S95
Read 1 file /vol08/ngs/Seattle_Genomics/Collaborations/SG_Watkins/Watkins_07_WB/SawatzkiAnalysis/trimgalore_results/G332_Watkins07_AVR_r16007_B_D3-SIV_RNA1_Lib1_GL102_S95_R1_001_val_1.fq.gz
Read 2 file /vol08/ngs/Seattle_Genomics/Collaborations/SG_Watkins/Watkins_07_WB/SawatzkiAnalysis/trimgalore_results/G332_Watkins07_AVR_r16007_B_D3-SIV_RNA1_Lib1_GL102_S95_R2_001_val_2.fq.gz
Counter variable 124
Sample being processed G333_Watkins07_AVR_r16007_B_D7-SIV_RNA1_Lib1_GL104_S52
Read 1 file /vol08/ngs/Seattle_Genomics/Collaborations/SG_Watkins/Watkins_07_WB/SawatzkiAnalysis/trimgalore_results/G333_Watkins07_AVR_r16007_B_D7-SIV_RNA1_Lib1_GL104_S52_R1_001_val_1.fq.gz
Read 2 file /vol08/ngs/Seattle_Genomics/Collaborations/SG_Watkins/Watkins_07_WB/SawatzkiAnalysis/trimgalore_results/G333_Watkins07_AVR_r16007_B_D7-SIV_RNA1_Lib1_GL104_S52_R2_001_val_2.fq.gz
Sample being processed G334_Watkins07_AVR_r16007_B_D10-SIV_RNA1_Lib1_GL104_S86
Read 1 file /vol08/ngs/Seattle_Genomics/Collaborations/SG_Watkins/Watkins_07_WB/SawatzkiAnalysis/trimgalore_results/G334_Watkins07_AVR_r16007_B_D10-SIV_RNA1_Lib1_GL104_S86_R1_001_val_1.fq.gz
Read 2 file /vol08/ngs/Seattle_Genomics/Collaborations/SG_Watkins/Watkins_07_WB/SawatzkiAnalysis/trimgalore_results/G334_Watkins07_AVR_r16007_B_D10-SIV_RNA1_Lib1_GL104_S86_R2_001_val_2.fq.gz
Sample being processed G335_Watkins07_AVR_r16007_B_D14-SIV_RNA1_Lib1_GL104_S81
Read 1 file /vol08/ngs/Seattle_Genomics/Collaborations/SG_Watkins/Watkins_07_WB/SawatzkiAnalysis/trimgalore_results/G335_Watkins07_AVR_r16007_B_D14-SIV_RNA1_Lib1_GL104_S81_R1_001_val_1.fq.gz
Read 2 file /vol08/ngs/Seattle_Genomics/Collaborations/SG_Watkins/Watkins_07_WB/SawatzkiAnalysis/trimgalore_results/G335_Watkins07_AVR_r16007_B_D14-SIV_RNA1_Lib1_GL104_S81_R2_001_val_2.fq.gz
Sample being processed G336_Watkins07_Unvax_r17082_B_D-4-SIV_RNA1_Lib1_GL104_S28
Read 1 file /vol08/ngs/Seattle_Genomics/Collaborations/SG_Watkins/Watkins_07_WB/SawatzkiAnalysis/trimgalore_results/G336_Watkins07_Unvax_r17082_B_D-4-SIV_RNA1_Lib1_GL104_S28_R1_001_val_1.fq.gz
Read 2 file /vol08/ngs/Seattle_Genomics/Collaborations/SG_Watkins/Watkins_07_WB/SawatzkiAnalysis/trimgalore_results/G336_Watkins07_Unvax_r17082_B_D-4-SIV_RNA1_Lib1_GL104_S28_R2_001_val_2.fq.gz
Counter variable 128
Sample being processed G337_Watkins07_Unvax_r17082_B_D10-SIV_RNA1_Lib1_GL104_S55
Read 1 file /vol08/ngs/Seattle_Genomics/Collaborations/SG_Watkins/Watkins_07_WB/SawatzkiAnalysis/trimgalore_results/G337_Watkins07_Unvax_r17082_B_D10-SIV_RNA1_Lib1_GL104_S55_R1_001_val_1.fq.gz
Read 2 file /vol08/ngs/Seattle_Genomics/Collaborations/SG_Watkins/Watkins_07_WB/SawatzkiAnalysis/trimgalore_results/G337_Watkins07_Unvax_r17082_B_D10-SIV_RNA1_Lib1_GL104_S55_R2_001_val_2.fq.gz
Sample being processed G338_Watkins07_Unvax_r17100_B_D0-SIV_RNA1_Lib1_GL102_S47
Read 1 file /vol08/ngs/Seattle_Genomics/Collaborations/SG_Watkins/Watkins_07_WB/SawatzkiAnalysis/trimgalore_results/G338_Watkins07_Unvax_r17100_B_D0-SIV_RNA1_Lib1_GL102_S47_R1_001_val_1.fq.gz
Read 2 file /vol08/ngs/Seattle_Genomics/Collaborations/SG_Watkins/Watkins_07_WB/SawatzkiAnalysis/trimgalore_results/G338_Watkins07_Unvax_r17100_B_D0-SIV_RNA1_Lib1_GL102_S47_R2_001_val_2.fq.gz
Sample being processed G339_Watkins07_Unvax_r17100_B_D4-SIV_RNA1_Lib1_GL104_S19
Read 1 file /vol08/ngs/Seattle_Genomics/Collaborations/SG_Watkins/Watkins_07_WB/SawatzkiAnalysis/trimgalore_results/G339_Watkins07_Unvax_r17100_B_D4-SIV_RNA1_Lib1_GL104_S19_R1_001_val_1.fq.gz
Read 2 file /vol08/ngs/Seattle_Genomics/Collaborations/SG_Watkins/Watkins_07_WB/SawatzkiAnalysis/trimgalore_results/G339_Watkins07_Unvax_r17100_B_D4-SIV_RNA1_Lib1_GL104_S19_R2_001_val_2.fq.gz
Sample being processed G340_Watkins07_Unvax_r17100_B_D7-SIV_RNA1_Lib1_GL105_S74
Read 1 file /vol08/ngs/Seattle_Genomics/Collaborations/SG_Watkins/Watkins_07_WB/SawatzkiAnalysis/trimgalore_results/G340_Watkins07_Unvax_r17100_B_D7-SIV_RNA1_Lib1_GL105_S74_R1_001_val_1.fq.gz
Read 2 file /vol08/ngs/Seattle_Genomics/Collaborations/SG_Watkins/Watkins_07_WB/SawatzkiAnalysis/trimgalore_results/G340_Watkins07_Unvax_r17100_B_D7-SIV_RNA1_Lib1_GL105_S74_R2_001_val_2.fq.gz
Counter variable 132
Sample being processed G341_Watkins07_Unvax_r17100_B_D10-SIV_RNA1_Lib1_GL102_S16
Read 1 file /vol08/ngs/Seattle_Genomics/Collaborations/SG_Watkins/Watkins_07_WB/SawatzkiAnalysis/trimgalore_results/G341_Watkins07_Unvax_r17100_B_D10-SIV_RNA1_Lib1_GL102_S16_R1_001_val_1.fq.gz
Read 2 file /vol08/ngs/Seattle_Genomics/Collaborations/SG_Watkins/Watkins_07_WB/SawatzkiAnalysis/trimgalore_results/G341_Watkins07_Unvax_r17100_B_D10-SIV_RNA1_Lib1_GL102_S16_R2_001_val_2.fq.gz
Sample being processed G342_Watkins07_Unvax_r17100_B_D14-SIV_RNA1_Lib1_GL102_S43
Read 1 file /vol08/ngs/Seattle_Genomics/Collaborations/SG_Watkins/Watkins_07_WB/SawatzkiAnalysis/trimgalore_results/G342_Watkins07_Unvax_r17100_B_D14-SIV_RNA1_Lib1_GL102_S43_R1_001_val_1.fq.gz
Read 2 file /vol08/ngs/Seattle_Genomics/Collaborations/SG_Watkins/Watkins_07_WB/SawatzkiAnalysis/trimgalore_results/G342_Watkins07_Unvax_r17100_B_D14-SIV_RNA1_Lib1_GL102_S43_R2_001_val_2.fq.gz
Sample being processed G343_Watkins07_AVR_r17115_B_D0-SIV_RNA1_Lib1_GL102_S41
Read 1 file /vol08/ngs/Seattle_Genomics/Collaborations/SG_Watkins/Watkins_07_WB/SawatzkiAnalysis/trimgalore_results/G343_Watkins07_AVR_r17115_B_D0-SIV_RNA1_Lib1_GL102_S41_R1_001_val_1.fq.gz
Read 2 file /vol08/ngs/Seattle_Genomics/Collaborations/SG_Watkins/Watkins_07_WB/SawatzkiAnalysis/trimgalore_results/G343_Watkins07_AVR_r17115_B_D0-SIV_RNA1_Lib1_GL102_S41_R2_001_val_2.fq.gz
Sample being processed G344_Watkins07_AVR_r17115_B_D3-SIV_RNA1_Lib1_GL102_S76
Read 1 file /vol08/ngs/Seattle_Genomics/Collaborations/SG_Watkins/Watkins_07_WB/SawatzkiAnalysis/trimgalore_results/G344_Watkins07_AVR_r17115_B_D3-SIV_RNA1_Lib1_GL102_S76_R1_001_val_1.fq.gz
Read 2 file /vol08/ngs/Seattle_Genomics/Collaborations/SG_Watkins/Watkins_07_WB/SawatzkiAnalysis/trimgalore_results/G344_Watkins07_AVR_r17115_B_D3-SIV_RNA1_Lib1_GL102_S76_R2_001_val_2.fq.gz
Counter variable 136
Sample being processed G345_Watkins07_AVR_r17115_B_D7-SIV_RNA1_Lib1_GL104_S66
Read 1 file /vol08/ngs/Seattle_Genomics/Collaborations/SG_Watkins/Watkins_07_WB/SawatzkiAnalysis/trimgalore_results/G345_Watkins07_AVR_r17115_B_D7-SIV_RNA1_Lib1_GL104_S66_R1_001_val_1.fq.gz
Read 2 file /vol08/ngs/Seattle_Genomics/Collaborations/SG_Watkins/Watkins_07_WB/SawatzkiAnalysis/trimgalore_results/G345_Watkins07_AVR_r17115_B_D7-SIV_RNA1_Lib1_GL104_S66_R2_001_val_2.fq.gz
Sample being processed G346_Watkins07_AVR_r17115_B_D10-SIV_RNA1_Lib1_GL104_S95
Read 1 file /vol08/ngs/Seattle_Genomics/Collaborations/SG_Watkins/Watkins_07_WB/SawatzkiAnalysis/trimgalore_results/G346_Watkins07_AVR_r17115_B_D10-SIV_RNA1_Lib1_GL104_S95_R1_001_val_1.fq.gz
Read 2 file /vol08/ngs/Seattle_Genomics/Collaborations/SG_Watkins/Watkins_07_WB/SawatzkiAnalysis/trimgalore_results/G346_Watkins07_AVR_r17115_B_D10-SIV_RNA1_Lib1_GL104_S95_R2_001_val_2.fq.gz
Sample being processed G347_Watkins07_AVR_r17115_B_D14-SIV_RNA1_Lib1_GL104_S83
Read 1 file /vol08/ngs/Seattle_Genomics/Collaborations/SG_Watkins/Watkins_07_WB/SawatzkiAnalysis/trimgalore_results/G347_Watkins07_AVR_r17115_B_D14-SIV_RNA1_Lib1_GL104_S83_R1_001_val_1.fq.gz
Read 2 file /vol08/ngs/Seattle_Genomics/Collaborations/SG_Watkins/Watkins_07_WB/SawatzkiAnalysis/trimgalore_results/G347_Watkins07_AVR_r17115_B_D14-SIV_RNA1_Lib1_GL104_S83_R2_001_val_2.fq.gz
Sample being processed G348_Watkins07_Unvax_r18066_B_D0-SIV_RNA1_Lib1_GL105_S89
Read 1 file /vol08/ngs/Seattle_Genomics/Collaborations/SG_Watkins/Watkins_07_WB/SawatzkiAnalysis/trimgalore_results/G348_Watkins07_Unvax_r18066_B_D0-SIV_RNA1_Lib1_GL105_S89_R1_001_val_1.fq.gz
Read 2 file /vol08/ngs/Seattle_Genomics/Collaborations/SG_Watkins/Watkins_07_WB/SawatzkiAnalysis/trimgalore_results/G348_Watkins07_Unvax_r18066_B_D0-SIV_RNA1_Lib1_GL105_S89_R2_001_val_2.fq.gz
Counter variable 140
Sample being processed G349_Watkins07_Unvax_r18066_B_D3-SIV_RNA1_Lib1_GL104_S39
Read 1 file /vol08/ngs/Seattle_Genomics/Collaborations/SG_Watkins/Watkins_07_WB/SawatzkiAnalysis/trimgalore_results/G349_Watkins07_Unvax_r18066_B_D3-SIV_RNA1_Lib1_GL104_S39_R1_001_val_1.fq.gz
Read 2 file /vol08/ngs/Seattle_Genomics/Collaborations/SG_Watkins/Watkins_07_WB/SawatzkiAnalysis/trimgalore_results/G349_Watkins07_Unvax_r18066_B_D3-SIV_RNA1_Lib1_GL104_S39_R2_001_val_2.fq.gz
Sample being processed G350_Watkins07_Unvax_r18066_B_D7-SIV_RNA1_Lib1_GL102_S60
Read 1 file /vol08/ngs/Seattle_Genomics/Collaborations/SG_Watkins/Watkins_07_WB/SawatzkiAnalysis/trimgalore_results/G350_Watkins07_Unvax_r18066_B_D7-SIV_RNA1_Lib1_GL102_S60_R1_001_val_1.fq.gz
Read 2 file /vol08/ngs/Seattle_Genomics/Collaborations/SG_Watkins/Watkins_07_WB/SawatzkiAnalysis/trimgalore_results/G350_Watkins07_Unvax_r18066_B_D7-SIV_RNA1_Lib1_GL102_S60_R2_001_val_2.fq.gz
Sample being processed G351_Watkins07_Unvax_r18066_B_D10-SIV_RNA1_Lib1_GL102_S104
Read 1 file /vol08/ngs/Seattle_Genomics/Collaborations/SG_Watkins/Watkins_07_WB/SawatzkiAnalysis/trimgalore_results/G351_Watkins07_Unvax_r18066_B_D10-SIV_RNA1_Lib1_GL102_S104_R1_001_val_1.fq.gz
Read 2 file /vol08/ngs/Seattle_Genomics/Collaborations/SG_Watkins/Watkins_07_WB/SawatzkiAnalysis/trimgalore_results/G351_Watkins07_Unvax_r18066_B_D10-SIV_RNA1_Lib1_GL102_S104_R2_001_val_2.fq.gz
Sample being processed G352_Watkins07_Unvax_r18066_B_D13-SIV_RNA1_Lib1_GL104_S1
Read 1 file /vol08/ngs/Seattle_Genomics/Collaborations/SG_Watkins/Watkins_07_WB/SawatzkiAnalysis/trimgalore_results/G352_Watkins07_Unvax_r18066_B_D13-SIV_RNA1_Lib1_GL104_S1_R1_001_val_1.fq.gz
Read 2 file /vol08/ngs/Seattle_Genomics/Collaborations/SG_Watkins/Watkins_07_WB/SawatzkiAnalysis/trimgalore_results/G352_Watkins07_Unvax_r18066_B_D13-SIV_RNA1_Lib1_GL104_S1_R2_001_val_2.fq.gz
Counter variable 144
Sample being processed G353_Watkins07_Unvax_rh2494_B_D0-SIV_RNA1_Lib1_GL102_S55
Read 1 file /vol08/ngs/Seattle_Genomics/Collaborations/SG_Watkins/Watkins_07_WB/SawatzkiAnalysis/trimgalore_results/G353_Watkins07_Unvax_rh2494_B_D0-SIV_RNA1_Lib1_GL102_S55_R1_001_val_1.fq.gz
Read 2 file /vol08/ngs/Seattle_Genomics/Collaborations/SG_Watkins/Watkins_07_WB/SawatzkiAnalysis/trimgalore_results/G353_Watkins07_Unvax_rh2494_B_D0-SIV_RNA1_Lib1_GL102_S55_R2_001_val_2.fq.gz
Sample being processed G354_Watkins07_Unvax_rh2494_B_D3-SIV_RNA1_Lib1_GL104_S40
Read 1 file /vol08/ngs/Seattle_Genomics/Collaborations/SG_Watkins/Watkins_07_WB/SawatzkiAnalysis/trimgalore_results/G354_Watkins07_Unvax_rh2494_B_D3-SIV_RNA1_Lib1_GL104_S40_R1_001_val_1.fq.gz
Read 2 file /vol08/ngs/Seattle_Genomics/Collaborations/SG_Watkins/Watkins_07_WB/SawatzkiAnalysis/trimgalore_results/G354_Watkins07_Unvax_rh2494_B_D3-SIV_RNA1_Lib1_GL104_S40_R2_001_val_2.fq.gz
Sample being processed G355_Watkins07_Unvax_rh2494_B_D7-SIV_RNA1_Lib1_GL102_S39
Read 1 file /vol08/ngs/Seattle_Genomics/Collaborations/SG_Watkins/Watkins_07_WB/SawatzkiAnalysis/trimgalore_results/G355_Watkins07_Unvax_rh2494_B_D7-SIV_RNA1_Lib1_GL102_S39_R1_001_val_1.fq.gz
Read 2 file /vol08/ngs/Seattle_Genomics/Collaborations/SG_Watkins/Watkins_07_WB/SawatzkiAnalysis/trimgalore_results/G355_Watkins07_Unvax_rh2494_B_D7-SIV_RNA1_Lib1_GL102_S39_R2_001_val_2.fq.gz
Sample being processed G356_Watkins07_Unvax_rh2494_B_D11-SIV_RNA1_Lib1_GL105_S61
Read 1 file /vol08/ngs/Seattle_Genomics/Collaborations/SG_Watkins/Watkins_07_WB/SawatzkiAnalysis/trimgalore_results/G356_Watkins07_Unvax_rh2494_B_D11-SIV_RNA1_Lib1_GL105_S61_R1_001_val_1.fq.gz
Read 2 file /vol08/ngs/Seattle_Genomics/Collaborations/SG_Watkins/Watkins_07_WB/SawatzkiAnalysis/trimgalore_results/G356_Watkins07_Unvax_rh2494_B_D11-SIV_RNA1_Lib1_GL105_S61_R2_001_val_2.fq.gz
Counter variable 148
Sample being processed G357_Watkins07_Unvax_rh2494_B_D14-SIV_RNA2_Lib1_GL102_S74
Read 1 file /vol08/ngs/Seattle_Genomics/Collaborations/SG_Watkins/Watkins_07_WB/SawatzkiAnalysis/trimgalore_results/G357_Watkins07_Unvax_rh2494_B_D14-SIV_RNA2_Lib1_GL102_S74_R1_001_val_1.fq.gz
Read 2 file /vol08/ngs/Seattle_Genomics/Collaborations/SG_Watkins/Watkins_07_WB/SawatzkiAnalysis/trimgalore_results/G357_Watkins07_Unvax_rh2494_B_D14-SIV_RNA2_Lib1_GL102_S74_R2_001_val_2.fq.gz
Sample being processed G358_Watkins07_Unvax_rh2504_B_D0-SIV_RNA1_Lib1_GL105_S94
Read 1 file /vol08/ngs/Seattle_Genomics/Collaborations/SG_Watkins/Watkins_07_WB/SawatzkiAnalysis/trimgalore_results/G358_Watkins07_Unvax_rh2504_B_D0-SIV_RNA1_Lib1_GL105_S94_R1_001_val_1.fq.gz
Read 2 file /vol08/ngs/Seattle_Genomics/Collaborations/SG_Watkins/Watkins_07_WB/SawatzkiAnalysis/trimgalore_results/G358_Watkins07_Unvax_rh2504_B_D0-SIV_RNA1_Lib1_GL105_S94_R2_001_val_2.fq.gz
Sample being processed G359_Watkins07_Unvax_rh2504_B_D3-SIV_RNA1_Lib1_GL102_S78
Read 1 file /vol08/ngs/Seattle_Genomics/Collaborations/SG_Watkins/Watkins_07_WB/SawatzkiAnalysis/trimgalore_results/G359_Watkins07_Unvax_rh2504_B_D3-SIV_RNA1_Lib1_GL102_S78_R1_001_val_1.fq.gz
Read 2 file /vol08/ngs/Seattle_Genomics/Collaborations/SG_Watkins/Watkins_07_WB/SawatzkiAnalysis/trimgalore_results/G359_Watkins07_Unvax_rh2504_B_D3-SIV_RNA1_Lib1_GL102_S78_R2_001_val_2.fq.gz
Sample being processed G360_Watkins07_Unvax_rh2504_B_D7-SIV_RNA1_Lib1_GL105_S90
Read 1 file /vol08/ngs/Seattle_Genomics/Collaborations/SG_Watkins/Watkins_07_WB/SawatzkiAnalysis/trimgalore_results/G360_Watkins07_Unvax_rh2504_B_D7-SIV_RNA1_Lib1_GL105_S90_R1_001_val_1.fq.gz
Read 2 file /vol08/ngs/Seattle_Genomics/Collaborations/SG_Watkins/Watkins_07_WB/SawatzkiAnalysis/trimgalore_results/G360_Watkins07_Unvax_rh2504_B_D7-SIV_RNA1_Lib1_GL105_S90_R2_001_val_2.fq.gz
Counter variable 152
Sample being processed G361_Watkins07_Unvax_rh2504_B_D10-SIV_RNA1_Lib1_GL104_S80
Read 1 file /vol08/ngs/Seattle_Genomics/Collaborations/SG_Watkins/Watkins_07_WB/SawatzkiAnalysis/trimgalore_results/G361_Watkins07_Unvax_rh2504_B_D10-SIV_RNA1_Lib1_GL104_S80_R1_001_val_1.fq.gz
Read 2 file /vol08/ngs/Seattle_Genomics/Collaborations/SG_Watkins/Watkins_07_WB/SawatzkiAnalysis/trimgalore_results/G361_Watkins07_Unvax_rh2504_B_D10-SIV_RNA1_Lib1_GL104_S80_R2_001_val_2.fq.gz
Sample being processed G362_Watkins07_Unvax_rh2504_B_D14-SIV_RNA1_Lib1_GL104_S8
Read 1 file /vol08/ngs/Seattle_Genomics/Collaborations/SG_Watkins/Watkins_07_WB/SawatzkiAnalysis/trimgalore_results/G362_Watkins07_Unvax_rh2504_B_D14-SIV_RNA1_Lib1_GL104_S8_R1_001_val_1.fq.gz
Read 2 file /vol08/ngs/Seattle_Genomics/Collaborations/SG_Watkins/Watkins_07_WB/SawatzkiAnalysis/trimgalore_results/G362_Watkins07_Unvax_rh2504_B_D14-SIV_RNA1_Lib1_GL104_S8_R2_001_val_2.fq.gz
Sample being processed G363_Watkins07_Unvax_rh2527_B_D0-SIV_RNA1_Lib1_GL104_S67
Read 1 file /vol08/ngs/Seattle_Genomics/Collaborations/SG_Watkins/Watkins_07_WB/SawatzkiAnalysis/trimgalore_results/G363_Watkins07_Unvax_rh2527_B_D0-SIV_RNA1_Lib1_GL104_S67_R1_001_val_1.fq.gz
Read 2 file /vol08/ngs/Seattle_Genomics/Collaborations/SG_Watkins/Watkins_07_WB/SawatzkiAnalysis/trimgalore_results/G363_Watkins07_Unvax_rh2527_B_D0-SIV_RNA1_Lib1_GL104_S67_R2_001_val_2.fq.gz
Sample being processed G364_Watkins07_Unvax_rh2527_B_D3-SIV_RNA1_Lib1_GL104_S63
Read 1 file /vol08/ngs/Seattle_Genomics/Collaborations/SG_Watkins/Watkins_07_WB/SawatzkiAnalysis/trimgalore_results/G364_Watkins07_Unvax_rh2527_B_D3-SIV_RNA1_Lib1_GL104_S63_R1_001_val_1.fq.gz
Read 2 file /vol08/ngs/Seattle_Genomics/Collaborations/SG_Watkins/Watkins_07_WB/SawatzkiAnalysis/trimgalore_results/G364_Watkins07_Unvax_rh2527_B_D3-SIV_RNA1_Lib1_GL104_S63_R2_001_val_2.fq.gz
Counter variable 156
Sample being processed G365_Watkins07_Unvax_rh2527_B_D7-SIV_RNA1_Lib1_GL105_S82
Read 1 file /vol08/ngs/Seattle_Genomics/Collaborations/SG_Watkins/Watkins_07_WB/SawatzkiAnalysis/trimgalore_results/G365_Watkins07_Unvax_rh2527_B_D7-SIV_RNA1_Lib1_GL105_S82_R1_001_val_1.fq.gz
Read 2 file /vol08/ngs/Seattle_Genomics/Collaborations/SG_Watkins/Watkins_07_WB/SawatzkiAnalysis/trimgalore_results/G365_Watkins07_Unvax_rh2527_B_D7-SIV_RNA1_Lib1_GL105_S82_R2_001_val_2.fq.gz
Sample being processed G366_Watkins07_Unvax_rh2527_B_D10-SIV_RNA1_Lib1_GL104_S61
Read 1 file /vol08/ngs/Seattle_Genomics/Collaborations/SG_Watkins/Watkins_07_WB/SawatzkiAnalysis/trimgalore_results/G366_Watkins07_Unvax_rh2527_B_D10-SIV_RNA1_Lib1_GL104_S61_R1_001_val_1.fq.gz
Read 2 file /vol08/ngs/Seattle_Genomics/Collaborations/SG_Watkins/Watkins_07_WB/SawatzkiAnalysis/trimgalore_results/G366_Watkins07_Unvax_rh2527_B_D10-SIV_RNA1_Lib1_GL104_S61_R2_001_val_2.fq.gz
Sample being processed G367_Watkins07_Unvax_rh2527_B_D14-SIV_RNA1_Lib1_GL105_S76
Read 1 file /vol08/ngs/Seattle_Genomics/Collaborations/SG_Watkins/Watkins_07_WB/SawatzkiAnalysis/trimgalore_results/G367_Watkins07_Unvax_rh2527_B_D14-SIV_RNA1_Lib1_GL105_S76_R1_001_val_1.fq.gz
Read 2 file /vol08/ngs/Seattle_Genomics/Collaborations/SG_Watkins/Watkins_07_WB/SawatzkiAnalysis/trimgalore_results/G367_Watkins07_Unvax_rh2527_B_D14-SIV_RNA1_Lib1_GL105_S76_R2_001_val_2.fq.gz
Sample being processed G368_Watkins07_Unvax_rh2756_B_D0-SIV_RNA1_Lib1_GL102_S3
Read 1 file /vol08/ngs/Seattle_Genomics/Collaborations/SG_Watkins/Watkins_07_WB/SawatzkiAnalysis/trimgalore_results/G368_Watkins07_Unvax_rh2756_B_D0-SIV_RNA1_Lib1_GL102_S3_R1_001_val_1.fq.gz
Read 2 file /vol08/ngs/Seattle_Genomics/Collaborations/SG_Watkins/Watkins_07_WB/SawatzkiAnalysis/trimgalore_results/G368_Watkins07_Unvax_rh2756_B_D0-SIV_RNA1_Lib1_GL102_S3_R2_001_val_2.fq.gz
Counter variable 160
Sample being processed G369_Watkins07_Unvax_rh2756_B_D3-SIV_RNA1_Lib1_GL102_S9
Read 1 file /vol08/ngs/Seattle_Genomics/Collaborations/SG_Watkins/Watkins_07_WB/SawatzkiAnalysis/trimgalore_results/G369_Watkins07_Unvax_rh2756_B_D3-SIV_RNA1_Lib1_GL102_S9_R1_001_val_1.fq.gz
Read 2 file /vol08/ngs/Seattle_Genomics/Collaborations/SG_Watkins/Watkins_07_WB/SawatzkiAnalysis/trimgalore_results/G369_Watkins07_Unvax_rh2756_B_D3-SIV_RNA1_Lib1_GL102_S9_R2_001_val_2.fq.gz
Sample being processed G370_Watkins07_Unvax_rh2756_B_D7-SIV_RNA1_Lib1_GL104_S9
Read 1 file /vol08/ngs/Seattle_Genomics/Collaborations/SG_Watkins/Watkins_07_WB/SawatzkiAnalysis/trimgalore_results/G370_Watkins07_Unvax_rh2756_B_D7-SIV_RNA1_Lib1_GL104_S9_R1_001_val_1.fq.gz
Read 2 file /vol08/ngs/Seattle_Genomics/Collaborations/SG_Watkins/Watkins_07_WB/SawatzkiAnalysis/trimgalore_results/G370_Watkins07_Unvax_rh2756_B_D7-SIV_RNA1_Lib1_GL104_S9_R2_001_val_2.fq.gz
Sample being processed G371_Watkins07_Unvax_rh2756_B_D10-SIV_RNA1_Lib1_GL105_S68
Read 1 file /vol08/ngs/Seattle_Genomics/Collaborations/SG_Watkins/Watkins_07_WB/SawatzkiAnalysis/trimgalore_results/G371_Watkins07_Unvax_rh2756_B_D10-SIV_RNA1_Lib1_GL105_S68_R1_001_val_1.fq.gz
Read 2 file /vol08/ngs/Seattle_Genomics/Collaborations/SG_Watkins/Watkins_07_WB/SawatzkiAnalysis/trimgalore_results/G371_Watkins07_Unvax_rh2756_B_D10-SIV_RNA1_Lib1_GL105_S68_R2_001_val_2.fq.gz
Sample being processed G372_Watkins07_Unvax_rh2756_B_D14-SIV_RNA1_Lib1_GL104_S48
Read 1 file /vol08/ngs/Seattle_Genomics/Collaborations/SG_Watkins/Watkins_07_WB/SawatzkiAnalysis/trimgalore_results/G372_Watkins07_Unvax_rh2756_B_D14-SIV_RNA1_Lib1_GL104_S48_R1_001_val_1.fq.gz
Read 2 file /vol08/ngs/Seattle_Genomics/Collaborations/SG_Watkins/Watkins_07_WB/SawatzkiAnalysis/trimgalore_results/G372_Watkins07_Unvax_rh2756_B_D14-SIV_RNA1_Lib1_GL104_S48_R2_001_val_2.fq.gz
Counter variable 164
Sample being processed G373_Watkins07_Unvax_rh2810_B_D0-SIV_RNA1_Lib1_GL105_S86
Read 1 file /vol08/ngs/Seattle_Genomics/Collaborations/SG_Watkins/Watkins_07_WB/SawatzkiAnalysis/trimgalore_results/G373_Watkins07_Unvax_rh2810_B_D0-SIV_RNA1_Lib1_GL105_S86_R1_001_val_1.fq.gz
Read 2 file /vol08/ngs/Seattle_Genomics/Collaborations/SG_Watkins/Watkins_07_WB/SawatzkiAnalysis/trimgalore_results/G373_Watkins07_Unvax_rh2810_B_D0-SIV_RNA1_Lib1_GL105_S86_R2_001_val_2.fq.gz
Sample being processed G374_Watkins07_Unvax_rh2810_B_D3-SIV_RNA1_Lib1_GL104_S15
Read 1 file /vol08/ngs/Seattle_Genomics/Collaborations/SG_Watkins/Watkins_07_WB/SawatzkiAnalysis/trimgalore_results/G374_Watkins07_Unvax_rh2810_B_D3-SIV_RNA1_Lib1_GL104_S15_R1_001_val_1.fq.gz
Read 2 file /vol08/ngs/Seattle_Genomics/Collaborations/SG_Watkins/Watkins_07_WB/SawatzkiAnalysis/trimgalore_results/G374_Watkins07_Unvax_rh2810_B_D3-SIV_RNA1_Lib1_GL104_S15_R2_001_val_2.fq.gz
Sample being processed G375_Watkins07_Unvax_rh2810_B_D7-SIV_RNA1_Lib1_GL104_S20
Read 1 file /vol08/ngs/Seattle_Genomics/Collaborations/SG_Watkins/Watkins_07_WB/SawatzkiAnalysis/trimgalore_results/G375_Watkins07_Unvax_rh2810_B_D7-SIV_RNA1_Lib1_GL104_S20_R1_001_val_1.fq.gz
Read 2 file /vol08/ngs/Seattle_Genomics/Collaborations/SG_Watkins/Watkins_07_WB/SawatzkiAnalysis/trimgalore_results/G375_Watkins07_Unvax_rh2810_B_D7-SIV_RNA1_Lib1_GL104_S20_R2_001_val_2.fq.gz
Sample being processed G376_Watkins07_Unvax_rh2810_B_D10-SIV_RNA1_Lib1_GL102_S63
Read 1 file /vol08/ngs/Seattle_Genomics/Collaborations/SG_Watkins/Watkins_07_WB/SawatzkiAnalysis/trimgalore_results/G376_Watkins07_Unvax_rh2810_B_D10-SIV_RNA1_Lib1_GL102_S63_R1_001_val_1.fq.gz
Read 2 file /vol08/ngs/Seattle_Genomics/Collaborations/SG_Watkins/Watkins_07_WB/SawatzkiAnalysis/trimgalore_results/G376_Watkins07_Unvax_rh2810_B_D10-SIV_RNA1_Lib1_GL102_S63_R2_001_val_2.fq.gz
Counter variable 168
Sample being processed G377_Watkins07_Unvax_rh2810_B_D14-SIV_RNA1_Lib1_GL102_S56
Read 1 file /vol08/ngs/Seattle_Genomics/Collaborations/SG_Watkins/Watkins_07_WB/SawatzkiAnalysis/trimgalore_results/G377_Watkins07_Unvax_rh2810_B_D14-SIV_RNA1_Lib1_GL102_S56_R1_001_val_1.fq.gz
Read 2 file /vol08/ngs/Seattle_Genomics/Collaborations/SG_Watkins/Watkins_07_WB/SawatzkiAnalysis/trimgalore_results/G377_Watkins07_Unvax_rh2810_B_D14-SIV_RNA1_Lib1_GL102_S56_R2_001_val_2.fq.gz
Sample being processed G378_Watkins07_Unvax_rh2848_B_D0-SIV_RNA1_Lib1_GL104_S29
Read 1 file /vol08/ngs/Seattle_Genomics/Collaborations/SG_Watkins/Watkins_07_WB/SawatzkiAnalysis/trimgalore_results/G378_Watkins07_Unvax_rh2848_B_D0-SIV_RNA1_Lib1_GL104_S29_R1_001_val_1.fq.gz
Read 2 file /vol08/ngs/Seattle_Genomics/Collaborations/SG_Watkins/Watkins_07_WB/SawatzkiAnalysis/trimgalore_results/G378_Watkins07_Unvax_rh2848_B_D0-SIV_RNA1_Lib1_GL104_S29_R2_001_val_2.fq.gz
Sample being processed G379_Watkins07_Unvax_rh2848_B_D3-SIV_RNA1_Lib1_GL102_S17
Read 1 file /vol08/ngs/Seattle_Genomics/Collaborations/SG_Watkins/Watkins_07_WB/SawatzkiAnalysis/trimgalore_results/G379_Watkins07_Unvax_rh2848_B_D3-SIV_RNA1_Lib1_GL102_S17_R1_001_val_1.fq.gz
Read 2 file /vol08/ngs/Seattle_Genomics/Collaborations/SG_Watkins/Watkins_07_WB/SawatzkiAnalysis/trimgalore_results/G379_Watkins07_Unvax_rh2848_B_D3-SIV_RNA1_Lib1_GL102_S17_R2_001_val_2.fq.gz
Sample being processed G380_Watkins07_Unvax_rh2848_B_D7-SIV_RNA1_Lib1_GL104_S32
Read 1 file /vol08/ngs/Seattle_Genomics/Collaborations/SG_Watkins/Watkins_07_WB/SawatzkiAnalysis/trimgalore_results/G380_Watkins07_Unvax_rh2848_B_D7-SIV_RNA1_Lib1_GL104_S32_R1_001_val_1.fq.gz
Read 2 file /vol08/ngs/Seattle_Genomics/Collaborations/SG_Watkins/Watkins_07_WB/SawatzkiAnalysis/trimgalore_results/G380_Watkins07_Unvax_rh2848_B_D7-SIV_RNA1_Lib1_GL104_S32_R2_001_val_2.fq.gz
Counter variable 172
Sample being processed G381_Watkins07_Unvax_rh2848_B_D10-SIV_RNA1_Lib1_GL104_S99
Read 1 file /vol08/ngs/Seattle_Genomics/Collaborations/SG_Watkins/Watkins_07_WB/SawatzkiAnalysis/trimgalore_results/G381_Watkins07_Unvax_rh2848_B_D10-SIV_RNA1_Lib1_GL104_S99_R1_001_val_1.fq.gz
Read 2 file /vol08/ngs/Seattle_Genomics/Collaborations/SG_Watkins/Watkins_07_WB/SawatzkiAnalysis/trimgalore_results/G381_Watkins07_Unvax_rh2848_B_D10-SIV_RNA1_Lib1_GL104_S99_R2_001_val_2.fq.gz
Sample being processed G382_Watkins07_Unvax_rh2848_B_D14-SIV_RNA1_Lib1_GL102_S83
Read 1 file /vol08/ngs/Seattle_Genomics/Collaborations/SG_Watkins/Watkins_07_WB/SawatzkiAnalysis/trimgalore_results/G382_Watkins07_Unvax_rh2848_B_D14-SIV_RNA1_Lib1_GL102_S83_R1_001_val_1.fq.gz
Read 2 file /vol08/ngs/Seattle_Genomics/Collaborations/SG_Watkins/Watkins_07_WB/SawatzkiAnalysis/trimgalore_results/G382_Watkins07_Unvax_rh2848_B_D14-SIV_RNA1_Lib1_GL102_S83_R2_001_val_2.fq.gz
Sample being processed G383_Watkins07_Unvax_rh2861_B_D0-SIV_RNA1_Lib1_GL102_S29
Read 1 file /vol08/ngs/Seattle_Genomics/Collaborations/SG_Watkins/Watkins_07_WB/SawatzkiAnalysis/trimgalore_results/G383_Watkins07_Unvax_rh2861_B_D0-SIV_RNA1_Lib1_GL102_S29_R1_001_val_1.fq.gz
Read 2 file /vol08/ngs/Seattle_Genomics/Collaborations/SG_Watkins/Watkins_07_WB/SawatzkiAnalysis/trimgalore_results/G383_Watkins07_Unvax_rh2861_B_D0-SIV_RNA1_Lib1_GL102_S29_R2_001_val_2.fq.gz
Sample being processed G384_Watkins07_Unvax_rh2861_B_D3-SIV_RNA1_Lib1_GL102_S40
Read 1 file /vol08/ngs/Seattle_Genomics/Collaborations/SG_Watkins/Watkins_07_WB/SawatzkiAnalysis/trimgalore_results/G384_Watkins07_Unvax_rh2861_B_D3-SIV_RNA1_Lib1_GL102_S40_R1_001_val_1.fq.gz
Read 2 file /vol08/ngs/Seattle_Genomics/Collaborations/SG_Watkins/Watkins_07_WB/SawatzkiAnalysis/trimgalore_results/G384_Watkins07_Unvax_rh2861_B_D3-SIV_RNA1_Lib1_GL102_S40_R2_001_val_2.fq.gz
Counter variable 176
Sample being processed G385_Watkins07_Unvax_rh2861_B_D7-SIV_RNA1_Lib1_GL105_S83
Read 1 file /vol08/ngs/Seattle_Genomics/Collaborations/SG_Watkins/Watkins_07_WB/SawatzkiAnalysis/trimgalore_results/G385_Watkins07_Unvax_rh2861_B_D7-SIV_RNA1_Lib1_GL105_S83_R1_001_val_1.fq.gz
Read 2 file /vol08/ngs/Seattle_Genomics/Collaborations/SG_Watkins/Watkins_07_WB/SawatzkiAnalysis/trimgalore_results/G385_Watkins07_Unvax_rh2861_B_D7-SIV_RNA1_Lib1_GL105_S83_R2_001_val_2.fq.gz
Sample being processed G386_Watkins07_Unvax_rh2861_B_D10-SIV_RNA1_Lib1_GL104_S30
Read 1 file /vol08/ngs/Seattle_Genomics/Collaborations/SG_Watkins/Watkins_07_WB/SawatzkiAnalysis/trimgalore_results/G386_Watkins07_Unvax_rh2861_B_D10-SIV_RNA1_Lib1_GL104_S30_R1_001_val_1.fq.gz
Read 2 file /vol08/ngs/Seattle_Genomics/Collaborations/SG_Watkins/Watkins_07_WB/SawatzkiAnalysis/trimgalore_results/G386_Watkins07_Unvax_rh2861_B_D10-SIV_RNA1_Lib1_GL104_S30_R2_001_val_2.fq.gz
Sample being processed G387_Watkins07_Unvax_rh2861_B_D14-SIV_RNA1_Lib1_GL104_S76
Read 1 file /vol08/ngs/Seattle_Genomics/Collaborations/SG_Watkins/Watkins_07_WB/SawatzkiAnalysis/trimgalore_results/G387_Watkins07_Unvax_rh2861_B_D14-SIV_RNA1_Lib1_GL104_S76_R1_001_val_1.fq.gz
Read 2 file /vol08/ngs/Seattle_Genomics/Collaborations/SG_Watkins/Watkins_07_WB/SawatzkiAnalysis/trimgalore_results/G387_Watkins07_Unvax_rh2861_B_D14-SIV_RNA1_Lib1_GL104_S76_R2_001_val_2.fq.gz
Sample being processed G388_Watkins07_AVR_rh2932_B_D0-SIV_RNA1_Lib1_GL102_S57
Read 1 file /vol08/ngs/Seattle_Genomics/Collaborations/SG_Watkins/Watkins_07_WB/SawatzkiAnalysis/trimgalore_results/G388_Watkins07_AVR_rh2932_B_D0-SIV_RNA1_Lib1_GL102_S57_R1_001_val_1.fq.gz
Read 2 file /vol08/ngs/Seattle_Genomics/Collaborations/SG_Watkins/Watkins_07_WB/SawatzkiAnalysis/trimgalore_results/G388_Watkins07_AVR_rh2932_B_D0-SIV_RNA1_Lib1_GL102_S57_R2_001_val_2.fq.gz
Counter variable 180
Sample being processed G389_Watkins07_AVR_rh2932_B_D3-SIV_RNA1_Lib1_GL104_S78
Read 1 file /vol08/ngs/Seattle_Genomics/Collaborations/SG_Watkins/Watkins_07_WB/SawatzkiAnalysis/trimgalore_results/G389_Watkins07_AVR_rh2932_B_D3-SIV_RNA1_Lib1_GL104_S78_R1_001_val_1.fq.gz
Read 2 file /vol08/ngs/Seattle_Genomics/Collaborations/SG_Watkins/Watkins_07_WB/SawatzkiAnalysis/trimgalore_results/G389_Watkins07_AVR_rh2932_B_D3-SIV_RNA1_Lib1_GL104_S78_R2_001_val_2.fq.gz
Sample being processed G390_Watkins07_AVR_rh2932_B_D7-SIV_RNA1_Lib1_GL102_S46
Read 1 file /vol08/ngs/Seattle_Genomics/Collaborations/SG_Watkins/Watkins_07_WB/SawatzkiAnalysis/trimgalore_results/G390_Watkins07_AVR_rh2932_B_D7-SIV_RNA1_Lib1_GL102_S46_R1_001_val_1.fq.gz
Read 2 file /vol08/ngs/Seattle_Genomics/Collaborations/SG_Watkins/Watkins_07_WB/SawatzkiAnalysis/trimgalore_results/G390_Watkins07_AVR_rh2932_B_D7-SIV_RNA1_Lib1_GL102_S46_R2_001_val_2.fq.gz
Sample being processed G391_Watkins07_AVR_rh2932_B_D10-SIV_RNA1_Lib1_GL105_S81
Read 1 file /vol08/ngs/Seattle_Genomics/Collaborations/SG_Watkins/Watkins_07_WB/SawatzkiAnalysis/trimgalore_results/G391_Watkins07_AVR_rh2932_B_D10-SIV_RNA1_Lib1_GL105_S81_R1_001_val_1.fq.gz
Read 2 file /vol08/ngs/Seattle_Genomics/Collaborations/SG_Watkins/Watkins_07_WB/SawatzkiAnalysis/trimgalore_results/G391_Watkins07_AVR_rh2932_B_D10-SIV_RNA1_Lib1_GL105_S81_R2_001_val_2.fq.gz
Sample being processed G392_Watkins07_AVR_rh2932_B_D14-SIV_RNA1_Lib1_GL102_S90
Read 1 file /vol08/ngs/Seattle_Genomics/Collaborations/SG_Watkins/Watkins_07_WB/SawatzkiAnalysis/trimgalore_results/G392_Watkins07_AVR_rh2932_B_D14-SIV_RNA1_Lib1_GL102_S90_R1_001_val_1.fq.gz
Read 2 file /vol08/ngs/Seattle_Genomics/Collaborations/SG_Watkins/Watkins_07_WB/SawatzkiAnalysis/trimgalore_results/G392_Watkins07_AVR_rh2932_B_D14-SIV_RNA1_Lib1_GL102_S90_R2_001_val_2.fq.gz
Counter variable 184
Sample being processed G393_Watkins07_AVR_rh2943_B_D0-SIV_RNA1_Lib1_GL104_S60
Read 1 file /vol08/ngs/Seattle_Genomics/Collaborations/SG_Watkins/Watkins_07_WB/SawatzkiAnalysis/trimgalore_results/G393_Watkins07_AVR_rh2943_B_D0-SIV_RNA1_Lib1_GL104_S60_R1_001_val_1.fq.gz
Read 2 file /vol08/ngs/Seattle_Genomics/Collaborations/SG_Watkins/Watkins_07_WB/SawatzkiAnalysis/trimgalore_results/G393_Watkins07_AVR_rh2943_B_D0-SIV_RNA1_Lib1_GL104_S60_R2_001_val_2.fq.gz
Sample being processed G394_Watkins07_AVR_rh2943_B_D3-SIV_RNA1_Lib1_GL104_S36
Read 1 file /vol08/ngs/Seattle_Genomics/Collaborations/SG_Watkins/Watkins_07_WB/SawatzkiAnalysis/trimgalore_results/G394_Watkins07_AVR_rh2943_B_D3-SIV_RNA1_Lib1_GL104_S36_R1_001_val_1.fq.gz
Read 2 file /vol08/ngs/Seattle_Genomics/Collaborations/SG_Watkins/Watkins_07_WB/SawatzkiAnalysis/trimgalore_results/G394_Watkins07_AVR_rh2943_B_D3-SIV_RNA1_Lib1_GL104_S36_R2_001_val_2.fq.gz
Sample being processed G395_Watkins07_AVR_rh2943_B_D7-SIV_RNA1_Lib1_GL104_S72
Read 1 file /vol08/ngs/Seattle_Genomics/Collaborations/SG_Watkins/Watkins_07_WB/SawatzkiAnalysis/trimgalore_results/G395_Watkins07_AVR_rh2943_B_D7-SIV_RNA1_Lib1_GL104_S72_R1_001_val_1.fq.gz
Read 2 file /vol08/ngs/Seattle_Genomics/Collaborations/SG_Watkins/Watkins_07_WB/SawatzkiAnalysis/trimgalore_results/G395_Watkins07_AVR_rh2943_B_D7-SIV_RNA1_Lib1_GL104_S72_R2_001_val_2.fq.gz
Sample being processed G396_Watkins07_AVR_rh2943_B_D10-SIV_RNA1_Lib1_GL104_S79
Read 1 file /vol08/ngs/Seattle_Genomics/Collaborations/SG_Watkins/Watkins_07_WB/SawatzkiAnalysis/trimgalore_results/G396_Watkins07_AVR_rh2943_B_D10-SIV_RNA1_Lib1_GL104_S79_R1_001_val_1.fq.gz
Read 2 file /vol08/ngs/Seattle_Genomics/Collaborations/SG_Watkins/Watkins_07_WB/SawatzkiAnalysis/trimgalore_results/G396_Watkins07_AVR_rh2943_B_D10-SIV_RNA1_Lib1_GL104_S79_R2_001_val_2.fq.gz
Counter variable 188
Sample being processed G397_Watkins07_AVR_rh2943_B_D14-SIV_RNA1_Lib1_GL102_S28
Read 1 file /vol08/ngs/Seattle_Genomics/Collaborations/SG_Watkins/Watkins_07_WB/SawatzkiAnalysis/trimgalore_results/G397_Watkins07_AVR_rh2943_B_D14-SIV_RNA1_Lib1_GL102_S28_R1_001_val_1.fq.gz
Read 2 file /vol08/ngs/Seattle_Genomics/Collaborations/SG_Watkins/Watkins_07_WB/SawatzkiAnalysis/trimgalore_results/G397_Watkins07_AVR_rh2943_B_D14-SIV_RNA1_Lib1_GL102_S28_R2_001_val_2.fq.gz
Sample being processed G398_Watkins07_Unvax_rh2995_B_D0-SIV_RNA1_Lib1_GL102_S58
Read 1 file /vol08/ngs/Seattle_Genomics/Collaborations/SG_Watkins/Watkins_07_WB/SawatzkiAnalysis/trimgalore_results/G398_Watkins07_Unvax_rh2995_B_D0-SIV_RNA1_Lib1_GL102_S58_R1_001_val_1.fq.gz
Read 2 file /vol08/ngs/Seattle_Genomics/Collaborations/SG_Watkins/Watkins_07_WB/SawatzkiAnalysis/trimgalore_results/G398_Watkins07_Unvax_rh2995_B_D0-SIV_RNA1_Lib1_GL102_S58_R2_001_val_2.fq.gz
Sample being processed G399_Watkins07_Unvax_rh2995_B_D3-SIV_RNA1_Lib1_GL104_S65
Read 1 file /vol08/ngs/Seattle_Genomics/Collaborations/SG_Watkins/Watkins_07_WB/SawatzkiAnalysis/trimgalore_results/G399_Watkins07_Unvax_rh2995_B_D3-SIV_RNA1_Lib1_GL104_S65_R1_001_val_1.fq.gz
Read 2 file /vol08/ngs/Seattle_Genomics/Collaborations/SG_Watkins/Watkins_07_WB/SawatzkiAnalysis/trimgalore_results/G399_Watkins07_Unvax_rh2995_B_D3-SIV_RNA1_Lib1_GL104_S65_R2_001_val_2.fq.gz
Sample being processed G400_Watkins07_Unvax_rh2995_B_D10-SIV_RNA1_Lib1_GL102_S81
Read 1 file /vol08/ngs/Seattle_Genomics/Collaborations/SG_Watkins/Watkins_07_WB/SawatzkiAnalysis/trimgalore_results/G400_Watkins07_Unvax_rh2995_B_D10-SIV_RNA1_Lib1_GL102_S81_R1_001_val_1.fq.gz
Read 2 file /vol08/ngs/Seattle_Genomics/Collaborations/SG_Watkins/Watkins_07_WB/SawatzkiAnalysis/trimgalore_results/G400_Watkins07_Unvax_rh2995_B_D10-SIV_RNA1_Lib1_GL102_S81_R2_001_val_2.fq.gz
Counter variable 192
Sample being processed G401_Watkins07_Unvax_rh2995_B_D14-SIV_RNA1_Lib1_GL105_S67
Read 1 file /vol08/ngs/Seattle_Genomics/Collaborations/SG_Watkins/Watkins_07_WB/SawatzkiAnalysis/trimgalore_results/G401_Watkins07_Unvax_rh2995_B_D14-SIV_RNA1_Lib1_GL105_S67_R1_001_val_1.fq.gz
Read 2 file /vol08/ngs/Seattle_Genomics/Collaborations/SG_Watkins/Watkins_07_WB/SawatzkiAnalysis/trimgalore_results/G401_Watkins07_Unvax_rh2995_B_D14-SIV_RNA1_Lib1_GL105_S67_R2_001_val_2.fq.gz
Sample being processed G403_Watkins07_Unvax_rh3000_B_D0-SIV_RNA1_Lib1_GL102_S42
Read 1 file /vol08/ngs/Seattle_Genomics/Collaborations/SG_Watkins/Watkins_07_WB/SawatzkiAnalysis/trimgalore_results/G403_Watkins07_Unvax_rh3000_B_D0-SIV_RNA1_Lib1_GL102_S42_R1_001_val_1.fq.gz
Read 2 file /vol08/ngs/Seattle_Genomics/Collaborations/SG_Watkins/Watkins_07_WB/SawatzkiAnalysis/trimgalore_results/G403_Watkins07_Unvax_rh3000_B_D0-SIV_RNA1_Lib1_GL102_S42_R2_001_val_2.fq.gz
Sample being processed G404_Watkins07_Unvax_rh3000_B_D3-SIV_RNA1_Lib1_GL102_S48
Read 1 file /vol08/ngs/Seattle_Genomics/Collaborations/SG_Watkins/Watkins_07_WB/SawatzkiAnalysis/trimgalore_results/G404_Watkins07_Unvax_rh3000_B_D3-SIV_RNA1_Lib1_GL102_S48_R1_001_val_1.fq.gz
Read 2 file /vol08/ngs/Seattle_Genomics/Collaborations/SG_Watkins/Watkins_07_WB/SawatzkiAnalysis/trimgalore_results/G404_Watkins07_Unvax_rh3000_B_D3-SIV_RNA1_Lib1_GL102_S48_R2_001_val_2.fq.gz
Sample being processed G405_Watkins07_Unvax_rh3000_B_D7-SIV_RNA1_Lib1_GL105_S64
Read 1 file /vol08/ngs/Seattle_Genomics/Collaborations/SG_Watkins/Watkins_07_WB/SawatzkiAnalysis/trimgalore_results/G405_Watkins07_Unvax_rh3000_B_D7-SIV_RNA1_Lib1_GL105_S64_R1_001_val_1.fq.gz
Read 2 file /vol08/ngs/Seattle_Genomics/Collaborations/SG_Watkins/Watkins_07_WB/SawatzkiAnalysis/trimgalore_results/G405_Watkins07_Unvax_rh3000_B_D7-SIV_RNA1_Lib1_GL105_S64_R2_001_val_2.fq.gz
srun: Job step aborted: Waiting up to 32 seconds for job step to finish.
srun: Job step aborted: Waiting up to 32 seconds for job step to finish.
srun: Job step aborted: Waiting up to 32 seconds for job step to finish.
srun: Job step aborted: Waiting up to 32 seconds for job step to finish.
slurmstepd: error: *** JOB 4736 ON austin CANCELLED AT 2023-09-06T17:51:28 ***
srun: got SIGCONT
srun: got SIGCONT
srun: got SIGCONT
srun: got SIGCONT
