Analysis complete for G209_Watkins07_AVR_r08014_B_D168_RNA1_Lib1_GL105_S60_nohmrRNA_noglobin.fastq.1.gz
Analysis complete for G209_Watkins07_AVR_r08014_B_D168_RNA1_Lib1_GL105_S60_nohmrRNA_noglobin.fastq.2.gz
Analysis complete for G210_Watkins07_AVR_r14065_B_D168_RNA2_Lib1_GL104_S2_nohmrRNA_noglobin.fastq.1.gz
Analysis complete for G210_Watkins07_AVR_r14065_B_D168_RNA2_Lib1_GL104_S2_nohmrRNA_noglobin.fastq.2.gz
Analysis complete for G211_Watkins07_AVR_r16007_B_D168_RNA1_Lib1_GL102_S105_nohmrRNA_noglobin.fastq.1.gz
Analysis complete for G211_Watkins07_AVR_r16007_B_D168_RNA1_Lib1_GL102_S105_nohmrRNA_noglobin.fastq.2.gz
Analysis complete for G212_Watkins07_AVR_r17017_B_D168_RNA1_Lib1_GL102_S86_nohmrRNA_noglobin.fastq.1.gz
Analysis complete for G212_Watkins07_AVR_r17017_B_D168_RNA1_Lib1_GL102_S86_nohmrRNA_noglobin.fastq.2.gz
Analysis complete for G213_Watkins07_AVR_r17115_B_D168_RNA1_Lib1_GL104_S25_nohmrRNA_noglobin.fastq.1.gz
Analysis complete for G213_Watkins07_AVR_r17115_B_D168_RNA1_Lib1_GL104_S25_nohmrRNA_noglobin.fastq.2.gz
Analysis complete for G214_Watkins07_AVR_rh2932_B_D168_RNA1_Lib1_GL102_S7_nohmrRNA_noglobin.fastq.1.gz
Analysis complete for G214_Watkins07_AVR_rh2932_B_D168_RNA1_Lib1_GL102_S7_nohmrRNA_noglobin.fastq.2.gz
Analysis complete for G215_Watkins07_AVR_rh2943_B_D168_RNA1_Lib1_GL104_S42_nohmrRNA_noglobin.fastq.1.gz
Analysis complete for G215_Watkins07_AVR_rh2943_B_D168_RNA1_Lib1_GL104_S42_nohmrRNA_noglobin.fastq.2.gz
Analysis complete for G216_Watkins07_AVR_rh3006_B_D168_RNA1_Lib1_GL102_S11_nohmrRNA_noglobin.fastq.1.gz
Analysis complete for G216_Watkins07_AVR_rh3006_B_D168_RNA1_Lib1_GL102_S11_nohmrRNA_noglobin.fastq.2.gz
Analysis complete for G217_Watkins07_AVR_rh3011_B_D168_RNA1_Lib1_GL102_S31_nohmrRNA_noglobin.fastq.1.gz
Analysis complete for G217_Watkins07_AVR_rh3011_B_D168_RNA1_Lib1_GL102_S31_nohmrRNA_noglobin.fastq.2.gz
Analysis complete for G218_Watkins07_AVR_rh3032_B_D168_RNA1_Lib1_GL102_S62_nohmrRNA_noglobin.fastq.1.gz
Analysis complete for G218_Watkins07_AVR_rh3032_B_D168_RNA1_Lib1_GL102_S62_nohmrRNA_noglobin.fastq.2.gz
Analysis complete for G219_Watkins07_AVR_rh3033_B_D168_RNA1_Lib1_GL104_S51_nohmrRNA_noglobin.fastq.1.gz
Analysis complete for G219_Watkins07_AVR_rh3033_B_D168_RNA1_Lib1_GL104_S51_nohmrRNA_noglobin.fastq.2.gz
Analysis complete for G220_Watkins07_AVR_rh3036_B_D168_RNA1_Lib1_GL104_S50_nohmrRNA_noglobin.fastq.1.gz
Analysis complete for G220_Watkins07_AVR_rh3036_B_D168_RNA1_Lib1_GL104_S50_nohmrRNA_noglobin.fastq.2.gz
Analysis complete for G221_Watkins07_AVR_rh3037_B_D168_RNA1_Lib1_GL105_S57_nohmrRNA_noglobin.fastq.1.gz
Analysis complete for G221_Watkins07_AVR_rh3037_B_D168_RNA1_Lib1_GL105_S57_nohmrRNA_noglobin.fastq.2.gz
Analysis complete for G222_Watkins07_AVR_rh3045_B_D168_RNA1_Lib1_GL102_S4_nohmrRNA_noglobin.fastq.1.gz
Analysis complete for G222_Watkins07_AVR_rh3045_B_D168_RNA1_Lib1_GL102_S4_nohmrRNA_noglobin.fastq.2.gz
Analysis complete for G223_Watkins07_AVR_rh3048_B_D168_RNA1_Lib1_GL104_S53_nohmrRNA_noglobin.fastq.1.gz
Analysis complete for G223_Watkins07_AVR_rh3048_B_D168_RNA1_Lib1_GL104_S53_nohmrRNA_noglobin.fastq.2.gz
Analysis complete for G224_Watkins07_AVR_rh3053_B_D168_RNA1_Lib1_GL104_S23_nohmrRNA_noglobin.fastq.1.gz
Analysis complete for G224_Watkins07_AVR_rh3053_B_D168_RNA1_Lib1_GL104_S23_nohmrRNA_noglobin.fastq.2.gz
Analysis complete for G225_Watkins07_AVR_r08014_B_D196_RNA1_Lib1_GL104_S96_nohmrRNA_noglobin.fastq.1.gz
Analysis complete for G225_Watkins07_AVR_r08014_B_D196_RNA1_Lib1_GL104_S96_nohmrRNA_noglobin.fastq.2.gz
Analysis complete for G226_Watkins07_AVR_r14065_B_D196_RNA1_Lib1_GL104_S102_nohmrRNA_noglobin.fastq.1.gz
Analysis complete for G226_Watkins07_AVR_r14065_B_D196_RNA1_Lib1_GL104_S102_nohmrRNA_noglobin.fastq.2.gz
Analysis complete for G227_Watkins07_AVR_r16007_B_D196_RNA1_Lib1_GL102_S77_nohmrRNA_noglobin.fastq.1.gz
Analysis complete for G227_Watkins07_AVR_r16007_B_D196_RNA1_Lib1_GL102_S77_nohmrRNA_noglobin.fastq.2.gz
Analysis complete for G228_Watkins07_AVR_r17017_B_D196_RNA1_Lib1_GL105_S70_nohmrRNA_noglobin.fastq.1.gz
Analysis complete for G228_Watkins07_AVR_r17017_B_D196_RNA1_Lib1_GL105_S70_nohmrRNA_noglobin.fastq.2.gz
Analysis complete for G229_Watkins07_AVR_r17115_B_D196_RNA1_Lib1_GL104_S105_nohmrRNA_noglobin.fastq.1.gz
Analysis complete for G229_Watkins07_AVR_r17115_B_D196_RNA1_Lib1_GL104_S105_nohmrRNA_noglobin.fastq.2.gz
Analysis complete for G230_Watkins07_AVR_rh2932_B_D196_RNA1_Lib1_GL102_S32_nohmrRNA_noglobin.fastq.1.gz
Analysis complete for G230_Watkins07_AVR_rh2932_B_D196_RNA1_Lib1_GL102_S32_nohmrRNA_noglobin.fastq.2.gz
Analysis complete for G231_Watkins07_AVR_rh2943_B_D196_RNA1_Lib1_GL105_S96_nohmrRNA_noglobin.fastq.1.gz
Analysis complete for G231_Watkins07_AVR_rh2943_B_D196_RNA1_Lib1_GL105_S96_nohmrRNA_noglobin.fastq.2.gz
Analysis complete for G232_Watkins07_AVR_rh3006_B_D196_RNA1_Lib1_GL105_S79_nohmrRNA_noglobin.fastq.1.gz
Analysis complete for G232_Watkins07_AVR_rh3006_B_D196_RNA1_Lib1_GL105_S79_nohmrRNA_noglobin.fastq.2.gz
Analysis complete for G233_Watkins07_AVR_rh3011_B_D196_RNA1_Lib1_GL105_S73_nohmrRNA_noglobin.fastq.1.gz
Analysis complete for G233_Watkins07_AVR_rh3011_B_D196_RNA1_Lib1_GL105_S73_nohmrRNA_noglobin.fastq.2.gz
Analysis complete for G234_Watkins07_AVR_rh3032_B_D196_RNA1_Lib1_GL104_S22_nohmrRNA_noglobin.fastq.1.gz
Analysis complete for G234_Watkins07_AVR_rh3032_B_D196_RNA1_Lib1_GL104_S22_nohmrRNA_noglobin.fastq.2.gz
Analysis complete for G235_Watkins07_AVR_rh3033_B_D196_RNA1_Lib1_GL104_S85_nohmrRNA_noglobin.fastq.1.gz
Analysis complete for G235_Watkins07_AVR_rh3033_B_D196_RNA1_Lib1_GL104_S85_nohmrRNA_noglobin.fastq.2.gz
Analysis complete for G236_Watkins07_AVR_rh3036_B_D196_RNA1_Lib1_GL102_S37_nohmrRNA_noglobin.fastq.1.gz
Analysis complete for G236_Watkins07_AVR_rh3036_B_D196_RNA1_Lib1_GL102_S37_nohmrRNA_noglobin.fastq.2.gz
Analysis complete for G237_Watkins07_AVR_rh3037_B_D196_RNA1_Lib1_GL102_S68_nohmrRNA_noglobin.fastq.1.gz
Analysis complete for G237_Watkins07_AVR_rh3037_B_D196_RNA1_Lib1_GL102_S68_nohmrRNA_noglobin.fastq.2.gz
Analysis complete for G238_Watkins07_AVR_rh3045_B_D196_RNA1_Lib1_GL104_S91_nohmrRNA_noglobin.fastq.1.gz
Analysis complete for G238_Watkins07_AVR_rh3045_B_D196_RNA1_Lib1_GL104_S91_nohmrRNA_noglobin.fastq.2.gz
Analysis complete for G239_Watkins07_AVR_rh3048_B_D196_RNA1_Lib1_GL102_S79_nohmrRNA_noglobin.fastq.1.gz
Analysis complete for G239_Watkins07_AVR_rh3048_B_D196_RNA1_Lib1_GL102_S79_nohmrRNA_noglobin.fastq.2.gz
Analysis complete for G240_Watkins07_AVR_rh3053_B_D196_RNA1_Lib1_GL102_S18_nohmrRNA_noglobin.fastq.1.gz
Analysis complete for G240_Watkins07_AVR_rh3053_B_D196_RNA1_Lib1_GL102_S18_nohmrRNA_noglobin.fastq.2.gz
Analysis complete for G241_Watkins07_AVR_r08014_B_D224_RNA1_Lib1_GL105_S98_nohmrRNA_noglobin.fastq.1.gz
Analysis complete for G241_Watkins07_AVR_r08014_B_D224_RNA1_Lib1_GL105_S98_nohmrRNA_noglobin.fastq.2.gz
Analysis complete for G242_Watkins07_AVR_r14065_B_D224_RNA1_Lib1_GL102_S54_nohmrRNA_noglobin.fastq.1.gz
Analysis complete for G242_Watkins07_AVR_r14065_B_D224_RNA1_Lib1_GL102_S54_nohmrRNA_noglobin.fastq.2.gz
Analysis complete for G243_Watkins07_AVR_r16007_B_D224_RNA1_Lib1_GL102_S33_nohmrRNA_noglobin.fastq.1.gz
Analysis complete for G243_Watkins07_AVR_r16007_B_D224_RNA1_Lib1_GL102_S33_nohmrRNA_noglobin.fastq.2.gz
Analysis complete for G244_Watkins07_AVR_r17017_B_D224_RNA2_Lib1_GL102_S100_nohmrRNA_noglobin.fastq.1.gz
Analysis complete for G244_Watkins07_AVR_r17017_B_D224_RNA2_Lib1_GL102_S100_nohmrRNA_noglobin.fastq.2.gz
Analysis complete for G245_Watkins07_AVR_r17115_B_D224_RNA1_Lib1_GL102_S59_nohmrRNA_noglobin.fastq.1.gz
Analysis complete for G245_Watkins07_AVR_r17115_B_D224_RNA1_Lib1_GL102_S59_nohmrRNA_noglobin.fastq.2.gz
Analysis complete for G246_Watkins07_AVR_rh2932_B_D224_RNA1_Lib1_GL102_S2_nohmrRNA_noglobin.fastq.1.gz
Analysis complete for G246_Watkins07_AVR_rh2932_B_D224_RNA1_Lib1_GL102_S2_nohmrRNA_noglobin.fastq.2.gz
Analysis complete for G247_Watkins07_AVR_rh2943_B_D224_RNA1_Lib1_GL104_S82_nohmrRNA_noglobin.fastq.1.gz
Analysis complete for G247_Watkins07_AVR_rh2943_B_D224_RNA1_Lib1_GL104_S82_nohmrRNA_noglobin.fastq.2.gz
Analysis complete for G248_Watkins07_AVR_rh3006_B_D224_RNA1_Lib1_GL102_S22_nohmrRNA_noglobin.fastq.1.gz
Analysis complete for G248_Watkins07_AVR_rh3006_B_D224_RNA1_Lib1_GL102_S22_nohmrRNA_noglobin.fastq.2.gz
Analysis complete for G249_Watkins07_AVR_rh3011_B_D224_RNA1_Lib1_GL102_S53_nohmrRNA_noglobin.fastq.1.gz
Analysis complete for G249_Watkins07_AVR_rh3011_B_D224_RNA1_Lib1_GL102_S53_nohmrRNA_noglobin.fastq.2.gz
Analysis complete for G250_Watkins07_AVR_rh3032_B_D224_RNA1_Lib1_GL102_S84_nohmrRNA_noglobin.fastq.1.gz
Analysis complete for G250_Watkins07_AVR_rh3032_B_D224_RNA1_Lib1_GL102_S84_nohmrRNA_noglobin.fastq.2.gz
Analysis complete for G251_Watkins07_AVR_rh3033_B_D224_RNA1_Lib1_GL102_S72_nohmrRNA_noglobin.fastq.1.gz
Analysis complete for G251_Watkins07_AVR_rh3033_B_D224_RNA1_Lib1_GL102_S72_nohmrRNA_noglobin.fastq.2.gz
Analysis complete for G252_Watkins07_AVR_rh3036_B_D224_RNA1_Lib1_GL104_S3_nohmrRNA_noglobin.fastq.1.gz
Analysis complete for G252_Watkins07_AVR_rh3036_B_D224_RNA1_Lib1_GL104_S3_nohmrRNA_noglobin.fastq.2.gz
Analysis complete for G253_Watkins07_AVR_rh3037_B_D224_RNA1_Lib1_GL104_S5_nohmrRNA_noglobin.fastq.1.gz
Analysis complete for G253_Watkins07_AVR_rh3037_B_D224_RNA1_Lib1_GL104_S5_nohmrRNA_noglobin.fastq.2.gz
Analysis complete for G254_Watkins07_AVR_rh3045_B_D224_RNA1_Lib1_GL102_S52_nohmrRNA_noglobin.fastq.1.gz
Analysis complete for G254_Watkins07_AVR_rh3045_B_D224_RNA1_Lib1_GL102_S52_nohmrRNA_noglobin.fastq.2.gz
Analysis complete for G255_Watkins07_AVR_rh3048_B_D224_RNA1_Lib1_GL102_S23_nohmrRNA_noglobin.fastq.1.gz
Analysis complete for G255_Watkins07_AVR_rh3048_B_D224_RNA1_Lib1_GL102_S23_nohmrRNA_noglobin.fastq.2.gz
Analysis complete for G256_Watkins07_AVR_rh3053_B_D224_RNA1_Lib1_GL102_S12_nohmrRNA_noglobin.fastq.1.gz
Analysis complete for G256_Watkins07_AVR_rh3053_B_D224_RNA1_Lib1_GL102_S12_nohmrRNA_noglobin.fastq.2.gz
Analysis complete for G257_Watkins07_AVR_r08014_B_D0-SIV_RNA1_Lib1_GL105_S85_nohmrRNA_noglobin.fastq.1.gz
Analysis complete for G257_Watkins07_AVR_r08014_B_D0-SIV_RNA1_Lib1_GL105_S85_nohmrRNA_noglobin.fastq.2.gz
Analysis complete for G258_Watkins07_Unvax_r15058_B_D0-SIV_RNA1_Lib1_GL104_S74_nohmrRNA_noglobin.fastq.1.gz
Analysis complete for G258_Watkins07_Unvax_r15058_B_D0-SIV_RNA1_Lib1_GL104_S74_nohmrRNA_noglobin.fastq.2.gz
Analysis complete for G259_Watkins07_Unvax_r16003_B_D0-SIV_RNA1_Lib1_GL104_S94_nohmrRNA_noglobin.fastq.1.gz
Analysis complete for G259_Watkins07_Unvax_r16003_B_D0-SIV_RNA1_Lib1_GL104_S94_nohmrRNA_noglobin.fastq.2.gz
Analysis complete for G260_Watkins07_AVR_r08014_B_D3-SIV_RNA1_Lib1_GL104_S10_nohmrRNA_noglobin.fastq.1.gz
Analysis complete for G260_Watkins07_AVR_r08014_B_D3-SIV_RNA1_Lib1_GL104_S10_nohmrRNA_noglobin.fastq.2.gz
Analysis complete for G261_Watkins07_Unvax_r15058_B_D3-SIV_RNA1_Lib1_GL104_S45_nohmrRNA_noglobin.fastq.1.gz
Analysis complete for G261_Watkins07_Unvax_r15058_B_D3-SIV_RNA1_Lib1_GL104_S45_nohmrRNA_noglobin.fastq.2.gz
Analysis complete for G262_Watkins07_Unvax_r16003_B_D3-SIV_RNA1_Lib1_GL105_S72_nohmrRNA_noglobin.fastq.1.gz
Analysis complete for G262_Watkins07_Unvax_r16003_B_D3-SIV_RNA1_Lib1_GL105_S72_nohmrRNA_noglobin.fastq.2.gz
Analysis complete for G263_Watkins07_AVR_r08014_B_D7-SIV_RNA1_Lib1_GL105_S56_nohmrRNA_noglobin.fastq.1.gz
Analysis complete for G263_Watkins07_AVR_r08014_B_D7-SIV_RNA1_Lib1_GL105_S56_nohmrRNA_noglobin.fastq.2.gz
Analysis complete for G264_Watkins07_Unvax_r15058_B_D7-SIV_RNA1_Lib1_GL104_S71_nohmrRNA_noglobin.fastq.1.gz
Analysis complete for G264_Watkins07_Unvax_r15058_B_D7-SIV_RNA1_Lib1_GL104_S71_nohmrRNA_noglobin.fastq.2.gz
Analysis complete for G265_Watkins07_Unvax_r16003_B_D7-SIV_RNA1_Lib1_GL104_S24_nohmrRNA_noglobin.fastq.1.gz
Analysis complete for G265_Watkins07_Unvax_r16003_B_D7-SIV_RNA1_Lib1_GL104_S24_nohmrRNA_noglobin.fastq.2.gz
Analysis complete for G266_Watkins07_Unvax_r17103_B_D0-SIV_RNA1_Lib1_GL102_S97_nohmrRNA_noglobin.fastq.1.gz
Analysis complete for G266_Watkins07_Unvax_r17103_B_D0-SIV_RNA1_Lib1_GL102_S97_nohmrRNA_noglobin.fastq.2.gz
Analysis complete for G267_Watkins07_Unvax_r18067_B_D0-SIV_RNA1_Lib1_GL102_S1_nohmrRNA_noglobin.fastq.1.gz
Analysis complete for G267_Watkins07_Unvax_r18067_B_D0-SIV_RNA1_Lib1_GL102_S1_nohmrRNA_noglobin.fastq.2.gz
Analysis complete for G268_Watkins07_AVR_r08014_B_D10-SIV_RNA1_Lib1_GL105_S87_nohmrRNA_noglobin.fastq.1.gz
Analysis complete for G268_Watkins07_AVR_r08014_B_D10-SIV_RNA1_Lib1_GL105_S87_nohmrRNA_noglobin.fastq.2.gz
Analysis complete for G269_Watkins07_Unvax_r15058_B_D10-SIV_RNA1_Lib1_GL102_S14_nohmrRNA_noglobin.fastq.1.gz
Analysis complete for G269_Watkins07_Unvax_r15058_B_D10-SIV_RNA1_Lib1_GL102_S14_nohmrRNA_noglobin.fastq.2.gz
Analysis complete for G270_Watkins07_Unvax_r16003_B_D10-SIV_RNA1_Lib1_GL104_S6_nohmrRNA_noglobin.fastq.1.gz
Analysis complete for G270_Watkins07_Unvax_r16003_B_D10-SIV_RNA1_Lib1_GL104_S6_nohmrRNA_noglobin.fastq.2.gz
Analysis complete for G271_Watkins07_Unvax_r17103_B_D3-SIV_RNA1_Lib1_GL102_S25_nohmrRNA_noglobin.fastq.1.gz
Analysis complete for G271_Watkins07_Unvax_r17103_B_D3-SIV_RNA1_Lib1_GL102_S25_nohmrRNA_noglobin.fastq.2.gz
Analysis complete for G272_Watkins07_Unvax_r18067_B_D3-SIV_RNA1_Lib1_GL102_S5_nohmrRNA_noglobin.fastq.1.gz
Analysis complete for G272_Watkins07_Unvax_r18067_B_D3-SIV_RNA1_Lib1_GL102_S5_nohmrRNA_noglobin.fastq.2.gz
Analysis complete for G273_Watkins07_AVR_r08014_B_D14-SIV_RNA1_Lib1_GL104_S62_nohmrRNA_noglobin.fastq.1.gz
Analysis complete for G273_Watkins07_AVR_r08014_B_D14-SIV_RNA1_Lib1_GL104_S62_nohmrRNA_noglobin.fastq.2.gz
Analysis complete for G274_Watkins07_Unvax_r15058_B_D14-SIV_RNA1_Lib1_GL104_S21_nohmrRNA_noglobin.fastq.1.gz
Analysis complete for G274_Watkins07_Unvax_r15058_B_D14-SIV_RNA1_Lib1_GL104_S21_nohmrRNA_noglobin.fastq.2.gz
Analysis complete for G275_Watkins07_Unvax_r16003_B_D14-SIV_RNA1_Lib1_GL102_S26_nohmrRNA_noglobin.fastq.1.gz
Analysis complete for G275_Watkins07_Unvax_r16003_B_D14-SIV_RNA1_Lib1_GL102_S26_nohmrRNA_noglobin.fastq.2.gz
Analysis complete for G276_Watkins07_Unvax_r17103_B_D7-SIV_RNA1_Lib1_GL104_S87_nohmrRNA_noglobin.fastq.1.gz
Analysis complete for G276_Watkins07_Unvax_r17103_B_D7-SIV_RNA1_Lib1_GL104_S87_nohmrRNA_noglobin.fastq.2.gz
Analysis complete for G277_Watkins07_Unvax_r18067_B_D7-SIV_RNA1_Lib1_GL102_S65_nohmrRNA_noglobin.fastq.1.gz
Analysis complete for G277_Watkins07_Unvax_r18067_B_D7-SIV_RNA1_Lib1_GL102_S65_nohmrRNA_noglobin.fastq.2.gz
Analysis complete for G278_Watkins07_AVR_r17017_B_D0-SIV_RNA1_Lib1_GL104_S33_nohmrRNA_noglobin.fastq.1.gz
Analysis complete for G278_Watkins07_AVR_r17017_B_D0-SIV_RNA1_Lib1_GL104_S33_nohmrRNA_noglobin.fastq.2.gz
Analysis complete for G279_Watkins07_Unvax_r17039_B_D0-SIV_RNA1_Lib1_GL102_S70_nohmrRNA_noglobin.fastq.1.gz
Analysis complete for G279_Watkins07_Unvax_r17039_B_D0-SIV_RNA1_Lib1_GL102_S70_nohmrRNA_noglobin.fastq.2.gz
Analysis complete for G280_Watkins07_Unvax_r17103_B_D10-SIV_RNA1_Lib1_GL102_S101_nohmrRNA_noglobin.fastq.1.gz
Analysis complete for G280_Watkins07_Unvax_r17103_B_D10-SIV_RNA1_Lib1_GL102_S101_nohmrRNA_noglobin.fastq.2.gz
Analysis complete for G281_Watkins07_Unvax_r18067_B_D10-SIV_RNA1_Lib1_GL104_S59_nohmrRNA_noglobin.fastq.1.gz
Analysis complete for G281_Watkins07_Unvax_r18067_B_D10-SIV_RNA1_Lib1_GL104_S59_nohmrRNA_noglobin.fastq.2.gz
Analysis complete for G282_Watkins07_AVR_r17017_B_D3-SIV_RNA1_Lib1_GL102_S50_nohmrRNA_noglobin.fastq.1.gz
Analysis complete for G282_Watkins07_AVR_r17017_B_D3-SIV_RNA1_Lib1_GL102_S50_nohmrRNA_noglobin.fastq.2.gz
Analysis complete for G283_Watkins07_Unvax_r17039_B_D3-SIV_RNA1_Lib1_GL102_S89_nohmrRNA_noglobin.fastq.1.gz
Analysis complete for G283_Watkins07_Unvax_r17039_B_D3-SIV_RNA1_Lib1_GL102_S89_nohmrRNA_noglobin.fastq.2.gz
Analysis complete for G284_Watkins07_Unvax_r17103_B_D14-SIV_RNA1_Lib1_GL104_S38_nohmrRNA_noglobin.fastq.1.gz
Analysis complete for G284_Watkins07_Unvax_r17103_B_D14-SIV_RNA1_Lib1_GL104_S38_nohmrRNA_noglobin.fastq.2.gz
Analysis complete for G285_Watkins07_Unvax_r18067_B_D14-SIV_RNA1_Lib1_GL104_S34_nohmrRNA_noglobin.fastq.1.gz
Analysis complete for G285_Watkins07_Unvax_r18067_B_D14-SIV_RNA1_Lib1_GL104_S34_nohmrRNA_noglobin.fastq.2.gz
Analysis complete for G286_Watkins07_AVR_r17017_B_D7-SIV_RNA1_Lib1_GL104_S93_nohmrRNA_noglobin.fastq.1.gz
Analysis complete for G286_Watkins07_AVR_r17017_B_D7-SIV_RNA1_Lib1_GL104_S93_nohmrRNA_noglobin.fastq.2.gz
Analysis complete for G287_Watkins07_Unvax_r17039_B_D7-SIV_RNA1_Lib1_GL102_S73_nohmrRNA_noglobin.fastq.1.gz
Analysis complete for G287_Watkins07_Unvax_r17039_B_D7-SIV_RNA1_Lib1_GL102_S73_nohmrRNA_noglobin.fastq.2.gz
Analysis complete for G288_Watkins07_AVR_r17017_B_D10-SIV_RNA1_Lib1_GL102_S64_nohmrRNA_noglobin.fastq.1.gz
Analysis complete for G288_Watkins07_AVR_r17017_B_D10-SIV_RNA1_Lib1_GL102_S64_nohmrRNA_noglobin.fastq.2.gz
Analysis complete for G289_Watkins07_Unvax_r17039_B_D10-SIV_RNA3_Lib1_GL102_S21_nohmrRNA_noglobin.fastq.1.gz
Analysis complete for G289_Watkins07_Unvax_r17039_B_D10-SIV_RNA3_Lib1_GL102_S21_nohmrRNA_noglobin.fastq.2.gz
Analysis complete for G290_Watkins07_AVR_r17017_B_D14-SIV_RNA1_Lib1_GL105_S59_nohmrRNA_noglobin.fastq.1.gz
Analysis complete for G290_Watkins07_AVR_r17017_B_D14-SIV_RNA1_Lib1_GL105_S59_nohmrRNA_noglobin.fastq.2.gz
Analysis complete for G291_Watkins07_Unvax_r17039_B_D14-SIV_RNA1_Lib1_GL102_S15_nohmrRNA_noglobin.fastq.1.gz
Analysis complete for G291_Watkins07_Unvax_r17039_B_D14-SIV_RNA1_Lib1_GL102_S15_nohmrRNA_noglobin.fastq.2.gz
Analysis complete for G292_Watkins07_Unvax_r12048_B_D0-SIV_RNA1_Lib1_GL104_S68_nohmrRNA_noglobin.fastq.1.gz
Analysis complete for G292_Watkins07_Unvax_r12048_B_D0-SIV_RNA1_Lib1_GL104_S68_nohmrRNA_noglobin.fastq.2.gz
Analysis complete for G293_Watkins07_Unvax_r12048_B_D3-SIV_RNA1_Lib1_GL102_S27_nohmrRNA_noglobin.fastq.1.gz
Analysis complete for G293_Watkins07_Unvax_r12048_B_D3-SIV_RNA1_Lib1_GL102_S27_nohmrRNA_noglobin.fastq.2.gz
Analysis complete for G294_Watkins07_Unvax_r12048_B_D7-SIV_RNA1_Lib1_GL105_S69_nohmrRNA_noglobin.fastq.1.gz
Analysis complete for G294_Watkins07_Unvax_r12048_B_D7-SIV_RNA1_Lib1_GL105_S69_nohmrRNA_noglobin.fastq.2.gz
Analysis complete for G295_Watkins07_AVR_rh3032_B_D0-SIV_RNA1_Lib1_GL104_S47_nohmrRNA_noglobin.fastq.1.gz
Analysis complete for G295_Watkins07_AVR_rh3032_B_D0-SIV_RNA1_Lib1_GL104_S47_nohmrRNA_noglobin.fastq.2.gz
Analysis complete for G296_Watkins07_AVR_rh3033_B_D0-SIV_RNA1_Lib1_GL102_S66_nohmrRNA_noglobin.fastq.1.gz
Analysis complete for G296_Watkins07_AVR_rh3033_B_D0-SIV_RNA1_Lib1_GL102_S66_nohmrRNA_noglobin.fastq.2.gz
Analysis complete for G297_Watkins07_Unvax_r12048_B_D10-SIV_RNA1_Lib1_GL105_S71_nohmrRNA_noglobin.fastq.1.gz
Analysis complete for G297_Watkins07_Unvax_r12048_B_D10-SIV_RNA1_Lib1_GL105_S71_nohmrRNA_noglobin.fastq.2.gz
Analysis complete for G298_Watkins07_AVR_rh3032_B_D3-SIV_RNA1_Lib1_GL104_S31_nohmrRNA_noglobin.fastq.1.gz
Analysis complete for G298_Watkins07_AVR_rh3032_B_D3-SIV_RNA1_Lib1_GL104_S31_nohmrRNA_noglobin.fastq.2.gz
Analysis complete for G299_Watkins07_AVR_rh3033_B_D3-SIV_RNA1_Lib1_GL104_S54_nohmrRNA_noglobin.fastq.1.gz
Analysis complete for G299_Watkins07_AVR_rh3033_B_D3-SIV_RNA1_Lib1_GL104_S54_nohmrRNA_noglobin.fastq.2.gz
Analysis complete for G300_Watkins07_Unvax_r05035_B_D0-SIV_RNA1_Lib1_GL105_S80_nohmrRNA_noglobin.fastq.1.gz
Analysis complete for G300_Watkins07_Unvax_r05035_B_D0-SIV_RNA1_Lib1_GL105_S80_nohmrRNA_noglobin.fastq.2.gz
Analysis complete for G301_Watkins07_Unvax_r05035_B_D3-SIV_RNA1_Lib1_GL102_S61_nohmrRNA_noglobin.fastq.1.gz
Analysis complete for G301_Watkins07_Unvax_r05035_B_D3-SIV_RNA1_Lib1_GL102_S61_nohmrRNA_noglobin.fastq.2.gz
Analysis complete for G302_Watkins07_Unvax_r05035_B_D7-SIV_RNA1_Lib1_GL104_S101_nohmrRNA_noglobin.fastq.1.gz
Analysis complete for G302_Watkins07_Unvax_r05035_B_D7-SIV_RNA1_Lib1_GL104_S101_nohmrRNA_noglobin.fastq.2.gz
Analysis complete for G303_Watkins07_Unvax_r05035_B_D10-SIV_RNA1_Lib1_GL104_S77_nohmrRNA_noglobin.fastq.1.gz
Analysis complete for G303_Watkins07_Unvax_r05035_B_D10-SIV_RNA1_Lib1_GL104_S77_nohmrRNA_noglobin.fastq.2.gz
Analysis complete for G304_Watkins07_Unvax_r05035_B_D14-SIV_RNA1_Lib1_GL104_S64_nohmrRNA_noglobin.fastq.1.gz
Analysis complete for G304_Watkins07_Unvax_r05035_B_D14-SIV_RNA1_Lib1_GL104_S64_nohmrRNA_noglobin.fastq.2.gz
Analysis complete for G305_Watkins07_Unvax_r12048_B_D14-SIV_RNA1_Lib1_GL104_S11_nohmrRNA_noglobin.fastq.1.gz
Analysis complete for G305_Watkins07_Unvax_r12048_B_D14-SIV_RNA1_Lib1_GL104_S11_nohmrRNA_noglobin.fastq.2.gz
Analysis complete for G306_Watkins07_Unvax_r14010_B_D0-SIV_RNA1_Lib1_GL102_S71_nohmrRNA_noglobin.fastq.1.gz
Analysis complete for G306_Watkins07_Unvax_r14010_B_D0-SIV_RNA1_Lib1_GL102_S71_nohmrRNA_noglobin.fastq.2.gz
Analysis complete for G307_Watkins07_Unvax_r14010_B_D3-SIV_RNA1_Lib2_GL105_S92_nohmrRNA_noglobin.fastq.1.gz
Analysis complete for G307_Watkins07_Unvax_r14010_B_D3-SIV_RNA1_Lib2_GL105_S92_nohmrRNA_noglobin.fastq.2.gz
Analysis complete for G308_Watkins07_Unvax_r14010_B_D7-SIV_RNA1_Lib1_GL104_S44_nohmrRNA_noglobin.fastq.1.gz
Analysis complete for G308_Watkins07_Unvax_r14010_B_D7-SIV_RNA1_Lib1_GL104_S44_nohmrRNA_noglobin.fastq.2.gz
Analysis complete for G309_Watkins07_Unvax_r14010_B_D10-SIV_RNA1_Lib1_GL104_S57_nohmrRNA_noglobin.fastq.1.gz
Analysis complete for G309_Watkins07_Unvax_r14010_B_D10-SIV_RNA1_Lib1_GL104_S57_nohmrRNA_noglobin.fastq.2.gz
Analysis complete for G310_Watkins07_Unvax_r14010_B_D14-SIV_RNA1_Lib1_GL102_S99_nohmrRNA_noglobin.fastq.1.gz
Analysis complete for G310_Watkins07_Unvax_r14010_B_D14-SIV_RNA1_Lib1_GL102_S99_nohmrRNA_noglobin.fastq.2.gz
Analysis complete for G311_Watkins07_AVR_r14065_B_D0-SIV_RNA1_Lib1_GL105_S95_nohmrRNA_noglobin.fastq.1.gz
Analysis complete for G311_Watkins07_AVR_r14065_B_D0-SIV_RNA1_Lib1_GL105_S95_nohmrRNA_noglobin.fastq.2.gz
Analysis complete for G312_Watkins07_AVR_r14065_B_D4-SIV_RNA1_Lib1_GL102_S96_nohmrRNA_noglobin.fastq.1.gz
Analysis complete for G312_Watkins07_AVR_r14065_B_D4-SIV_RNA1_Lib1_GL102_S96_nohmrRNA_noglobin.fastq.2.gz
Analysis complete for G313_Watkins07_AVR_r14065_B_D7-SIV_RNA1_Lib1_GL102_S80_nohmrRNA_noglobin.fastq.1.gz
Analysis complete for G313_Watkins07_AVR_r14065_B_D7-SIV_RNA1_Lib1_GL102_S80_nohmrRNA_noglobin.fastq.2.gz
Analysis complete for G314_Watkins07_AVR_r14065_B_D10-SIV_RNA1_Lib1_GL102_S102_nohmrRNA_noglobin.fastq.1.gz
Analysis complete for G314_Watkins07_AVR_r14065_B_D10-SIV_RNA1_Lib1_GL102_S102_nohmrRNA_noglobin.fastq.2.gz
Analysis complete for G315_Watkins07_AVR_r14065_B_D14-SIV_RNA1_Lib1_GL105_S77_nohmrRNA_noglobin.fastq.1.gz
Analysis complete for G315_Watkins07_AVR_r14065_B_D14-SIV_RNA1_Lib1_GL105_S77_nohmrRNA_noglobin.fastq.2.gz
Analysis complete for G316_Watkins07_Unvax_r14095_B_D0-SIV_RNA1_Lib1_GL102_S75_nohmrRNA_noglobin.fastq.1.gz
Analysis complete for G316_Watkins07_Unvax_r14095_B_D0-SIV_RNA1_Lib1_GL102_S75_nohmrRNA_noglobin.fastq.2.gz
Analysis complete for G317_Watkins07_Unvax_r14095_B_D3-SIV_RNA1_Lib1_GL104_S49_nohmrRNA_noglobin.fastq.1.gz
Analysis complete for G317_Watkins07_Unvax_r14095_B_D3-SIV_RNA1_Lib1_GL104_S49_nohmrRNA_noglobin.fastq.2.gz
Analysis complete for G318_Watkins07_Unvax_r14095_B_D7-SIV_RNA1_Lib1_GL105_S62_nohmrRNA_noglobin.fastq.1.gz
Analysis complete for G318_Watkins07_Unvax_r14095_B_D7-SIV_RNA1_Lib1_GL105_S62_nohmrRNA_noglobin.fastq.2.gz
Analysis complete for G319_Watkins07_Unvax_r14095_B_D10-SIV_RNA1_Lib1_GL102_S82_nohmrRNA_noglobin.fastq.1.gz
Analysis complete for G319_Watkins07_Unvax_r14095_B_D10-SIV_RNA1_Lib1_GL102_S82_nohmrRNA_noglobin.fastq.2.gz
Analysis complete for G320_Watkins07_Unvax_r14095_B_D14-SIV_RNA1_Lib1_GL104_S103_nohmrRNA_noglobin.fastq.1.gz
Analysis complete for G320_Watkins07_Unvax_r14095_B_D14-SIV_RNA1_Lib1_GL104_S103_nohmrRNA_noglobin.fastq.2.gz
Analysis complete for G321_Watkins07_Unvax_r15057_B_D0-SIV_RNA1_Lib1_GL104_S104_nohmrRNA_noglobin.fastq.1.gz
Analysis complete for G321_Watkins07_Unvax_r15057_B_D0-SIV_RNA1_Lib1_GL104_S104_nohmrRNA_noglobin.fastq.2.gz
Analysis complete for G322_Watkins07_Unvax_r15057_B_D4-SIV_RNA1_Lib1_GL102_S8_nohmrRNA_noglobin.fastq.1.gz
Analysis complete for G322_Watkins07_Unvax_r15057_B_D4-SIV_RNA1_Lib1_GL102_S8_nohmrRNA_noglobin.fastq.2.gz
Analysis complete for G323_Watkins07_Unvax_r15057_B_D7-SIV_RNA1_Lib1_GL102_S103_nohmrRNA_noglobin.fastq.1.gz
Analysis complete for G323_Watkins07_Unvax_r15057_B_D7-SIV_RNA1_Lib1_GL102_S103_nohmrRNA_noglobin.fastq.2.gz
Analysis complete for G324_Watkins07_Unvax_r15057_B_D10-SIV_RNA1_Lib1_GL104_S17_nohmrRNA_noglobin.fastq.1.gz
Analysis complete for G324_Watkins07_Unvax_r15057_B_D10-SIV_RNA1_Lib1_GL104_S17_nohmrRNA_noglobin.fastq.2.gz
Analysis complete for G325_Watkins07_Unvax_r15057_B_D14-SIV_RNA1_Lib1_GL102_S69_nohmrRNA_noglobin.fastq.1.gz
Analysis complete for G325_Watkins07_Unvax_r15057_B_D14-SIV_RNA1_Lib1_GL102_S69_nohmrRNA_noglobin.fastq.2.gz
Analysis complete for G326_Watkins07_Unvax_r15093_B_D0-SIV_RNA1_Lib1_GL102_S87_nohmrRNA_noglobin.fastq.1.gz
Analysis complete for G326_Watkins07_Unvax_r15093_B_D0-SIV_RNA1_Lib1_GL102_S87_nohmrRNA_noglobin.fastq.2.gz
Analysis complete for G327_Watkins07_Unvax_r15093_B_D3-SIV_RNA1_Lib1_GL102_S6_nohmrRNA_noglobin.fastq.1.gz
Analysis complete for G327_Watkins07_Unvax_r15093_B_D3-SIV_RNA1_Lib1_GL102_S6_nohmrRNA_noglobin.fastq.2.gz
Analysis complete for G328_Watkins07_Unvax_r15093_B_D7-SIV_RNA1_Lib1_GL105_S75_nohmrRNA_noglobin.fastq.1.gz
Analysis complete for G328_Watkins07_Unvax_r15093_B_D7-SIV_RNA1_Lib1_GL105_S75_nohmrRNA_noglobin.fastq.2.gz
Analysis complete for G329_Watkins07_Unvax_r15093_B_D10-SIV_RNA1_Lib1_GL102_S49_nohmrRNA_noglobin.fastq.1.gz
Analysis complete for G329_Watkins07_Unvax_r15093_B_D10-SIV_RNA1_Lib1_GL102_S49_nohmrRNA_noglobin.fastq.2.gz
Analysis complete for G330_Watkins07_Unvax_r15093_B_D14-SIV_RNA1_Lib1_GL104_S89_nohmrRNA_noglobin.fastq.1.gz
Analysis complete for G330_Watkins07_Unvax_r15093_B_D14-SIV_RNA1_Lib1_GL104_S89_nohmrRNA_noglobin.fastq.2.gz
Analysis complete for G331_Watkins07_AVR_r16007_B_D0-SIV_RNA1_Lib2_GL104_S98_nohmrRNA_noglobin.fastq.1.gz
Analysis complete for G331_Watkins07_AVR_r16007_B_D0-SIV_RNA1_Lib2_GL104_S98_nohmrRNA_noglobin.fastq.2.gz
Analysis complete for G332_Watkins07_AVR_r16007_B_D3-SIV_RNA1_Lib1_GL102_S95_nohmrRNA_noglobin.fastq.1.gz
Analysis complete for G332_Watkins07_AVR_r16007_B_D3-SIV_RNA1_Lib1_GL102_S95_nohmrRNA_noglobin.fastq.2.gz
Analysis complete for G333_Watkins07_AVR_r16007_B_D7-SIV_RNA1_Lib1_GL104_S52_nohmrRNA_noglobin.fastq.1.gz
Analysis complete for G333_Watkins07_AVR_r16007_B_D7-SIV_RNA1_Lib1_GL104_S52_nohmrRNA_noglobin.fastq.2.gz
Analysis complete for G334_Watkins07_AVR_r16007_B_D10-SIV_RNA1_Lib1_GL104_S86_nohmrRNA_noglobin.fastq.1.gz
Analysis complete for G334_Watkins07_AVR_r16007_B_D10-SIV_RNA1_Lib1_GL104_S86_nohmrRNA_noglobin.fastq.2.gz
Analysis complete for G335_Watkins07_AVR_r16007_B_D14-SIV_RNA1_Lib1_GL104_S81_nohmrRNA_noglobin.fastq.1.gz
Analysis complete for G335_Watkins07_AVR_r16007_B_D14-SIV_RNA1_Lib1_GL104_S81_nohmrRNA_noglobin.fastq.2.gz
Analysis complete for G336_Watkins07_Unvax_r17082_B_D-4-SIV_RNA1_Lib1_GL104_S28_nohmrRNA_noglobin.fastq.1.gz
Analysis complete for G336_Watkins07_Unvax_r17082_B_D-4-SIV_RNA1_Lib1_GL104_S28_nohmrRNA_noglobin.fastq.2.gz
Analysis complete for G337_Watkins07_Unvax_r17082_B_D10-SIV_RNA1_Lib1_GL104_S55_nohmrRNA_noglobin.fastq.1.gz
